2024-08-24 15:08:15,193 [trainer.py] => config: exps/aper_ssf/cifar224_5_5_vit-b_ssf.json
2024-08-24 15:08:15,193 [trainer.py] => prefix: exp
2024-08-24 15:08:15,193 [trainer.py] => dataset: cifar224
2024-08-24 15:08:15,193 [trainer.py] => memory_size: 2000
2024-08-24 15:08:15,193 [trainer.py] => memory_per_class: 20
2024-08-24 15:08:15,193 [trainer.py] => fixed_memory: False
2024-08-24 15:08:15,193 [trainer.py] => shuffle: True
2024-08-24 15:08:15,193 [trainer.py] => init_cls: 5
2024-08-24 15:08:15,193 [trainer.py] => increment: 5
2024-08-24 15:08:15,193 [trainer.py] => model_name: aper_ssf
2024-08-24 15:08:15,193 [trainer.py] => convnet_type: pretrained_vit_b16_224_in21k_ssf
2024-08-24 15:08:15,193 [trainer.py] => weight_decay: 0.0005
2024-08-24 15:08:15,193 [trainer.py] => prompt_token_num: 30
2024-08-24 15:08:15,193 [trainer.py] => ffn_num: 64
2024-08-24 15:08:15,193 [trainer.py] => optimizer: sgd
2024-08-24 15:08:15,193 [trainer.py] => min_lr: 0
2024-08-24 15:08:15,193 [trainer.py] => device: [device(type='cuda', index=0)]
2024-08-24 15:08:15,193 [trainer.py] => seed: 1993
2024-08-24 15:08:15,193 [trainer.py] => tuned_epoch: 20
2024-08-24 15:08:15,193 [trainer.py] => init_lr: 0.01
2024-08-24 15:08:15,193 [trainer.py] => batch_size: 48
2024-08-24 15:08:17,331 [data_manager.py] => [68, 56, 78, 8, 23, 84, 90, 65, 74, 76, 40, 89, 3, 92, 55, 9, 26, 80, 43, 38, 58, 70, 77, 1, 85, 19, 17, 50, 28, 53, 13, 81, 45, 82, 6, 59, 83, 16, 15, 44, 91, 41, 72, 60, 79, 52, 20, 10, 31, 54, 37, 95, 14, 71, 96, 98, 97, 2, 64, 66, 42, 22, 35, 86, 24, 34, 87, 21, 99, 0, 88, 27, 18, 94, 11, 12, 47, 25, 30, 46, 62, 69, 36, 61, 7, 63, 75, 5, 32, 4, 51, 48, 73, 93, 39, 67, 29, 49, 57, 33]
2024-08-24 15:08:20,280 [trainer.py] => All params: 86004480
2024-08-24 15:08:20,293 [trainer.py] => Trainable params: 86004480
2024-08-24 15:08:24,454 [aper_ssf.py] => Learning on 0-5
2024-08-24 15:16:07,233 [aper_ssf.py] => Task 0, Epoch 20/20 => Loss 0.120, Train_accy 96.40, Test_accy 99.40
2024-08-24 15:16:39,219 [trainer.py] => No NME accuracy.
2024-08-24 15:16:39,220 [trainer.py] => CNN: {'total': 99.6, '00-09': 99.6, 'old': 0, 'new': 99.6}
2024-08-24 15:16:39,220 [trainer.py] => CNN top1 curve: [99.6]
2024-08-24 15:16:39,220 [trainer.py] => CNN top5 curve: [100.0]

2024-08-24 15:16:39,220 [trainer.py] => Average Accuracy (CNN): 99.6
2024-08-24 15:16:39,222 [trainer.py] => All params: 171810817
2024-08-24 15:16:39,223 [trainer.py] => Trainable params: 86012161
2024-08-24 15:16:39,230 [aper_ssf.py] => Learning on 5-10
2024-08-24 15:17:15,251 [trainer.py] => No NME accuracy.
2024-08-24 15:17:15,251 [trainer.py] => CNN: {'total': 96.6, '00-09': 96.6, 'old': 98.8, 'new': 94.4}
2024-08-24 15:17:15,251 [trainer.py] => CNN top1 curve: [99.6, 96.6]
2024-08-24 15:17:15,251 [trainer.py] => CNN top5 curve: [100.0, 100.0]

2024-08-24 15:17:15,251 [trainer.py] => Average Accuracy (CNN): 98.1
2024-08-24 15:17:15,253 [trainer.py] => All params: 171818497
2024-08-24 15:17:15,255 [trainer.py] => Trainable params: 86019841
2024-08-24 15:17:15,263 [aper_ssf.py] => Learning on 10-15
2024-08-24 15:17:50,586 [trainer.py] => No NME accuracy.
2024-08-24 15:17:50,586 [trainer.py] => CNN: {'total': 94.0, '00-09': 95.3, '10-19': 91.4, 'old': 95.3, 'new': 91.4}
2024-08-24 15:17:50,586 [trainer.py] => CNN top1 curve: [99.6, 96.6, 94.0]
2024-08-24 15:17:50,586 [trainer.py] => CNN top5 curve: [100.0, 100.0, 99.73]

2024-08-24 15:17:50,586 [trainer.py] => Average Accuracy (CNN): 96.73333333333333
2024-08-24 15:17:50,588 [trainer.py] => All params: 171826177
2024-08-24 15:17:50,589 [trainer.py] => Trainable params: 86027521
2024-08-24 15:17:50,598 [aper_ssf.py] => Learning on 15-20
2024-08-24 15:18:20,127 [trainer.py] => No NME accuracy.
2024-08-24 15:18:20,127 [trainer.py] => CNN: {'total': 92.05, '00-09': 94.7, '10-19': 89.4, 'old': 93.4, 'new': 88.0}
2024-08-24 15:18:20,127 [trainer.py] => CNN top1 curve: [99.6, 96.6, 94.0, 92.05]
2024-08-24 15:18:20,127 [trainer.py] => CNN top5 curve: [100.0, 100.0, 99.73, 99.05]

2024-08-24 15:18:20,127 [trainer.py] => Average Accuracy (CNN): 95.5625
2024-08-24 15:18:20,129 [trainer.py] => All params: 171833857
2024-08-24 15:18:20,130 [trainer.py] => Trainable params: 86035201
2024-08-24 15:18:20,140 [aper_ssf.py] => Learning on 20-25
2024-08-24 15:18:48,877 [trainer.py] => No NME accuracy.
2024-08-24 15:18:48,877 [trainer.py] => CNN: {'total': 91.88, '00-09': 94.6, '10-19': 88.7, '20-29': 92.8, 'old': 91.65, 'new': 92.8}
2024-08-24 15:18:48,878 [trainer.py] => CNN top1 curve: [99.6, 96.6, 94.0, 92.05, 91.88]
2024-08-24 15:18:48,878 [trainer.py] => CNN top5 curve: [100.0, 100.0, 99.73, 99.05, 98.8]

2024-08-24 15:18:48,878 [trainer.py] => Average Accuracy (CNN): 94.826
2024-08-24 15:18:48,879 [trainer.py] => All params: 171841537
2024-08-24 15:18:48,881 [trainer.py] => Trainable params: 86042881
2024-08-24 15:18:48,883 [aper_ssf.py] => Learning on 25-30
2024-08-24 15:19:21,236 [trainer.py] => No NME accuracy.
2024-08-24 15:19:21,236 [trainer.py] => CNN: {'total': 90.83, '00-09': 92.6, '10-19': 88.1, '20-29': 91.8, 'old': 90.76, 'new': 91.2}
2024-08-24 15:19:21,236 [trainer.py] => CNN top1 curve: [99.6, 96.6, 94.0, 92.05, 91.88, 90.83]
2024-08-24 15:19:21,236 [trainer.py] => CNN top5 curve: [100.0, 100.0, 99.73, 99.05, 98.8, 98.7]

2024-08-24 15:19:21,237 [trainer.py] => Average Accuracy (CNN): 94.16000000000001
2024-08-24 15:19:21,238 [trainer.py] => All params: 171849217
2024-08-24 15:19:21,240 [trainer.py] => Trainable params: 86050561
2024-08-24 15:19:21,245 [aper_ssf.py] => Learning on 30-35
2024-08-24 15:20:00,560 [trainer.py] => No NME accuracy.
2024-08-24 15:20:00,560 [trainer.py] => CNN: {'total': 89.06, '00-09': 91.5, '10-19': 87.2, '20-29': 91.2, '30-39': 83.6, 'old': 89.97, 'new': 83.6}
2024-08-24 15:20:00,560 [trainer.py] => CNN top1 curve: [99.6, 96.6, 94.0, 92.05, 91.88, 90.83, 89.06]
2024-08-24 15:20:00,560 [trainer.py] => CNN top5 curve: [100.0, 100.0, 99.73, 99.05, 98.8, 98.7, 98.51]

2024-08-24 15:20:00,560 [trainer.py] => Average Accuracy (CNN): 93.43142857142857
2024-08-24 15:20:00,562 [trainer.py] => All params: 171856897
2024-08-24 15:20:00,563 [trainer.py] => Trainable params: 86058241
2024-08-24 15:20:00,570 [aper_ssf.py] => Learning on 35-40
2024-08-24 15:20:39,652 [trainer.py] => No NME accuracy.
2024-08-24 15:20:39,653 [trainer.py] => CNN: {'total': 88.72, '00-09': 91.1, '10-19': 86.3, '20-29': 90.2, '30-39': 87.3, 'old': 88.29, 'new': 91.8}
2024-08-24 15:20:39,653 [trainer.py] => CNN top1 curve: [99.6, 96.6, 94.0, 92.05, 91.88, 90.83, 89.06, 88.72]
2024-08-24 15:20:39,653 [trainer.py] => CNN top5 curve: [100.0, 100.0, 99.73, 99.05, 98.8, 98.7, 98.51, 98.18]

2024-08-24 15:20:39,653 [trainer.py] => Average Accuracy (CNN): 92.8425
2024-08-24 15:20:39,655 [trainer.py] => All params: 171864577
2024-08-24 15:20:39,656 [trainer.py] => Trainable params: 86065921
2024-08-24 15:20:39,664 [aper_ssf.py] => Learning on 40-45
2024-08-24 15:21:31,725 [trainer.py] => No NME accuracy.
2024-08-24 15:21:31,725 [trainer.py] => CNN: {'total': 87.73, '00-09': 90.5, '10-19': 85.2, '20-29': 90.0, '30-39': 87.0, '40-49': 84.2, 'old': 88.18, 'new': 84.2}
2024-08-24 15:21:31,725 [trainer.py] => CNN top1 curve: [99.6, 96.6, 94.0, 92.05, 91.88, 90.83, 89.06, 88.72, 87.73]
2024-08-24 15:21:31,725 [trainer.py] => CNN top5 curve: [100.0, 100.0, 99.73, 99.05, 98.8, 98.7, 98.51, 98.18, 97.84]

2024-08-24 15:21:31,725 [trainer.py] => Average Accuracy (CNN): 92.27444444444444
2024-08-24 15:21:31,727 [trainer.py] => All params: 171872257
2024-08-24 15:21:31,729 [trainer.py] => Trainable params: 86073601
2024-08-24 15:21:31,738 [aper_ssf.py] => Learning on 45-50
2024-08-24 15:22:26,404 [trainer.py] => No NME accuracy.
2024-08-24 15:22:26,404 [trainer.py] => CNN: {'total': 86.96, '00-09': 89.8, '10-19': 84.6, '20-29': 89.0, '30-39': 84.7, '40-49': 86.7, 'old': 86.69, 'new': 89.4}
2024-08-24 15:22:26,404 [trainer.py] => CNN top1 curve: [99.6, 96.6, 94.0, 92.05, 91.88, 90.83, 89.06, 88.72, 87.73, 86.96]
2024-08-24 15:22:26,404 [trainer.py] => CNN top5 curve: [100.0, 100.0, 99.73, 99.05, 98.8, 98.7, 98.51, 98.18, 97.84, 97.78]

2024-08-24 15:22:26,404 [trainer.py] => Average Accuracy (CNN): 91.74300000000001
2024-08-24 15:22:26,406 [trainer.py] => All params: 171879937
2024-08-24 15:22:26,407 [trainer.py] => Trainable params: 86081281
2024-08-24 15:22:26,412 [aper_ssf.py] => Learning on 50-55
2024-08-24 15:23:28,853 [trainer.py] => No NME accuracy.
2024-08-24 15:23:28,853 [trainer.py] => CNN: {'total': 85.8, '00-09': 89.1, '10-19': 84.5, '20-29': 88.5, '30-39': 84.0, '40-49': 84.7, '50-59': 82.2, 'old': 86.16, 'new': 82.2}
2024-08-24 15:23:28,853 [trainer.py] => CNN top1 curve: [99.6, 96.6, 94.0, 92.05, 91.88, 90.83, 89.06, 88.72, 87.73, 86.96, 85.8]
2024-08-24 15:23:28,853 [trainer.py] => CNN top5 curve: [100.0, 100.0, 99.73, 99.05, 98.8, 98.7, 98.51, 98.18, 97.84, 97.78, 97.47]

2024-08-24 15:23:28,853 [trainer.py] => Average Accuracy (CNN): 91.20272727272727
2024-08-24 15:23:28,855 [trainer.py] => All params: 171887617
2024-08-24 15:23:28,856 [trainer.py] => Trainable params: 86088961
2024-08-24 15:23:28,863 [aper_ssf.py] => Learning on 55-60
2024-08-24 15:24:38,541 [trainer.py] => No NME accuracy.
2024-08-24 15:24:38,541 [trainer.py] => CNN: {'total': 85.85, '00-09': 88.7, '10-19': 84.5, '20-29': 88.4, '30-39': 84.0, '40-49': 84.7, '50-59': 84.8, 'old': 85.71, 'new': 87.4}
2024-08-24 15:24:38,541 [trainer.py] => CNN top1 curve: [99.6, 96.6, 94.0, 92.05, 91.88, 90.83, 89.06, 88.72, 87.73, 86.96, 85.8, 85.85]
2024-08-24 15:24:38,541 [trainer.py] => CNN top5 curve: [100.0, 100.0, 99.73, 99.05, 98.8, 98.7, 98.51, 98.18, 97.84, 97.78, 97.47, 97.12]

2024-08-24 15:24:38,541 [trainer.py] => Average Accuracy (CNN): 90.75666666666666
2024-08-24 15:24:38,543 [trainer.py] => All params: 171895297
2024-08-24 15:24:38,544 [trainer.py] => Trainable params: 86096641
2024-08-24 15:24:38,552 [aper_ssf.py] => Learning on 60-65
2024-08-24 15:25:57,633 [trainer.py] => No NME accuracy.
2024-08-24 15:25:57,634 [trainer.py] => CNN: {'total': 85.22, '00-09': 88.6, '10-19': 83.6, '20-29': 88.4, '30-39': 84.0, '40-49': 84.6, '50-59': 82.9, '60-69': 83.6, 'old': 85.35, 'new': 83.6}
2024-08-24 15:25:57,634 [trainer.py] => CNN top1 curve: [99.6, 96.6, 94.0, 92.05, 91.88, 90.83, 89.06, 88.72, 87.73, 86.96, 85.8, 85.85, 85.22]
2024-08-24 15:25:57,634 [trainer.py] => CNN top5 curve: [100.0, 100.0, 99.73, 99.05, 98.8, 98.7, 98.51, 98.18, 97.84, 97.78, 97.47, 97.12, 96.98]

2024-08-24 15:25:57,634 [trainer.py] => Average Accuracy (CNN): 90.33076923076922
2024-08-24 15:25:57,636 [trainer.py] => All params: 171902977
2024-08-24 15:25:57,637 [trainer.py] => Trainable params: 86104321
2024-08-24 15:25:57,647 [aper_ssf.py] => Learning on 65-70
2024-08-24 15:27:08,291 [trainer.py] => No NME accuracy.
2024-08-24 15:27:08,292 [trainer.py] => CNN: {'total': 85.29, '00-09': 87.7, '10-19': 83.4, '20-29': 88.4, '30-39': 83.7, '40-49': 84.4, '50-59': 82.8, '60-69': 86.6, 'old': 84.88, 'new': 90.6}
2024-08-24 15:27:08,292 [trainer.py] => CNN top1 curve: [99.6, 96.6, 94.0, 92.05, 91.88, 90.83, 89.06, 88.72, 87.73, 86.96, 85.8, 85.85, 85.22, 85.29]
2024-08-24 15:27:08,292 [trainer.py] => CNN top5 curve: [100.0, 100.0, 99.73, 99.05, 98.8, 98.7, 98.51, 98.18, 97.84, 97.78, 97.47, 97.12, 96.98, 96.94]

2024-08-24 15:27:08,292 [trainer.py] => Average Accuracy (CNN): 89.97071428571428
2024-08-24 15:27:08,294 [trainer.py] => All params: 171910657
2024-08-24 15:27:08,296 [trainer.py] => Trainable params: 86112001
2024-08-24 15:27:08,306 [aper_ssf.py] => Learning on 70-75
2024-08-24 15:28:08,090 [trainer.py] => No NME accuracy.
2024-08-24 15:28:08,091 [trainer.py] => CNN: {'total': 84.32, '00-09': 87.5, '10-19': 82.4, '20-29': 88.2, '30-39': 83.0, '40-49': 83.8, '50-59': 81.9, '60-69': 84.7, '70-79': 81.8, 'old': 84.5, 'new': 81.8}
2024-08-24 15:28:08,091 [trainer.py] => CNN top1 curve: [99.6, 96.6, 94.0, 92.05, 91.88, 90.83, 89.06, 88.72, 87.73, 86.96, 85.8, 85.85, 85.22, 85.29, 84.32]
2024-08-24 15:28:08,091 [trainer.py] => CNN top5 curve: [100.0, 100.0, 99.73, 99.05, 98.8, 98.7, 98.51, 98.18, 97.84, 97.78, 97.47, 97.12, 96.98, 96.94, 96.64]

2024-08-24 15:28:08,092 [trainer.py] => Average Accuracy (CNN): 89.594
2024-08-24 15:28:08,093 [trainer.py] => All params: 171918337
2024-08-24 15:28:08,095 [trainer.py] => Trainable params: 86119681
2024-08-24 15:28:08,100 [aper_ssf.py] => Learning on 75-80
2024-08-24 15:29:19,392 [trainer.py] => No NME accuracy.
2024-08-24 15:29:19,392 [trainer.py] => CNN: {'total': 83.15, '00-09': 87.2, '10-19': 82.4, '20-29': 88.2, '30-39': 83.0, '40-49': 81.7, '50-59': 80.0, '60-69': 84.2, '70-79': 78.5, 'old': 83.64, 'new': 75.8}
2024-08-24 15:29:19,392 [trainer.py] => CNN top1 curve: [99.6, 96.6, 94.0, 92.05, 91.88, 90.83, 89.06, 88.72, 87.73, 86.96, 85.8, 85.85, 85.22, 85.29, 84.32, 83.15]
2024-08-24 15:29:19,392 [trainer.py] => CNN top5 curve: [100.0, 100.0, 99.73, 99.05, 98.8, 98.7, 98.51, 98.18, 97.84, 97.78, 97.47, 97.12, 96.98, 96.94, 96.64, 96.46]

2024-08-24 15:29:19,392 [trainer.py] => Average Accuracy (CNN): 89.19125
2024-08-24 15:29:19,394 [trainer.py] => All params: 171926017
2024-08-24 15:29:19,395 [trainer.py] => Trainable params: 86127361
2024-08-24 15:29:19,400 [aper_ssf.py] => Learning on 80-85
2024-08-24 15:30:33,090 [trainer.py] => No NME accuracy.
2024-08-24 15:30:33,090 [trainer.py] => CNN: {'total': 82.87, '00-09': 86.9, '10-19': 81.9, '20-29': 87.4, '30-39': 83.0, '40-49': 80.5, '50-59': 79.7, '60-69': 83.7, '70-79': 78.5, '80-89': 85.6, 'old': 82.7, 'new': 85.6}
2024-08-24 15:30:33,091 [trainer.py] => CNN top1 curve: [99.6, 96.6, 94.0, 92.05, 91.88, 90.83, 89.06, 88.72, 87.73, 86.96, 85.8, 85.85, 85.22, 85.29, 84.32, 83.15, 82.87]
2024-08-24 15:30:33,091 [trainer.py] => CNN top5 curve: [100.0, 100.0, 99.73, 99.05, 98.8, 98.7, 98.51, 98.18, 97.84, 97.78, 97.47, 97.12, 96.98, 96.94, 96.64, 96.46, 96.44]

2024-08-24 15:30:33,091 [trainer.py] => Average Accuracy (CNN): 88.81941176470588
2024-08-24 15:30:33,092 [trainer.py] => All params: 171933697
2024-08-24 15:30:33,094 [trainer.py] => Trainable params: 86135041
2024-08-24 15:30:33,098 [aper_ssf.py] => Learning on 85-90
2024-08-24 15:31:52,486 [trainer.py] => No NME accuracy.
2024-08-24 15:31:52,487 [trainer.py] => CNN: {'total': 82.58, '00-09': 86.6, '10-19': 81.1, '20-29': 87.4, '30-39': 83.0, '40-49': 80.5, '50-59': 79.7, '60-69': 83.7, '70-79': 77.9, '80-89': 83.3, 'old': 82.67, 'new': 81.0}
2024-08-24 15:31:52,487 [trainer.py] => CNN top1 curve: [99.6, 96.6, 94.0, 92.05, 91.88, 90.83, 89.06, 88.72, 87.73, 86.96, 85.8, 85.85, 85.22, 85.29, 84.32, 83.15, 82.87, 82.58]
2024-08-24 15:31:52,487 [trainer.py] => CNN top5 curve: [100.0, 100.0, 99.73, 99.05, 98.8, 98.7, 98.51, 98.18, 97.84, 97.78, 97.47, 97.12, 96.98, 96.94, 96.64, 96.46, 96.44, 96.09]

2024-08-24 15:31:52,487 [trainer.py] => Average Accuracy (CNN): 88.47277777777776
2024-08-24 15:31:52,489 [trainer.py] => All params: 171941377
2024-08-24 15:31:52,490 [trainer.py] => Trainable params: 86142721
2024-08-24 15:31:52,495 [aper_ssf.py] => Learning on 90-95
2024-08-24 15:33:11,336 [trainer.py] => No NME accuracy.
2024-08-24 15:33:11,337 [trainer.py] => CNN: {'total': 82.47, '00-09': 85.6, '10-19': 80.9, '20-29': 87.1, '30-39': 82.9, '40-49': 79.6, '50-59': 78.9, '60-69': 83.7, '70-79': 77.3, '80-89': 83.0, '90-99': 89.0, 'old': 82.11, 'new': 89.0}
2024-08-24 15:33:11,337 [trainer.py] => CNN top1 curve: [99.6, 96.6, 94.0, 92.05, 91.88, 90.83, 89.06, 88.72, 87.73, 86.96, 85.8, 85.85, 85.22, 85.29, 84.32, 83.15, 82.87, 82.58, 82.47]
2024-08-24 15:33:11,337 [trainer.py] => CNN top5 curve: [100.0, 100.0, 99.73, 99.05, 98.8, 98.7, 98.51, 98.18, 97.84, 97.78, 97.47, 97.12, 96.98, 96.94, 96.64, 96.46, 96.44, 96.09, 95.97]

2024-08-24 15:33:11,337 [trainer.py] => Average Accuracy (CNN): 88.15684210526315
2024-08-24 15:33:11,340 [trainer.py] => All params: 171949057
2024-08-24 15:33:11,341 [trainer.py] => Trainable params: 86150401
2024-08-24 15:33:11,343 [aper_ssf.py] => Learning on 95-100
2024-08-24 15:34:26,696 [trainer.py] => No NME accuracy.
2024-08-24 15:34:26,696 [trainer.py] => CNN: {'total': 82.01, '00-09': 85.5, '10-19': 80.5, '20-29': 87.1, '30-39': 82.5, '40-49': 79.1, '50-59': 78.3, '60-69': 83.7, '70-79': 77.1, '80-89': 82.6, '90-99': 83.7, 'old': 82.17, 'new': 79.0}
2024-08-24 15:34:26,696 [trainer.py] => CNN top1 curve: [99.6, 96.6, 94.0, 92.05, 91.88, 90.83, 89.06, 88.72, 87.73, 86.96, 85.8, 85.85, 85.22, 85.29, 84.32, 83.15, 82.87, 82.58, 82.47, 82.01]
2024-08-24 15:34:26,697 [trainer.py] => CNN top5 curve: [100.0, 100.0, 99.73, 99.05, 98.8, 98.7, 98.51, 98.18, 97.84, 97.78, 97.47, 97.12, 96.98, 96.94, 96.64, 96.46, 96.44, 96.09, 95.97, 95.68]

2024-08-24 15:34:26,697 [trainer.py] => Average Accuracy (CNN): 87.84949999999999
