2024-08-25 11:29:01,291 [trainer.py] => config: exps/aper_ssf/resnet/cifar224_5_5_resnet18_ssf.json
2024-08-25 11:29:01,291 [trainer.py] => prefix: exp
2024-08-25 11:29:01,291 [trainer.py] => dataset: cifar224
2024-08-25 11:29:01,291 [trainer.py] => memory_size: 2000
2024-08-25 11:29:01,291 [trainer.py] => memory_per_class: 20
2024-08-25 11:29:01,291 [trainer.py] => fixed_memory: False
2024-08-25 11:29:01,292 [trainer.py] => shuffle: True
2024-08-25 11:29:01,292 [trainer.py] => init_cls: 5
2024-08-25 11:29:01,292 [trainer.py] => increment: 5
2024-08-25 11:29:01,292 [trainer.py] => model_name: aper_ssf
2024-08-25 11:29:01,292 [trainer.py] => convnet_type: pretrained_resnet18_ssf
2024-08-25 11:29:01,292 [trainer.py] => optimizer: sgd
2024-08-25 11:29:01,292 [trainer.py] => min_lr: 0
2024-08-25 11:29:01,292 [trainer.py] => device: [device(type='cuda', index=0)]
2024-08-25 11:29:01,292 [trainer.py] => seed: 1993
2024-08-25 11:29:01,292 [trainer.py] => tuned_epoch: 10
2024-08-25 11:29:01,292 [trainer.py] => init_lr: 0.01
2024-08-25 11:29:01,292 [trainer.py] => batch_size: 192
2024-08-25 11:29:03,291 [data_manager.py] => [68, 56, 78, 8, 23, 84, 90, 65, 74, 76, 40, 89, 3, 92, 55, 9, 26, 80, 43, 38, 58, 70, 77, 1, 85, 19, 17, 50, 28, 53, 13, 81, 45, 82, 6, 59, 83, 16, 15, 44, 91, 41, 72, 60, 79, 52, 20, 10, 31, 54, 37, 95, 14, 71, 96, 98, 97, 2, 64, 66, 42, 22, 35, 86, 24, 34, 87, 21, 99, 0, 88, 27, 18, 94, 11, 12, 47, 25, 30, 46, 62, 69, 36, 61, 7, 63, 75, 5, 32, 4, 51, 48, 73, 93, 39, 67, 29, 49, 57, 33]
2024-08-25 11:29:04,122 [trainer.py] => All params: 11177536
2024-08-25 11:29:04,123 [trainer.py] => Trainable params: 11177536
2024-08-25 11:29:08,170 [aper_ssf.py] => Learning on 0-5
2024-08-25 11:29:42,800 [aper_ssf.py] => Task 0, Epoch 10/10 => Loss 1.461, Train_accy 66.72, Test_accy 75.20
2024-08-25 11:29:46,933 [trainer.py] => No NME accuracy.
2024-08-25 11:29:46,934 [trainer.py] => CNN: {'total': 91.6, '00-09': 91.6, 'old': 0, 'new': 91.6}
2024-08-25 11:29:46,934 [trainer.py] => CNN top1 curve: [91.6]
2024-08-25 11:29:46,934 [trainer.py] => CNN top5 curve: [100.0]

2024-08-25 11:29:46,934 [trainer.py] => Average Accuracy (CNN): 91.6
2024-08-25 11:29:46,934 [trainer.py] => All params: 22359169
2024-08-25 11:29:46,935 [trainer.py] => Trainable params: 11182657
2024-08-25 11:29:46,936 [aper_ssf.py] => Learning on 5-10
2024-08-25 11:29:50,792 [trainer.py] => No NME accuracy.
2024-08-25 11:29:50,792 [trainer.py] => CNN: {'total': 80.2, '00-09': 80.2, 'old': 80.8, 'new': 79.6}
2024-08-25 11:29:50,792 [trainer.py] => CNN top1 curve: [91.6, 80.2]
2024-08-25 11:29:50,792 [trainer.py] => CNN top5 curve: [100.0, 97.2]

2024-08-25 11:29:50,792 [trainer.py] => Average Accuracy (CNN): 85.9
2024-08-25 11:29:50,793 [trainer.py] => All params: 22364289
2024-08-25 11:29:50,794 [trainer.py] => Trainable params: 11187777
2024-08-25 11:29:50,795 [aper_ssf.py] => Learning on 10-15
2024-08-25 11:29:55,085 [trainer.py] => No NME accuracy.
2024-08-25 11:29:55,086 [trainer.py] => CNN: {'total': 73.0, '00-09': 73.3, '10-19': 72.4, 'old': 73.3, 'new': 72.4}
2024-08-25 11:29:55,086 [trainer.py] => CNN top1 curve: [91.6, 80.2, 73.0]
2024-08-25 11:29:55,086 [trainer.py] => CNN top5 curve: [100.0, 97.2, 95.6]

2024-08-25 11:29:55,086 [trainer.py] => Average Accuracy (CNN): 81.60000000000001
2024-08-25 11:29:55,086 [trainer.py] => All params: 22369409
2024-08-25 11:29:55,087 [trainer.py] => Trainable params: 11192897
2024-08-25 11:29:55,088 [aper_ssf.py] => Learning on 15-20
2024-08-25 11:29:59,570 [trainer.py] => No NME accuracy.
2024-08-25 11:29:59,571 [trainer.py] => CNN: {'total': 66.1, '00-09': 69.8, '10-19': 62.4, 'old': 69.0, 'new': 57.4}
2024-08-25 11:29:59,571 [trainer.py] => CNN top1 curve: [91.6, 80.2, 73.0, 66.1]
2024-08-25 11:29:59,571 [trainer.py] => CNN top5 curve: [100.0, 97.2, 95.6, 92.25]

2024-08-25 11:29:59,571 [trainer.py] => Average Accuracy (CNN): 77.725
2024-08-25 11:29:59,571 [trainer.py] => All params: 22374529
2024-08-25 11:29:59,572 [trainer.py] => Trainable params: 11198017
2024-08-25 11:29:59,573 [aper_ssf.py] => Learning on 20-25
2024-08-25 11:30:04,360 [trainer.py] => No NME accuracy.
2024-08-25 11:30:04,360 [trainer.py] => CNN: {'total': 64.12, '00-09': 67.7, '10-19': 58.3, '20-29': 68.6, 'old': 63.0, 'new': 68.6}
2024-08-25 11:30:04,360 [trainer.py] => CNN top1 curve: [91.6, 80.2, 73.0, 66.1, 64.12]
2024-08-25 11:30:04,360 [trainer.py] => CNN top5 curve: [100.0, 97.2, 95.6, 92.25, 90.84]

2024-08-25 11:30:04,360 [trainer.py] => Average Accuracy (CNN): 75.00399999999999
2024-08-25 11:30:04,361 [trainer.py] => All params: 22379649
2024-08-25 11:30:04,361 [trainer.py] => Trainable params: 11203137
2024-08-25 11:30:04,364 [aper_ssf.py] => Learning on 25-30
2024-08-25 11:30:09,632 [trainer.py] => No NME accuracy.
2024-08-25 11:30:09,633 [trainer.py] => CNN: {'total': 63.0, '00-09': 66.1, '10-19': 56.5, '20-29': 66.4, 'old': 62.32, 'new': 66.4}
2024-08-25 11:30:09,633 [trainer.py] => CNN top1 curve: [91.6, 80.2, 73.0, 66.1, 64.12, 63.0]
2024-08-25 11:30:09,633 [trainer.py] => CNN top5 curve: [100.0, 97.2, 95.6, 92.25, 90.84, 89.43]

2024-08-25 11:30:09,633 [trainer.py] => Average Accuracy (CNN): 73.00333333333333
2024-08-25 11:30:09,634 [trainer.py] => All params: 22384769
2024-08-25 11:30:09,634 [trainer.py] => Trainable params: 11208257
2024-08-25 11:30:09,639 [aper_ssf.py] => Learning on 30-35
2024-08-25 11:30:14,821 [trainer.py] => No NME accuracy.
2024-08-25 11:30:14,821 [trainer.py] => CNN: {'total': 60.0, '00-09': 64.6, '10-19': 53.3, '20-29': 64.5, '30-39': 55.2, 'old': 60.8, 'new': 55.2}
2024-08-25 11:30:14,822 [trainer.py] => CNN top1 curve: [91.6, 80.2, 73.0, 66.1, 64.12, 63.0, 60.0]
2024-08-25 11:30:14,822 [trainer.py] => CNN top5 curve: [100.0, 97.2, 95.6, 92.25, 90.84, 89.43, 87.63]

2024-08-25 11:30:14,822 [trainer.py] => Average Accuracy (CNN): 71.14571428571428
2024-08-25 11:30:14,823 [trainer.py] => All params: 22389889
2024-08-25 11:30:14,823 [trainer.py] => Trainable params: 11213377
2024-08-25 11:30:14,825 [aper_ssf.py] => Learning on 35-40
2024-08-25 11:30:20,188 [trainer.py] => No NME accuracy.
2024-08-25 11:30:20,189 [trainer.py] => CNN: {'total': 57.88, '00-09': 62.1, '10-19': 51.9, '20-29': 63.0, '30-39': 54.5, 'old': 58.2, 'new': 55.6}
2024-08-25 11:30:20,189 [trainer.py] => CNN top1 curve: [91.6, 80.2, 73.0, 66.1, 64.12, 63.0, 60.0, 57.88]
2024-08-25 11:30:20,189 [trainer.py] => CNN top5 curve: [100.0, 97.2, 95.6, 92.25, 90.84, 89.43, 87.63, 86.32]

2024-08-25 11:30:20,189 [trainer.py] => Average Accuracy (CNN): 69.4875
2024-08-25 11:30:20,189 [trainer.py] => All params: 22395009
2024-08-25 11:30:20,190 [trainer.py] => Trainable params: 11218497
2024-08-25 11:30:20,191 [aper_ssf.py] => Learning on 40-45
2024-08-25 11:30:25,782 [trainer.py] => No NME accuracy.
2024-08-25 11:30:25,783 [trainer.py] => CNN: {'total': 56.2, '00-09': 59.1, '10-19': 49.9, '20-29': 61.5, '30-39': 53.5, '40-49': 57.8, 'old': 56.0, 'new': 57.8}
2024-08-25 11:30:25,783 [trainer.py] => CNN top1 curve: [91.6, 80.2, 73.0, 66.1, 64.12, 63.0, 60.0, 57.88, 56.2]
2024-08-25 11:30:25,783 [trainer.py] => CNN top5 curve: [100.0, 97.2, 95.6, 92.25, 90.84, 89.43, 87.63, 86.32, 85.0]

2024-08-25 11:30:25,783 [trainer.py] => Average Accuracy (CNN): 68.01111111111112
2024-08-25 11:30:25,784 [trainer.py] => All params: 22400129
2024-08-25 11:30:25,784 [trainer.py] => Trainable params: 11223617
2024-08-25 11:30:25,785 [aper_ssf.py] => Learning on 45-50
2024-08-25 11:30:31,807 [trainer.py] => No NME accuracy.
2024-08-25 11:30:31,807 [trainer.py] => CNN: {'total': 55.66, '00-09': 57.5, '10-19': 48.5, '20-29': 59.8, '30-39': 49.5, '40-49': 63.0, 'old': 54.2, 'new': 68.8}
2024-08-25 11:30:31,807 [trainer.py] => CNN top1 curve: [91.6, 80.2, 73.0, 66.1, 64.12, 63.0, 60.0, 57.88, 56.2, 55.66]
2024-08-25 11:30:31,807 [trainer.py] => CNN top5 curve: [100.0, 97.2, 95.6, 92.25, 90.84, 89.43, 87.63, 86.32, 85.0, 84.56]

2024-08-25 11:30:31,807 [trainer.py] => Average Accuracy (CNN): 66.776
2024-08-25 11:30:31,808 [trainer.py] => All params: 22405249
2024-08-25 11:30:31,808 [trainer.py] => Trainable params: 11228737
2024-08-25 11:30:31,810 [aper_ssf.py] => Learning on 50-55
2024-08-25 11:30:37,753 [trainer.py] => No NME accuracy.
2024-08-25 11:30:37,753 [trainer.py] => CNN: {'total': 54.55, '00-09': 55.8, '10-19': 47.9, '20-29': 58.8, '30-39': 48.1, '40-49': 60.0, '50-59': 58.8, 'old': 54.12, 'new': 58.8}
2024-08-25 11:30:37,753 [trainer.py] => CNN top1 curve: [91.6, 80.2, 73.0, 66.1, 64.12, 63.0, 60.0, 57.88, 56.2, 55.66, 54.55]
2024-08-25 11:30:37,753 [trainer.py] => CNN top5 curve: [100.0, 97.2, 95.6, 92.25, 90.84, 89.43, 87.63, 86.32, 85.0, 84.56, 83.89]

2024-08-25 11:30:37,753 [trainer.py] => Average Accuracy (CNN): 65.66454545454545
2024-08-25 11:30:37,754 [trainer.py] => All params: 22410369
2024-08-25 11:30:37,755 [trainer.py] => Trainable params: 11233857
2024-08-25 11:30:37,757 [aper_ssf.py] => Learning on 55-60
2024-08-25 11:30:43,950 [trainer.py] => No NME accuracy.
2024-08-25 11:30:43,950 [trainer.py] => CNN: {'total': 53.1, '00-09': 54.1, '10-19': 45.4, '20-29': 57.9, '30-39': 47.7, '40-49': 58.6, '50-59': 54.9, 'old': 53.25, 'new': 51.4}
2024-08-25 11:30:43,951 [trainer.py] => CNN top1 curve: [91.6, 80.2, 73.0, 66.1, 64.12, 63.0, 60.0, 57.88, 56.2, 55.66, 54.55, 53.1]
2024-08-25 11:30:43,951 [trainer.py] => CNN top5 curve: [100.0, 97.2, 95.6, 92.25, 90.84, 89.43, 87.63, 86.32, 85.0, 84.56, 83.89, 82.2]

2024-08-25 11:30:43,951 [trainer.py] => Average Accuracy (CNN): 64.61749999999999
2024-08-25 11:30:43,951 [trainer.py] => All params: 22415489
2024-08-25 11:30:43,952 [trainer.py] => Trainable params: 11238977
2024-08-25 11:30:43,954 [aper_ssf.py] => Learning on 60-65
2024-08-25 11:30:50,705 [trainer.py] => No NME accuracy.
2024-08-25 11:30:50,705 [trainer.py] => CNN: {'total': 52.22, '00-09': 52.8, '10-19': 44.0, '20-29': 57.4, '30-39': 46.0, '40-49': 57.1, '50-59': 52.1, '60-69': 60.0, 'old': 51.57, 'new': 60.0}
2024-08-25 11:30:50,705 [trainer.py] => CNN top1 curve: [91.6, 80.2, 73.0, 66.1, 64.12, 63.0, 60.0, 57.88, 56.2, 55.66, 54.55, 53.1, 52.22]
2024-08-25 11:30:50,705 [trainer.py] => CNN top5 curve: [100.0, 97.2, 95.6, 92.25, 90.84, 89.43, 87.63, 86.32, 85.0, 84.56, 83.89, 82.2, 81.34]

2024-08-25 11:30:50,705 [trainer.py] => Average Accuracy (CNN): 63.66384615384615
2024-08-25 11:30:50,706 [trainer.py] => All params: 22420609
2024-08-25 11:30:50,706 [trainer.py] => Trainable params: 11244097
2024-08-25 11:30:50,708 [aper_ssf.py] => Learning on 65-70
2024-08-25 11:30:58,967 [trainer.py] => No NME accuracy.
2024-08-25 11:30:58,968 [trainer.py] => CNN: {'total': 52.44, '00-09': 51.2, '10-19': 42.9, '20-29': 56.3, '30-39': 45.3, '40-49': 56.1, '50-59': 51.7, '60-69': 63.6, 'old': 51.18, 'new': 68.8}
2024-08-25 11:30:58,968 [trainer.py] => CNN top1 curve: [91.6, 80.2, 73.0, 66.1, 64.12, 63.0, 60.0, 57.88, 56.2, 55.66, 54.55, 53.1, 52.22, 52.44]
2024-08-25 11:30:58,968 [trainer.py] => CNN top5 curve: [100.0, 97.2, 95.6, 92.25, 90.84, 89.43, 87.63, 86.32, 85.0, 84.56, 83.89, 82.2, 81.34, 81.0]

2024-08-25 11:30:58,968 [trainer.py] => Average Accuracy (CNN): 62.86214285714285
2024-08-25 11:30:58,968 [trainer.py] => All params: 22425729
2024-08-25 11:30:58,969 [trainer.py] => Trainable params: 11249217
2024-08-25 11:30:58,971 [aper_ssf.py] => Learning on 70-75
2024-08-25 11:31:05,965 [trainer.py] => No NME accuracy.
2024-08-25 11:31:05,965 [trainer.py] => CNN: {'total': 51.67, '00-09': 49.9, '10-19': 41.6, '20-29': 55.9, '30-39': 44.3, '40-49': 55.6, '50-59': 50.2, '60-69': 62.4, '70-79': 55.2, 'old': 51.41, 'new': 55.2}
2024-08-25 11:31:05,965 [trainer.py] => CNN top1 curve: [91.6, 80.2, 73.0, 66.1, 64.12, 63.0, 60.0, 57.88, 56.2, 55.66, 54.55, 53.1, 52.22, 52.44, 51.67]
2024-08-25 11:31:05,965 [trainer.py] => CNN top5 curve: [100.0, 97.2, 95.6, 92.25, 90.84, 89.43, 87.63, 86.32, 85.0, 84.56, 83.89, 82.2, 81.34, 81.0, 80.0]

2024-08-25 11:31:05,966 [trainer.py] => Average Accuracy (CNN): 62.11599999999999
2024-08-25 11:31:05,966 [trainer.py] => All params: 22430849
2024-08-25 11:31:05,967 [trainer.py] => Trainable params: 11254337
2024-08-25 11:31:05,968 [aper_ssf.py] => Learning on 75-80
2024-08-25 11:31:13,900 [trainer.py] => No NME accuracy.
2024-08-25 11:31:13,900 [trainer.py] => CNN: {'total': 50.31, '00-09': 48.7, '10-19': 41.4, '20-29': 55.1, '30-39': 43.9, '40-49': 54.7, '50-59': 46.5, '60-69': 61.7, '70-79': 50.5, 'old': 50.53, 'new': 47.0}
2024-08-25 11:31:13,900 [trainer.py] => CNN top1 curve: [91.6, 80.2, 73.0, 66.1, 64.12, 63.0, 60.0, 57.88, 56.2, 55.66, 54.55, 53.1, 52.22, 52.44, 51.67, 50.31]
2024-08-25 11:31:13,901 [trainer.py] => CNN top5 curve: [100.0, 97.2, 95.6, 92.25, 90.84, 89.43, 87.63, 86.32, 85.0, 84.56, 83.89, 82.2, 81.34, 81.0, 80.0, 79.03]

2024-08-25 11:31:13,901 [trainer.py] => Average Accuracy (CNN): 61.378125
2024-08-25 11:31:13,901 [trainer.py] => All params: 22435969
2024-08-25 11:31:13,902 [trainer.py] => Trainable params: 11259457
2024-08-25 11:31:13,903 [aper_ssf.py] => Learning on 80-85
2024-08-25 11:31:21,858 [trainer.py] => No NME accuracy.
2024-08-25 11:31:21,858 [trainer.py] => CNN: {'total': 49.84, '00-09': 48.3, '10-19': 40.4, '20-29': 54.3, '30-39': 43.6, '40-49': 53.0, '50-59': 45.9, '60-69': 60.6, '70-79': 50.2, '80-89': 54.6, 'old': 49.54, 'new': 54.6}
2024-08-25 11:31:21,858 [trainer.py] => CNN top1 curve: [91.6, 80.2, 73.0, 66.1, 64.12, 63.0, 60.0, 57.88, 56.2, 55.66, 54.55, 53.1, 52.22, 52.44, 51.67, 50.31, 49.84]
2024-08-25 11:31:21,858 [trainer.py] => CNN top5 curve: [100.0, 97.2, 95.6, 92.25, 90.84, 89.43, 87.63, 86.32, 85.0, 84.56, 83.89, 82.2, 81.34, 81.0, 80.0, 79.03, 78.76]

2024-08-25 11:31:21,858 [trainer.py] => Average Accuracy (CNN): 60.69941176470587
2024-08-25 11:31:21,859 [trainer.py] => All params: 22441089
2024-08-25 11:31:21,859 [trainer.py] => Trainable params: 11264577
2024-08-25 11:31:21,861 [aper_ssf.py] => Learning on 85-90
2024-08-25 11:31:29,889 [trainer.py] => No NME accuracy.
2024-08-25 11:31:29,890 [trainer.py] => CNN: {'total': 48.49, '00-09': 47.3, '10-19': 39.5, '20-29': 53.4, '30-39': 43.5, '40-49': 52.6, '50-59': 45.4, '60-69': 60.5, '70-79': 48.7, '80-89': 45.5, 'old': 49.19, 'new': 36.6}
2024-08-25 11:31:29,890 [trainer.py] => CNN top1 curve: [91.6, 80.2, 73.0, 66.1, 64.12, 63.0, 60.0, 57.88, 56.2, 55.66, 54.55, 53.1, 52.22, 52.44, 51.67, 50.31, 49.84, 48.49]
2024-08-25 11:31:29,890 [trainer.py] => CNN top5 curve: [100.0, 97.2, 95.6, 92.25, 90.84, 89.43, 87.63, 86.32, 85.0, 84.56, 83.89, 82.2, 81.34, 81.0, 80.0, 79.03, 78.76, 77.3]

2024-08-25 11:31:29,890 [trainer.py] => Average Accuracy (CNN): 60.021111111111104
2024-08-25 11:31:29,891 [trainer.py] => All params: 22446209
2024-08-25 11:31:29,891 [trainer.py] => Trainable params: 11269697
2024-08-25 11:31:29,893 [aper_ssf.py] => Learning on 90-95
2024-08-25 11:31:38,631 [trainer.py] => No NME accuracy.
2024-08-25 11:31:38,631 [trainer.py] => CNN: {'total': 47.98, '00-09': 46.4, '10-19': 39.1, '20-29': 52.8, '30-39': 43.3, '40-49': 51.8, '50-59': 44.6, '60-69': 60.1, '70-79': 47.2, '80-89': 45.3, '90-99': 50.4, 'old': 47.84, 'new': 50.4}
2024-08-25 11:31:38,631 [trainer.py] => CNN top1 curve: [91.6, 80.2, 73.0, 66.1, 64.12, 63.0, 60.0, 57.88, 56.2, 55.66, 54.55, 53.1, 52.22, 52.44, 51.67, 50.31, 49.84, 48.49, 47.98]
2024-08-25 11:31:38,632 [trainer.py] => CNN top5 curve: [100.0, 97.2, 95.6, 92.25, 90.84, 89.43, 87.63, 86.32, 85.0, 84.56, 83.89, 82.2, 81.34, 81.0, 80.0, 79.03, 78.76, 77.3, 76.76]

2024-08-25 11:31:38,632 [trainer.py] => Average Accuracy (CNN): 59.38736842105263
2024-08-25 11:31:38,632 [trainer.py] => All params: 22451329
2024-08-25 11:31:38,633 [trainer.py] => Trainable params: 11274817
2024-08-25 11:31:38,639 [aper_ssf.py] => Learning on 95-100
2024-08-25 11:31:47,017 [trainer.py] => No NME accuracy.
2024-08-25 11:31:47,017 [trainer.py] => CNN: {'total': 47.2, '00-09': 45.3, '10-19': 38.5, '20-29': 52.1, '30-39': 42.9, '40-49': 51.0, '50-59': 43.2, '60-69': 59.8, '70-79': 46.9, '80-89': 44.9, '90-99': 47.4, 'old': 47.29, 'new': 45.4}
2024-08-25 11:31:47,017 [trainer.py] => CNN top1 curve: [91.6, 80.2, 73.0, 66.1, 64.12, 63.0, 60.0, 57.88, 56.2, 55.66, 54.55, 53.1, 52.22, 52.44, 51.67, 50.31, 49.84, 48.49, 47.98, 47.2]
2024-08-25 11:31:47,017 [trainer.py] => CNN top5 curve: [100.0, 97.2, 95.6, 92.25, 90.84, 89.43, 87.63, 86.32, 85.0, 84.56, 83.89, 82.2, 81.34, 81.0, 80.0, 79.03, 78.76, 77.3, 76.76, 76.12]

2024-08-25 11:31:47,017 [trainer.py] => Average Accuracy (CNN): 58.778
