2024-08-25 10:41:53,941 [trainer.py] => config: exps/aper_finetune/objectnet_10_10_vit-b_finetune.json
2024-08-25 10:41:53,941 [trainer.py] => prefix: exp
2024-08-25 10:41:53,941 [trainer.py] => dataset: objectnet
2024-08-25 10:41:53,941 [trainer.py] => memory_size: 2000
2024-08-25 10:41:53,941 [trainer.py] => memory_per_class: 20
2024-08-25 10:41:53,941 [trainer.py] => fixed_memory: False
2024-08-25 10:41:53,941 [trainer.py] => shuffle: True
2024-08-25 10:41:53,941 [trainer.py] => init_cls: 10
2024-08-25 10:41:53,941 [trainer.py] => increment: 10
2024-08-25 10:41:53,941 [trainer.py] => model_name: aper_finetune
2024-08-25 10:41:53,941 [trainer.py] => convnet_type: pretrained_vit_b16_224_in21k
2024-08-25 10:41:53,941 [trainer.py] => weight_decay: 0.0005
2024-08-25 10:41:53,941 [trainer.py] => optimizer: sgd
2024-08-25 10:41:53,941 [trainer.py] => min_lr: 0
2024-08-25 10:41:53,941 [trainer.py] => device: [device(type='cuda', index=0)]
2024-08-25 10:41:53,941 [trainer.py] => seed: 1993
2024-08-25 10:41:53,941 [trainer.py] => tuned_epoch: 5
2024-08-25 10:41:53,941 [trainer.py] => init_lr: 0.01
2024-08-25 10:41:53,942 [trainer.py] => batch_size: 128
2024-08-25 10:41:54,057 [data_manager.py] => [168, 136, 51, 9, 183, 101, 171, 99, 42, 159, 191, 70, 16, 188, 27, 10, 175, 26, 68, 187, 98, 6, 85, 35, 112, 43, 100, 0, 103, 181, 88, 59, 4, 2, 116, 174, 94, 80, 106, 1, 147, 17, 141, 131, 72, 23, 173, 54, 197, 118, 87, 32, 79, 104, 91, 19, 135, 107, 178, 36, 11, 199, 142, 8, 122, 3, 28, 57, 153, 172, 190, 56, 49, 44, 97, 62, 151, 169, 194, 55, 192, 12, 189, 78, 66, 180, 15, 137, 109, 134, 92, 119, 126, 52, 170, 40, 148, 65, 144, 64, 138, 45, 77, 89, 154, 90, 71, 193, 74, 30, 113, 143, 96, 84, 67, 50, 186, 156, 69, 21, 18, 111, 108, 58, 125, 157, 150, 110, 182, 129, 166, 83, 81, 60, 13, 165, 14, 176, 63, 117, 5, 22, 145, 121, 38, 41, 82, 127, 114, 20, 31, 53, 37, 163, 196, 130, 152, 162, 86, 76, 24, 34, 184, 149, 33, 128, 198, 155, 146, 167, 139, 120, 140, 102, 47, 25, 158, 123, 46, 164, 61, 7, 115, 75, 133, 160, 105, 132, 179, 124, 48, 73, 93, 39, 95, 195, 29, 177, 185, 161]
2024-08-25 10:41:56,630 [trainer.py] => All params: 85798656
2024-08-25 10:41:56,631 [trainer.py] => Trainable params: 85798656
2024-08-25 10:42:00,241 [aper_finetune.py] => Learning on 0-10
2024-08-25 10:47:40,921 [aper_finetune.py] => Task 0, Epoch 5/5 => Loss 1.868, Train_accy 74.16, Test_accy 84.20
2024-08-25 10:48:54,923 [trainer.py] => No NME accuracy.
2024-08-25 10:48:54,924 [trainer.py] => CNN: {'total': 91.27, '00-09': 91.27, 'old': 0, 'new': 91.27}
2024-08-25 10:48:54,924 [trainer.py] => CNN top1 curve: [91.27]
2024-08-25 10:48:54,924 [trainer.py] => CNN top5 curve: [99.06]

2024-08-25 10:48:54,924 [trainer.py] => Average Accuracy (CNN): 91.27
2024-08-25 10:48:54,925 [trainer.py] => All params: 171612673
2024-08-25 10:48:54,926 [trainer.py] => Trainable params: 171612673
2024-08-25 10:48:54,930 [aper_finetune.py] => Learning on 10-20
2024-08-25 10:50:33,315 [trainer.py] => No NME accuracy.
2024-08-25 10:50:33,315 [trainer.py] => CNN: {'total': 82.11, '00-09': 87.26, '10-19': 74.48, 'old': 87.26, 'new': 74.48}
2024-08-25 10:50:33,315 [trainer.py] => CNN top1 curve: [91.27, 82.11]
2024-08-25 10:50:33,315 [trainer.py] => CNN top5 curve: [99.06, 95.21]

2024-08-25 10:50:33,315 [trainer.py] => Average Accuracy (CNN): 86.69
2024-08-25 10:50:33,316 [trainer.py] => All params: 171628033
2024-08-25 10:50:33,318 [trainer.py] => Trainable params: 171628033
2024-08-25 10:50:33,323 [aper_finetune.py] => Learning on 20-30
2024-08-25 10:52:26,615 [trainer.py] => No NME accuracy.
2024-08-25 10:52:26,615 [trainer.py] => CNN: {'total': 76.26, '00-09': 85.85, '10-19': 72.38, '20-29': 67.08, 'old': 80.42, 'new': 67.08}
2024-08-25 10:52:26,615 [trainer.py] => CNN top1 curve: [91.27, 82.11, 76.26]
2024-08-25 10:52:26,615 [trainer.py] => CNN top5 curve: [99.06, 95.21, 93.22]

2024-08-25 10:52:26,615 [trainer.py] => Average Accuracy (CNN): 83.21333333333332
2024-08-25 10:52:26,617 [trainer.py] => All params: 171643393
2024-08-25 10:52:26,618 [trainer.py] => Trainable params: 171643393
2024-08-25 10:52:26,623 [aper_finetune.py] => Learning on 30-40
2024-08-25 10:54:00,928 [trainer.py] => No NME accuracy.
2024-08-25 10:54:00,929 [trainer.py] => CNN: {'total': 72.35, '00-09': 83.25, '10-19': 70.28, '20-29': 64.29, '30-39': 67.82, 'old': 73.74, 'new': 67.82}
2024-08-25 10:54:00,929 [trainer.py] => CNN top1 curve: [91.27, 82.11, 76.26, 72.35]
2024-08-25 10:54:00,929 [trainer.py] => CNN top5 curve: [99.06, 95.21, 93.22, 91.85]

2024-08-25 10:54:00,929 [trainer.py] => Average Accuracy (CNN): 80.4975
2024-08-25 10:54:00,930 [trainer.py] => All params: 171658753
2024-08-25 10:54:00,931 [trainer.py] => Trainable params: 171658753
2024-08-25 10:54:00,933 [aper_finetune.py] => Learning on 40-50
2024-08-25 10:55:31,315 [trainer.py] => No NME accuracy.
2024-08-25 10:55:31,315 [trainer.py] => CNN: {'total': 69.39, '00-09': 82.31, '10-19': 68.88, '20-29': 62.42, '30-39': 64.98, '40-49': 64.22, 'old': 70.64, 'new': 64.22}
2024-08-25 10:55:31,315 [trainer.py] => CNN top1 curve: [91.27, 82.11, 76.26, 72.35, 69.39]
2024-08-25 10:55:31,315 [trainer.py] => CNN top5 curve: [99.06, 95.21, 93.22, 91.85, 90.04]

2024-08-25 10:55:31,315 [trainer.py] => Average Accuracy (CNN): 78.276
2024-08-25 10:55:31,317 [trainer.py] => All params: 171674113
2024-08-25 10:55:31,318 [trainer.py] => Trainable params: 171674113
2024-08-25 10:55:31,320 [aper_finetune.py] => Learning on 50-60
2024-08-25 10:57:06,306 [trainer.py] => No NME accuracy.
2024-08-25 10:57:06,306 [trainer.py] => CNN: {'total': 66.45, '00-09': 78.07, '10-19': 68.53, '20-29': 59.63, '30-39': 64.67, '40-49': 61.77, '50-59': 62.42, 'old': 67.18, 'new': 62.42}
2024-08-25 10:57:06,306 [trainer.py] => CNN top1 curve: [91.27, 82.11, 76.26, 72.35, 69.39, 66.45]
2024-08-25 10:57:06,307 [trainer.py] => CNN top5 curve: [99.06, 95.21, 93.22, 91.85, 90.04, 87.79]

2024-08-25 10:57:06,307 [trainer.py] => Average Accuracy (CNN): 76.30499999999999
2024-08-25 10:57:06,308 [trainer.py] => All params: 171689473
2024-08-25 10:57:06,309 [trainer.py] => Trainable params: 171689473
2024-08-25 10:57:06,312 [aper_finetune.py] => Learning on 60-70
2024-08-25 10:58:56,747 [trainer.py] => No NME accuracy.
2024-08-25 10:58:56,748 [trainer.py] => CNN: {'total': 64.32, '00-09': 77.83, '10-19': 64.69, '20-29': 58.39, '30-39': 62.46, '40-49': 59.94, '50-59': 59.48, '60-69': 63.19, 'old': 64.53, 'new': 63.19}
2024-08-25 10:58:56,748 [trainer.py] => CNN top1 curve: [91.27, 82.11, 76.26, 72.35, 69.39, 66.45, 64.32]
2024-08-25 10:58:56,748 [trainer.py] => CNN top5 curve: [99.06, 95.21, 93.22, 91.85, 90.04, 87.79, 85.93]

2024-08-25 10:58:56,748 [trainer.py] => Average Accuracy (CNN): 74.59285714285714
2024-08-25 10:58:56,749 [trainer.py] => All params: 171704833
2024-08-25 10:58:56,751 [trainer.py] => Trainable params: 171704833
2024-08-25 10:58:56,753 [aper_finetune.py] => Learning on 70-80
2024-08-25 11:00:54,672 [trainer.py] => No NME accuracy.
2024-08-25 11:00:54,673 [trainer.py] => CNN: {'total': 61.0, '00-09': 77.36, '10-19': 62.94, '20-29': 57.45, '30-39': 61.2, '40-49': 59.02, '50-59': 57.84, '60-69': 59.89, '70-79': 47.73, 'old': 62.87, 'new': 47.73}
2024-08-25 11:00:54,673 [trainer.py] => CNN top1 curve: [91.27, 82.11, 76.26, 72.35, 69.39, 66.45, 64.32, 61.0]
2024-08-25 11:00:54,673 [trainer.py] => CNN top5 curve: [99.06, 95.21, 93.22, 91.85, 90.04, 87.79, 85.93, 83.53]

2024-08-25 11:00:54,673 [trainer.py] => Average Accuracy (CNN): 72.89375
2024-08-25 11:00:54,674 [trainer.py] => All params: 171720193
2024-08-25 11:00:54,676 [trainer.py] => Trainable params: 171720193
2024-08-25 11:00:54,678 [aper_finetune.py] => Learning on 80-90
2024-08-25 11:02:49,196 [trainer.py] => No NME accuracy.
2024-08-25 11:02:49,196 [trainer.py] => CNN: {'total': 59.14, '00-09': 76.65, '10-19': 62.24, '20-29': 56.52, '30-39': 60.88, '40-49': 57.19, '50-59': 57.19, '60-69': 59.34, '70-79': 45.62, '80-89': 49.8, 'old': 60.03, 'new': 49.8}
2024-08-25 11:02:49,196 [trainer.py] => CNN top1 curve: [91.27, 82.11, 76.26, 72.35, 69.39, 66.45, 64.32, 61.0, 59.14]
2024-08-25 11:02:49,196 [trainer.py] => CNN top5 curve: [99.06, 95.21, 93.22, 91.85, 90.04, 87.79, 85.93, 83.53, 82.2]

2024-08-25 11:02:49,196 [trainer.py] => Average Accuracy (CNN): 71.36555555555555
2024-08-25 11:02:49,198 [trainer.py] => All params: 171735553
2024-08-25 11:02:49,199 [trainer.py] => Trainable params: 171735553
2024-08-25 11:02:49,201 [aper_finetune.py] => Learning on 90-100
2024-08-25 11:05:07,730 [trainer.py] => No NME accuracy.
2024-08-25 11:05:07,730 [trainer.py] => CNN: {'total': 59.02, '00-09': 76.42, '10-19': 60.49, '20-29': 56.52, '30-39': 60.57, '40-49': 55.66, '50-59': 55.88, '60-69': 58.52, '70-79': 45.02, '80-89': 48.24, '90-99': 65.38, 'old': 58.29, 'new': 65.38}
2024-08-25 11:05:07,730 [trainer.py] => CNN top1 curve: [91.27, 82.11, 76.26, 72.35, 69.39, 66.45, 64.32, 61.0, 59.14, 59.02]
2024-08-25 11:05:07,730 [trainer.py] => CNN top5 curve: [99.06, 95.21, 93.22, 91.85, 90.04, 87.79, 85.93, 83.53, 82.2, 81.28]

2024-08-25 11:05:07,730 [trainer.py] => Average Accuracy (CNN): 70.131
2024-08-25 11:05:07,732 [trainer.py] => All params: 171750913
2024-08-25 11:05:07,733 [trainer.py] => Trainable params: 171750913
2024-08-25 11:05:07,739 [aper_finetune.py] => Learning on 100-110
2024-08-25 11:07:41,048 [trainer.py] => No NME accuracy.
2024-08-25 11:07:41,049 [trainer.py] => CNN: {'total': 57.31, '00-09': 75.24, '10-19': 58.39, '20-29': 55.59, '30-39': 58.99, '40-49': 55.66, '50-59': 54.58, '60-69': 57.97, '70-79': 42.6, '80-89': 48.24, '90-99': 65.09, '100-109': 50.16, 'old': 57.98, 'new': 50.16}
2024-08-25 11:07:41,049 [trainer.py] => CNN top1 curve: [91.27, 82.11, 76.26, 72.35, 69.39, 66.45, 64.32, 61.0, 59.14, 59.02, 57.31]
2024-08-25 11:07:41,049 [trainer.py] => CNN top5 curve: [99.06, 95.21, 93.22, 91.85, 90.04, 87.79, 85.93, 83.53, 82.2, 81.28, 79.8]

2024-08-25 11:07:41,049 [trainer.py] => Average Accuracy (CNN): 68.96545454545453
2024-08-25 11:07:41,050 [trainer.py] => All params: 171766273
2024-08-25 11:07:41,051 [trainer.py] => Trainable params: 171766273
2024-08-25 11:07:41,054 [aper_finetune.py] => Learning on 110-120
2024-08-25 11:10:54,337 [trainer.py] => No NME accuracy.
2024-08-25 11:10:54,337 [trainer.py] => CNN: {'total': 56.64, '00-09': 75.24, '10-19': 58.04, '20-29': 55.28, '30-39': 57.73, '40-49': 54.43, '50-59': 53.92, '60-69': 57.69, '70-79': 41.99, '80-89': 47.06, '90-99': 63.31, '100-109': 48.85, '110-119': 57.64, 'old': 56.53, 'new': 57.64}
2024-08-25 11:10:54,338 [trainer.py] => CNN top1 curve: [91.27, 82.11, 76.26, 72.35, 69.39, 66.45, 64.32, 61.0, 59.14, 59.02, 57.31, 56.64]
2024-08-25 11:10:54,338 [trainer.py] => CNN top5 curve: [99.06, 95.21, 93.22, 91.85, 90.04, 87.79, 85.93, 83.53, 82.2, 81.28, 79.8, 79.15]

2024-08-25 11:10:54,338 [trainer.py] => Average Accuracy (CNN): 67.93833333333332
2024-08-25 11:10:54,339 [trainer.py] => All params: 171781633
2024-08-25 11:10:54,340 [trainer.py] => Trainable params: 171781633
2024-08-25 11:10:54,343 [aper_finetune.py] => Learning on 120-130
2024-08-25 11:14:25,168 [trainer.py] => No NME accuracy.
2024-08-25 11:14:25,168 [trainer.py] => CNN: {'total': 55.69, '00-09': 75.0, '10-19': 55.94, '20-29': 55.28, '30-39': 56.78, '40-49': 53.82, '50-59': 53.27, '60-69': 56.87, '70-79': 41.39, '80-89': 47.06, '90-99': 61.54, '100-109': 48.85, '110-119': 57.37, '120-129': 52.34, 'old': 55.98, 'new': 52.34}
2024-08-25 11:14:25,168 [trainer.py] => CNN top1 curve: [91.27, 82.11, 76.26, 72.35, 69.39, 66.45, 64.32, 61.0, 59.14, 59.02, 57.31, 56.64, 55.69]
2024-08-25 11:14:25,169 [trainer.py] => CNN top5 curve: [99.06, 95.21, 93.22, 91.85, 90.04, 87.79, 85.93, 83.53, 82.2, 81.28, 79.8, 79.15, 77.83]

2024-08-25 11:14:25,169 [trainer.py] => Average Accuracy (CNN): 66.99615384615383
2024-08-25 11:14:25,170 [trainer.py] => All params: 171796993
2024-08-25 11:14:25,171 [trainer.py] => Trainable params: 171796993
2024-08-25 11:14:25,175 [aper_finetune.py] => Learning on 130-140
2024-08-25 11:18:04,553 [trainer.py] => No NME accuracy.
2024-08-25 11:18:04,553 [trainer.py] => CNN: {'total': 54.48, '00-09': 73.35, '10-19': 54.2, '20-29': 54.35, '30-39': 54.89, '40-49': 53.52, '50-59': 52.61, '60-69': 56.87, '70-79': 39.58, '80-89': 44.71, '90-99': 61.54, '100-109': 48.2, '110-119': 54.96, '120-129': 51.17, '130-139': 54.18, 'old': 54.5, 'new': 54.18}
2024-08-25 11:18:04,553 [trainer.py] => CNN top1 curve: [91.27, 82.11, 76.26, 72.35, 69.39, 66.45, 64.32, 61.0, 59.14, 59.02, 57.31, 56.64, 55.69, 54.48]
2024-08-25 11:18:04,553 [trainer.py] => CNN top5 curve: [99.06, 95.21, 93.22, 91.85, 90.04, 87.79, 85.93, 83.53, 82.2, 81.28, 79.8, 79.15, 77.83, 76.89]

2024-08-25 11:18:04,553 [trainer.py] => Average Accuracy (CNN): 66.10214285714285
2024-08-25 11:18:04,555 [trainer.py] => All params: 171812353
2024-08-25 11:18:04,557 [trainer.py] => Trainable params: 171812353
2024-08-25 11:18:04,560 [aper_finetune.py] => Learning on 140-150
2024-08-25 11:21:35,774 [trainer.py] => No NME accuracy.
2024-08-25 11:21:35,774 [trainer.py] => CNN: {'total': 53.15, '00-09': 71.7, '10-19': 52.45, '20-29': 54.04, '30-39': 54.26, '40-49': 52.29, '50-59': 52.29, '60-69': 56.32, '70-79': 38.07, '80-89': 44.31, '90-99': 60.36, '100-109': 48.2, '110-119': 54.16, '120-129': 50.29, '130-139': 53.25, '140-149': 47.72, 'old': 53.59, 'new': 47.72}
2024-08-25 11:21:35,774 [trainer.py] => CNN top1 curve: [91.27, 82.11, 76.26, 72.35, 69.39, 66.45, 64.32, 61.0, 59.14, 59.02, 57.31, 56.64, 55.69, 54.48, 53.15]
2024-08-25 11:21:35,774 [trainer.py] => CNN top5 curve: [99.06, 95.21, 93.22, 91.85, 90.04, 87.79, 85.93, 83.53, 82.2, 81.28, 79.8, 79.15, 77.83, 76.89, 75.67]

2024-08-25 11:21:35,774 [trainer.py] => Average Accuracy (CNN): 65.23866666666666
2024-08-25 11:21:35,777 [trainer.py] => All params: 171827713
2024-08-25 11:21:35,778 [trainer.py] => Trainable params: 171827713
2024-08-25 11:21:35,782 [aper_finetune.py] => Learning on 150-160
2024-08-25 11:24:29,057 [trainer.py] => No NME accuracy.
2024-08-25 11:24:29,057 [trainer.py] => CNN: {'total': 52.24, '00-09': 71.46, '10-19': 52.45, '20-29': 54.04, '30-39': 53.94, '40-49': 52.29, '50-59': 49.35, '60-69': 55.77, '70-79': 38.07, '80-89': 44.31, '90-99': 59.76, '100-109': 46.56, '110-119': 53.08, '120-129': 49.12, '130-139': 53.25, '140-149': 47.45, '150-159': 47.79, 'old': 52.57, 'new': 47.79}
2024-08-25 11:24:29,057 [trainer.py] => CNN top1 curve: [91.27, 82.11, 76.26, 72.35, 69.39, 66.45, 64.32, 61.0, 59.14, 59.02, 57.31, 56.64, 55.69, 54.48, 53.15, 52.24]
2024-08-25 11:24:29,057 [trainer.py] => CNN top5 curve: [99.06, 95.21, 93.22, 91.85, 90.04, 87.79, 85.93, 83.53, 82.2, 81.28, 79.8, 79.15, 77.83, 76.89, 75.67, 74.61]

2024-08-25 11:24:29,057 [trainer.py] => Average Accuracy (CNN): 64.42624999999998
2024-08-25 11:24:29,059 [trainer.py] => All params: 171843073
2024-08-25 11:24:29,060 [trainer.py] => Trainable params: 171843073
2024-08-25 11:24:29,064 [aper_finetune.py] => Learning on 160-170
2024-08-25 11:27:29,477 [trainer.py] => No NME accuracy.
2024-08-25 11:27:29,478 [trainer.py] => CNN: {'total': 51.7, '00-09': 71.46, '10-19': 52.45, '20-29': 52.8, '30-39': 53.31, '40-49': 51.68, '50-59': 48.69, '60-69': 55.49, '70-79': 37.76, '80-89': 44.31, '90-99': 59.76, '100-109': 46.23, '110-119': 52.28, '120-129': 48.83, '130-139': 52.94, '140-149': 47.18, '150-159': 47.51, '160-169': 48.94, 'old': 51.87, 'new': 48.94}
2024-08-25 11:27:29,478 [trainer.py] => CNN top1 curve: [91.27, 82.11, 76.26, 72.35, 69.39, 66.45, 64.32, 61.0, 59.14, 59.02, 57.31, 56.64, 55.69, 54.48, 53.15, 52.24, 51.7]
2024-08-25 11:27:29,478 [trainer.py] => CNN top5 curve: [99.06, 95.21, 93.22, 91.85, 90.04, 87.79, 85.93, 83.53, 82.2, 81.28, 79.8, 79.15, 77.83, 76.89, 75.67, 74.61, 73.74]

2024-08-25 11:27:29,478 [trainer.py] => Average Accuracy (CNN): 63.67764705882352
2024-08-25 11:27:29,479 [trainer.py] => All params: 171858433
2024-08-25 11:27:29,480 [trainer.py] => Trainable params: 171858433
2024-08-25 11:27:29,484 [aper_finetune.py] => Learning on 170-180
2024-08-25 11:30:31,335 [trainer.py] => No NME accuracy.
2024-08-25 11:30:31,336 [trainer.py] => CNN: {'total': 50.95, '00-09': 70.75, '10-19': 52.45, '20-29': 52.17, '30-39': 53.31, '40-49': 51.68, '50-59': 46.08, '60-69': 55.22, '70-79': 37.16, '80-89': 43.92, '90-99': 59.47, '100-109': 46.23, '110-119': 52.28, '120-129': 48.54, '130-139': 52.94, '140-149': 46.92, '150-159': 47.51, '160-169': 47.72, '170-179': 44.67, 'old': 51.28, 'new': 44.67}
2024-08-25 11:30:31,336 [trainer.py] => CNN top1 curve: [91.27, 82.11, 76.26, 72.35, 69.39, 66.45, 64.32, 61.0, 59.14, 59.02, 57.31, 56.64, 55.69, 54.48, 53.15, 52.24, 51.7, 50.95]
2024-08-25 11:30:31,336 [trainer.py] => CNN top5 curve: [99.06, 95.21, 93.22, 91.85, 90.04, 87.79, 85.93, 83.53, 82.2, 81.28, 79.8, 79.15, 77.83, 76.89, 75.67, 74.61, 73.74, 72.85]

2024-08-25 11:30:31,336 [trainer.py] => Average Accuracy (CNN): 62.97055555555554
2024-08-25 11:30:31,337 [trainer.py] => All params: 171873793
2024-08-25 11:30:31,339 [trainer.py] => Trainable params: 171873793
2024-08-25 11:30:31,345 [aper_finetune.py] => Learning on 180-190
2024-08-25 11:33:43,838 [trainer.py] => No NME accuracy.
2024-08-25 11:33:43,838 [trainer.py] => CNN: {'total': 49.98, '00-09': 70.75, '10-19': 52.45, '20-29': 52.17, '30-39': 53.0, '40-49': 51.38, '50-59': 44.44, '60-69': 55.22, '70-79': 35.95, '80-89': 43.92, '90-99': 58.88, '100-109': 45.25, '110-119': 50.94, '120-129': 47.37, '130-139': 51.7, '140-149': 45.04, '150-159': 46.41, '160-169': 47.42, '170-179': 44.67, '180-189': 44.25, 'old': 50.26, 'new': 44.25}
2024-08-25 11:33:43,838 [trainer.py] => CNN top1 curve: [91.27, 82.11, 76.26, 72.35, 69.39, 66.45, 64.32, 61.0, 59.14, 59.02, 57.31, 56.64, 55.69, 54.48, 53.15, 52.24, 51.7, 50.95, 49.98]
2024-08-25 11:33:43,838 [trainer.py] => CNN top5 curve: [99.06, 95.21, 93.22, 91.85, 90.04, 87.79, 85.93, 83.53, 82.2, 81.28, 79.8, 79.15, 77.83, 76.89, 75.67, 74.61, 73.74, 72.85, 72.33]

2024-08-25 11:33:43,838 [trainer.py] => Average Accuracy (CNN): 62.28684210526315
2024-08-25 11:33:43,840 [trainer.py] => All params: 171889153
2024-08-25 11:33:43,841 [trainer.py] => Trainable params: 171889153
2024-08-25 11:33:43,846 [aper_finetune.py] => Learning on 190-200
2024-08-25 11:37:59,623 [trainer.py] => No NME accuracy.
2024-08-25 11:37:59,623 [trainer.py] => CNN: {'total': 48.61, '00-09': 70.75, '10-19': 52.45, '20-29': 51.55, '30-39': 52.68, '40-49': 51.07, '50-59': 44.12, '60-69': 55.22, '70-79': 35.95, '80-89': 43.92, '90-99': 57.99, '100-109': 44.26, '110-119': 50.67, '120-129': 47.08, '130-139': 51.39, '140-149': 44.77, '150-159': 45.86, '160-169': 44.98, '170-179': 43.0, '180-189': 43.9, '190-199': 33.52, 'old': 49.49, 'new': 33.52}
2024-08-25 11:37:59,623 [trainer.py] => CNN top1 curve: [91.27, 82.11, 76.26, 72.35, 69.39, 66.45, 64.32, 61.0, 59.14, 59.02, 57.31, 56.64, 55.69, 54.48, 53.15, 52.24, 51.7, 50.95, 49.98, 48.61]
2024-08-25 11:37:59,623 [trainer.py] => CNN top5 curve: [99.06, 95.21, 93.22, 91.85, 90.04, 87.79, 85.93, 83.53, 82.2, 81.28, 79.8, 79.15, 77.83, 76.89, 75.67, 74.61, 73.74, 72.85, 72.33, 71.03]

2024-08-25 11:37:59,623 [trainer.py] => Average Accuracy (CNN): 61.60299999999999
