2024-08-24 16:53:07,744 [trainer.py] => config: exps/simplecil/objectnet_10_10_vit-b_simplecil.json
2024-08-24 16:53:07,744 [trainer.py] => prefix: exp
2024-08-24 16:53:07,744 [trainer.py] => dataset: objectnet
2024-08-24 16:53:07,744 [trainer.py] => memory_size: 2000
2024-08-24 16:53:07,744 [trainer.py] => memory_per_class: 20
2024-08-24 16:53:07,744 [trainer.py] => fixed_memory: False
2024-08-24 16:53:07,744 [trainer.py] => shuffle: True
2024-08-24 16:53:07,744 [trainer.py] => init_cls: 10
2024-08-24 16:53:07,744 [trainer.py] => increment: 10
2024-08-24 16:53:07,744 [trainer.py] => model_name: simplecil
2024-08-24 16:53:07,744 [trainer.py] => convnet_type: pretrained_vit_b16_224_in21k
2024-08-24 16:53:07,744 [trainer.py] => weight_decay: 0.0005
2024-08-24 16:53:07,744 [trainer.py] => prompt_token_num: 30
2024-08-24 16:53:07,744 [trainer.py] => ffn_num: 64
2024-08-24 16:53:07,744 [trainer.py] => optimizer: sgd
2024-08-24 16:53:07,744 [trainer.py] => min_lr: 0
2024-08-24 16:53:07,744 [trainer.py] => device: [device(type='cuda', index=0)]
2024-08-24 16:53:07,744 [trainer.py] => seed: 1993
2024-08-24 16:53:07,745 [trainer.py] => tuned_epoch: 20
2024-08-24 16:53:07,745 [trainer.py] => init_lr: 0.01
2024-08-24 16:53:07,745 [trainer.py] => batch_size: 48
2024-08-24 16:53:07,860 [data_manager.py] => [168, 136, 51, 9, 183, 101, 171, 99, 42, 159, 191, 70, 16, 188, 27, 10, 175, 26, 68, 187, 98, 6, 85, 35, 112, 43, 100, 0, 103, 181, 88, 59, 4, 2, 116, 174, 94, 80, 106, 1, 147, 17, 141, 131, 72, 23, 173, 54, 197, 118, 87, 32, 79, 104, 91, 19, 135, 107, 178, 36, 11, 199, 142, 8, 122, 3, 28, 57, 153, 172, 190, 56, 49, 44, 97, 62, 151, 169, 194, 55, 192, 12, 189, 78, 66, 180, 15, 137, 109, 134, 92, 119, 126, 52, 170, 40, 148, 65, 144, 64, 138, 45, 77, 89, 154, 90, 71, 193, 74, 30, 113, 143, 96, 84, 67, 50, 186, 156, 69, 21, 18, 111, 108, 58, 125, 157, 150, 110, 182, 129, 166, 83, 81, 60, 13, 165, 14, 176, 63, 117, 5, 22, 145, 121, 38, 41, 82, 127, 114, 20, 31, 53, 37, 163, 196, 130, 152, 162, 86, 76, 24, 34, 184, 149, 33, 128, 198, 155, 146, 167, 139, 120, 140, 102, 47, 25, 158, 123, 46, 164, 61, 7, 115, 75, 133, 160, 105, 132, 179, 124, 48, 73, 93, 39, 95, 195, 29, 177, 185, 161]
2024-08-24 16:53:10,447 [trainer.py] => All params: 85798656
2024-08-24 16:53:10,448 [trainer.py] => Trainable params: 85798656
2024-08-24 16:53:13,995 [simplecil.py] => Learning on 0-10
2024-08-24 16:55:06,772 [trainer.py] => No NME accuracy.
2024-08-24 16:55:06,772 [trainer.py] => CNN: {'total': 84.2, '00-09': 84.2, 'old': 0, 'new': 84.2}
2024-08-24 16:55:06,772 [trainer.py] => CNN top1 curve: [84.2]
2024-08-24 16:55:06,772 [trainer.py] => CNN top5 curve: [97.88]

2024-08-24 16:55:06,772 [trainer.py] => Average Accuracy (CNN): 84.2
2024-08-24 16:55:06,773 [trainer.py] => All params: 85806337
2024-08-24 16:55:06,774 [trainer.py] => Trainable params: 85806337
2024-08-24 16:55:06,775 [simplecil.py] => Learning on 10-20
2024-08-24 16:56:37,984 [trainer.py] => No NME accuracy.
2024-08-24 16:56:37,984 [trainer.py] => CNN: {'total': 80.0, '00-09': 76.89, '10-19': 84.62, 'old': 76.89, 'new': 84.62}
2024-08-24 16:56:37,984 [trainer.py] => CNN top1 curve: [84.2, 80.0]
2024-08-24 16:56:37,984 [trainer.py] => CNN top5 curve: [97.88, 95.07]

2024-08-24 16:56:37,984 [trainer.py] => Average Accuracy (CNN): 82.1
2024-08-24 16:56:37,985 [trainer.py] => All params: 85814017
2024-08-24 16:56:37,986 [trainer.py] => Trainable params: 85814017
2024-08-24 16:56:37,992 [simplecil.py] => Learning on 20-30
2024-08-24 16:58:58,861 [trainer.py] => No NME accuracy.
2024-08-24 16:58:58,861 [trainer.py] => CNN: {'total': 78.0, '00-09': 74.53, '10-19': 83.92, '20-29': 77.33, 'old': 78.31, 'new': 77.33}
2024-08-24 16:58:58,861 [trainer.py] => CNN top1 curve: [84.2, 80.0, 78.0]
2024-08-24 16:58:58,861 [trainer.py] => CNN top5 curve: [97.88, 95.07, 93.41]

2024-08-24 16:58:58,862 [trainer.py] => Average Accuracy (CNN): 80.73333333333333
2024-08-24 16:58:58,862 [trainer.py] => All params: 85821697
2024-08-24 16:58:58,863 [trainer.py] => Trainable params: 85821697
2024-08-24 16:58:58,868 [simplecil.py] => Learning on 30-40
2024-08-24 17:00:48,312 [trainer.py] => No NME accuracy.
2024-08-24 17:00:48,312 [trainer.py] => CNN: {'total': 76.2, '00-09': 71.46, '10-19': 82.17, '20-29': 75.47, '30-39': 77.92, 'old': 75.68, 'new': 77.92}
2024-08-24 17:00:48,312 [trainer.py] => CNN top1 curve: [84.2, 80.0, 78.0, 76.2]
2024-08-24 17:00:48,312 [trainer.py] => CNN top5 curve: [97.88, 95.07, 93.41, 92.14]

2024-08-24 17:00:48,312 [trainer.py] => Average Accuracy (CNN): 79.6
2024-08-24 17:00:48,313 [trainer.py] => All params: 85829377
2024-08-24 17:00:48,314 [trainer.py] => Trainable params: 85829377
2024-08-24 17:00:48,326 [simplecil.py] => Learning on 40-50
2024-08-24 17:02:26,686 [trainer.py] => No NME accuracy.
2024-08-24 17:02:26,686 [trainer.py] => CNN: {'total': 73.51, '00-09': 69.34, '10-19': 79.72, '20-29': 73.29, '30-39': 75.39, '40-49': 71.87, 'old': 73.91, 'new': 71.87}
2024-08-24 17:02:26,686 [trainer.py] => CNN top1 curve: [84.2, 80.0, 78.0, 76.2, 73.51]
2024-08-24 17:02:26,686 [trainer.py] => CNN top5 curve: [97.88, 95.07, 93.41, 92.14, 90.69]

2024-08-24 17:02:26,686 [trainer.py] => Average Accuracy (CNN): 78.38199999999999
2024-08-24 17:02:26,687 [trainer.py] => All params: 85837057
2024-08-24 17:02:26,688 [trainer.py] => Trainable params: 85837057
2024-08-24 17:02:26,704 [simplecil.py] => Learning on 50-60
2024-08-24 17:04:04,971 [trainer.py] => No NME accuracy.
2024-08-24 17:04:04,971 [trainer.py] => CNN: {'total': 71.7, '00-09': 67.22, '10-19': 77.97, '20-29': 70.81, '30-39': 74.76, '40-49': 69.11, '50-59': 72.55, 'old': 71.54, 'new': 72.55}
2024-08-24 17:04:04,971 [trainer.py] => CNN top1 curve: [84.2, 80.0, 78.0, 76.2, 73.51, 71.7]
2024-08-24 17:04:04,971 [trainer.py] => CNN top5 curve: [97.88, 95.07, 93.41, 92.14, 90.69, 89.51]

2024-08-24 17:04:04,971 [trainer.py] => Average Accuracy (CNN): 77.26833333333333
2024-08-24 17:04:04,972 [trainer.py] => All params: 85844737
2024-08-24 17:04:04,972 [trainer.py] => Trainable params: 85844737
2024-08-24 17:04:04,980 [simplecil.py] => Learning on 60-70
2024-08-24 17:05:58,927 [trainer.py] => No NME accuracy.
2024-08-24 17:05:58,927 [trainer.py] => CNN: {'total': 69.74, '00-09': 66.27, '10-19': 74.83, '20-29': 70.5, '30-39': 70.35, '40-49': 67.89, '50-59': 70.92, '60-69': 69.23, 'old': 69.83, 'new': 69.23}
2024-08-24 17:05:58,927 [trainer.py] => CNN top1 curve: [84.2, 80.0, 78.0, 76.2, 73.51, 71.7, 69.74]
2024-08-24 17:05:58,927 [trainer.py] => CNN top5 curve: [97.88, 95.07, 93.41, 92.14, 90.69, 89.51, 88.06]

2024-08-24 17:05:58,927 [trainer.py] => Average Accuracy (CNN): 76.19285714285714
2024-08-24 17:05:58,928 [trainer.py] => All params: 85852417
2024-08-24 17:05:58,929 [trainer.py] => Trainable params: 85852417
2024-08-24 17:05:58,939 [simplecil.py] => Learning on 70-80
2024-08-24 17:08:08,568 [trainer.py] => No NME accuracy.
2024-08-24 17:08:08,568 [trainer.py] => CNN: {'total': 66.34, '00-09': 64.39, '10-19': 69.93, '20-29': 69.25, '30-39': 69.4, '40-49': 66.06, '50-59': 68.3, '60-69': 64.56, '70-79': 60.42, 'old': 67.18, 'new': 60.42}
2024-08-24 17:08:08,568 [trainer.py] => CNN top1 curve: [84.2, 80.0, 78.0, 76.2, 73.51, 71.7, 69.74, 66.34]
2024-08-24 17:08:08,568 [trainer.py] => CNN top5 curve: [97.88, 95.07, 93.41, 92.14, 90.69, 89.51, 88.06, 86.51]

2024-08-24 17:08:08,568 [trainer.py] => Average Accuracy (CNN): 74.96124999999999
2024-08-24 17:08:08,569 [trainer.py] => All params: 85860097
2024-08-24 17:08:08,570 [trainer.py] => Trainable params: 85860097
2024-08-24 17:08:08,579 [simplecil.py] => Learning on 80-90
2024-08-24 17:10:19,219 [trainer.py] => No NME accuracy.
2024-08-24 17:10:19,219 [trainer.py] => CNN: {'total': 64.63, '00-09': 61.79, '10-19': 69.23, '20-29': 68.32, '30-39': 68.77, '40-49': 65.14, '50-59': 67.32, '60-69': 63.19, '70-79': 57.4, '80-89': 61.96, 'old': 64.89, 'new': 61.96}
2024-08-24 17:10:19,219 [trainer.py] => CNN top1 curve: [84.2, 80.0, 78.0, 76.2, 73.51, 71.7, 69.74, 66.34, 64.63]
2024-08-24 17:10:19,219 [trainer.py] => CNN top5 curve: [97.88, 95.07, 93.41, 92.14, 90.69, 89.51, 88.06, 86.51, 85.44]

2024-08-24 17:10:19,219 [trainer.py] => Average Accuracy (CNN): 73.81333333333333
2024-08-24 17:10:19,220 [trainer.py] => All params: 85867777
2024-08-24 17:10:19,221 [trainer.py] => Trainable params: 85867777
2024-08-24 17:10:19,232 [simplecil.py] => Learning on 90-100
2024-08-24 17:14:36,930 [trainer.py] => No NME accuracy.
2024-08-24 17:14:36,931 [trainer.py] => CNN: {'total': 64.37, '00-09': 60.85, '10-19': 67.83, '20-29': 68.01, '30-39': 67.51, '40-49': 65.14, '50-59': 66.67, '60-69': 62.91, '70-79': 56.19, '80-89': 61.18, '90-99': 68.64, 'old': 63.88, 'new': 68.64}
2024-08-24 17:14:36,931 [trainer.py] => CNN top1 curve: [84.2, 80.0, 78.0, 76.2, 73.51, 71.7, 69.74, 66.34, 64.63, 64.37]
2024-08-24 17:14:36,931 [trainer.py] => CNN top5 curve: [97.88, 95.07, 93.41, 92.14, 90.69, 89.51, 88.06, 86.51, 85.44, 84.89]

2024-08-24 17:14:36,931 [trainer.py] => Average Accuracy (CNN): 72.869
2024-08-24 17:14:36,932 [trainer.py] => All params: 85875457
2024-08-24 17:14:36,932 [trainer.py] => Trainable params: 85875457
2024-08-24 17:14:36,946 [simplecil.py] => Learning on 100-110
2024-08-24 17:17:52,822 [trainer.py] => No NME accuracy.
2024-08-24 17:17:52,822 [trainer.py] => CNN: {'total': 63.08, '00-09': 58.73, '10-19': 66.08, '20-29': 67.39, '30-39': 66.56, '40-49': 64.53, '50-59': 65.03, '60-69': 61.81, '70-79': 54.38, '80-89': 59.61, '90-99': 68.34, '100-109': 62.62, 'old': 63.12, 'new': 62.62}
2024-08-24 17:17:52,822 [trainer.py] => CNN top1 curve: [84.2, 80.0, 78.0, 76.2, 73.51, 71.7, 69.74, 66.34, 64.63, 64.37, 63.08]
2024-08-24 17:17:52,822 [trainer.py] => CNN top5 curve: [97.88, 95.07, 93.41, 92.14, 90.69, 89.51, 88.06, 86.51, 85.44, 84.89, 83.41]

2024-08-24 17:17:52,822 [trainer.py] => Average Accuracy (CNN): 71.97909090909091
2024-08-24 17:17:52,823 [trainer.py] => All params: 85883137
2024-08-24 17:17:52,823 [trainer.py] => Trainable params: 85883137
2024-08-24 17:17:52,834 [simplecil.py] => Learning on 110-120
2024-08-24 17:21:49,251 [trainer.py] => No NME accuracy.
2024-08-24 17:21:49,251 [trainer.py] => CNN: {'total': 61.73, '00-09': 57.78, '10-19': 64.69, '20-29': 67.08, '30-39': 66.25, '40-49': 63.3, '50-59': 63.4, '60-69': 61.26, '70-79': 53.78, '80-89': 58.43, '90-99': 67.46, '100-109': 60.33, '110-119': 58.45, 'old': 62.07, 'new': 58.45}
2024-08-24 17:21:49,251 [trainer.py] => CNN top1 curve: [84.2, 80.0, 78.0, 76.2, 73.51, 71.7, 69.74, 66.34, 64.63, 64.37, 63.08, 61.73]
2024-08-24 17:21:49,252 [trainer.py] => CNN top5 curve: [97.88, 95.07, 93.41, 92.14, 90.69, 89.51, 88.06, 86.51, 85.44, 84.89, 83.41, 82.19]

2024-08-24 17:21:49,252 [trainer.py] => Average Accuracy (CNN): 71.125
2024-08-24 17:21:49,252 [trainer.py] => All params: 85890817
2024-08-24 17:21:49,253 [trainer.py] => Trainable params: 85890817
2024-08-24 17:21:49,271 [simplecil.py] => Learning on 120-130
2024-08-24 17:26:06,090 [trainer.py] => No NME accuracy.
2024-08-24 17:26:06,091 [trainer.py] => CNN: {'total': 60.51, '00-09': 56.6, '10-19': 62.94, '20-29': 65.84, '30-39': 65.93, '40-49': 63.0, '50-59': 62.75, '60-69': 59.89, '70-79': 51.96, '80-89': 58.43, '90-99': 66.57, '100-109': 59.34, '110-119': 58.18, '120-129': 57.02, 'old': 60.82, 'new': 57.02}
2024-08-24 17:26:06,091 [trainer.py] => CNN top1 curve: [84.2, 80.0, 78.0, 76.2, 73.51, 71.7, 69.74, 66.34, 64.63, 64.37, 63.08, 61.73, 60.51]
2024-08-24 17:26:06,091 [trainer.py] => CNN top5 curve: [97.88, 95.07, 93.41, 92.14, 90.69, 89.51, 88.06, 86.51, 85.44, 84.89, 83.41, 82.19, 81.28]

2024-08-24 17:26:06,091 [trainer.py] => Average Accuracy (CNN): 70.30846153846154
2024-08-24 17:26:06,092 [trainer.py] => All params: 85898497
2024-08-24 17:26:06,092 [trainer.py] => Trainable params: 85898497
2024-08-24 17:26:06,103 [simplecil.py] => Learning on 130-140
2024-08-24 17:30:09,259 [trainer.py] => No NME accuracy.
2024-08-24 17:30:09,259 [trainer.py] => CNN: {'total': 59.27, '00-09': 55.42, '10-19': 60.14, '20-29': 65.22, '30-39': 64.98, '40-49': 62.08, '50-59': 62.09, '60-69': 59.89, '70-79': 49.24, '80-89': 56.86, '90-99': 66.27, '100-109': 59.02, '110-119': 55.76, '120-129': 56.14, '130-139': 58.2, 'old': 59.35, 'new': 58.2}
2024-08-24 17:30:09,259 [trainer.py] => CNN top1 curve: [84.2, 80.0, 78.0, 76.2, 73.51, 71.7, 69.74, 66.34, 64.63, 64.37, 63.08, 61.73, 60.51, 59.27]
2024-08-24 17:30:09,259 [trainer.py] => CNN top5 curve: [97.88, 95.07, 93.41, 92.14, 90.69, 89.51, 88.06, 86.51, 85.44, 84.89, 83.41, 82.19, 81.28, 80.66]

2024-08-24 17:30:09,259 [trainer.py] => Average Accuracy (CNN): 69.52
2024-08-24 17:30:09,260 [trainer.py] => All params: 85906177
2024-08-24 17:30:09,261 [trainer.py] => Trainable params: 85906177
2024-08-24 17:30:09,275 [simplecil.py] => Learning on 140-150
2024-08-24 17:34:22,297 [trainer.py] => No NME accuracy.
2024-08-24 17:34:22,297 [trainer.py] => CNN: {'total': 58.1, '00-09': 55.19, '10-19': 58.74, '20-29': 65.22, '30-39': 64.04, '40-49': 61.47, '50-59': 61.76, '60-69': 58.79, '70-79': 47.13, '80-89': 56.47, '90-99': 65.98, '100-109': 59.02, '110-119': 55.5, '120-129': 56.14, '130-139': 56.66, '140-149': 51.74, 'old': 58.62, 'new': 51.74}
2024-08-24 17:34:22,297 [trainer.py] => CNN top1 curve: [84.2, 80.0, 78.0, 76.2, 73.51, 71.7, 69.74, 66.34, 64.63, 64.37, 63.08, 61.73, 60.51, 59.27, 58.1]
2024-08-24 17:34:22,297 [trainer.py] => CNN top5 curve: [97.88, 95.07, 93.41, 92.14, 90.69, 89.51, 88.06, 86.51, 85.44, 84.89, 83.41, 82.19, 81.28, 80.66, 79.38]

2024-08-24 17:34:22,297 [trainer.py] => Average Accuracy (CNN): 68.75866666666666
2024-08-24 17:34:22,298 [trainer.py] => All params: 85913857
2024-08-24 17:34:22,299 [trainer.py] => Trainable params: 85913857
2024-08-24 17:34:22,310 [simplecil.py] => Learning on 150-160
2024-08-24 17:38:28,908 [trainer.py] => No NME accuracy.
2024-08-24 17:38:28,909 [trainer.py] => CNN: {'total': 57.27, '00-09': 54.95, '10-19': 58.39, '20-29': 64.6, '30-39': 63.72, '40-49': 61.47, '50-59': 60.78, '60-69': 58.52, '70-79': 45.62, '80-89': 55.69, '90-99': 65.09, '100-109': 58.69, '110-119': 54.42, '120-129': 55.56, '130-139': 56.35, '140-149': 51.47, '150-159': 53.59, 'old': 57.54, 'new': 53.59}
2024-08-24 17:38:28,909 [trainer.py] => CNN top1 curve: [84.2, 80.0, 78.0, 76.2, 73.51, 71.7, 69.74, 66.34, 64.63, 64.37, 63.08, 61.73, 60.51, 59.27, 58.1, 57.27]
2024-08-24 17:38:28,909 [trainer.py] => CNN top5 curve: [97.88, 95.07, 93.41, 92.14, 90.69, 89.51, 88.06, 86.51, 85.44, 84.89, 83.41, 82.19, 81.28, 80.66, 79.38, 78.61]

2024-08-24 17:38:28,909 [trainer.py] => Average Accuracy (CNN): 68.04062499999999
2024-08-24 17:38:28,910 [trainer.py] => All params: 85921537
2024-08-24 17:38:28,911 [trainer.py] => Trainable params: 85921537
2024-08-24 17:38:28,914 [simplecil.py] => Learning on 160-170
2024-08-24 17:42:08,503 [trainer.py] => No NME accuracy.
2024-08-24 17:42:08,503 [trainer.py] => CNN: {'total': 56.42, '00-09': 54.01, '10-19': 58.39, '20-29': 63.98, '30-39': 63.41, '40-49': 60.86, '50-59': 60.13, '60-69': 58.52, '70-79': 45.32, '80-89': 55.29, '90-99': 63.91, '100-109': 57.38, '110-119': 53.89, '120-129': 54.68, '130-139': 56.35, '140-149': 50.4, '150-159': 53.31, '160-169': 51.98, 'old': 56.69, 'new': 51.98}
2024-08-24 17:42:08,503 [trainer.py] => CNN top1 curve: [84.2, 80.0, 78.0, 76.2, 73.51, 71.7, 69.74, 66.34, 64.63, 64.37, 63.08, 61.73, 60.51, 59.27, 58.1, 57.27, 56.42]
2024-08-24 17:42:08,504 [trainer.py] => CNN top5 curve: [97.88, 95.07, 93.41, 92.14, 90.69, 89.51, 88.06, 86.51, 85.44, 84.89, 83.41, 82.19, 81.28, 80.66, 79.38, 78.61, 77.77]

2024-08-24 17:42:08,504 [trainer.py] => Average Accuracy (CNN): 67.35705882352941
2024-08-24 17:42:08,504 [trainer.py] => All params: 85929217
2024-08-24 17:42:08,505 [trainer.py] => Trainable params: 85929217
2024-08-24 17:42:08,519 [simplecil.py] => Learning on 170-180
2024-08-24 17:46:24,179 [trainer.py] => No NME accuracy.
2024-08-24 17:46:24,179 [trainer.py] => CNN: {'total': 55.25, '00-09': 54.01, '10-19': 58.39, '20-29': 63.35, '30-39': 63.09, '40-49': 60.86, '50-59': 57.84, '60-69': 58.24, '70-79': 45.32, '80-89': 54.51, '90-99': 63.31, '100-109': 57.38, '110-119': 53.62, '120-129': 53.51, '130-139': 56.35, '140-149': 49.87, '150-159': 53.04, '160-169': 50.76, '170-179': 42.0, 'old': 55.95, 'new': 42.0}
2024-08-24 17:46:24,179 [trainer.py] => CNN top1 curve: [84.2, 80.0, 78.0, 76.2, 73.51, 71.7, 69.74, 66.34, 64.63, 64.37, 63.08, 61.73, 60.51, 59.27, 58.1, 57.27, 56.42, 55.25]
2024-08-24 17:46:24,179 [trainer.py] => CNN top5 curve: [97.88, 95.07, 93.41, 92.14, 90.69, 89.51, 88.06, 86.51, 85.44, 84.89, 83.41, 82.19, 81.28, 80.66, 79.38, 78.61, 77.77, 76.94]

2024-08-24 17:46:24,179 [trainer.py] => Average Accuracy (CNN): 66.68444444444444
2024-08-24 17:46:24,180 [trainer.py] => All params: 85936897
2024-08-24 17:46:24,181 [trainer.py] => Trainable params: 85936897
2024-08-24 17:46:24,187 [simplecil.py] => Learning on 180-190
2024-08-24 17:51:12,512 [trainer.py] => No NME accuracy.
2024-08-24 17:51:12,512 [trainer.py] => CNN: {'total': 54.95, '00-09': 53.54, '10-19': 58.39, '20-29': 63.04, '30-39': 62.78, '40-49': 60.86, '50-59': 57.52, '60-69': 57.97, '70-79': 44.71, '80-89': 54.12, '90-99': 63.02, '100-109': 56.72, '110-119': 51.74, '120-129': 52.92, '130-139': 55.73, '140-149': 49.06, '150-159': 51.66, '160-169': 50.46, '170-179': 41.67, '180-189': 60.28, 'old': 54.69, 'new': 60.28}
2024-08-24 17:51:12,512 [trainer.py] => CNN top1 curve: [84.2, 80.0, 78.0, 76.2, 73.51, 71.7, 69.74, 66.34, 64.63, 64.37, 63.08, 61.73, 60.51, 59.27, 58.1, 57.27, 56.42, 55.25, 54.95]
2024-08-24 17:51:12,512 [trainer.py] => CNN top5 curve: [97.88, 95.07, 93.41, 92.14, 90.69, 89.51, 88.06, 86.51, 85.44, 84.89, 83.41, 82.19, 81.28, 80.66, 79.38, 78.61, 77.77, 76.94, 76.45]

2024-08-24 17:51:12,512 [trainer.py] => Average Accuracy (CNN): 66.06684210526316
2024-08-24 17:51:12,513 [trainer.py] => All params: 85944577
2024-08-24 17:51:12,514 [trainer.py] => Trainable params: 85944577
2024-08-24 17:51:12,516 [simplecil.py] => Learning on 190-200
2024-08-24 17:55:56,653 [trainer.py] => No NME accuracy.
2024-08-24 17:55:56,653 [trainer.py] => CNN: {'total': 53.58, '00-09': 53.3, '10-19': 58.39, '20-29': 61.8, '30-39': 62.46, '40-49': 60.55, '50-59': 56.21, '60-69': 57.69, '70-79': 44.11, '80-89': 53.73, '90-99': 62.13, '100-109': 56.39, '110-119': 51.21, '120-129': 52.63, '130-139': 55.73, '140-149': 49.06, '150-159': 50.28, '160-169': 48.33, '170-179': 40.0, '180-189': 59.23, '190-199': 41.48, 'old': 54.28, 'new': 41.48}
2024-08-24 17:55:56,653 [trainer.py] => CNN top1 curve: [84.2, 80.0, 78.0, 76.2, 73.51, 71.7, 69.74, 66.34, 64.63, 64.37, 63.08, 61.73, 60.51, 59.27, 58.1, 57.27, 56.42, 55.25, 54.95, 53.58]
2024-08-24 17:55:56,653 [trainer.py] => CNN top5 curve: [97.88, 95.07, 93.41, 92.14, 90.69, 89.51, 88.06, 86.51, 85.44, 84.89, 83.41, 82.19, 81.28, 80.66, 79.38, 78.61, 77.77, 76.94, 76.45, 75.47]

2024-08-24 17:55:56,653 [trainer.py] => Average Accuracy (CNN): 65.4425
