2024-08-24 17:53:53,339 [trainer.py] => config: exps/aper_vpt-shallow/imageneta_10_10_vit-b_vpt-shallow.json
2024-08-24 17:53:53,339 [trainer.py] => prefix: exp_vpt-shallow
2024-08-24 17:53:53,339 [trainer.py] => dataset: imageneta
2024-08-24 17:53:53,340 [trainer.py] => memory_size: 2000
2024-08-24 17:53:53,340 [trainer.py] => memory_per_class: 20
2024-08-24 17:53:53,340 [trainer.py] => fixed_memory: False
2024-08-24 17:53:53,340 [trainer.py] => shuffle: True
2024-08-24 17:53:53,340 [trainer.py] => init_cls: 10
2024-08-24 17:53:53,340 [trainer.py] => increment: 10
2024-08-24 17:53:53,340 [trainer.py] => model_name: aper_vpt
2024-08-24 17:53:53,340 [trainer.py] => convnet_type: pretrained_vit_b16_224_in21k_vpt
2024-08-24 17:53:53,340 [trainer.py] => weight_decay: 0.0005
2024-08-24 17:53:53,340 [trainer.py] => vpt_type: shallow
2024-08-24 17:53:53,340 [trainer.py] => prompt_token_num: 5
2024-08-24 17:53:53,340 [trainer.py] => ffn_num: 64
2024-08-24 17:53:53,340 [trainer.py] => optimizer: sgd
2024-08-24 17:53:53,340 [trainer.py] => min_lr: 0
2024-08-24 17:53:53,340 [trainer.py] => device: [device(type='cuda', index=0)]
2024-08-24 17:53:53,340 [trainer.py] => seed: 1993
2024-08-24 17:53:53,340 [trainer.py] => tuned_epoch: 20
2024-08-24 17:53:53,340 [trainer.py] => init_lr: 0.01
2024-08-24 17:53:53,340 [trainer.py] => batch_size: 48
2024-08-24 17:53:53,375 [data_manager.py] => [168, 136, 51, 9, 183, 101, 171, 99, 42, 159, 191, 70, 16, 188, 27, 10, 175, 26, 68, 187, 98, 6, 85, 35, 112, 43, 100, 0, 103, 181, 88, 59, 4, 2, 116, 174, 94, 80, 106, 1, 147, 17, 141, 131, 72, 23, 173, 54, 197, 118, 87, 32, 79, 104, 91, 19, 135, 107, 178, 36, 11, 199, 142, 8, 122, 3, 28, 57, 153, 172, 190, 56, 49, 44, 97, 62, 151, 169, 194, 55, 192, 12, 189, 78, 66, 180, 15, 137, 109, 134, 92, 119, 126, 52, 170, 40, 148, 65, 144, 64, 138, 45, 77, 89, 154, 90, 71, 193, 74, 30, 113, 143, 96, 84, 67, 50, 186, 156, 69, 21, 18, 111, 108, 58, 125, 157, 150, 110, 182, 129, 166, 83, 81, 60, 13, 165, 14, 176, 63, 117, 5, 22, 145, 121, 38, 41, 82, 127, 114, 20, 31, 53, 37, 163, 196, 130, 152, 162, 86, 76, 24, 34, 184, 149, 33, 128, 198, 155, 146, 167, 139, 120, 140, 102, 47, 25, 158, 123, 46, 164, 61, 7, 115, 75, 133, 160, 105, 132, 179, 124, 48, 73, 93, 39, 95, 195, 29, 177, 185, 161]
2024-08-24 17:53:57,903 [trainer.py] => All params: 85802496
2024-08-24 17:53:57,903 [trainer.py] => Trainable params: 3840
2024-08-24 17:54:01,998 [aper_vpt.py] => Learning on 0-10
2024-08-24 17:55:12,965 [aper_vpt.py] => Task 0, Epoch 20/20 => Loss 1.988, Train_accy 27.57, Test_accy 20.78
2024-08-24 17:55:23,191 [trainer.py] => No NME accuracy.
2024-08-24 17:55:23,191 [trainer.py] => CNN: {'total': 79.22, '00-09': 79.22, 'old': 0, 'new': 79.22}
2024-08-24 17:55:23,191 [trainer.py] => CNN top1 curve: [79.22]
2024-08-24 17:55:23,191 [trainer.py] => CNN top5 curve: [94.81]

2024-08-24 17:55:23,192 [trainer.py] => Average Accuracy (CNN): 79.22
2024-08-24 17:55:23,193 [trainer.py] => All params: 171616513
2024-08-24 17:55:23,194 [trainer.py] => Trainable params: 85817857
2024-08-24 17:55:23,199 [aper_vpt.py] => Learning on 10-20
2024-08-24 17:55:28,312 [trainer.py] => No NME accuracy.
2024-08-24 17:55:28,312 [trainer.py] => CNN: {'total': 75.43, '00-09': 74.03, '10-19': 76.53, 'old': 74.03, 'new': 76.53}
2024-08-24 17:55:28,313 [trainer.py] => CNN top1 curve: [79.22, 75.43]
2024-08-24 17:55:28,313 [trainer.py] => CNN top5 curve: [94.81, 94.86]

2024-08-24 17:55:28,313 [trainer.py] => Average Accuracy (CNN): 77.325
2024-08-24 17:55:28,314 [trainer.py] => All params: 171631873
2024-08-24 17:55:28,315 [trainer.py] => Trainable params: 85833217
2024-08-24 17:55:28,317 [aper_vpt.py] => Learning on 20-30
2024-08-24 17:55:33,451 [trainer.py] => No NME accuracy.
2024-08-24 17:55:33,451 [trainer.py] => CNN: {'total': 70.44, '00-09': 61.04, '10-19': 74.49, '20-29': 73.74, 'old': 68.57, 'new': 73.74}
2024-08-24 17:55:33,458 [trainer.py] => CNN top1 curve: [79.22, 75.43, 70.44]
2024-08-24 17:55:33,458 [trainer.py] => CNN top5 curve: [94.81, 94.86, 92.7]

2024-08-24 17:55:33,458 [trainer.py] => Average Accuracy (CNN): 75.03
2024-08-24 17:55:33,459 [trainer.py] => All params: 171647233
2024-08-24 17:55:33,460 [trainer.py] => Trainable params: 85848577
2024-08-24 17:55:33,462 [aper_vpt.py] => Learning on 30-40
2024-08-24 17:55:38,657 [trainer.py] => No NME accuracy.
2024-08-24 17:55:38,657 [trainer.py] => CNN: {'total': 66.94, '00-09': 55.84, '10-19': 70.41, '20-29': 73.74, '30-39': 65.12, 'old': 67.52, 'new': 65.12}
2024-08-24 17:55:38,672 [trainer.py] => CNN top1 curve: [79.22, 75.43, 70.44, 66.94]
2024-08-24 17:55:38,672 [trainer.py] => CNN top5 curve: [94.81, 94.86, 92.7, 91.39]

2024-08-24 17:55:38,672 [trainer.py] => Average Accuracy (CNN): 73.0075
2024-08-24 17:55:38,673 [trainer.py] => All params: 171662593
2024-08-24 17:55:38,675 [trainer.py] => Trainable params: 85863937
2024-08-24 17:55:38,676 [aper_vpt.py] => Learning on 40-50
2024-08-24 17:55:44,292 [trainer.py] => No NME accuracy.
2024-08-24 17:55:44,292 [trainer.py] => CNN: {'total': 65.33, '00-09': 55.84, '10-19': 69.39, '20-29': 69.7, '30-39': 60.47, '40-49': 70.31, 'old': 64.44, 'new': 70.31}
2024-08-24 17:55:44,292 [trainer.py] => CNN top1 curve: [79.22, 75.43, 70.44, 66.94, 65.33]
2024-08-24 17:55:44,292 [trainer.py] => CNN top5 curve: [94.81, 94.86, 92.7, 91.39, 90.8]

2024-08-24 17:55:44,292 [trainer.py] => Average Accuracy (CNN): 71.472
2024-08-24 17:55:44,294 [trainer.py] => All params: 171677953
2024-08-24 17:55:44,295 [trainer.py] => Trainable params: 85879297
2024-08-24 17:55:44,297 [aper_vpt.py] => Learning on 50-60
2024-08-24 17:55:49,852 [trainer.py] => No NME accuracy.
2024-08-24 17:55:49,852 [trainer.py] => CNN: {'total': 63.03, '00-09': 55.84, '10-19': 68.37, '20-29': 61.62, '30-39': 59.3, '40-49': 68.75, '50-59': 65.38, 'old': 62.74, 'new': 65.38}
2024-08-24 17:55:49,852 [trainer.py] => CNN top1 curve: [79.22, 75.43, 70.44, 66.94, 65.33, 63.03]
2024-08-24 17:55:49,852 [trainer.py] => CNN top5 curve: [94.81, 94.86, 92.7, 91.39, 90.8, 88.87]

2024-08-24 17:55:49,852 [trainer.py] => Average Accuracy (CNN): 70.065
2024-08-24 17:55:49,854 [trainer.py] => All params: 171693313
2024-08-24 17:55:49,855 [trainer.py] => Trainable params: 85894657
2024-08-24 17:55:49,857 [aper_vpt.py] => Learning on 60-70
2024-08-24 17:55:56,464 [trainer.py] => No NME accuracy.
2024-08-24 17:55:56,464 [trainer.py] => CNN: {'total': 61.79, '00-09': 54.55, '10-19': 66.33, '20-29': 61.62, '30-39': 55.81, '40-49': 64.06, '50-59': 65.38, '60-69': 64.29, 'old': 61.13, 'new': 64.29}
2024-08-24 17:55:56,464 [trainer.py] => CNN top1 curve: [79.22, 75.43, 70.44, 66.94, 65.33, 63.03, 61.79]
2024-08-24 17:55:56,464 [trainer.py] => CNN top5 curve: [94.81, 94.86, 92.7, 91.39, 90.8, 88.87, 86.54]

2024-08-24 17:55:56,464 [trainer.py] => Average Accuracy (CNN): 68.88285714285715
2024-08-24 17:55:56,466 [trainer.py] => All params: 171708673
2024-08-24 17:55:56,467 [trainer.py] => Trainable params: 85910017
2024-08-24 17:55:56,469 [aper_vpt.py] => Learning on 70-80
2024-08-24 17:56:02,868 [trainer.py] => No NME accuracy.
2024-08-24 17:56:02,869 [trainer.py] => CNN: {'total': 60.17, '00-09': 50.65, '10-19': 63.27, '20-29': 60.61, '30-39': 55.81, '40-49': 60.94, '50-59': 63.46, '60-69': 63.49, '70-79': 61.46, 'old': 59.97, 'new': 61.46}
2024-08-24 17:56:02,869 [trainer.py] => CNN top1 curve: [79.22, 75.43, 70.44, 66.94, 65.33, 63.03, 61.79, 60.17]
2024-08-24 17:56:02,869 [trainer.py] => CNN top5 curve: [94.81, 94.86, 92.7, 91.39, 90.8, 88.87, 86.54, 86.25]

2024-08-24 17:56:02,869 [trainer.py] => Average Accuracy (CNN): 67.79375
2024-08-24 17:56:02,870 [trainer.py] => All params: 171724033
2024-08-24 17:56:02,872 [trainer.py] => Trainable params: 85925377
2024-08-24 17:56:02,874 [aper_vpt.py] => Learning on 80-90
2024-08-24 17:56:10,050 [trainer.py] => No NME accuracy.
2024-08-24 17:56:10,050 [trainer.py] => CNN: {'total': 59.18, '00-09': 48.05, '10-19': 63.27, '20-29': 59.6, '30-39': 54.65, '40-49': 59.38, '50-59': 61.54, '60-69': 62.7, '70-79': 59.38, '80-89': 61.73, 'old': 58.88, 'new': 61.73}
2024-08-24 17:56:10,050 [trainer.py] => CNN top1 curve: [79.22, 75.43, 70.44, 66.94, 65.33, 63.03, 61.79, 60.17, 59.18]
2024-08-24 17:56:10,050 [trainer.py] => CNN top5 curve: [94.81, 94.86, 92.7, 91.39, 90.8, 88.87, 86.54, 86.25, 83.83]

2024-08-24 17:56:10,050 [trainer.py] => Average Accuracy (CNN): 66.83666666666666
2024-08-24 17:56:10,052 [trainer.py] => All params: 171739393
2024-08-24 17:56:10,053 [trainer.py] => Trainable params: 85940737
2024-08-24 17:56:10,055 [aper_vpt.py] => Learning on 90-100
2024-08-24 17:56:16,377 [trainer.py] => No NME accuracy.
2024-08-24 17:56:16,377 [trainer.py] => CNN: {'total': 56.36, '00-09': 44.16, '10-19': 61.22, '20-29': 57.58, '30-39': 54.65, '40-49': 59.38, '50-59': 59.62, '60-69': 61.11, '70-79': 53.12, '80-89': 59.26, '90-99': 50.0, 'old': 56.87, 'new': 50.0}
2024-08-24 17:56:16,377 [trainer.py] => CNN top1 curve: [79.22, 75.43, 70.44, 66.94, 65.33, 63.03, 61.79, 60.17, 59.18, 56.36]
2024-08-24 17:56:16,377 [trainer.py] => CNN top5 curve: [94.81, 94.86, 92.7, 91.39, 90.8, 88.87, 86.54, 86.25, 83.83, 82.28]

2024-08-24 17:56:16,377 [trainer.py] => Average Accuracy (CNN): 65.789
2024-08-24 17:56:16,379 [trainer.py] => All params: 171754753
2024-08-24 17:56:16,380 [trainer.py] => Trainable params: 85956097
2024-08-24 17:56:16,386 [aper_vpt.py] => Learning on 100-110
2024-08-24 17:56:23,428 [trainer.py] => No NME accuracy.
2024-08-24 17:56:23,428 [trainer.py] => CNN: {'total': 55.16, '00-09': 41.56, '10-19': 60.2, '20-29': 55.56, '30-39': 53.49, '40-49': 59.38, '50-59': 57.69, '60-69': 57.94, '70-79': 52.08, '80-89': 58.02, '90-99': 50.0, '100-109': 60.0, 'old': 54.82, 'new': 60.0}
2024-08-24 17:56:23,428 [trainer.py] => CNN top1 curve: [79.22, 75.43, 70.44, 66.94, 65.33, 63.03, 61.79, 60.17, 59.18, 56.36, 55.16]
2024-08-24 17:56:23,428 [trainer.py] => CNN top5 curve: [94.81, 94.86, 92.7, 91.39, 90.8, 88.87, 86.54, 86.25, 83.83, 82.28, 81.47]

2024-08-24 17:56:23,428 [trainer.py] => Average Accuracy (CNN): 64.82272727272726
2024-08-24 17:56:23,430 [trainer.py] => All params: 171770113
2024-08-24 17:56:23,431 [trainer.py] => Trainable params: 85971457
2024-08-24 17:56:23,437 [aper_vpt.py] => Learning on 110-120
2024-08-24 17:56:30,568 [trainer.py] => No NME accuracy.
2024-08-24 17:56:30,568 [trainer.py] => CNN: {'total': 54.26, '00-09': 40.26, '10-19': 60.2, '20-29': 53.54, '30-39': 51.16, '40-49': 57.81, '50-59': 57.69, '60-69': 57.14, '70-79': 51.04, '80-89': 56.79, '90-99': 45.16, '100-109': 60.0, '110-119': 59.46, 'old': 53.83, 'new': 59.46}
2024-08-24 17:56:30,568 [trainer.py] => CNN top1 curve: [79.22, 75.43, 70.44, 66.94, 65.33, 63.03, 61.79, 60.17, 59.18, 56.36, 55.16, 54.26]
2024-08-24 17:56:30,569 [trainer.py] => CNN top5 curve: [94.81, 94.86, 92.7, 91.39, 90.8, 88.87, 86.54, 86.25, 83.83, 82.28, 81.47, 80.41]

2024-08-24 17:56:30,569 [trainer.py] => Average Accuracy (CNN): 63.942499999999995
2024-08-24 17:56:30,570 [trainer.py] => All params: 171785473
2024-08-24 17:56:30,571 [trainer.py] => Trainable params: 85986817
2024-08-24 17:56:30,577 [aper_vpt.py] => Learning on 120-130
2024-08-24 17:56:39,171 [trainer.py] => No NME accuracy.
2024-08-24 17:56:39,172 [trainer.py] => CNN: {'total': 52.95, '00-09': 40.26, '10-19': 57.14, '20-29': 53.54, '30-39': 51.16, '40-49': 56.25, '50-59': 53.85, '60-69': 56.35, '70-79': 50.0, '80-89': 56.79, '90-99': 45.16, '100-109': 58.33, '110-119': 59.46, '120-129': 46.67, 'old': 53.33, 'new': 46.67}
2024-08-24 17:56:39,172 [trainer.py] => CNN top1 curve: [79.22, 75.43, 70.44, 66.94, 65.33, 63.03, 61.79, 60.17, 59.18, 56.36, 55.16, 54.26, 52.95]
2024-08-24 17:56:39,172 [trainer.py] => CNN top5 curve: [94.81, 94.86, 92.7, 91.39, 90.8, 88.87, 86.54, 86.25, 83.83, 82.28, 81.47, 80.41, 79.61]

2024-08-24 17:56:39,172 [trainer.py] => Average Accuracy (CNN): 63.096923076923076
2024-08-24 17:56:39,173 [trainer.py] => All params: 171800833
2024-08-24 17:56:39,174 [trainer.py] => Trainable params: 86002177
2024-08-24 17:56:39,181 [aper_vpt.py] => Learning on 130-140
2024-08-24 17:56:48,754 [trainer.py] => No NME accuracy.
2024-08-24 17:56:48,754 [trainer.py] => CNN: {'total': 52.36, '00-09': 40.26, '10-19': 57.14, '20-29': 52.53, '30-39': 51.16, '40-49': 54.69, '50-59': 53.85, '60-69': 53.97, '70-79': 48.96, '80-89': 56.79, '90-99': 45.16, '100-109': 58.33, '110-119': 59.46, '120-129': 43.33, '130-139': 54.65, 'old': 52.17, 'new': 54.65}
2024-08-24 17:56:48,754 [trainer.py] => CNN top1 curve: [79.22, 75.43, 70.44, 66.94, 65.33, 63.03, 61.79, 60.17, 59.18, 56.36, 55.16, 54.26, 52.95, 52.36]
2024-08-24 17:56:48,754 [trainer.py] => CNN top5 curve: [94.81, 94.86, 92.7, 91.39, 90.8, 88.87, 86.54, 86.25, 83.83, 82.28, 81.47, 80.41, 79.61, 79.48]

2024-08-24 17:56:48,754 [trainer.py] => Average Accuracy (CNN): 62.33
2024-08-24 17:56:48,760 [trainer.py] => All params: 171816193
2024-08-24 17:56:48,761 [trainer.py] => Trainable params: 86017537
2024-08-24 17:56:48,767 [aper_vpt.py] => Learning on 140-150
2024-08-24 17:56:59,114 [trainer.py] => No NME accuracy.
2024-08-24 17:56:59,115 [trainer.py] => CNN: {'total': 50.96, '00-09': 40.26, '10-19': 56.12, '20-29': 51.52, '30-39': 51.16, '40-49': 53.12, '50-59': 51.92, '60-69': 53.17, '70-79': 48.96, '80-89': 54.32, '90-99': 45.16, '100-109': 56.67, '110-119': 59.46, '120-129': 43.33, '130-139': 54.65, '140-149': 40.79, 'old': 51.65, 'new': 40.79}
2024-08-24 17:56:59,115 [trainer.py] => CNN top1 curve: [79.22, 75.43, 70.44, 66.94, 65.33, 63.03, 61.79, 60.17, 59.18, 56.36, 55.16, 54.26, 52.95, 52.36, 50.96]
2024-08-24 17:56:59,115 [trainer.py] => CNN top5 curve: [94.81, 94.86, 92.7, 91.39, 90.8, 88.87, 86.54, 86.25, 83.83, 82.28, 81.47, 80.41, 79.61, 79.48, 78.36]

2024-08-24 17:56:59,115 [trainer.py] => Average Accuracy (CNN): 61.572
2024-08-24 17:56:59,116 [trainer.py] => All params: 171831553
2024-08-24 17:56:59,117 [trainer.py] => Trainable params: 86032897
2024-08-24 17:56:59,129 [aper_vpt.py] => Learning on 150-160
2024-08-24 17:57:08,405 [trainer.py] => No NME accuracy.
2024-08-24 17:57:08,405 [trainer.py] => CNN: {'total': 49.92, '00-09': 38.96, '10-19': 55.1, '20-29': 51.52, '30-39': 51.16, '40-49': 51.56, '50-59': 48.08, '60-69': 53.17, '70-79': 48.96, '80-89': 51.85, '90-99': 45.16, '100-109': 56.67, '110-119': 59.46, '120-129': 41.67, '130-139': 54.65, '140-149': 40.79, '150-159': 41.18, 'old': 50.29, 'new': 41.18}
2024-08-24 17:57:08,405 [trainer.py] => CNN top1 curve: [79.22, 75.43, 70.44, 66.94, 65.33, 63.03, 61.79, 60.17, 59.18, 56.36, 55.16, 54.26, 52.95, 52.36, 50.96, 49.92]
2024-08-24 17:57:08,405 [trainer.py] => CNN top5 curve: [94.81, 94.86, 92.7, 91.39, 90.8, 88.87, 86.54, 86.25, 83.83, 82.28, 81.47, 80.41, 79.61, 79.48, 78.36, 77.8]

2024-08-24 17:57:08,405 [trainer.py] => Average Accuracy (CNN): 60.84375
2024-08-24 17:57:08,407 [trainer.py] => All params: 171846913
2024-08-24 17:57:08,408 [trainer.py] => Trainable params: 86048257
2024-08-24 17:57:08,414 [aper_vpt.py] => Learning on 160-170
2024-08-24 17:57:18,290 [trainer.py] => No NME accuracy.
2024-08-24 17:57:18,290 [trainer.py] => CNN: {'total': 48.61, '00-09': 36.36, '10-19': 54.08, '20-29': 47.47, '30-39': 48.84, '40-49': 48.44, '50-59': 48.08, '60-69': 53.17, '70-79': 46.88, '80-89': 51.85, '90-99': 45.16, '100-109': 56.67, '110-119': 58.11, '120-129': 40.0, '130-139': 53.49, '140-149': 40.79, '150-159': 41.18, '160-169': 48.24, 'old': 48.64, 'new': 48.24}
2024-08-24 17:57:18,290 [trainer.py] => CNN top1 curve: [79.22, 75.43, 70.44, 66.94, 65.33, 63.03, 61.79, 60.17, 59.18, 56.36, 55.16, 54.26, 52.95, 52.36, 50.96, 49.92, 48.61]
2024-08-24 17:57:18,290 [trainer.py] => CNN top5 curve: [94.81, 94.86, 92.7, 91.39, 90.8, 88.87, 86.54, 86.25, 83.83, 82.28, 81.47, 80.41, 79.61, 79.48, 78.36, 77.8, 76.52]

2024-08-24 17:57:18,290 [trainer.py] => Average Accuracy (CNN): 60.124117647058824
2024-08-24 17:57:18,291 [trainer.py] => All params: 171862273
2024-08-24 17:57:18,293 [trainer.py] => Trainable params: 86063617
2024-08-24 17:57:18,300 [aper_vpt.py] => Learning on 170-180
2024-08-24 17:57:28,399 [trainer.py] => No NME accuracy.
2024-08-24 17:57:28,399 [trainer.py] => CNN: {'total': 48.03, '00-09': 36.36, '10-19': 53.06, '20-29': 46.46, '30-39': 48.84, '40-49': 48.44, '50-59': 48.08, '60-69': 53.17, '70-79': 45.83, '80-89': 51.85, '90-99': 43.55, '100-109': 56.67, '110-119': 56.76, '120-129': 40.0, '130-139': 53.49, '140-149': 40.79, '150-159': 41.18, '160-169': 48.24, '170-179': 43.55, 'old': 48.24, 'new': 43.55}
2024-08-24 17:57:28,399 [trainer.py] => CNN top1 curve: [79.22, 75.43, 70.44, 66.94, 65.33, 63.03, 61.79, 60.17, 59.18, 56.36, 55.16, 54.26, 52.95, 52.36, 50.96, 49.92, 48.61, 48.03]
2024-08-24 17:57:28,399 [trainer.py] => CNN top5 curve: [94.81, 94.86, 92.7, 91.39, 90.8, 88.87, 86.54, 86.25, 83.83, 82.28, 81.47, 80.41, 79.61, 79.48, 78.36, 77.8, 76.52, 75.56]

2024-08-24 17:57:28,400 [trainer.py] => Average Accuracy (CNN): 59.452222222222225
2024-08-24 17:57:28,401 [trainer.py] => All params: 171877633
2024-08-24 17:57:28,402 [trainer.py] => Trainable params: 86078977
2024-08-24 17:57:28,413 [aper_vpt.py] => Learning on 180-190
2024-08-24 17:57:39,336 [trainer.py] => No NME accuracy.
2024-08-24 17:57:39,337 [trainer.py] => CNN: {'total': 47.7, '00-09': 36.36, '10-19': 53.06, '20-29': 46.46, '30-39': 48.84, '40-49': 48.44, '50-59': 48.08, '60-69': 53.17, '70-79': 43.75, '80-89': 51.85, '90-99': 43.55, '100-109': 56.67, '110-119': 56.76, '120-129': 40.0, '130-139': 53.49, '140-149': 40.79, '150-159': 41.18, '160-169': 48.24, '170-179': 43.55, '180-189': 41.03, 'old': 47.89, 'new': 41.03}
2024-08-24 17:57:39,337 [trainer.py] => CNN top1 curve: [79.22, 75.43, 70.44, 66.94, 65.33, 63.03, 61.79, 60.17, 59.18, 56.36, 55.16, 54.26, 52.95, 52.36, 50.96, 49.92, 48.61, 48.03, 47.7]
2024-08-24 17:57:39,337 [trainer.py] => CNN top5 curve: [94.81, 94.86, 92.7, 91.39, 90.8, 88.87, 86.54, 86.25, 83.83, 82.28, 81.47, 80.41, 79.61, 79.48, 78.36, 77.8, 76.52, 75.56, 74.9]

2024-08-24 17:57:39,337 [trainer.py] => Average Accuracy (CNN): 58.83368421052632
2024-08-24 17:57:39,338 [trainer.py] => All params: 171892993
2024-08-24 17:57:39,340 [trainer.py] => Trainable params: 86094337
2024-08-24 17:57:39,347 [aper_vpt.py] => Learning on 190-200
2024-08-24 17:57:51,276 [trainer.py] => No NME accuracy.
2024-08-24 17:57:51,276 [trainer.py] => CNN: {'total': 47.07, '00-09': 36.36, '10-19': 52.04, '20-29': 46.46, '30-39': 48.84, '40-49': 48.44, '50-59': 48.08, '60-69': 52.38, '70-79': 42.71, '80-89': 51.85, '90-99': 41.94, '100-109': 53.33, '110-119': 56.76, '120-129': 38.33, '130-139': 53.49, '140-149': 40.79, '150-159': 39.22, '160-169': 47.06, '170-179': 38.71, '180-189': 41.03, '190-199': 50.59, 'old': 46.86, 'new': 50.59}
2024-08-24 17:57:51,276 [trainer.py] => CNN top1 curve: [79.22, 75.43, 70.44, 66.94, 65.33, 63.03, 61.79, 60.17, 59.18, 56.36, 55.16, 54.26, 52.95, 52.36, 50.96, 49.92, 48.61, 48.03, 47.7, 47.07]
2024-08-24 17:57:51,276 [trainer.py] => CNN top5 curve: [94.81, 94.86, 92.7, 91.39, 90.8, 88.87, 86.54, 86.25, 83.83, 82.28, 81.47, 80.41, 79.61, 79.48, 78.36, 77.8, 76.52, 75.56, 74.9, 73.93]

2024-08-24 17:57:51,276 [trainer.py] => Average Accuracy (CNN): 58.24550000000001
