2024-08-25 14:12:39,877 [trainer.py] => config: exps/aper_vpt-deep/imageneta_10_10_vit-b_vpt-deep.json
2024-08-25 14:12:39,877 [trainer.py] => prefix: exp_vpt-deep
2024-08-25 14:12:39,877 [trainer.py] => dataset: imageneta
2024-08-25 14:12:39,877 [trainer.py] => memory_size: 2000
2024-08-25 14:12:39,877 [trainer.py] => memory_per_class: 20
2024-08-25 14:12:39,877 [trainer.py] => fixed_memory: False
2024-08-25 14:12:39,877 [trainer.py] => shuffle: True
2024-08-25 14:12:39,877 [trainer.py] => init_cls: 10
2024-08-25 14:12:39,877 [trainer.py] => increment: 10
2024-08-25 14:12:39,877 [trainer.py] => model_name: aper_vpt
2024-08-25 14:12:39,877 [trainer.py] => convnet_type: pretrained_vit_b16_224_in21k_vpt
2024-08-25 14:12:39,877 [trainer.py] => weight_decay: 0.0005
2024-08-25 14:12:39,877 [trainer.py] => vpt_type: deep
2024-08-25 14:12:39,877 [trainer.py] => prompt_token_num: 5
2024-08-25 14:12:39,877 [trainer.py] => ffn_num: 64
2024-08-25 14:12:39,877 [trainer.py] => optimizer: sgd
2024-08-25 14:12:39,877 [trainer.py] => min_lr: 0
2024-08-25 14:12:39,877 [trainer.py] => device: [device(type='cuda', index=0)]
2024-08-25 14:12:39,877 [trainer.py] => seed: 1993
2024-08-25 14:12:39,877 [trainer.py] => tuned_epoch: 5
2024-08-25 14:12:39,877 [trainer.py] => init_lr: 0.05
2024-08-25 14:12:39,878 [trainer.py] => batch_size: 16
2024-08-25 14:12:39,912 [data_manager.py] => [168, 136, 51, 9, 183, 101, 171, 99, 42, 159, 191, 70, 16, 188, 27, 10, 175, 26, 68, 187, 98, 6, 85, 35, 112, 43, 100, 0, 103, 181, 88, 59, 4, 2, 116, 174, 94, 80, 106, 1, 147, 17, 141, 131, 72, 23, 173, 54, 197, 118, 87, 32, 79, 104, 91, 19, 135, 107, 178, 36, 11, 199, 142, 8, 122, 3, 28, 57, 153, 172, 190, 56, 49, 44, 97, 62, 151, 169, 194, 55, 192, 12, 189, 78, 66, 180, 15, 137, 109, 134, 92, 119, 126, 52, 170, 40, 148, 65, 144, 64, 138, 45, 77, 89, 154, 90, 71, 193, 74, 30, 113, 143, 96, 84, 67, 50, 186, 156, 69, 21, 18, 111, 108, 58, 125, 157, 150, 110, 182, 129, 166, 83, 81, 60, 13, 165, 14, 176, 63, 117, 5, 22, 145, 121, 38, 41, 82, 127, 114, 20, 31, 53, 37, 163, 196, 130, 152, 162, 86, 76, 24, 34, 184, 149, 33, 128, 198, 155, 146, 167, 139, 120, 140, 102, 47, 25, 158, 123, 46, 164, 61, 7, 115, 75, 133, 160, 105, 132, 179, 124, 48, 73, 93, 39, 95, 195, 29, 177, 185, 161]
2024-08-25 14:12:44,052 [trainer.py] => All params: 85844736
2024-08-25 14:12:44,053 [trainer.py] => Trainable params: 46080
2024-08-25 14:12:48,513 [aper_vpt.py] => Learning on 0-10
2024-08-25 14:13:05,410 [aper_vpt.py] => Task 0, Epoch 5/5 => Loss 2.027, Train_accy 27.57, Test_accy 20.78
2024-08-25 14:13:15,044 [trainer.py] => No NME accuracy.
2024-08-25 14:13:15,044 [trainer.py] => CNN: {'total': 81.82, '00-09': 81.82, 'old': 0, 'new': 81.82}
2024-08-25 14:13:15,044 [trainer.py] => CNN top1 curve: [81.82]
2024-08-25 14:13:15,044 [trainer.py] => CNN top5 curve: [96.1]

2024-08-25 14:13:15,044 [trainer.py] => Average Accuracy (CNN): 81.82
2024-08-25 14:13:15,046 [trainer.py] => All params: 171658753
2024-08-25 14:13:15,047 [trainer.py] => Trainable params: 85860097
2024-08-25 14:13:15,050 [aper_vpt.py] => Learning on 10-20
2024-08-25 14:13:18,942 [trainer.py] => No NME accuracy.
2024-08-25 14:13:18,942 [trainer.py] => CNN: {'total': 78.86, '00-09': 77.92, '10-19': 79.59, 'old': 77.92, 'new': 79.59}
2024-08-25 14:13:18,942 [trainer.py] => CNN top1 curve: [81.82, 78.86]
2024-08-25 14:13:18,943 [trainer.py] => CNN top5 curve: [96.1, 93.71]

2024-08-25 14:13:18,943 [trainer.py] => Average Accuracy (CNN): 80.34
2024-08-25 14:13:18,944 [trainer.py] => All params: 171674113
2024-08-25 14:13:18,945 [trainer.py] => Trainable params: 85875457
2024-08-25 14:13:18,947 [aper_vpt.py] => Learning on 20-30
2024-08-25 14:13:23,349 [trainer.py] => No NME accuracy.
2024-08-25 14:13:23,349 [trainer.py] => CNN: {'total': 75.18, '00-09': 63.64, '10-19': 77.55, '20-29': 81.82, 'old': 71.43, 'new': 81.82}
2024-08-25 14:13:23,349 [trainer.py] => CNN top1 curve: [81.82, 78.86, 75.18]
2024-08-25 14:13:23,349 [trainer.py] => CNN top5 curve: [96.1, 93.71, 91.97]

2024-08-25 14:13:23,349 [trainer.py] => Average Accuracy (CNN): 78.62
2024-08-25 14:13:23,351 [trainer.py] => All params: 171689473
2024-08-25 14:13:23,352 [trainer.py] => Trainable params: 85890817
2024-08-25 14:13:23,356 [aper_vpt.py] => Learning on 30-40
2024-08-25 14:13:27,944 [trainer.py] => No NME accuracy.
2024-08-25 14:13:27,944 [trainer.py] => CNN: {'total': 71.94, '00-09': 58.44, '10-19': 74.49, '20-29': 81.82, '30-39': 69.77, 'old': 72.63, 'new': 69.77}
2024-08-25 14:13:27,944 [trainer.py] => CNN top1 curve: [81.82, 78.86, 75.18, 71.94]
2024-08-25 14:13:27,944 [trainer.py] => CNN top5 curve: [96.1, 93.71, 91.97, 91.39]

2024-08-25 14:13:27,944 [trainer.py] => Average Accuracy (CNN): 76.95
2024-08-25 14:13:27,945 [trainer.py] => All params: 171704833
2024-08-25 14:13:27,947 [trainer.py] => Trainable params: 85906177
2024-08-25 14:13:27,951 [aper_vpt.py] => Learning on 40-50
2024-08-25 14:13:32,561 [trainer.py] => No NME accuracy.
2024-08-25 14:13:32,561 [trainer.py] => CNN: {'total': 69.34, '00-09': 57.14, '10-19': 72.45, '20-29': 76.77, '30-39': 66.28, '40-49': 71.88, 'old': 68.89, 'new': 71.88}
2024-08-25 14:13:32,561 [trainer.py] => CNN top1 curve: [81.82, 78.86, 75.18, 71.94, 69.34]
2024-08-25 14:13:32,561 [trainer.py] => CNN top5 curve: [96.1, 93.71, 91.97, 91.39, 90.57]

2024-08-25 14:13:32,561 [trainer.py] => Average Accuracy (CNN): 75.428
2024-08-25 14:13:32,563 [trainer.py] => All params: 171720193
2024-08-25 14:13:32,564 [trainer.py] => Trainable params: 85921537
2024-08-25 14:13:32,570 [aper_vpt.py] => Learning on 50-60
2024-08-25 14:13:37,276 [trainer.py] => No NME accuracy.
2024-08-25 14:13:37,276 [trainer.py] => CNN: {'total': 65.97, '00-09': 57.14, '10-19': 69.39, '20-29': 68.69, '30-39': 63.95, '40-49': 68.75, '50-59': 67.31, 'old': 65.8, 'new': 67.31}
2024-08-25 14:13:37,276 [trainer.py] => CNN top1 curve: [81.82, 78.86, 75.18, 71.94, 69.34, 65.97]
2024-08-25 14:13:37,276 [trainer.py] => CNN top5 curve: [96.1, 93.71, 91.97, 91.39, 90.57, 89.5]

2024-08-25 14:13:37,276 [trainer.py] => Average Accuracy (CNN): 73.85166666666667
2024-08-25 14:13:37,277 [trainer.py] => All params: 171735553
2024-08-25 14:13:37,279 [trainer.py] => Trainable params: 85936897
2024-08-25 14:13:37,283 [aper_vpt.py] => Learning on 60-70
2024-08-25 14:13:43,395 [trainer.py] => No NME accuracy.
2024-08-25 14:13:43,396 [trainer.py] => CNN: {'total': 63.46, '00-09': 51.95, '10-19': 67.35, '20-29': 68.69, '30-39': 59.3, '40-49': 64.06, '50-59': 67.31, '60-69': 64.29, 'old': 63.24, 'new': 64.29}
2024-08-25 14:13:43,396 [trainer.py] => CNN top1 curve: [81.82, 78.86, 75.18, 71.94, 69.34, 65.97, 63.46]
2024-08-25 14:13:43,396 [trainer.py] => CNN top5 curve: [96.1, 93.71, 91.97, 91.39, 90.57, 89.5, 88.37]

2024-08-25 14:13:43,396 [trainer.py] => Average Accuracy (CNN): 72.36714285714285
2024-08-25 14:13:43,397 [trainer.py] => All params: 171750913
2024-08-25 14:13:43,398 [trainer.py] => Trainable params: 85952257
2024-08-25 14:13:43,401 [aper_vpt.py] => Learning on 70-80
2024-08-25 14:13:49,494 [trainer.py] => No NME accuracy.
2024-08-25 14:13:49,495 [trainer.py] => CNN: {'total': 62.18, '00-09': 50.65, '10-19': 64.29, '20-29': 67.68, '30-39': 59.3, '40-49': 60.94, '50-59': 67.31, '60-69': 64.29, '70-79': 61.46, 'old': 62.29, 'new': 61.46}
2024-08-25 14:13:49,495 [trainer.py] => CNN top1 curve: [81.82, 78.86, 75.18, 71.94, 69.34, 65.97, 63.46, 62.18]
2024-08-25 14:13:49,495 [trainer.py] => CNN top5 curve: [96.1, 93.71, 91.97, 91.39, 90.57, 89.5, 88.37, 87.68]

2024-08-25 14:13:49,495 [trainer.py] => Average Accuracy (CNN): 71.09375
2024-08-25 14:13:49,496 [trainer.py] => All params: 171766273
2024-08-25 14:13:49,497 [trainer.py] => Trainable params: 85967617
2024-08-25 14:13:49,503 [aper_vpt.py] => Learning on 80-90
2024-08-25 14:13:54,815 [trainer.py] => No NME accuracy.
2024-08-25 14:13:54,815 [trainer.py] => CNN: {'total': 61.1, '00-09': 48.05, '10-19': 64.29, '20-29': 66.67, '30-39': 58.14, '40-49': 59.38, '50-59': 65.38, '60-69': 64.29, '70-79': 60.42, '80-89': 60.49, 'old': 61.17, 'new': 60.49}
2024-08-25 14:13:54,815 [trainer.py] => CNN top1 curve: [81.82, 78.86, 75.18, 71.94, 69.34, 65.97, 63.46, 62.18, 61.1]
2024-08-25 14:13:54,815 [trainer.py] => CNN top5 curve: [96.1, 93.71, 91.97, 91.39, 90.57, 89.5, 88.37, 87.68, 86.14]

2024-08-25 14:13:54,815 [trainer.py] => Average Accuracy (CNN): 69.98333333333333
2024-08-25 14:13:54,817 [trainer.py] => All params: 171781633
2024-08-25 14:13:54,818 [trainer.py] => Trainable params: 85982977
2024-08-25 14:13:54,824 [aper_vpt.py] => Learning on 90-100
2024-08-25 14:14:01,040 [trainer.py] => No NME accuracy.
2024-08-25 14:14:01,040 [trainer.py] => CNN: {'total': 58.38, '00-09': 46.75, '10-19': 63.27, '20-29': 63.64, '30-39': 56.98, '40-49': 59.38, '50-59': 63.46, '60-69': 62.7, '70-79': 53.12, '80-89': 58.02, '90-99': 53.23, 'old': 58.79, 'new': 53.23}
2024-08-25 14:14:01,040 [trainer.py] => CNN top1 curve: [81.82, 78.86, 75.18, 71.94, 69.34, 65.97, 63.46, 62.18, 61.1, 58.38]
2024-08-25 14:14:01,040 [trainer.py] => CNN top5 curve: [96.1, 93.71, 91.97, 91.39, 90.57, 89.5, 88.37, 87.68, 86.14, 84.42]

2024-08-25 14:14:01,041 [trainer.py] => Average Accuracy (CNN): 68.82300000000001
2024-08-25 14:14:01,042 [trainer.py] => All params: 171796993
2024-08-25 14:14:01,043 [trainer.py] => Trainable params: 85998337
2024-08-25 14:14:01,046 [aper_vpt.py] => Learning on 100-110
2024-08-25 14:14:07,841 [trainer.py] => No NME accuracy.
2024-08-25 14:14:07,841 [trainer.py] => CNN: {'total': 57.49, '00-09': 44.16, '10-19': 62.24, '20-29': 62.63, '30-39': 55.81, '40-49': 59.38, '50-59': 61.54, '60-69': 60.32, '70-79': 51.04, '80-89': 55.56, '90-99': 53.23, '100-109': 66.67, 'old': 56.84, 'new': 66.67}
2024-08-25 14:14:07,841 [trainer.py] => CNN top1 curve: [81.82, 78.86, 75.18, 71.94, 69.34, 65.97, 63.46, 62.18, 61.1, 58.38, 57.49]
2024-08-25 14:14:07,841 [trainer.py] => CNN top5 curve: [96.1, 93.71, 91.97, 91.39, 90.57, 89.5, 88.37, 87.68, 86.14, 84.42, 83.8]

2024-08-25 14:14:07,841 [trainer.py] => Average Accuracy (CNN): 67.79272727272728
2024-08-25 14:14:07,843 [trainer.py] => All params: 171812353
2024-08-25 14:14:07,844 [trainer.py] => Trainable params: 86013697
2024-08-25 14:14:07,848 [aper_vpt.py] => Learning on 110-120
2024-08-25 14:14:15,915 [trainer.py] => No NME accuracy.
2024-08-25 14:14:15,916 [trainer.py] => CNN: {'total': 56.92, '00-09': 44.16, '10-19': 62.24, '20-29': 60.61, '30-39': 54.65, '40-49': 59.38, '50-59': 59.62, '60-69': 59.52, '70-79': 51.04, '80-89': 55.56, '90-99': 46.77, '100-109': 66.67, '110-119': 62.16, 'old': 56.49, 'new': 62.16}
2024-08-25 14:14:15,916 [trainer.py] => CNN top1 curve: [81.82, 78.86, 75.18, 71.94, 69.34, 65.97, 63.46, 62.18, 61.1, 58.38, 57.49, 56.92]
2024-08-25 14:14:15,916 [trainer.py] => CNN top5 curve: [96.1, 93.71, 91.97, 91.39, 90.57, 89.5, 88.37, 87.68, 86.14, 84.42, 83.8, 82.36]

2024-08-25 14:14:15,916 [trainer.py] => Average Accuracy (CNN): 66.88666666666667
2024-08-25 14:14:15,917 [trainer.py] => All params: 171827713
2024-08-25 14:14:15,919 [trainer.py] => Trainable params: 86029057
2024-08-25 14:14:15,925 [aper_vpt.py] => Learning on 120-130
2024-08-25 14:14:24,425 [trainer.py] => No NME accuracy.
2024-08-25 14:14:24,426 [trainer.py] => CNN: {'total': 55.36, '00-09': 42.86, '10-19': 60.2, '20-29': 59.6, '30-39': 54.65, '40-49': 56.25, '50-59': 59.62, '60-69': 59.52, '70-79': 50.0, '80-89': 54.32, '90-99': 45.16, '100-109': 65.0, '110-119': 62.16, '120-129': 46.67, 'old': 55.9, 'new': 46.67}
2024-08-25 14:14:24,426 [trainer.py] => CNN top1 curve: [81.82, 78.86, 75.18, 71.94, 69.34, 65.97, 63.46, 62.18, 61.1, 58.38, 57.49, 56.92, 55.36]
2024-08-25 14:14:24,426 [trainer.py] => CNN top5 curve: [96.1, 93.71, 91.97, 91.39, 90.57, 89.5, 88.37, 87.68, 86.14, 84.42, 83.8, 82.36, 81.06]

2024-08-25 14:14:24,426 [trainer.py] => Average Accuracy (CNN): 66.0
2024-08-25 14:14:24,427 [trainer.py] => All params: 171843073
2024-08-25 14:14:24,429 [trainer.py] => Trainable params: 86044417
2024-08-25 14:14:24,435 [aper_vpt.py] => Learning on 130-140
2024-08-25 14:14:33,412 [trainer.py] => No NME accuracy.
2024-08-25 14:14:33,412 [trainer.py] => CNN: {'total': 54.68, '00-09': 42.86, '10-19': 60.2, '20-29': 58.59, '30-39': 54.65, '40-49': 56.25, '50-59': 59.62, '60-69': 54.76, '70-79': 48.96, '80-89': 54.32, '90-99': 45.16, '100-109': 65.0, '110-119': 62.16, '120-129': 46.67, '130-139': 55.81, 'old': 54.59, 'new': 55.81}
2024-08-25 14:14:33,412 [trainer.py] => CNN top1 curve: [81.82, 78.86, 75.18, 71.94, 69.34, 65.97, 63.46, 62.18, 61.1, 58.38, 57.49, 56.92, 55.36, 54.68]
2024-08-25 14:14:33,412 [trainer.py] => CNN top5 curve: [96.1, 93.71, 91.97, 91.39, 90.57, 89.5, 88.37, 87.68, 86.14, 84.42, 83.8, 82.36, 81.06, 80.37]

2024-08-25 14:14:33,412 [trainer.py] => Average Accuracy (CNN): 65.19142857142857
2024-08-25 14:14:33,414 [trainer.py] => All params: 171858433
2024-08-25 14:14:33,415 [trainer.py] => Trainable params: 86059777
2024-08-25 14:14:33,425 [aper_vpt.py] => Learning on 140-150
2024-08-25 14:14:41,021 [trainer.py] => No NME accuracy.
2024-08-25 14:14:41,021 [trainer.py] => CNN: {'total': 53.13, '00-09': 42.86, '10-19': 59.18, '20-29': 54.55, '30-39': 54.65, '40-49': 56.25, '50-59': 57.69, '60-69': 53.97, '70-79': 48.96, '80-89': 53.09, '90-99': 45.16, '100-109': 63.33, '110-119': 62.16, '120-129': 46.67, '130-139': 55.81, '140-149': 42.11, 'old': 53.88, 'new': 42.11}
2024-08-25 14:14:41,021 [trainer.py] => CNN top1 curve: [81.82, 78.86, 75.18, 71.94, 69.34, 65.97, 63.46, 62.18, 61.1, 58.38, 57.49, 56.92, 55.36, 54.68, 53.13]
2024-08-25 14:14:41,021 [trainer.py] => CNN top5 curve: [96.1, 93.71, 91.97, 91.39, 90.57, 89.5, 88.37, 87.68, 86.14, 84.42, 83.8, 82.36, 81.06, 80.37, 79.28]

2024-08-25 14:14:41,021 [trainer.py] => Average Accuracy (CNN): 64.38733333333333
2024-08-25 14:14:41,023 [trainer.py] => All params: 171873793
2024-08-25 14:14:41,024 [trainer.py] => Trainable params: 86075137
2024-08-25 14:14:41,031 [aper_vpt.py] => Learning on 150-160
2024-08-25 14:14:49,250 [trainer.py] => No NME accuracy.
2024-08-25 14:14:49,250 [trainer.py] => CNN: {'total': 52.24, '00-09': 40.26, '10-19': 59.18, '20-29': 54.55, '30-39': 54.65, '40-49': 54.69, '50-59': 55.77, '60-69': 53.97, '70-79': 48.96, '80-89': 51.85, '90-99': 45.16, '100-109': 63.33, '110-119': 62.16, '120-129': 45.0, '130-139': 55.81, '140-149': 42.11, '150-159': 43.14, 'old': 52.63, 'new': 43.14}
2024-08-25 14:14:49,250 [trainer.py] => CNN top1 curve: [81.82, 78.86, 75.18, 71.94, 69.34, 65.97, 63.46, 62.18, 61.1, 58.38, 57.49, 56.92, 55.36, 54.68, 53.13, 52.24]
2024-08-25 14:14:49,250 [trainer.py] => CNN top5 curve: [96.1, 93.71, 91.97, 91.39, 90.57, 89.5, 88.37, 87.68, 86.14, 84.42, 83.8, 82.36, 81.06, 80.37, 79.28, 78.69]

2024-08-25 14:14:49,250 [trainer.py] => Average Accuracy (CNN): 63.628125
2024-08-25 14:14:49,252 [trainer.py] => All params: 171889153
2024-08-25 14:14:49,253 [trainer.py] => Trainable params: 86090497
2024-08-25 14:14:49,261 [aper_vpt.py] => Learning on 160-170
2024-08-25 14:14:59,980 [trainer.py] => No NME accuracy.
2024-08-25 14:14:59,981 [trainer.py] => CNN: {'total': 50.79, '00-09': 40.26, '10-19': 58.16, '20-29': 49.49, '30-39': 52.33, '40-49': 53.12, '50-59': 55.77, '60-69': 53.17, '70-79': 47.92, '80-89': 51.85, '90-99': 45.16, '100-109': 63.33, '110-119': 62.16, '120-129': 43.33, '130-139': 54.65, '140-149': 42.11, '150-159': 43.14, '160-169': 44.71, 'old': 51.2, 'new': 44.71}
2024-08-25 14:14:59,981 [trainer.py] => CNN top1 curve: [81.82, 78.86, 75.18, 71.94, 69.34, 65.97, 63.46, 62.18, 61.1, 58.38, 57.49, 56.92, 55.36, 54.68, 53.13, 52.24, 50.79]
2024-08-25 14:14:59,981 [trainer.py] => CNN top5 curve: [96.1, 93.71, 91.97, 91.39, 90.57, 89.5, 88.37, 87.68, 86.14, 84.42, 83.8, 82.36, 81.06, 80.37, 79.28, 78.69, 78.17]

2024-08-25 14:14:59,981 [trainer.py] => Average Accuracy (CNN): 62.87294117647058
2024-08-25 14:14:59,982 [trainer.py] => All params: 171904513
2024-08-25 14:14:59,983 [trainer.py] => Trainable params: 86105857
2024-08-25 14:14:59,993 [aper_vpt.py] => Learning on 170-180
2024-08-25 14:15:10,596 [trainer.py] => No NME accuracy.
2024-08-25 14:15:10,596 [trainer.py] => CNN: {'total': 49.82, '00-09': 37.66, '10-19': 57.14, '20-29': 49.49, '30-39': 52.33, '40-49': 51.56, '50-59': 55.77, '60-69': 53.17, '70-79': 46.88, '80-89': 51.85, '90-99': 43.55, '100-109': 63.33, '110-119': 60.81, '120-129': 43.33, '130-139': 54.65, '140-149': 42.11, '150-159': 43.14, '160-169': 43.53, '170-179': 41.94, 'old': 50.19, 'new': 41.94}
2024-08-25 14:15:10,596 [trainer.py] => CNN top1 curve: [81.82, 78.86, 75.18, 71.94, 69.34, 65.97, 63.46, 62.18, 61.1, 58.38, 57.49, 56.92, 55.36, 54.68, 53.13, 52.24, 50.79, 49.82]
2024-08-25 14:15:10,597 [trainer.py] => CNN top5 curve: [96.1, 93.71, 91.97, 91.39, 90.57, 89.5, 88.37, 87.68, 86.14, 84.42, 83.8, 82.36, 81.06, 80.37, 79.28, 78.69, 78.17, 77.13]

2024-08-25 14:15:10,597 [trainer.py] => Average Accuracy (CNN): 62.14777777777777
2024-08-25 14:15:10,599 [trainer.py] => All params: 171919873
2024-08-25 14:15:10,601 [trainer.py] => Trainable params: 86121217
2024-08-25 14:15:10,612 [aper_vpt.py] => Learning on 180-190
2024-08-25 14:15:21,760 [trainer.py] => No NME accuracy.
2024-08-25 14:15:21,760 [trainer.py] => CNN: {'total': 49.51, '00-09': 37.66, '10-19': 57.14, '20-29': 49.49, '30-39': 52.33, '40-49': 51.56, '50-59': 55.77, '60-69': 53.17, '70-79': 45.83, '80-89': 51.85, '90-99': 43.55, '100-109': 63.33, '110-119': 60.81, '120-129': 43.33, '130-139': 54.65, '140-149': 42.11, '150-159': 43.14, '160-169': 43.53, '170-179': 41.94, '180-189': 41.03, 'old': 49.75, 'new': 41.03}
2024-08-25 14:15:21,761 [trainer.py] => CNN top1 curve: [81.82, 78.86, 75.18, 71.94, 69.34, 65.97, 63.46, 62.18, 61.1, 58.38, 57.49, 56.92, 55.36, 54.68, 53.13, 52.24, 50.79, 49.82, 49.51]
2024-08-25 14:15:21,761 [trainer.py] => CNN top5 curve: [96.1, 93.71, 91.97, 91.39, 90.57, 89.5, 88.37, 87.68, 86.14, 84.42, 83.8, 82.36, 81.06, 80.37, 79.28, 78.69, 78.17, 77.13, 76.36]

2024-08-25 14:15:21,761 [trainer.py] => Average Accuracy (CNN): 61.48263157894736
2024-08-25 14:15:21,762 [trainer.py] => All params: 171935233
2024-08-25 14:15:21,764 [trainer.py] => Trainable params: 86136577
2024-08-25 14:15:21,770 [aper_vpt.py] => Learning on 190-200
2024-08-25 14:15:33,685 [trainer.py] => No NME accuracy.
2024-08-25 14:15:33,685 [trainer.py] => CNN: {'total': 48.85, '00-09': 37.66, '10-19': 56.12, '20-29': 49.49, '30-39': 52.33, '40-49': 51.56, '50-59': 55.77, '60-69': 52.38, '70-79': 46.88, '80-89': 51.85, '90-99': 41.94, '100-109': 60.0, '110-119': 60.81, '120-129': 43.33, '130-139': 54.65, '140-149': 42.11, '150-159': 39.22, '160-169': 43.53, '170-179': 37.1, '180-189': 41.03, '190-199': 48.24, 'old': 48.88, 'new': 48.24}
2024-08-25 14:15:33,685 [trainer.py] => CNN top1 curve: [81.82, 78.86, 75.18, 71.94, 69.34, 65.97, 63.46, 62.18, 61.1, 58.38, 57.49, 56.92, 55.36, 54.68, 53.13, 52.24, 50.79, 49.82, 49.51, 48.85]
2024-08-25 14:15:33,685 [trainer.py] => CNN top5 curve: [96.1, 93.71, 91.97, 91.39, 90.57, 89.5, 88.37, 87.68, 86.14, 84.42, 83.8, 82.36, 81.06, 80.37, 79.28, 78.69, 78.17, 77.13, 76.36, 75.25]

2024-08-25 14:15:33,685 [trainer.py] => Average Accuracy (CNN): 60.850999999999985