2024-08-25 14:02:20,268 [trainer.py] => config: exps/aper_vpt-deep/imagenetr_5_5_vit-b_vpt-deep.json
2024-08-25 14:02:20,268 [trainer.py] => prefix: exp_vpt-deep
2024-08-25 14:02:20,268 [trainer.py] => dataset: imagenetr
2024-08-25 14:02:20,268 [trainer.py] => memory_size: 2000
2024-08-25 14:02:20,268 [trainer.py] => memory_per_class: 20
2024-08-25 14:02:20,268 [trainer.py] => fixed_memory: False
2024-08-25 14:02:20,268 [trainer.py] => shuffle: True
2024-08-25 14:02:20,269 [trainer.py] => init_cls: 5
2024-08-25 14:02:20,269 [trainer.py] => increment: 5
2024-08-25 14:02:20,269 [trainer.py] => model_name: aper_vpt
2024-08-25 14:02:20,269 [trainer.py] => convnet_type: pretrained_vit_b16_224_in21k_vpt
2024-08-25 14:02:20,269 [trainer.py] => weight_decay: 0.0005
2024-08-25 14:02:20,269 [trainer.py] => vpt_type: deep
2024-08-25 14:02:20,269 [trainer.py] => prompt_token_num: 5
2024-08-25 14:02:20,269 [trainer.py] => ffn_num: 64
2024-08-25 14:02:20,269 [trainer.py] => optimizer: sgd
2024-08-25 14:02:20,269 [trainer.py] => min_lr: 0
2024-08-25 14:02:20,269 [trainer.py] => device: [device(type='cuda', index=0)]
2024-08-25 14:02:20,269 [trainer.py] => seed: 1993
2024-08-25 14:02:20,269 [trainer.py] => tuned_epoch: 5
2024-08-25 14:02:20,269 [trainer.py] => init_lr: 0.05
2024-08-25 14:02:20,269 [trainer.py] => batch_size: 16
2024-08-25 14:02:20,376 [data_manager.py] => [168, 136, 51, 9, 183, 101, 171, 99, 42, 159, 191, 70, 16, 188, 27, 10, 175, 26, 68, 187, 98, 6, 85, 35, 112, 43, 100, 0, 103, 181, 88, 59, 4, 2, 116, 174, 94, 80, 106, 1, 147, 17, 141, 131, 72, 23, 173, 54, 197, 118, 87, 32, 79, 104, 91, 19, 135, 107, 178, 36, 11, 199, 142, 8, 122, 3, 28, 57, 153, 172, 190, 56, 49, 44, 97, 62, 151, 169, 194, 55, 192, 12, 189, 78, 66, 180, 15, 137, 109, 134, 92, 119, 126, 52, 170, 40, 148, 65, 144, 64, 138, 45, 77, 89, 154, 90, 71, 193, 74, 30, 113, 143, 96, 84, 67, 50, 186, 156, 69, 21, 18, 111, 108, 58, 125, 157, 150, 110, 182, 129, 166, 83, 81, 60, 13, 165, 14, 176, 63, 117, 5, 22, 145, 121, 38, 41, 82, 127, 114, 20, 31, 53, 37, 163, 196, 130, 152, 162, 86, 76, 24, 34, 184, 149, 33, 128, 198, 155, 146, 167, 139, 120, 140, 102, 47, 25, 158, 123, 46, 164, 61, 7, 115, 75, 133, 160, 105, 132, 179, 124, 48, 73, 93, 39, 95, 195, 29, 177, 185, 161]
2024-08-25 14:02:24,552 [trainer.py] => All params: 85844736
2024-08-25 14:02:24,553 [trainer.py] => Trainable params: 46080
2024-08-25 14:02:28,085 [aper_vpt.py] => Learning on 0-5
2024-08-25 14:02:45,036 [aper_vpt.py] => Task 0, Epoch 5/5 => Loss 0.227, Train_accy 94.01, Test_accy 97.24
2024-08-25 14:02:54,554 [trainer.py] => No NME accuracy.
2024-08-25 14:02:54,554 [trainer.py] => CNN: {'total': 97.24, '00-09': 97.24, 'old': 0, 'new': 97.24}
2024-08-25 14:02:54,554 [trainer.py] => CNN top1 curve: [97.24]
2024-08-25 14:02:54,557 [trainer.py] => CNN top5 curve: [100.0]

2024-08-25 14:02:54,557 [trainer.py] => Average Accuracy (CNN): 97.24
2024-08-25 14:02:54,558 [trainer.py] => All params: 171651073
2024-08-25 14:02:54,559 [trainer.py] => Trainable params: 85852417
2024-08-25 14:02:54,561 [aper_vpt.py] => Learning on 5-10
2024-08-25 14:02:58,840 [trainer.py] => No NME accuracy.
2024-08-25 14:02:58,840 [trainer.py] => CNN: {'total': 86.12, '00-09': 86.12, 'old': 91.72, 'new': 81.4}
2024-08-25 14:02:58,840 [trainer.py] => CNN top1 curve: [97.24, 86.12]
2024-08-25 14:02:58,840 [trainer.py] => CNN top5 curve: [100.0, 99.37]

2024-08-25 14:02:58,840 [trainer.py] => Average Accuracy (CNN): 91.68
2024-08-25 14:02:58,842 [trainer.py] => All params: 171658753
2024-08-25 14:02:58,843 [trainer.py] => Trainable params: 85860097
2024-08-25 14:02:58,844 [aper_vpt.py] => Learning on 10-15
2024-08-25 14:03:03,730 [trainer.py] => No NME accuracy.
2024-08-25 14:03:03,730 [trainer.py] => CNN: {'total': 83.33, '00-09': 82.33, '10-19': 84.62, 'old': 82.33, 'new': 84.62}
2024-08-25 14:03:03,730 [trainer.py] => CNN top1 curve: [97.24, 86.12, 83.33]
2024-08-25 14:03:03,730 [trainer.py] => CNN top5 curve: [100.0, 99.37, 98.05]

2024-08-25 14:03:03,731 [trainer.py] => Average Accuracy (CNN): 88.89666666666666
2024-08-25 14:03:03,732 [trainer.py] => All params: 171666433
2024-08-25 14:03:03,733 [trainer.py] => Trainable params: 85867777
2024-08-25 14:03:03,735 [aper_vpt.py] => Learning on 15-20
2024-08-25 14:03:08,260 [trainer.py] => No NME accuracy.
2024-08-25 14:03:08,260 [trainer.py] => CNN: {'total': 81.42, '00-09': 81.07, '10-19': 81.72, 'old': 81.21, 'new': 82.4}
2024-08-25 14:03:08,260 [trainer.py] => CNN top1 curve: [97.24, 86.12, 83.33, 81.42]
2024-08-25 14:03:08,260 [trainer.py] => CNN top5 curve: [100.0, 99.37, 98.05, 96.37]

2024-08-25 14:03:08,260 [trainer.py] => Average Accuracy (CNN): 87.0275
2024-08-25 14:03:08,261 [trainer.py] => All params: 171674113
2024-08-25 14:03:08,262 [trainer.py] => Trainable params: 85875457
2024-08-25 14:03:08,264 [aper_vpt.py] => Learning on 20-25
2024-08-25 14:03:13,236 [trainer.py] => No NME accuracy.
2024-08-25 14:03:13,237 [trainer.py] => CNN: {'total': 80.39, '00-09': 80.76, '10-19': 80.38, '20-29': 79.58, 'old': 80.55, 'new': 79.58}
2024-08-25 14:03:13,237 [trainer.py] => CNN top1 curve: [97.24, 86.12, 83.33, 81.42, 80.39]
2024-08-25 14:03:13,237 [trainer.py] => CNN top5 curve: [100.0, 99.37, 98.05, 96.37, 94.71]

2024-08-25 14:03:13,237 [trainer.py] => Average Accuracy (CNN): 85.7
2024-08-25 14:03:13,238 [trainer.py] => All params: 171681793
2024-08-25 14:03:13,240 [trainer.py] => Trainable params: 85883137
2024-08-25 14:03:13,242 [aper_vpt.py] => Learning on 25-30
2024-08-25 14:03:18,493 [trainer.py] => No NME accuracy.
2024-08-25 14:03:18,493 [trainer.py] => CNN: {'total': 78.36, '00-09': 79.18, '10-19': 79.57, '20-29': 76.0, 'old': 79.3, 'new': 73.42}
2024-08-25 14:03:18,493 [trainer.py] => CNN top1 curve: [97.24, 86.12, 83.33, 81.42, 80.39, 78.36]
2024-08-25 14:03:18,493 [trainer.py] => CNN top5 curve: [100.0, 99.37, 98.05, 96.37, 94.71, 93.83]

2024-08-25 14:03:18,493 [trainer.py] => Average Accuracy (CNN): 84.47666666666667
2024-08-25 14:03:18,495 [trainer.py] => All params: 171689473
2024-08-25 14:03:18,496 [trainer.py] => Trainable params: 85890817
2024-08-25 14:03:18,497 [aper_vpt.py] => Learning on 30-35
2024-08-25 14:03:24,135 [trainer.py] => No NME accuracy.
2024-08-25 14:03:24,135 [trainer.py] => CNN: {'total': 78.16, '00-09': 78.86, '10-19': 78.76, '20-29': 75.67, '30-39': 80.13, 'old': 77.86, 'new': 80.13}
2024-08-25 14:03:24,135 [trainer.py] => CNN top1 curve: [97.24, 86.12, 83.33, 81.42, 80.39, 78.36, 78.16]
2024-08-25 14:03:24,135 [trainer.py] => CNN top5 curve: [100.0, 99.37, 98.05, 96.37, 94.71, 93.83, 93.07]

2024-08-25 14:03:24,135 [trainer.py] => Average Accuracy (CNN): 83.57428571428571
2024-08-25 14:03:24,137 [trainer.py] => All params: 171697153
2024-08-25 14:03:24,138 [trainer.py] => Trainable params: 85898497
2024-08-25 14:03:24,140 [aper_vpt.py] => Learning on 35-40
2024-08-25 14:03:30,192 [trainer.py] => No NME accuracy.
2024-08-25 14:03:30,193 [trainer.py] => CNN: {'total': 75.09, '00-09': 77.29, '10-19': 76.88, '20-29': 73.33, '30-39': 72.59, 'old': 75.53, 'new': 72.38}
2024-08-25 14:03:30,193 [trainer.py] => CNN top1 curve: [97.24, 86.12, 83.33, 81.42, 80.39, 78.36, 78.16, 75.09]
2024-08-25 14:03:30,193 [trainer.py] => CNN top5 curve: [100.0, 99.37, 98.05, 96.37, 94.71, 93.83, 93.07, 91.98]

2024-08-25 14:03:30,193 [trainer.py] => Average Accuracy (CNN): 82.51375
2024-08-25 14:03:30,194 [trainer.py] => All params: 171704833
2024-08-25 14:03:30,195 [trainer.py] => Trainable params: 85906177
2024-08-25 14:03:30,197 [aper_vpt.py] => Learning on 40-45
2024-08-25 14:03:36,137 [trainer.py] => No NME accuracy.
2024-08-25 14:03:36,137 [trainer.py] => CNN: {'total': 74.64, '00-09': 75.39, '10-19': 76.88, '20-29': 73.0, '30-39': 72.29, '40-49': 76.03, 'old': 74.49, 'new': 76.03}
2024-08-25 14:03:36,138 [trainer.py] => CNN top1 curve: [97.24, 86.12, 83.33, 81.42, 80.39, 78.36, 78.16, 75.09, 74.64]
2024-08-25 14:03:36,138 [trainer.py] => CNN top5 curve: [100.0, 99.37, 98.05, 96.37, 94.71, 93.83, 93.07, 91.98, 91.48]

2024-08-25 14:03:36,138 [trainer.py] => Average Accuracy (CNN): 81.63888888888889
2024-08-25 14:03:36,139 [trainer.py] => All params: 171712513
2024-08-25 14:03:36,141 [trainer.py] => Trainable params: 85913857
2024-08-25 14:03:36,143 [aper_vpt.py] => Learning on 45-50
2024-08-25 14:03:42,587 [trainer.py] => No NME accuracy.
2024-08-25 14:03:42,587 [trainer.py] => CNN: {'total': 73.44, '00-09': 74.76, '10-19': 76.34, '20-29': 71.33, '30-39': 70.78, '40-49': 73.51, 'old': 73.28, 'new': 75.0}
2024-08-25 14:03:42,587 [trainer.py] => CNN top1 curve: [97.24, 86.12, 83.33, 81.42, 80.39, 78.36, 78.16, 75.09, 74.64, 73.44]
2024-08-25 14:03:42,587 [trainer.py] => CNN top5 curve: [100.0, 99.37, 98.05, 96.37, 94.71, 93.83, 93.07, 91.98, 91.48, 90.33]

2024-08-25 14:03:42,587 [trainer.py] => Average Accuracy (CNN): 80.819
2024-08-25 14:03:42,588 [trainer.py] => All params: 171720193
2024-08-25 14:03:42,590 [trainer.py] => Trainable params: 85921537
2024-08-25 14:03:42,592 [aper_vpt.py] => Learning on 50-55
2024-08-25 14:03:50,069 [trainer.py] => No NME accuracy.
2024-08-25 14:03:50,070 [trainer.py] => CNN: {'total': 72.56, '00-09': 73.82, '10-19': 76.08, '20-29': 69.67, '30-39': 70.48, '40-49': 72.85, '50-59': 71.07, 'old': 72.7, 'new': 71.07}
2024-08-25 14:03:50,070 [trainer.py] => CNN top1 curve: [97.24, 86.12, 83.33, 81.42, 80.39, 78.36, 78.16, 75.09, 74.64, 73.44, 72.56]
2024-08-25 14:03:50,070 [trainer.py] => CNN top5 curve: [100.0, 99.37, 98.05, 96.37, 94.71, 93.83, 93.07, 91.98, 91.48, 90.33, 89.84]

2024-08-25 14:03:50,070 [trainer.py] => Average Accuracy (CNN): 80.06818181818181
2024-08-25 14:03:50,071 [trainer.py] => All params: 171727873
2024-08-25 14:03:50,072 [trainer.py] => Trainable params: 85929217
2024-08-25 14:03:50,074 [aper_vpt.py] => Learning on 55-60
2024-08-25 14:03:57,044 [trainer.py] => No NME accuracy.
2024-08-25 14:03:57,044 [trainer.py] => CNN: {'total': 71.2, '00-09': 73.19, '10-19': 75.0, '20-29': 69.0, '30-39': 68.98, '40-49': 72.85, '50-59': 67.43, 'old': 71.66, 'new': 65.52}
2024-08-25 14:03:57,044 [trainer.py] => CNN top1 curve: [97.24, 86.12, 83.33, 81.42, 80.39, 78.36, 78.16, 75.09, 74.64, 73.44, 72.56, 71.2]
2024-08-25 14:03:57,044 [trainer.py] => CNN top5 curve: [100.0, 99.37, 98.05, 96.37, 94.71, 93.83, 93.07, 91.98, 91.48, 90.33, 89.84, 89.52]

2024-08-25 14:03:57,044 [trainer.py] => Average Accuracy (CNN): 79.32916666666667
2024-08-25 14:03:57,046 [trainer.py] => All params: 171735553
2024-08-25 14:03:57,047 [trainer.py] => Trainable params: 85936897
2024-08-25 14:03:57,049 [aper_vpt.py] => Learning on 60-65
2024-08-25 14:04:04,725 [trainer.py] => No NME accuracy.
2024-08-25 14:04:04,726 [trainer.py] => CNN: {'total': 69.61, '00-09': 72.56, '10-19': 73.92, '20-29': 68.0, '30-39': 68.67, '40-49': 71.85, '50-59': 67.11, '60-69': 58.22, 'old': 70.47, 'new': 58.22}
2024-08-25 14:04:04,726 [trainer.py] => CNN top1 curve: [97.24, 86.12, 83.33, 81.42, 80.39, 78.36, 78.16, 75.09, 74.64, 73.44, 72.56, 71.2, 69.61]
2024-08-25 14:04:04,726 [trainer.py] => CNN top5 curve: [100.0, 99.37, 98.05, 96.37, 94.71, 93.83, 93.07, 91.98, 91.48, 90.33, 89.84, 89.52, 88.42]

2024-08-25 14:04:04,726 [trainer.py] => Average Accuracy (CNN): 78.58153846153847
2024-08-25 14:04:04,727 [trainer.py] => All params: 171743233
2024-08-25 14:04:04,729 [trainer.py] => Trainable params: 85944577
2024-08-25 14:04:04,731 [aper_vpt.py] => Learning on 65-70
2024-08-25 14:04:12,331 [trainer.py] => No NME accuracy.
2024-08-25 14:04:12,331 [trainer.py] => CNN: {'total': 68.99, '00-09': 72.56, '10-19': 73.66, '20-29': 67.67, '30-39': 68.07, '40-49': 70.86, '50-59': 67.11, '60-69': 61.74, 'old': 69.22, 'new': 65.79}
2024-08-25 14:04:12,332 [trainer.py] => CNN top1 curve: [97.24, 86.12, 83.33, 81.42, 80.39, 78.36, 78.16, 75.09, 74.64, 73.44, 72.56, 71.2, 69.61, 68.99]
2024-08-25 14:04:12,332 [trainer.py] => CNN top5 curve: [100.0, 99.37, 98.05, 96.37, 94.71, 93.83, 93.07, 91.98, 91.48, 90.33, 89.84, 89.52, 88.42, 87.91]

2024-08-25 14:04:12,332 [trainer.py] => Average Accuracy (CNN): 77.89642857142857
2024-08-25 14:04:12,333 [trainer.py] => All params: 171750913
2024-08-25 14:04:12,334 [trainer.py] => Trainable params: 85952257
2024-08-25 14:04:12,336 [aper_vpt.py] => Learning on 70-75
2024-08-25 14:04:19,989 [trainer.py] => No NME accuracy.
2024-08-25 14:04:19,989 [trainer.py] => CNN: {'total': 69.4, '00-09': 72.56, '10-19': 73.66, '20-29': 67.67, '30-39': 68.07, '40-49': 70.86, '50-59': 67.11, '60-69': 61.74, '70-79': 76.8, 'old': 68.99, 'new': 76.8}
2024-08-25 14:04:19,989 [trainer.py] => CNN top1 curve: [97.24, 86.12, 83.33, 81.42, 80.39, 78.36, 78.16, 75.09, 74.64, 73.44, 72.56, 71.2, 69.61, 68.99, 69.4]
2024-08-25 14:04:19,989 [trainer.py] => CNN top5 curve: [100.0, 99.37, 98.05, 96.37, 94.71, 93.83, 93.07, 91.98, 91.48, 90.33, 89.84, 89.52, 88.42, 87.91, 87.62]

2024-08-25 14:04:19,989 [trainer.py] => Average Accuracy (CNN): 77.33
2024-08-25 14:04:19,990 [trainer.py] => All params: 171758593
2024-08-25 14:04:19,992 [trainer.py] => Trainable params: 85959937
2024-08-25 14:04:19,994 [aper_vpt.py] => Learning on 75-80
2024-08-25 14:04:28,084 [trainer.py] => No NME accuracy.
2024-08-25 14:04:28,084 [trainer.py] => CNN: {'total': 69.18, '00-09': 70.66, '10-19': 73.39, '20-29': 67.33, '30-39': 68.07, '40-49': 69.54, '50-59': 66.12, '60-69': 60.74, '70-79': 77.29, 'old': 68.64, 'new': 77.7}
2024-08-25 14:04:28,084 [trainer.py] => CNN top1 curve: [97.24, 86.12, 83.33, 81.42, 80.39, 78.36, 78.16, 75.09, 74.64, 73.44, 72.56, 71.2, 69.61, 68.99, 69.4, 69.18]
2024-08-25 14:04:28,084 [trainer.py] => CNN top5 curve: [100.0, 99.37, 98.05, 96.37, 94.71, 93.83, 93.07, 91.98, 91.48, 90.33, 89.84, 89.52, 88.42, 87.91, 87.62, 87.23]

2024-08-25 14:04:28,085 [trainer.py] => Average Accuracy (CNN): 76.820625
2024-08-25 14:04:28,086 [trainer.py] => All params: 171766273
2024-08-25 14:04:28,087 [trainer.py] => Trainable params: 85967617
2024-08-25 14:04:28,090 [aper_vpt.py] => Learning on 80-85
2024-08-25 14:04:36,561 [trainer.py] => No NME accuracy.
2024-08-25 14:04:36,562 [trainer.py] => CNN: {'total': 68.72, '00-09': 70.35, '10-19': 73.12, '20-29': 67.33, '30-39': 67.47, '40-49': 69.21, '50-59': 66.12, '60-69': 59.73, '70-79': 76.92, '80-89': 66.92, 'old': 68.82, 'new': 66.92}
2024-08-25 14:04:36,562 [trainer.py] => CNN top1 curve: [97.24, 86.12, 83.33, 81.42, 80.39, 78.36, 78.16, 75.09, 74.64, 73.44, 72.56, 71.2, 69.61, 68.99, 69.4, 69.18, 68.72]
2024-08-25 14:04:36,562 [trainer.py] => CNN top5 curve: [100.0, 99.37, 98.05, 96.37, 94.71, 93.83, 93.07, 91.98, 91.48, 90.33, 89.84, 89.52, 88.42, 87.91, 87.62, 87.23, 86.8]

2024-08-25 14:04:36,562 [trainer.py] => Average Accuracy (CNN): 76.34411764705884
2024-08-25 14:04:36,563 [trainer.py] => All params: 171773953
2024-08-25 14:04:36,564 [trainer.py] => Trainable params: 85975297
2024-08-25 14:04:36,567 [aper_vpt.py] => Learning on 85-90
2024-08-25 14:04:45,533 [trainer.py] => No NME accuracy.
2024-08-25 14:04:45,533 [trainer.py] => CNN: {'total': 66.92, '00-09': 69.4, '10-19': 72.85, '20-29': 66.33, '30-39': 66.87, '40-49': 67.22, '50-59': 65.13, '60-69': 58.39, '70-79': 76.92, '80-89': 58.71, 'old': 67.88, 'new': 52.78}
2024-08-25 14:04:45,533 [trainer.py] => CNN top1 curve: [97.24, 86.12, 83.33, 81.42, 80.39, 78.36, 78.16, 75.09, 74.64, 73.44, 72.56, 71.2, 69.61, 68.99, 69.4, 69.18, 68.72, 66.92]
2024-08-25 14:04:45,533 [trainer.py] => CNN top5 curve: [100.0, 99.37, 98.05, 96.37, 94.71, 93.83, 93.07, 91.98, 91.48, 90.33, 89.84, 89.52, 88.42, 87.91, 87.62, 87.23, 86.8, 85.29]

2024-08-25 14:04:45,533 [trainer.py] => Average Accuracy (CNN): 75.82055555555557
2024-08-25 14:04:45,535 [trainer.py] => All params: 171781633
2024-08-25 14:04:45,536 [trainer.py] => Trainable params: 85982977
2024-08-25 14:04:45,538 [aper_vpt.py] => Learning on 90-95
2024-08-25 14:04:54,133 [trainer.py] => No NME accuracy.
2024-08-25 14:04:54,133 [trainer.py] => CNN: {'total': 65.97, '00-09': 69.4, '10-19': 72.31, '20-29': 66.0, '30-39': 66.57, '40-49': 66.56, '50-59': 65.13, '60-69': 58.05, '70-79': 75.82, '80-89': 58.06, '90-99': 51.49, 'old': 66.49, 'new': 51.49}
2024-08-25 14:04:54,133 [trainer.py] => CNN top1 curve: [97.24, 86.12, 83.33, 81.42, 80.39, 78.36, 78.16, 75.09, 74.64, 73.44, 72.56, 71.2, 69.61, 68.99, 69.4, 69.18, 68.72, 66.92, 65.97]
2024-08-25 14:04:54,133 [trainer.py] => CNN top5 curve: [100.0, 99.37, 98.05, 96.37, 94.71, 93.83, 93.07, 91.98, 91.48, 90.33, 89.84, 89.52, 88.42, 87.91, 87.62, 87.23, 86.8, 85.29, 84.7]

2024-08-25 14:04:54,133 [trainer.py] => Average Accuracy (CNN): 75.30210526315791
2024-08-25 14:04:54,135 [trainer.py] => All params: 171789313
2024-08-25 14:04:54,136 [trainer.py] => Trainable params: 85990657
2024-08-25 14:04:54,138 [aper_vpt.py] => Learning on 95-100
2024-08-25 14:05:02,769 [trainer.py] => No NME accuracy.
2024-08-25 14:05:02,769 [trainer.py] => CNN: {'total': 65.7, '00-09': 69.4, '10-19': 72.31, '20-29': 65.33, '30-39': 66.57, '40-49': 63.91, '50-59': 65.13, '60-69': 58.05, '70-79': 75.46, '80-89': 57.74, '90-99': 59.89, 'old': 65.56, 'new': 71.05}
2024-08-25 14:05:02,769 [trainer.py] => CNN top1 curve: [97.24, 86.12, 83.33, 81.42, 80.39, 78.36, 78.16, 75.09, 74.64, 73.44, 72.56, 71.2, 69.61, 68.99, 69.4, 69.18, 68.72, 66.92, 65.97, 65.7]
2024-08-25 14:05:02,770 [trainer.py] => CNN top5 curve: [100.0, 99.37, 98.05, 96.37, 94.71, 93.83, 93.07, 91.98, 91.48, 90.33, 89.84, 89.52, 88.42, 87.91, 87.62, 87.23, 86.8, 85.29, 84.7, 84.52]

2024-08-25 14:05:02,770 [trainer.py] => Average Accuracy (CNN): 74.82200000000002
2024-08-25 14:05:02,771 [trainer.py] => All params: 171796993
2024-08-25 14:05:02,772 [trainer.py] => Trainable params: 85998337
2024-08-25 14:05:02,775 [aper_vpt.py] => Learning on 100-105
2024-08-25 14:05:12,196 [trainer.py] => No NME accuracy.
2024-08-25 14:05:12,196 [trainer.py] => CNN: {'total': 65.48, '00-09': 68.77, '10-19': 71.77, '20-29': 65.33, '30-39': 66.57, '40-49': 63.91, '50-59': 64.47, '60-69': 57.72, '70-79': 74.36, '80-89': 57.74, '90-99': 59.89, '100-109': 67.76, 'old': 65.36, 'new': 67.76}
2024-08-25 14:05:12,196 [trainer.py] => CNN top1 curve: [97.24, 86.12, 83.33, 81.42, 80.39, 78.36, 78.16, 75.09, 74.64, 73.44, 72.56, 71.2, 69.61, 68.99, 69.4, 69.18, 68.72, 66.92, 65.97, 65.7, 65.48]
2024-08-25 14:05:12,196 [trainer.py] => CNN top5 curve: [100.0, 99.37, 98.05, 96.37, 94.71, 93.83, 93.07, 91.98, 91.48, 90.33, 89.84, 89.52, 88.42, 87.91, 87.62, 87.23, 86.8, 85.29, 84.7, 84.52, 84.51]

2024-08-25 14:05:12,196 [trainer.py] => Average Accuracy (CNN): 74.37714285714287
2024-08-25 14:05:12,197 [trainer.py] => All params: 171804673
2024-08-25 14:05:12,199 [trainer.py] => Trainable params: 86006017
2024-08-25 14:05:12,201 [aper_vpt.py] => Learning on 105-110
2024-08-25 14:05:22,116 [trainer.py] => No NME accuracy.
2024-08-25 14:05:22,116 [trainer.py] => CNN: {'total': 65.04, '00-09': 68.77, '10-19': 70.7, '20-29': 65.0, '30-39': 66.57, '40-49': 63.58, '50-59': 64.14, '60-69': 57.72, '70-79': 74.36, '80-89': 57.74, '90-99': 59.89, '100-109': 64.08, 'old': 65.19, 'new': 61.36}
2024-08-25 14:05:22,116 [trainer.py] => CNN top1 curve: [97.24, 86.12, 83.33, 81.42, 80.39, 78.36, 78.16, 75.09, 74.64, 73.44, 72.56, 71.2, 69.61, 68.99, 69.4, 69.18, 68.72, 66.92, 65.97, 65.7, 65.48, 65.04]
2024-08-25 14:05:22,116 [trainer.py] => CNN top5 curve: [100.0, 99.37, 98.05, 96.37, 94.71, 93.83, 93.07, 91.98, 91.48, 90.33, 89.84, 89.52, 88.42, 87.91, 87.62, 87.23, 86.8, 85.29, 84.7, 84.52, 84.51, 84.0]

2024-08-25 14:05:22,116 [trainer.py] => Average Accuracy (CNN): 73.95272727272729
2024-08-25 14:05:22,117 [trainer.py] => All params: 171812353
2024-08-25 14:05:22,119 [trainer.py] => Trainable params: 86013697
2024-08-25 14:05:22,121 [aper_vpt.py] => Learning on 110-115
2024-08-25 14:05:32,104 [trainer.py] => No NME accuracy.
2024-08-25 14:05:32,104 [trainer.py] => CNN: {'total': 64.1, '00-09': 68.45, '10-19': 69.62, '20-29': 64.67, '30-39': 66.57, '40-49': 62.91, '50-59': 63.82, '60-69': 57.38, '70-79': 73.99, '80-89': 57.74, '90-99': 58.76, '100-109': 64.08, '110-119': 51.43, 'old': 64.64, 'new': 51.43}
2024-08-25 14:05:32,104 [trainer.py] => CNN top1 curve: [97.24, 86.12, 83.33, 81.42, 80.39, 78.36, 78.16, 75.09, 74.64, 73.44, 72.56, 71.2, 69.61, 68.99, 69.4, 69.18, 68.72, 66.92, 65.97, 65.7, 65.48, 65.04, 64.1]
2024-08-25 14:05:32,104 [trainer.py] => CNN top5 curve: [100.0, 99.37, 98.05, 96.37, 94.71, 93.83, 93.07, 91.98, 91.48, 90.33, 89.84, 89.52, 88.42, 87.91, 87.62, 87.23, 86.8, 85.29, 84.7, 84.52, 84.51, 84.0, 83.22]

2024-08-25 14:05:32,104 [trainer.py] => Average Accuracy (CNN): 73.52434782608697
2024-08-25 14:05:32,106 [trainer.py] => All params: 171820033
2024-08-25 14:05:32,108 [trainer.py] => Trainable params: 86021377
2024-08-25 14:05:32,111 [aper_vpt.py] => Learning on 115-120
2024-08-25 14:05:43,352 [trainer.py] => No NME accuracy.
2024-08-25 14:05:43,353 [trainer.py] => CNN: {'total': 64.17, '00-09': 68.45, '10-19': 68.01, '20-29': 64.33, '30-39': 66.57, '40-49': 62.91, '50-59': 63.82, '60-69': 57.05, '70-79': 73.63, '80-89': 57.74, '90-99': 58.76, '100-109': 63.03, '110-119': 63.3, 'old': 63.74, 'new': 70.34}
2024-08-25 14:05:43,353 [trainer.py] => CNN top1 curve: [97.24, 86.12, 83.33, 81.42, 80.39, 78.36, 78.16, 75.09, 74.64, 73.44, 72.56, 71.2, 69.61, 68.99, 69.4, 69.18, 68.72, 66.92, 65.97, 65.7, 65.48, 65.04, 64.1, 64.17]
2024-08-25 14:05:43,353 [trainer.py] => CNN top5 curve: [100.0, 99.37, 98.05, 96.37, 94.71, 93.83, 93.07, 91.98, 91.48, 90.33, 89.84, 89.52, 88.42, 87.91, 87.62, 87.23, 86.8, 85.29, 84.7, 84.52, 84.51, 84.0, 83.22, 82.85]

2024-08-25 14:05:43,353 [trainer.py] => Average Accuracy (CNN): 73.13458333333334
2024-08-25 14:05:43,355 [trainer.py] => All params: 171827713
2024-08-25 14:05:43,356 [trainer.py] => Trainable params: 86029057
2024-08-25 14:05:43,359 [aper_vpt.py] => Learning on 120-125
2024-08-25 14:06:00,091 [trainer.py] => No NME accuracy.
2024-08-25 14:06:00,091 [trainer.py] => CNN: {'total': 63.6, '00-09': 68.14, '10-19': 66.94, '20-29': 64.0, '30-39': 65.96, '40-49': 62.91, '50-59': 63.49, '60-69': 57.05, '70-79': 73.63, '80-89': 57.42, '90-99': 58.76, '100-109': 62.68, '110-119': 63.03, '120-129': 58.12, 'old': 63.84, 'new': 58.12}
2024-08-25 14:06:00,091 [trainer.py] => CNN top1 curve: [97.24, 86.12, 83.33, 81.42, 80.39, 78.36, 78.16, 75.09, 74.64, 73.44, 72.56, 71.2, 69.61, 68.99, 69.4, 69.18, 68.72, 66.92, 65.97, 65.7, 65.48, 65.04, 64.1, 64.17, 63.6]
2024-08-25 14:06:00,092 [trainer.py] => CNN top5 curve: [100.0, 99.37, 98.05, 96.37, 94.71, 93.83, 93.07, 91.98, 91.48, 90.33, 89.84, 89.52, 88.42, 87.91, 87.62, 87.23, 86.8, 85.29, 84.7, 84.52, 84.51, 84.0, 83.22, 82.85, 82.58]

2024-08-25 14:06:00,092 [trainer.py] => Average Accuracy (CNN): 72.7532
2024-08-25 14:06:00,093 [trainer.py] => All params: 171835393
2024-08-25 14:06:00,094 [trainer.py] => Trainable params: 86036737
2024-08-25 14:06:00,101 [aper_vpt.py] => Learning on 125-130
2024-08-25 14:06:16,235 [trainer.py] => No NME accuracy.
2024-08-25 14:06:16,235 [trainer.py] => CNN: {'total': 63.1, '00-09': 68.14, '10-19': 66.94, '20-29': 64.0, '30-39': 65.66, '40-49': 61.92, '50-59': 63.49, '60-69': 56.04, '70-79': 73.26, '80-89': 57.42, '90-99': 57.63, '100-109': 62.68, '110-119': 62.77, '120-129': 57.2, 'old': 63.31, 'new': 55.86}
2024-08-25 14:06:16,235 [trainer.py] => CNN top1 curve: [97.24, 86.12, 83.33, 81.42, 80.39, 78.36, 78.16, 75.09, 74.64, 73.44, 72.56, 71.2, 69.61, 68.99, 69.4, 69.18, 68.72, 66.92, 65.97, 65.7, 65.48, 65.04, 64.1, 64.17, 63.6, 63.1]
2024-08-25 14:06:16,235 [trainer.py] => CNN top5 curve: [100.0, 99.37, 98.05, 96.37, 94.71, 93.83, 93.07, 91.98, 91.48, 90.33, 89.84, 89.52, 88.42, 87.91, 87.62, 87.23, 86.8, 85.29, 84.7, 84.52, 84.51, 84.0, 83.22, 82.85, 82.58, 82.1]

2024-08-25 14:06:16,235 [trainer.py] => Average Accuracy (CNN): 72.38192307692307
2024-08-25 14:06:16,237 [trainer.py] => All params: 171843073
2024-08-25 14:06:16,238 [trainer.py] => Trainable params: 86044417
2024-08-25 14:06:16,244 [aper_vpt.py] => Learning on 130-135
2024-08-25 14:06:33,384 [trainer.py] => No NME accuracy.
2024-08-25 14:06:33,384 [trainer.py] => CNN: {'total': 63.01, '00-09': 68.14, '10-19': 66.67, '20-29': 63.67, '30-39': 65.66, '40-49': 61.92, '50-59': 63.16, '60-69': 56.04, '70-79': 73.26, '80-89': 57.42, '90-99': 57.63, '100-109': 62.68, '110-119': 62.77, '120-129': 56.83, '130-139': 63.31, 'old': 63.0, 'new': 63.31}
2024-08-25 14:06:33,384 [trainer.py] => CNN top1 curve: [97.24, 86.12, 83.33, 81.42, 80.39, 78.36, 78.16, 75.09, 74.64, 73.44, 72.56, 71.2, 69.61, 68.99, 69.4, 69.18, 68.72, 66.92, 65.97, 65.7, 65.48, 65.04, 64.1, 64.17, 63.6, 63.1, 63.01]
2024-08-25 14:06:33,384 [trainer.py] => CNN top5 curve: [100.0, 99.37, 98.05, 96.37, 94.71, 93.83, 93.07, 91.98, 91.48, 90.33, 89.84, 89.52, 88.42, 87.91, 87.62, 87.23, 86.8, 85.29, 84.7, 84.52, 84.51, 84.0, 83.22, 82.85, 82.58, 82.1, 81.78]

2024-08-25 14:06:33,384 [trainer.py] => Average Accuracy (CNN): 72.03481481481482
2024-08-25 14:06:33,386 [trainer.py] => All params: 171850753
2024-08-25 14:06:33,387 [trainer.py] => Trainable params: 86052097
2024-08-25 14:06:33,390 [aper_vpt.py] => Learning on 135-140
2024-08-25 14:06:49,137 [trainer.py] => No NME accuracy.
2024-08-25 14:06:49,137 [trainer.py] => CNN: {'total': 62.89, '00-09': 67.82, '10-19': 66.4, '20-29': 63.67, '30-39': 65.66, '40-49': 61.59, '50-59': 63.16, '60-69': 56.04, '70-79': 73.26, '80-89': 57.1, '90-99': 57.63, '100-109': 62.32, '110-119': 62.5, '120-129': 56.46, '130-139': 63.76, 'old': 62.79, 'new': 65.41}
2024-08-25 14:06:49,137 [trainer.py] => CNN top1 curve: [97.24, 86.12, 83.33, 81.42, 80.39, 78.36, 78.16, 75.09, 74.64, 73.44, 72.56, 71.2, 69.61, 68.99, 69.4, 69.18, 68.72, 66.92, 65.97, 65.7, 65.48, 65.04, 64.1, 64.17, 63.6, 63.1, 63.01, 62.89]
2024-08-25 14:06:49,137 [trainer.py] => CNN top5 curve: [100.0, 99.37, 98.05, 96.37, 94.71, 93.83, 93.07, 91.98, 91.48, 90.33, 89.84, 89.52, 88.42, 87.91, 87.62, 87.23, 86.8, 85.29, 84.7, 84.52, 84.51, 84.0, 83.22, 82.85, 82.58, 82.1, 81.78, 81.82]

2024-08-25 14:06:49,137 [trainer.py] => Average Accuracy (CNN): 71.70821428571429
2024-08-25 14:06:49,139 [trainer.py] => All params: 171858433
2024-08-25 14:06:49,140 [trainer.py] => Trainable params: 86059777
2024-08-25 14:06:49,143 [aper_vpt.py] => Learning on 140-145
2024-08-25 14:07:07,762 [trainer.py] => No NME accuracy.
2024-08-25 14:07:07,762 [trainer.py] => CNN: {'total': 63.26, '00-09': 66.88, '10-19': 66.4, '20-29': 63.67, '30-39': 65.66, '40-49': 61.59, '50-59': 63.16, '60-69': 56.04, '70-79': 73.26, '80-89': 57.1, '90-99': 57.06, '100-109': 61.62, '110-119': 62.5, '120-129': 56.46, '130-139': 63.76, '140-149': 74.02, 'old': 62.74, 'new': 74.02}
2024-08-25 14:07:07,762 [trainer.py] => CNN top1 curve: [97.24, 86.12, 83.33, 81.42, 80.39, 78.36, 78.16, 75.09, 74.64, 73.44, 72.56, 71.2, 69.61, 68.99, 69.4, 69.18, 68.72, 66.92, 65.97, 65.7, 65.48, 65.04, 64.1, 64.17, 63.6, 63.1, 63.01, 62.89, 63.26]
2024-08-25 14:07:07,762 [trainer.py] => CNN top5 curve: [100.0, 99.37, 98.05, 96.37, 94.71, 93.83, 93.07, 91.98, 91.48, 90.33, 89.84, 89.52, 88.42, 87.91, 87.62, 87.23, 86.8, 85.29, 84.7, 84.52, 84.51, 84.0, 83.22, 82.85, 82.58, 82.1, 81.78, 81.82, 81.98]

2024-08-25 14:07:07,762 [trainer.py] => Average Accuracy (CNN): 71.41689655172414
2024-08-25 14:07:07,764 [trainer.py] => All params: 171866113
2024-08-25 14:07:07,765 [trainer.py] => Trainable params: 86067457
2024-08-25 14:07:07,768 [aper_vpt.py] => Learning on 145-150
2024-08-25 14:07:28,436 [trainer.py] => No NME accuracy.
2024-08-25 14:07:28,436 [trainer.py] => CNN: {'total': 62.89, '00-09': 66.25, '10-19': 66.13, '20-29': 63.33, '30-39': 65.66, '40-49': 61.26, '50-59': 63.16, '60-69': 56.04, '70-79': 72.89, '80-89': 57.1, '90-99': 56.5, '100-109': 61.62, '110-119': 62.5, '120-129': 56.46, '130-139': 64.09, '140-149': 66.21, 'old': 63.13, 'new': 56.44}
2024-08-25 14:07:28,436 [trainer.py] => CNN top1 curve: [97.24, 86.12, 83.33, 81.42, 80.39, 78.36, 78.16, 75.09, 74.64, 73.44, 72.56, 71.2, 69.61, 68.99, 69.4, 69.18, 68.72, 66.92, 65.97, 65.7, 65.48, 65.04, 64.1, 64.17, 63.6, 63.1, 63.01, 62.89, 63.26, 62.89]
2024-08-25 14:07:28,436 [trainer.py] => CNN top5 curve: [100.0, 99.37, 98.05, 96.37, 94.71, 93.83, 93.07, 91.98, 91.48, 90.33, 89.84, 89.52, 88.42, 87.91, 87.62, 87.23, 86.8, 85.29, 84.7, 84.52, 84.51, 84.0, 83.22, 82.85, 82.58, 82.1, 81.78, 81.82, 81.98, 81.64]

2024-08-25 14:07:28,436 [trainer.py] => Average Accuracy (CNN): 71.13266666666667
2024-08-25 14:07:28,438 [trainer.py] => All params: 171873793
2024-08-25 14:07:28,439 [trainer.py] => Trainable params: 86075137
2024-08-25 14:07:28,445 [aper_vpt.py] => Learning on 150-155
2024-08-25 14:07:50,273 [trainer.py] => No NME accuracy.
2024-08-25 14:07:50,273 [trainer.py] => CNN: {'total': 62.77, '00-09': 66.25, '10-19': 66.13, '20-29': 63.0, '30-39': 65.06, '40-49': 60.93, '50-59': 62.83, '60-69': 56.04, '70-79': 72.89, '80-89': 57.1, '90-99': 56.5, '100-109': 61.62, '110-119': 62.5, '120-129': 56.09, '130-139': 63.76, '140-149': 66.21, '150-159': 63.49, 'old': 62.74, 'new': 63.49}
2024-08-25 14:07:50,273 [trainer.py] => CNN top1 curve: [97.24, 86.12, 83.33, 81.42, 80.39, 78.36, 78.16, 75.09, 74.64, 73.44, 72.56, 71.2, 69.61, 68.99, 69.4, 69.18, 68.72, 66.92, 65.97, 65.7, 65.48, 65.04, 64.1, 64.17, 63.6, 63.1, 63.01, 62.89, 63.26, 62.89, 62.77]
2024-08-25 14:07:50,274 [trainer.py] => CNN top5 curve: [100.0, 99.37, 98.05, 96.37, 94.71, 93.83, 93.07, 91.98, 91.48, 90.33, 89.84, 89.52, 88.42, 87.91, 87.62, 87.23, 86.8, 85.29, 84.7, 84.52, 84.51, 84.0, 83.22, 82.85, 82.58, 82.1, 81.78, 81.82, 81.98, 81.64, 81.53]

2024-08-25 14:07:50,274 [trainer.py] => Average Accuracy (CNN): 70.86290322580645
2024-08-25 14:07:50,275 [trainer.py] => All params: 171881473
2024-08-25 14:07:50,276 [trainer.py] => Trainable params: 86082817
2024-08-25 14:07:50,281 [aper_vpt.py] => Learning on 155-160
2024-08-25 14:08:12,707 [trainer.py] => No NME accuracy.
2024-08-25 14:08:12,708 [trainer.py] => CNN: {'total': 62.27, '00-09': 65.93, '10-19': 65.86, '20-29': 62.67, '30-39': 65.06, '40-49': 60.6, '50-59': 62.5, '60-69': 55.37, '70-79': 72.89, '80-89': 57.1, '90-99': 55.93, '100-109': 61.27, '110-119': 60.9, '120-129': 55.35, '130-139': 62.75, '140-149': 66.21, '150-159': 61.88, 'old': 62.35, 'new': 60.12}
2024-08-25 14:08:12,708 [trainer.py] => CNN top1 curve: [97.24, 86.12, 83.33, 81.42, 80.39, 78.36, 78.16, 75.09, 74.64, 73.44, 72.56, 71.2, 69.61, 68.99, 69.4, 69.18, 68.72, 66.92, 65.97, 65.7, 65.48, 65.04, 64.1, 64.17, 63.6, 63.1, 63.01, 62.89, 63.26, 62.89, 62.77, 62.27]
2024-08-25 14:08:12,708 [trainer.py] => CNN top5 curve: [100.0, 99.37, 98.05, 96.37, 94.71, 93.83, 93.07, 91.98, 91.48, 90.33, 89.84, 89.52, 88.42, 87.91, 87.62, 87.23, 86.8, 85.29, 84.7, 84.52, 84.51, 84.0, 83.22, 82.85, 82.58, 82.1, 81.78, 81.82, 81.98, 81.64, 81.53, 81.0]

2024-08-25 14:08:12,708 [trainer.py] => Average Accuracy (CNN): 70.594375
2024-08-25 14:08:12,709 [trainer.py] => All params: 171889153
2024-08-25 14:08:12,711 [trainer.py] => Trainable params: 86090497
2024-08-25 14:08:12,714 [aper_vpt.py] => Learning on 160-165
2024-08-25 14:08:35,111 [trainer.py] => No NME accuracy.
2024-08-25 14:08:35,111 [trainer.py] => CNN: {'total': 61.99, '00-09': 65.62, '10-19': 65.32, '20-29': 62.67, '30-39': 64.76, '40-49': 60.6, '50-59': 61.84, '60-69': 55.37, '70-79': 72.53, '80-89': 57.1, '90-99': 55.93, '100-109': 61.27, '110-119': 60.64, '120-129': 55.35, '130-139': 62.75, '140-149': 65.4, '150-159': 61.88, '160-169': 59.41, 'old': 62.05, 'new': 59.41}
2024-08-25 14:08:35,111 [trainer.py] => CNN top1 curve: [97.24, 86.12, 83.33, 81.42, 80.39, 78.36, 78.16, 75.09, 74.64, 73.44, 72.56, 71.2, 69.61, 68.99, 69.4, 69.18, 68.72, 66.92, 65.97, 65.7, 65.48, 65.04, 64.1, 64.17, 63.6, 63.1, 63.01, 62.89, 63.26, 62.89, 62.77, 62.27, 61.99]
2024-08-25 14:08:35,111 [trainer.py] => CNN top5 curve: [100.0, 99.37, 98.05, 96.37, 94.71, 93.83, 93.07, 91.98, 91.48, 90.33, 89.84, 89.52, 88.42, 87.91, 87.62, 87.23, 86.8, 85.29, 84.7, 84.52, 84.51, 84.0, 83.22, 82.85, 82.58, 82.1, 81.78, 81.82, 81.98, 81.64, 81.53, 81.0, 80.75]

2024-08-25 14:08:35,111 [trainer.py] => Average Accuracy (CNN): 70.33363636363636
2024-08-25 14:08:35,113 [trainer.py] => All params: 171896833
2024-08-25 14:08:35,114 [trainer.py] => Trainable params: 86098177
2024-08-25 14:08:35,117 [aper_vpt.py] => Learning on 165-170
2024-08-25 14:08:59,014 [trainer.py] => No NME accuracy.
2024-08-25 14:08:59,015 [trainer.py] => CNN: {'total': 61.32, '00-09': 65.3, '10-19': 65.05, '20-29': 62.67, '30-39': 64.46, '40-49': 59.93, '50-59': 61.51, '60-69': 55.03, '70-79': 72.16, '80-89': 56.77, '90-99': 55.93, '100-109': 60.21, '110-119': 60.64, '120-129': 54.98, '130-139': 62.75, '140-149': 64.85, '150-159': 61.05, '160-169': 53.48, 'old': 61.62, 'new': 49.61}
2024-08-25 14:08:59,015 [trainer.py] => CNN top1 curve: [97.24, 86.12, 83.33, 81.42, 80.39, 78.36, 78.16, 75.09, 74.64, 73.44, 72.56, 71.2, 69.61, 68.99, 69.4, 69.18, 68.72, 66.92, 65.97, 65.7, 65.48, 65.04, 64.1, 64.17, 63.6, 63.1, 63.01, 62.89, 63.26, 62.89, 62.77, 62.27, 61.99, 61.32]
2024-08-25 14:08:59,015 [trainer.py] => CNN top5 curve: [100.0, 99.37, 98.05, 96.37, 94.71, 93.83, 93.07, 91.98, 91.48, 90.33, 89.84, 89.52, 88.42, 87.91, 87.62, 87.23, 86.8, 85.29, 84.7, 84.52, 84.51, 84.0, 83.22, 82.85, 82.58, 82.1, 81.78, 81.82, 81.98, 81.64, 81.53, 81.0, 80.75, 80.05]

2024-08-25 14:08:59,015 [trainer.py] => Average Accuracy (CNN): 70.0685294117647
2024-08-25 14:08:59,017 [trainer.py] => All params: 171904513
2024-08-25 14:08:59,018 [trainer.py] => Trainable params: 86105857
2024-08-25 14:08:59,023 [aper_vpt.py] => Learning on 170-175
2024-08-25 14:09:22,606 [trainer.py] => No NME accuracy.
2024-08-25 14:09:22,606 [trainer.py] => CNN: {'total': 61.54, '00-09': 64.98, '10-19': 65.05, '20-29': 62.33, '30-39': 64.46, '40-49': 59.6, '50-59': 61.51, '60-69': 55.03, '70-79': 71.79, '80-89': 56.77, '90-99': 55.93, '100-109': 60.21, '110-119': 60.64, '120-129': 54.61, '130-139': 62.42, '140-149': 64.85, '150-159': 61.05, '160-169': 52.61, '170-179': 76.34, 'old': 61.16, 'new': 76.34}
2024-08-25 14:09:22,606 [trainer.py] => CNN top1 curve: [97.24, 86.12, 83.33, 81.42, 80.39, 78.36, 78.16, 75.09, 74.64, 73.44, 72.56, 71.2, 69.61, 68.99, 69.4, 69.18, 68.72, 66.92, 65.97, 65.7, 65.48, 65.04, 64.1, 64.17, 63.6, 63.1, 63.01, 62.89, 63.26, 62.89, 62.77, 62.27, 61.99, 61.32, 61.54]
2024-08-25 14:09:22,606 [trainer.py] => CNN top5 curve: [100.0, 99.37, 98.05, 96.37, 94.71, 93.83, 93.07, 91.98, 91.48, 90.33, 89.84, 89.52, 88.42, 87.91, 87.62, 87.23, 86.8, 85.29, 84.7, 84.52, 84.51, 84.0, 83.22, 82.85, 82.58, 82.1, 81.78, 81.82, 81.98, 81.64, 81.53, 81.0, 80.75, 80.05, 80.15]

2024-08-25 14:09:22,606 [trainer.py] => Average Accuracy (CNN): 69.82485714285714
2024-08-25 14:09:22,608 [trainer.py] => All params: 171912193
2024-08-25 14:09:22,609 [trainer.py] => Trainable params: 86113537
2024-08-25 14:09:22,615 [aper_vpt.py] => Learning on 175-180
2024-08-25 14:09:47,265 [trainer.py] => No NME accuracy.
2024-08-25 14:09:47,265 [trainer.py] => CNN: {'total': 61.26, '00-09': 64.98, '10-19': 64.78, '20-29': 62.33, '30-39': 64.46, '40-49': 59.6, '50-59': 61.51, '60-69': 54.7, '70-79': 70.7, '80-89': 56.77, '90-99': 54.8, '100-109': 60.21, '110-119': 60.64, '120-129': 54.24, '130-139': 62.08, '140-149': 64.03, '150-159': 60.77, '160-169': 52.17, '170-179': 68.95, 'old': 61.27, 'new': 60.68}
2024-08-25 14:09:47,265 [trainer.py] => CNN top1 curve: [97.24, 86.12, 83.33, 81.42, 80.39, 78.36, 78.16, 75.09, 74.64, 73.44, 72.56, 71.2, 69.61, 68.99, 69.4, 69.18, 68.72, 66.92, 65.97, 65.7, 65.48, 65.04, 64.1, 64.17, 63.6, 63.1, 63.01, 62.89, 63.26, 62.89, 62.77, 62.27, 61.99, 61.32, 61.54, 61.26]
2024-08-25 14:09:47,265 [trainer.py] => CNN top5 curve: [100.0, 99.37, 98.05, 96.37, 94.71, 93.83, 93.07, 91.98, 91.48, 90.33, 89.84, 89.52, 88.42, 87.91, 87.62, 87.23, 86.8, 85.29, 84.7, 84.52, 84.51, 84.0, 83.22, 82.85, 82.58, 82.1, 81.78, 81.82, 81.98, 81.64, 81.53, 81.0, 80.75, 80.05, 80.15, 79.95]

2024-08-25 14:09:47,265 [trainer.py] => Average Accuracy (CNN): 69.58694444444444
2024-08-25 14:09:47,267 [trainer.py] => All params: 171919873
2024-08-25 14:09:47,268 [trainer.py] => Trainable params: 86121217
2024-08-25 14:09:47,276 [aper_vpt.py] => Learning on 180-185
2024-08-25 14:10:12,335 [trainer.py] => No NME accuracy.
2024-08-25 14:10:12,335 [trainer.py] => CNN: {'total': 60.87, '00-09': 64.98, '10-19': 64.78, '20-29': 60.67, '30-39': 64.46, '40-49': 59.6, '50-59': 60.86, '60-69': 55.03, '70-79': 70.7, '80-89': 56.77, '90-99': 54.8, '100-109': 59.86, '110-119': 60.11, '120-129': 53.87, '130-139': 62.08, '140-149': 63.76, '150-159': 60.77, '160-169': 52.17, '170-179': 68.15, '180-189': 55.17, 'old': 61.02, 'new': 55.17}
2024-08-25 14:10:12,335 [trainer.py] => CNN top1 curve: [97.24, 86.12, 83.33, 81.42, 80.39, 78.36, 78.16, 75.09, 74.64, 73.44, 72.56, 71.2, 69.61, 68.99, 69.4, 69.18, 68.72, 66.92, 65.97, 65.7, 65.48, 65.04, 64.1, 64.17, 63.6, 63.1, 63.01, 62.89, 63.26, 62.89, 62.77, 62.27, 61.99, 61.32, 61.54, 61.26, 60.87]
2024-08-25 14:10:12,335 [trainer.py] => CNN top5 curve: [100.0, 99.37, 98.05, 96.37, 94.71, 93.83, 93.07, 91.98, 91.48, 90.33, 89.84, 89.52, 88.42, 87.91, 87.62, 87.23, 86.8, 85.29, 84.7, 84.52, 84.51, 84.0, 83.22, 82.85, 82.58, 82.1, 81.78, 81.82, 81.98, 81.64, 81.53, 81.0, 80.75, 80.05, 80.15, 79.95, 79.75]

2024-08-25 14:10:12,335 [trainer.py] => Average Accuracy (CNN): 69.35135135135135
2024-08-25 14:10:12,337 [trainer.py] => All params: 171927553
2024-08-25 14:10:12,338 [trainer.py] => Trainable params: 86128897
2024-08-25 14:10:12,343 [aper_vpt.py] => Learning on 185-190
2024-08-25 14:10:37,568 [trainer.py] => No NME accuracy.
2024-08-25 14:10:37,568 [trainer.py] => CNN: {'total': 60.66, '00-09': 64.98, '10-19': 64.78, '20-29': 60.67, '30-39': 64.46, '40-49': 59.6, '50-59': 58.55, '60-69': 54.7, '70-79': 70.33, '80-89': 56.77, '90-99': 54.8, '100-109': 59.86, '110-119': 59.84, '120-129': 53.87, '130-139': 62.08, '140-149': 63.76, '150-159': 60.77, '160-169': 51.74, '170-179': 67.74, '180-189': 58.12, 'old': 60.65, 'new': 60.74}
2024-08-25 14:10:37,568 [trainer.py] => CNN top1 curve: [97.24, 86.12, 83.33, 81.42, 80.39, 78.36, 78.16, 75.09, 74.64, 73.44, 72.56, 71.2, 69.61, 68.99, 69.4, 69.18, 68.72, 66.92, 65.97, 65.7, 65.48, 65.04, 64.1, 64.17, 63.6, 63.1, 63.01, 62.89, 63.26, 62.89, 62.77, 62.27, 61.99, 61.32, 61.54, 61.26, 60.87, 60.66]
2024-08-25 14:10:37,568 [trainer.py] => CNN top5 curve: [100.0, 99.37, 98.05, 96.37, 94.71, 93.83, 93.07, 91.98, 91.48, 90.33, 89.84, 89.52, 88.42, 87.91, 87.62, 87.23, 86.8, 85.29, 84.7, 84.52, 84.51, 84.0, 83.22, 82.85, 82.58, 82.1, 81.78, 81.82, 81.98, 81.64, 81.53, 81.0, 80.75, 80.05, 80.15, 79.95, 79.75, 79.56]

2024-08-25 14:10:37,568 [trainer.py] => Average Accuracy (CNN): 69.12263157894736
2024-08-25 14:10:37,570 [trainer.py] => All params: 171935233
2024-08-25 14:10:37,571 [trainer.py] => Trainable params: 86136577
2024-08-25 14:10:37,577 [aper_vpt.py] => Learning on 190-195
2024-08-25 14:11:03,275 [trainer.py] => No NME accuracy.
2024-08-25 14:11:03,276 [trainer.py] => CNN: {'total': 60.29, '00-09': 64.67, '10-19': 64.52, '20-29': 60.67, '30-39': 62.65, '40-49': 59.6, '50-59': 58.55, '60-69': 54.36, '70-79': 69.96, '80-89': 56.13, '90-99': 54.8, '100-109': 58.45, '110-119': 59.84, '120-129': 53.87, '130-139': 61.74, '140-149': 63.22, '150-159': 59.94, '160-169': 51.74, '170-179': 67.74, '180-189': 58.12, '190-199': 61.04, 'old': 60.27, 'new': 61.04}
2024-08-25 14:11:03,276 [trainer.py] => CNN top1 curve: [97.24, 86.12, 83.33, 81.42, 80.39, 78.36, 78.16, 75.09, 74.64, 73.44, 72.56, 71.2, 69.61, 68.99, 69.4, 69.18, 68.72, 66.92, 65.97, 65.7, 65.48, 65.04, 64.1, 64.17, 63.6, 63.1, 63.01, 62.89, 63.26, 62.89, 62.77, 62.27, 61.99, 61.32, 61.54, 61.26, 60.87, 60.66, 60.29]
2024-08-25 14:11:03,276 [trainer.py] => CNN top5 curve: [100.0, 99.37, 98.05, 96.37, 94.71, 93.83, 93.07, 91.98, 91.48, 90.33, 89.84, 89.52, 88.42, 87.91, 87.62, 87.23, 86.8, 85.29, 84.7, 84.52, 84.51, 84.0, 83.22, 82.85, 82.58, 82.1, 81.78, 81.82, 81.98, 81.64, 81.53, 81.0, 80.75, 80.05, 80.15, 79.95, 79.75, 79.56, 79.38]

2024-08-25 14:11:03,276 [trainer.py] => Average Accuracy (CNN): 68.89615384615384
2024-08-25 14:11:03,277 [trainer.py] => All params: 171942913
2024-08-25 14:11:03,278 [trainer.py] => Trainable params: 86144257
2024-08-25 14:11:03,286 [aper_vpt.py] => Learning on 195-200
2024-08-25 14:11:30,367 [trainer.py] => No NME accuracy.
2024-08-25 14:11:30,368 [trainer.py] => CNN: {'total': 60.22, '00-09': 64.67, '10-19': 64.25, '20-29': 60.67, '30-39': 62.65, '40-49': 59.6, '50-59': 58.55, '60-69': 54.03, '70-79': 69.96, '80-89': 55.16, '90-99': 54.8, '100-109': 58.45, '110-119': 59.84, '120-129': 53.87, '130-139': 61.41, '140-149': 63.22, '150-159': 59.94, '160-169': 49.13, '170-179': 67.74, '180-189': 58.12, '190-199': 63.47, 'old': 60.09, 'new': 66.67}
2024-08-25 14:11:30,368 [trainer.py] => CNN top1 curve: [97.24, 86.12, 83.33, 81.42, 80.39, 78.36, 78.16, 75.09, 74.64, 73.44, 72.56, 71.2, 69.61, 68.99, 69.4, 69.18, 68.72, 66.92, 65.97, 65.7, 65.48, 65.04, 64.1, 64.17, 63.6, 63.1, 63.01, 62.89, 63.26, 62.89, 62.77, 62.27, 61.99, 61.32, 61.54, 61.26, 60.87, 60.66, 60.29, 60.22]
2024-08-25 14:11:30,368 [trainer.py] => CNN top5 curve: [100.0, 99.37, 98.05, 96.37, 94.71, 93.83, 93.07, 91.98, 91.48, 90.33, 89.84, 89.52, 88.42, 87.91, 87.62, 87.23, 86.8, 85.29, 84.7, 84.52, 84.51, 84.0, 83.22, 82.85, 82.58, 82.1, 81.78, 81.82, 81.98, 81.64, 81.53, 81.0, 80.75, 80.05, 80.15, 79.95, 79.75, 79.56, 79.38, 79.38]

2024-08-25 14:11:30,368 [trainer.py] => Average Accuracy (CNN): 68.67925
