2024-08-24 17:59:10,503 [trainer.py] => config: exps/aper_vpt-shallow/imagenetr_5_5_vit-b_vpt-shallow.json
2024-08-24 17:59:10,503 [trainer.py] => prefix: exp_vpt-shallow
2024-08-24 17:59:10,503 [trainer.py] => dataset: imagenetr
2024-08-24 17:59:10,503 [trainer.py] => memory_size: 2000
2024-08-24 17:59:10,503 [trainer.py] => memory_per_class: 20
2024-08-24 17:59:10,503 [trainer.py] => fixed_memory: False
2024-08-24 17:59:10,503 [trainer.py] => shuffle: True
2024-08-24 17:59:10,503 [trainer.py] => init_cls: 5
2024-08-24 17:59:10,503 [trainer.py] => increment: 5
2024-08-24 17:59:10,503 [trainer.py] => model_name: aper_vpt
2024-08-24 17:59:10,504 [trainer.py] => convnet_type: pretrained_vit_b16_224_in21k_vpt
2024-08-24 17:59:10,504 [trainer.py] => weight_decay: 0.0005
2024-08-24 17:59:10,504 [trainer.py] => vpt_type: shallow
2024-08-24 17:59:10,504 [trainer.py] => prompt_token_num: 5
2024-08-24 17:59:10,504 [trainer.py] => ffn_num: 64
2024-08-24 17:59:10,504 [trainer.py] => optimizer: sgd
2024-08-24 17:59:10,504 [trainer.py] => min_lr: 0
2024-08-24 17:59:10,504 [trainer.py] => device: [device(type='cuda', index=0)]
2024-08-24 17:59:10,504 [trainer.py] => seed: 1993
2024-08-24 17:59:10,504 [trainer.py] => tuned_epoch: 20
2024-08-24 17:59:10,504 [trainer.py] => init_lr: 0.01
2024-08-24 17:59:10,504 [trainer.py] => batch_size: 48
2024-08-24 17:59:10,612 [data_manager.py] => [168, 136, 51, 9, 183, 101, 171, 99, 42, 159, 191, 70, 16, 188, 27, 10, 175, 26, 68, 187, 98, 6, 85, 35, 112, 43, 100, 0, 103, 181, 88, 59, 4, 2, 116, 174, 94, 80, 106, 1, 147, 17, 141, 131, 72, 23, 173, 54, 197, 118, 87, 32, 79, 104, 91, 19, 135, 107, 178, 36, 11, 199, 142, 8, 122, 3, 28, 57, 153, 172, 190, 56, 49, 44, 97, 62, 151, 169, 194, 55, 192, 12, 189, 78, 66, 180, 15, 137, 109, 134, 92, 119, 126, 52, 170, 40, 148, 65, 144, 64, 138, 45, 77, 89, 154, 90, 71, 193, 74, 30, 113, 143, 96, 84, 67, 50, 186, 156, 69, 21, 18, 111, 108, 58, 125, 157, 150, 110, 182, 129, 166, 83, 81, 60, 13, 165, 14, 176, 63, 117, 5, 22, 145, 121, 38, 41, 82, 127, 114, 20, 31, 53, 37, 163, 196, 130, 152, 162, 86, 76, 24, 34, 184, 149, 33, 128, 198, 155, 146, 167, 139, 120, 140, 102, 47, 25, 158, 123, 46, 164, 61, 7, 115, 75, 133, 160, 105, 132, 179, 124, 48, 73, 93, 39, 95, 195, 29, 177, 185, 161]
2024-08-24 17:59:15,033 [trainer.py] => All params: 85802496
2024-08-24 17:59:15,034 [trainer.py] => Trainable params: 3840
2024-08-24 17:59:19,267 [aper_vpt.py] => Learning on 0-5
2024-08-24 18:01:31,369 [aper_vpt.py] => Task 0, Epoch 20/20 => Loss 0.781, Train_accy 89.52, Test_accy 91.72
2024-08-24 18:01:45,546 [trainer.py] => No NME accuracy.
2024-08-24 18:01:45,546 [trainer.py] => CNN: {'total': 88.97, '00-09': 88.97, 'old': 0, 'new': 88.97}
2024-08-24 18:01:45,546 [trainer.py] => CNN top1 curve: [88.97]
2024-08-24 18:01:45,547 [trainer.py] => CNN top5 curve: [100.0]

2024-08-24 18:01:45,547 [trainer.py] => Average Accuracy (CNN): 88.97
2024-08-24 18:01:45,548 [trainer.py] => All params: 171608833
2024-08-24 18:01:45,549 [trainer.py] => Trainable params: 85810177
2024-08-24 18:01:45,563 [aper_vpt.py] => Learning on 5-10
2024-08-24 18:01:55,868 [trainer.py] => No NME accuracy.
2024-08-24 18:01:55,868 [trainer.py] => CNN: {'total': 82.65, '00-09': 82.65, 'old': 86.9, 'new': 79.07}
2024-08-24 18:01:55,869 [trainer.py] => CNN top1 curve: [88.97, 82.65]
2024-08-24 18:01:55,869 [trainer.py] => CNN top5 curve: [100.0, 99.05]

2024-08-24 18:01:55,869 [trainer.py] => Average Accuracy (CNN): 85.81
2024-08-24 18:01:55,870 [trainer.py] => All params: 171616513
2024-08-24 18:01:55,872 [trainer.py] => Trainable params: 85817857
2024-08-24 18:01:55,881 [aper_vpt.py] => Learning on 10-15
2024-08-24 18:02:08,896 [trainer.py] => No NME accuracy.
2024-08-24 18:02:08,896 [trainer.py] => CNN: {'total': 80.32, '00-09': 78.23, '10-19': 83.0, 'old': 78.23, 'new': 83.0}
2024-08-24 18:02:08,897 [trainer.py] => CNN top1 curve: [88.97, 82.65, 80.32]
2024-08-24 18:02:08,897 [trainer.py] => CNN top5 curve: [100.0, 99.05, 95.92]

2024-08-24 18:02:08,897 [trainer.py] => Average Accuracy (CNN): 83.98
2024-08-24 18:02:08,898 [trainer.py] => All params: 171624193
2024-08-24 18:02:08,899 [trainer.py] => Trainable params: 85825537
2024-08-24 18:02:08,908 [aper_vpt.py] => Learning on 15-20
2024-08-24 18:02:23,482 [trainer.py] => No NME accuracy.
2024-08-24 18:02:23,482 [trainer.py] => CNN: {'total': 77.65, '00-09': 76.03, '10-19': 79.03, 'old': 78.37, 'new': 74.4}
2024-08-24 18:02:23,483 [trainer.py] => CNN top1 curve: [88.97, 82.65, 80.32, 77.65]
2024-08-24 18:02:23,483 [trainer.py] => CNN top5 curve: [100.0, 99.05, 95.92, 94.34]

2024-08-24 18:02:23,483 [trainer.py] => Average Accuracy (CNN): 82.39750000000001
2024-08-24 18:02:23,484 [trainer.py] => All params: 171631873
2024-08-24 18:02:23,485 [trainer.py] => Trainable params: 85833217
2024-08-24 18:02:23,494 [aper_vpt.py] => Learning on 20-25
2024-08-24 18:02:37,002 [trainer.py] => No NME accuracy.
2024-08-24 18:02:37,002 [trainer.py] => CNN: {'total': 76.05, '00-09': 74.45, '10-19': 77.15, '20-29': 76.76, 'old': 75.91, 'new': 76.76}
2024-08-24 18:02:37,003 [trainer.py] => CNN top1 curve: [88.97, 82.65, 80.32, 77.65, 76.05]
2024-08-24 18:02:37,003 [trainer.py] => CNN top5 curve: [100.0, 99.05, 95.92, 94.34, 92.9]

2024-08-24 18:02:37,003 [trainer.py] => Average Accuracy (CNN): 81.12800000000001
2024-08-24 18:02:37,005 [trainer.py] => All params: 171639553
2024-08-24 18:02:37,006 [trainer.py] => Trainable params: 85840897
2024-08-24 18:02:37,011 [aper_vpt.py] => Learning on 25-30
2024-08-24 18:02:51,857 [trainer.py] => No NME accuracy.
2024-08-24 18:02:51,857 [trainer.py] => CNN: {'total': 73.51, '00-09': 71.29, '10-19': 75.81, '20-29': 73.0, 'old': 74.25, 'new': 69.62}
2024-08-24 18:02:51,857 [trainer.py] => CNN top1 curve: [88.97, 82.65, 80.32, 77.65, 76.05, 73.51]
2024-08-24 18:02:51,857 [trainer.py] => CNN top5 curve: [100.0, 99.05, 95.92, 94.34, 92.9, 92.62]

2024-08-24 18:02:51,857 [trainer.py] => Average Accuracy (CNN): 79.85833333333333
2024-08-24 18:02:51,859 [trainer.py] => All params: 171647233
2024-08-24 18:02:51,860 [trainer.py] => Trainable params: 85848577
2024-08-24 18:02:51,865 [aper_vpt.py] => Learning on 30-35
2024-08-24 18:03:12,199 [trainer.py] => No NME accuracy.
2024-08-24 18:03:12,199 [trainer.py] => CNN: {'total': 72.98, '00-09': 70.66, '10-19': 75.54, '20-29': 72.67, '30-39': 72.19, 'old': 73.1, 'new': 72.19}
2024-08-24 18:03:12,199 [trainer.py] => CNN top1 curve: [88.97, 82.65, 80.32, 77.65, 76.05, 73.51, 72.98]
2024-08-24 18:03:12,199 [trainer.py] => CNN top5 curve: [100.0, 99.05, 95.92, 94.34, 92.9, 92.62, 91.32]

2024-08-24 18:03:12,199 [trainer.py] => Average Accuracy (CNN): 78.87571428571428
2024-08-24 18:03:12,201 [trainer.py] => All params: 171654913
2024-08-24 18:03:12,202 [trainer.py] => Trainable params: 85856257
2024-08-24 18:03:12,215 [aper_vpt.py] => Learning on 35-40
2024-08-24 18:03:29,841 [trainer.py] => No NME accuracy.
2024-08-24 18:03:29,841 [trainer.py] => CNN: {'total': 70.33, '00-09': 70.03, '10-19': 73.12, '20-29': 71.33, '30-39': 66.57, 'old': 70.88, 'new': 66.85}
2024-08-24 18:03:29,841 [trainer.py] => CNN top1 curve: [88.97, 82.65, 80.32, 77.65, 76.05, 73.51, 72.98, 70.33]
2024-08-24 18:03:29,841 [trainer.py] => CNN top5 curve: [100.0, 99.05, 95.92, 94.34, 92.9, 92.62, 91.32, 89.86]

2024-08-24 18:03:29,841 [trainer.py] => Average Accuracy (CNN): 77.8075
2024-08-24 18:03:29,843 [trainer.py] => All params: 171662593
2024-08-24 18:03:29,844 [trainer.py] => Trainable params: 85863937
2024-08-24 18:03:29,849 [aper_vpt.py] => Learning on 40-45
2024-08-24 18:03:50,076 [trainer.py] => No NME accuracy.
2024-08-24 18:03:50,076 [trainer.py] => CNN: {'total': 70.35, '00-09': 68.77, '10-19': 72.58, '20-29': 70.33, '30-39': 66.57, '40-49': 76.71, 'old': 69.64, 'new': 76.71}
2024-08-24 18:03:50,076 [trainer.py] => CNN top1 curve: [88.97, 82.65, 80.32, 77.65, 76.05, 73.51, 72.98, 70.33, 70.35]
2024-08-24 18:03:50,076 [trainer.py] => CNN top5 curve: [100.0, 99.05, 95.92, 94.34, 92.9, 92.62, 91.32, 89.86, 88.96]

2024-08-24 18:03:50,076 [trainer.py] => Average Accuracy (CNN): 76.97888888888889
2024-08-24 18:03:50,078 [trainer.py] => All params: 171670273
2024-08-24 18:03:50,079 [trainer.py] => Trainable params: 85871617
2024-08-24 18:03:50,084 [aper_vpt.py] => Learning on 45-50
2024-08-24 18:04:10,704 [trainer.py] => No NME accuracy.
2024-08-24 18:04:10,705 [trainer.py] => CNN: {'total': 69.38, '00-09': 67.82, '10-19': 71.51, '20-29': 68.67, '30-39': 64.76, '40-49': 74.17, 'old': 68.78, 'new': 75.0}
2024-08-24 18:04:10,705 [trainer.py] => CNN top1 curve: [88.97, 82.65, 80.32, 77.65, 76.05, 73.51, 72.98, 70.33, 70.35, 69.38]
2024-08-24 18:04:10,705 [trainer.py] => CNN top5 curve: [100.0, 99.05, 95.92, 94.34, 92.9, 92.62, 91.32, 89.86, 88.96, 87.62]

2024-08-24 18:04:10,705 [trainer.py] => Average Accuracy (CNN): 76.21900000000001
2024-08-24 18:04:10,706 [trainer.py] => All params: 171677953
2024-08-24 18:04:10,707 [trainer.py] => Trainable params: 85879297
2024-08-24 18:04:10,709 [aper_vpt.py] => Learning on 50-55
2024-08-24 18:04:29,574 [trainer.py] => No NME accuracy.
2024-08-24 18:04:29,574 [trainer.py] => CNN: {'total': 68.41, '00-09': 67.82, '10-19': 70.16, '20-29': 68.0, '30-39': 63.55, '40-49': 73.51, '50-59': 66.67, 'old': 68.58, 'new': 66.67}
2024-08-24 18:04:29,574 [trainer.py] => CNN top1 curve: [88.97, 82.65, 80.32, 77.65, 76.05, 73.51, 72.98, 70.33, 70.35, 69.38, 68.41]
2024-08-24 18:04:29,574 [trainer.py] => CNN top5 curve: [100.0, 99.05, 95.92, 94.34, 92.9, 92.62, 91.32, 89.86, 88.96, 87.62, 86.87]

2024-08-24 18:04:29,574 [trainer.py] => Average Accuracy (CNN): 75.50909090909092
2024-08-24 18:04:29,576 [trainer.py] => All params: 171685633
2024-08-24 18:04:29,577 [trainer.py] => Trainable params: 85886977
2024-08-24 18:04:29,582 [aper_vpt.py] => Learning on 55-60
2024-08-24 18:04:47,488 [trainer.py] => No NME accuracy.
2024-08-24 18:04:47,488 [trainer.py] => CNN: {'total': 67.46, '00-09': 67.51, '10-19': 69.62, '20-29': 67.33, '30-39': 62.95, '40-49': 73.51, '50-59': 63.82, 'old': 67.96, 'new': 61.38}
2024-08-24 18:04:47,488 [trainer.py] => CNN top1 curve: [88.97, 82.65, 80.32, 77.65, 76.05, 73.51, 72.98, 70.33, 70.35, 69.38, 68.41, 67.46]
2024-08-24 18:04:47,488 [trainer.py] => CNN top5 curve: [100.0, 99.05, 95.92, 94.34, 92.9, 92.62, 91.32, 89.86, 88.96, 87.62, 86.87, 86.2]

2024-08-24 18:04:47,488 [trainer.py] => Average Accuracy (CNN): 74.83833333333334
2024-08-24 18:04:47,489 [trainer.py] => All params: 171693313
2024-08-24 18:04:47,491 [trainer.py] => Trainable params: 85894657
2024-08-24 18:04:47,495 [aper_vpt.py] => Learning on 60-65
2024-08-24 18:05:04,609 [trainer.py] => No NME accuracy.
2024-08-24 18:05:04,609 [trainer.py] => CNN: {'total': 66.18, '00-09': 66.25, '10-19': 67.47, '20-29': 67.33, '30-39': 62.65, '40-49': 73.18, '50-59': 63.16, '60-69': 60.27, 'old': 66.63, 'new': 60.27}
2024-08-24 18:05:04,609 [trainer.py] => CNN top1 curve: [88.97, 82.65, 80.32, 77.65, 76.05, 73.51, 72.98, 70.33, 70.35, 69.38, 68.41, 67.46, 66.18]
2024-08-24 18:05:04,610 [trainer.py] => CNN top5 curve: [100.0, 99.05, 95.92, 94.34, 92.9, 92.62, 91.32, 89.86, 88.96, 87.62, 86.87, 86.2, 85.24]

2024-08-24 18:05:04,610 [trainer.py] => Average Accuracy (CNN): 74.1723076923077
2024-08-24 18:05:04,611 [trainer.py] => All params: 171700993
2024-08-24 18:05:04,612 [trainer.py] => Trainable params: 85902337
2024-08-24 18:05:04,617 [aper_vpt.py] => Learning on 65-70
2024-08-24 18:05:22,839 [trainer.py] => No NME accuracy.
2024-08-24 18:05:22,839 [trainer.py] => CNN: {'total': 66.02, '00-09': 65.93, '10-19': 67.2, '20-29': 67.0, '30-39': 62.65, '40-49': 72.85, '50-59': 63.16, '60-69': 63.42, 'old': 65.89, 'new': 67.76}
2024-08-24 18:05:22,839 [trainer.py] => CNN top1 curve: [88.97, 82.65, 80.32, 77.65, 76.05, 73.51, 72.98, 70.33, 70.35, 69.38, 68.41, 67.46, 66.18, 66.02]
2024-08-24 18:05:22,839 [trainer.py] => CNN top5 curve: [100.0, 99.05, 95.92, 94.34, 92.9, 92.62, 91.32, 89.86, 88.96, 87.62, 86.87, 86.2, 85.24, 84.76]

2024-08-24 18:05:22,839 [trainer.py] => Average Accuracy (CNN): 73.59
2024-08-24 18:05:22,840 [trainer.py] => All params: 171708673
2024-08-24 18:05:22,842 [trainer.py] => Trainable params: 85910017
2024-08-24 18:05:22,846 [aper_vpt.py] => Learning on 70-75
2024-08-24 18:05:38,639 [trainer.py] => No NME accuracy.
2024-08-24 18:05:38,639 [trainer.py] => CNN: {'total': 65.96, '00-09': 65.93, '10-19': 67.2, '20-29': 67.0, '30-39': 62.65, '40-49': 72.85, '50-59': 63.16, '60-69': 63.09, '70-79': 65.6, 'old': 65.98, 'new': 65.6}
2024-08-24 18:05:38,639 [trainer.py] => CNN top1 curve: [88.97, 82.65, 80.32, 77.65, 76.05, 73.51, 72.98, 70.33, 70.35, 69.38, 68.41, 67.46, 66.18, 66.02, 65.96]
2024-08-24 18:05:38,639 [trainer.py] => CNN top5 curve: [100.0, 99.05, 95.92, 94.34, 92.9, 92.62, 91.32, 89.86, 88.96, 87.62, 86.87, 86.2, 85.24, 84.76, 84.09]

2024-08-24 18:05:38,640 [trainer.py] => Average Accuracy (CNN): 73.08133333333333
2024-08-24 18:05:38,641 [trainer.py] => All params: 171716353
2024-08-24 18:05:38,642 [trainer.py] => Trainable params: 85917697
2024-08-24 18:05:38,647 [aper_vpt.py] => Learning on 75-80
2024-08-24 18:05:55,957 [trainer.py] => No NME accuracy.
2024-08-24 18:05:55,958 [trainer.py] => CNN: {'total': 65.13, '00-09': 64.67, '10-19': 65.86, '20-29': 66.67, '30-39': 62.35, '40-49': 70.86, '50-59': 62.17, '60-69': 59.73, '70-79': 69.23, 'old': 64.64, 'new': 72.97}
2024-08-24 18:05:55,958 [trainer.py] => CNN top1 curve: [88.97, 82.65, 80.32, 77.65, 76.05, 73.51, 72.98, 70.33, 70.35, 69.38, 68.41, 67.46, 66.18, 66.02, 65.96, 65.13]
2024-08-24 18:05:55,958 [trainer.py] => CNN top5 curve: [100.0, 99.05, 95.92, 94.34, 92.9, 92.62, 91.32, 89.86, 88.96, 87.62, 86.87, 86.2, 85.24, 84.76, 84.09, 83.95]

2024-08-24 18:05:55,958 [trainer.py] => Average Accuracy (CNN): 72.584375
2024-08-24 18:05:55,959 [trainer.py] => All params: 171724033
2024-08-24 18:05:55,960 [trainer.py] => Trainable params: 85925377
2024-08-24 18:05:55,967 [aper_vpt.py] => Learning on 80-85
2024-08-24 18:06:15,467 [trainer.py] => No NME accuracy.
2024-08-24 18:06:15,467 [trainer.py] => CNN: {'total': 64.57, '00-09': 64.67, '10-19': 65.05, '20-29': 66.0, '30-39': 62.35, '40-49': 70.86, '50-59': 62.17, '60-69': 59.06, '70-79': 69.23, '80-89': 59.23, 'old': 64.85, 'new': 59.23}
2024-08-24 18:06:15,467 [trainer.py] => CNN top1 curve: [88.97, 82.65, 80.32, 77.65, 76.05, 73.51, 72.98, 70.33, 70.35, 69.38, 68.41, 67.46, 66.18, 66.02, 65.96, 65.13, 64.57]
2024-08-24 18:06:15,467 [trainer.py] => CNN top5 curve: [100.0, 99.05, 95.92, 94.34, 92.9, 92.62, 91.32, 89.86, 88.96, 87.62, 86.87, 86.2, 85.24, 84.76, 84.09, 83.95, 83.33]

2024-08-24 18:06:15,467 [trainer.py] => Average Accuracy (CNN): 72.11294117647058
2024-08-24 18:06:15,469 [trainer.py] => All params: 171731713
2024-08-24 18:06:15,470 [trainer.py] => Trainable params: 85933057
2024-08-24 18:06:15,472 [aper_vpt.py] => Learning on 85-90
2024-08-24 18:06:37,996 [trainer.py] => No NME accuracy.
2024-08-24 18:06:37,996 [trainer.py] => CNN: {'total': 63.25, '00-09': 64.04, '10-19': 63.71, '20-29': 65.33, '30-39': 61.75, '40-49': 68.87, '50-59': 60.2, '60-69': 58.05, '70-79': 68.86, '80-89': 59.03, 'old': 63.55, 'new': 58.89}
2024-08-24 18:06:37,996 [trainer.py] => CNN top1 curve: [88.97, 82.65, 80.32, 77.65, 76.05, 73.51, 72.98, 70.33, 70.35, 69.38, 68.41, 67.46, 66.18, 66.02, 65.96, 65.13, 64.57, 63.25]
2024-08-24 18:06:37,996 [trainer.py] => CNN top5 curve: [100.0, 99.05, 95.92, 94.34, 92.9, 92.62, 91.32, 89.86, 88.96, 87.62, 86.87, 86.2, 85.24, 84.76, 84.09, 83.95, 83.33, 82.05]

2024-08-24 18:06:37,996 [trainer.py] => Average Accuracy (CNN): 71.62055555555554
2024-08-24 18:06:37,998 [trainer.py] => All params: 171739393
2024-08-24 18:06:37,999 [trainer.py] => Trainable params: 85940737
2024-08-24 18:06:38,004 [aper_vpt.py] => Learning on 90-95
2024-08-24 18:06:56,623 [trainer.py] => No NME accuracy.
2024-08-24 18:06:56,623 [trainer.py] => CNN: {'total': 62.15, '00-09': 63.09, '10-19': 63.17, '20-29': 64.67, '30-39': 61.14, '40-49': 67.88, '50-59': 60.2, '60-69': 57.38, '70-79': 67.03, '80-89': 57.74, '90-99': 54.46, 'old': 62.43, 'new': 54.46}
2024-08-24 18:06:56,623 [trainer.py] => CNN top1 curve: [88.97, 82.65, 80.32, 77.65, 76.05, 73.51, 72.98, 70.33, 70.35, 69.38, 68.41, 67.46, 66.18, 66.02, 65.96, 65.13, 64.57, 63.25, 62.15]
2024-08-24 18:06:56,623 [trainer.py] => CNN top5 curve: [100.0, 99.05, 95.92, 94.34, 92.9, 92.62, 91.32, 89.86, 88.96, 87.62, 86.87, 86.2, 85.24, 84.76, 84.09, 83.95, 83.33, 82.05, 81.37]

2024-08-24 18:06:56,623 [trainer.py] => Average Accuracy (CNN): 71.12210526315789
2024-08-24 18:06:56,625 [trainer.py] => All params: 171747073
2024-08-24 18:06:56,626 [trainer.py] => Trainable params: 85948417
2024-08-24 18:06:56,633 [aper_vpt.py] => Learning on 95-100
2024-08-24 18:07:17,942 [trainer.py] => No NME accuracy.
2024-08-24 18:07:17,943 [trainer.py] => CNN: {'total': 62.01, '00-09': 63.09, '10-19': 63.44, '20-29': 64.0, '30-39': 61.14, '40-49': 65.89, '50-59': 60.2, '60-69': 57.38, '70-79': 66.67, '80-89': 57.42, '90-99': 60.45, 'old': 61.84, 'new': 68.42}
2024-08-24 18:07:17,943 [trainer.py] => CNN top1 curve: [88.97, 82.65, 80.32, 77.65, 76.05, 73.51, 72.98, 70.33, 70.35, 69.38, 68.41, 67.46, 66.18, 66.02, 65.96, 65.13, 64.57, 63.25, 62.15, 62.01]
2024-08-24 18:07:17,943 [trainer.py] => CNN top5 curve: [100.0, 99.05, 95.92, 94.34, 92.9, 92.62, 91.32, 89.86, 88.96, 87.62, 86.87, 86.2, 85.24, 84.76, 84.09, 83.95, 83.33, 82.05, 81.37, 81.24]

2024-08-24 18:07:17,943 [trainer.py] => Average Accuracy (CNN): 70.6665
2024-08-24 18:07:17,944 [trainer.py] => All params: 171754753
2024-08-24 18:07:17,946 [trainer.py] => Trainable params: 85956097
2024-08-24 18:07:17,952 [aper_vpt.py] => Learning on 100-105
2024-08-24 18:07:36,527 [trainer.py] => No NME accuracy.
2024-08-24 18:07:36,528 [trainer.py] => CNN: {'total': 61.72, '00-09': 61.83, '10-19': 63.17, '20-29': 64.0, '30-39': 61.14, '40-49': 65.89, '50-59': 59.21, '60-69': 57.05, '70-79': 65.93, '80-89': 56.77, '90-99': 59.89, '100-109': 65.13, 'old': 61.54, 'new': 65.13}
2024-08-24 18:07:36,528 [trainer.py] => CNN top1 curve: [88.97, 82.65, 80.32, 77.65, 76.05, 73.51, 72.98, 70.33, 70.35, 69.38, 68.41, 67.46, 66.18, 66.02, 65.96, 65.13, 64.57, 63.25, 62.15, 62.01, 61.72]
2024-08-24 18:07:36,528 [trainer.py] => CNN top5 curve: [100.0, 99.05, 95.92, 94.34, 92.9, 92.62, 91.32, 89.86, 88.96, 87.62, 86.87, 86.2, 85.24, 84.76, 84.09, 83.95, 83.33, 82.05, 81.37, 81.24, 81.13]

2024-08-24 18:07:36,528 [trainer.py] => Average Accuracy (CNN): 70.24047619047619
2024-08-24 18:07:36,529 [trainer.py] => All params: 171762433
2024-08-24 18:07:36,531 [trainer.py] => Trainable params: 85963777
2024-08-24 18:07:36,533 [aper_vpt.py] => Learning on 105-110
2024-08-24 18:07:50,700 [trainer.py] => No NME accuracy.
2024-08-24 18:07:50,700 [trainer.py] => CNN: {'total': 61.24, '00-09': 61.83, '10-19': 62.9, '20-29': 63.0, '30-39': 60.84, '40-49': 65.56, '50-59': 58.88, '60-69': 57.05, '70-79': 65.57, '80-89': 56.45, '90-99': 59.89, '100-109': 61.27, 'old': 61.36, 'new': 58.33}
2024-08-24 18:07:50,700 [trainer.py] => CNN top1 curve: [88.97, 82.65, 80.32, 77.65, 76.05, 73.51, 72.98, 70.33, 70.35, 69.38, 68.41, 67.46, 66.18, 66.02, 65.96, 65.13, 64.57, 63.25, 62.15, 62.01, 61.72, 61.24]
2024-08-24 18:07:50,701 [trainer.py] => CNN top5 curve: [100.0, 99.05, 95.92, 94.34, 92.9, 92.62, 91.32, 89.86, 88.96, 87.62, 86.87, 86.2, 85.24, 84.76, 84.09, 83.95, 83.33, 82.05, 81.37, 81.24, 81.13, 80.48]

2024-08-24 18:07:50,701 [trainer.py] => Average Accuracy (CNN): 69.83136363636363
2024-08-24 18:07:50,702 [trainer.py] => All params: 171770113
2024-08-24 18:07:50,703 [trainer.py] => Trainable params: 85971457
2024-08-24 18:07:50,706 [aper_vpt.py] => Learning on 110-115
2024-08-24 18:08:04,494 [trainer.py] => No NME accuracy.
2024-08-24 18:08:04,495 [trainer.py] => CNN: {'total': 60.37, '00-09': 61.83, '10-19': 62.1, '20-29': 63.0, '30-39': 60.84, '40-49': 65.56, '50-59': 58.55, '60-69': 56.04, '70-79': 65.57, '80-89': 56.13, '90-99': 58.76, '100-109': 61.27, '110-119': 47.14, 'old': 60.94, 'new': 47.14}
2024-08-24 18:08:04,495 [trainer.py] => CNN top1 curve: [88.97, 82.65, 80.32, 77.65, 76.05, 73.51, 72.98, 70.33, 70.35, 69.38, 68.41, 67.46, 66.18, 66.02, 65.96, 65.13, 64.57, 63.25, 62.15, 62.01, 61.72, 61.24, 60.37]
2024-08-24 18:08:04,495 [trainer.py] => CNN top5 curve: [100.0, 99.05, 95.92, 94.34, 92.9, 92.62, 91.32, 89.86, 88.96, 87.62, 86.87, 86.2, 85.24, 84.76, 84.09, 83.95, 83.33, 82.05, 81.37, 81.24, 81.13, 80.48, 79.73]

2024-08-24 18:08:04,495 [trainer.py] => Average Accuracy (CNN): 69.41999999999999
2024-08-24 18:08:04,496 [trainer.py] => All params: 171777793
2024-08-24 18:08:04,497 [trainer.py] => Trainable params: 85979137
2024-08-24 18:08:04,500 [aper_vpt.py] => Learning on 115-120
2024-08-24 18:08:19,468 [trainer.py] => No NME accuracy.
2024-08-24 18:08:19,468 [trainer.py] => CNN: {'total': 59.97, '00-09': 61.2, '10-19': 61.02, '20-29': 63.0, '30-39': 60.84, '40-49': 65.56, '50-59': 58.22, '60-69': 55.7, '70-79': 65.2, '80-89': 55.81, '90-99': 58.76, '100-109': 60.21, '110-119': 55.05, 'old': 59.99, 'new': 59.75}
2024-08-24 18:08:19,468 [trainer.py] => CNN top1 curve: [88.97, 82.65, 80.32, 77.65, 76.05, 73.51, 72.98, 70.33, 70.35, 69.38, 68.41, 67.46, 66.18, 66.02, 65.96, 65.13, 64.57, 63.25, 62.15, 62.01, 61.72, 61.24, 60.37, 59.97]
2024-08-24 18:08:19,468 [trainer.py] => CNN top5 curve: [100.0, 99.05, 95.92, 94.34, 92.9, 92.62, 91.32, 89.86, 88.96, 87.62, 86.87, 86.2, 85.24, 84.76, 84.09, 83.95, 83.33, 82.05, 81.37, 81.24, 81.13, 80.48, 79.73, 79.09]

2024-08-24 18:08:19,468 [trainer.py] => Average Accuracy (CNN): 69.02624999999999
2024-08-24 18:08:19,469 [trainer.py] => All params: 171785473
2024-08-24 18:08:19,471 [trainer.py] => Trainable params: 85986817
2024-08-24 18:08:19,473 [aper_vpt.py] => Learning on 120-125
2024-08-24 18:08:34,048 [trainer.py] => No NME accuracy.
2024-08-24 18:08:34,048 [trainer.py] => CNN: {'total': 59.74, '00-09': 61.2, '10-19': 60.75, '20-29': 63.0, '30-39': 60.54, '40-49': 65.23, '50-59': 58.22, '60-69': 55.7, '70-79': 65.2, '80-89': 55.48, '90-99': 58.19, '100-109': 60.21, '110-119': 55.05, '120-129': 57.5, 'old': 59.84, 'new': 57.5}
2024-08-24 18:08:34,048 [trainer.py] => CNN top1 curve: [88.97, 82.65, 80.32, 77.65, 76.05, 73.51, 72.98, 70.33, 70.35, 69.38, 68.41, 67.46, 66.18, 66.02, 65.96, 65.13, 64.57, 63.25, 62.15, 62.01, 61.72, 61.24, 60.37, 59.97, 59.74]
2024-08-24 18:08:34,048 [trainer.py] => CNN top5 curve: [100.0, 99.05, 95.92, 94.34, 92.9, 92.62, 91.32, 89.86, 88.96, 87.62, 86.87, 86.2, 85.24, 84.76, 84.09, 83.95, 83.33, 82.05, 81.37, 81.24, 81.13, 80.48, 79.73, 79.09, 78.76]

2024-08-24 18:08:34,048 [trainer.py] => Average Accuracy (CNN): 68.6548
2024-08-24 18:08:34,050 [trainer.py] => All params: 171793153
2024-08-24 18:08:34,051 [trainer.py] => Trainable params: 85994497
2024-08-24 18:08:34,054 [aper_vpt.py] => Learning on 125-130
2024-08-24 18:08:48,354 [trainer.py] => No NME accuracy.
2024-08-24 18:08:48,354 [trainer.py] => CNN: {'total': 59.12, '00-09': 60.57, '10-19': 60.75, '20-29': 63.0, '30-39': 60.54, '40-49': 64.24, '50-59': 57.89, '60-69': 55.03, '70-79': 64.84, '80-89': 55.16, '90-99': 55.93, '100-109': 60.21, '110-119': 54.79, '120-129': 54.98, 'old': 59.32, 'new': 52.25}
2024-08-24 18:08:48,354 [trainer.py] => CNN top1 curve: [88.97, 82.65, 80.32, 77.65, 76.05, 73.51, 72.98, 70.33, 70.35, 69.38, 68.41, 67.46, 66.18, 66.02, 65.96, 65.13, 64.57, 63.25, 62.15, 62.01, 61.72, 61.24, 60.37, 59.97, 59.74, 59.12]
2024-08-24 18:08:48,354 [trainer.py] => CNN top5 curve: [100.0, 99.05, 95.92, 94.34, 92.9, 92.62, 91.32, 89.86, 88.96, 87.62, 86.87, 86.2, 85.24, 84.76, 84.09, 83.95, 83.33, 82.05, 81.37, 81.24, 81.13, 80.48, 79.73, 79.09, 78.76, 78.35]

2024-08-24 18:08:48,354 [trainer.py] => Average Accuracy (CNN): 68.28807692307691
2024-08-24 18:08:48,356 [trainer.py] => All params: 171800833
2024-08-24 18:08:48,357 [trainer.py] => Trainable params: 86002177
2024-08-24 18:08:48,360 [aper_vpt.py] => Learning on 130-135
2024-08-24 18:09:03,255 [trainer.py] => No NME accuracy.
2024-08-24 18:09:03,255 [trainer.py] => CNN: {'total': 59.14, '00-09': 60.57, '10-19': 60.75, '20-29': 63.0, '30-39': 60.54, '40-49': 64.24, '50-59': 57.24, '60-69': 55.03, '70-79': 64.84, '80-89': 55.16, '90-99': 55.93, '100-109': 59.51, '110-119': 54.79, '120-129': 54.61, '130-139': 63.31, 'old': 58.99, 'new': 63.31}
2024-08-24 18:09:03,255 [trainer.py] => CNN top1 curve: [88.97, 82.65, 80.32, 77.65, 76.05, 73.51, 72.98, 70.33, 70.35, 69.38, 68.41, 67.46, 66.18, 66.02, 65.96, 65.13, 64.57, 63.25, 62.15, 62.01, 61.72, 61.24, 60.37, 59.97, 59.74, 59.12, 59.14]
2024-08-24 18:09:03,255 [trainer.py] => CNN top5 curve: [100.0, 99.05, 95.92, 94.34, 92.9, 92.62, 91.32, 89.86, 88.96, 87.62, 86.87, 86.2, 85.24, 84.76, 84.09, 83.95, 83.33, 82.05, 81.37, 81.24, 81.13, 80.48, 79.73, 79.09, 78.76, 78.35, 78.15]

2024-08-24 18:09:03,255 [trainer.py] => Average Accuracy (CNN): 67.94925925925925
2024-08-24 18:09:03,257 [trainer.py] => All params: 171808513
2024-08-24 18:09:03,258 [trainer.py] => Trainable params: 86009857
2024-08-24 18:09:03,261 [aper_vpt.py] => Learning on 135-140
2024-08-24 18:09:19,067 [trainer.py] => No NME accuracy.
2024-08-24 18:09:19,067 [trainer.py] => CNN: {'total': 59.18, '00-09': 60.57, '10-19': 60.75, '20-29': 63.0, '30-39': 60.54, '40-49': 63.91, '50-59': 57.24, '60-69': 55.03, '70-79': 64.1, '80-89': 54.84, '90-99': 55.93, '100-109': 59.51, '110-119': 54.79, '120-129': 53.87, '130-139': 63.76, 'old': 58.99, 'new': 64.15}
2024-08-24 18:09:19,067 [trainer.py] => CNN top1 curve: [88.97, 82.65, 80.32, 77.65, 76.05, 73.51, 72.98, 70.33, 70.35, 69.38, 68.41, 67.46, 66.18, 66.02, 65.96, 65.13, 64.57, 63.25, 62.15, 62.01, 61.72, 61.24, 60.37, 59.97, 59.74, 59.12, 59.14, 59.18]
2024-08-24 18:09:19,068 [trainer.py] => CNN top5 curve: [100.0, 99.05, 95.92, 94.34, 92.9, 92.62, 91.32, 89.86, 88.96, 87.62, 86.87, 86.2, 85.24, 84.76, 84.09, 83.95, 83.33, 82.05, 81.37, 81.24, 81.13, 80.48, 79.73, 79.09, 78.76, 78.35, 78.15, 77.98]

2024-08-24 18:09:19,068 [trainer.py] => Average Accuracy (CNN): 67.63607142857143
2024-08-24 18:09:19,069 [trainer.py] => All params: 171816193
2024-08-24 18:09:19,070 [trainer.py] => Trainable params: 86017537
2024-08-24 18:09:19,073 [aper_vpt.py] => Learning on 140-145
2024-08-24 18:09:35,601 [trainer.py] => No NME accuracy.
2024-08-24 18:09:35,601 [trainer.py] => CNN: {'total': 59.3, '00-09': 59.94, '10-19': 60.75, '20-29': 63.0, '30-39': 60.54, '40-49': 63.91, '50-59': 57.24, '60-69': 55.03, '70-79': 64.1, '80-89': 54.84, '90-99': 55.37, '100-109': 59.15, '110-119': 54.52, '120-129': 53.87, '130-139': 63.42, '140-149': 64.71, 'old': 59.04, 'new': 64.71}
2024-08-24 18:09:35,601 [trainer.py] => CNN top1 curve: [88.97, 82.65, 80.32, 77.65, 76.05, 73.51, 72.98, 70.33, 70.35, 69.38, 68.41, 67.46, 66.18, 66.02, 65.96, 65.13, 64.57, 63.25, 62.15, 62.01, 61.72, 61.24, 60.37, 59.97, 59.74, 59.12, 59.14, 59.18, 59.3]
2024-08-24 18:09:35,601 [trainer.py] => CNN top5 curve: [100.0, 99.05, 95.92, 94.34, 92.9, 92.62, 91.32, 89.86, 88.96, 87.62, 86.87, 86.2, 85.24, 84.76, 84.09, 83.95, 83.33, 82.05, 81.37, 81.24, 81.13, 80.48, 79.73, 79.09, 78.76, 78.35, 78.15, 77.98, 77.84]

2024-08-24 18:09:35,601 [trainer.py] => Average Accuracy (CNN): 67.34862068965516
2024-08-24 18:09:35,603 [trainer.py] => All params: 171823873
2024-08-24 18:09:35,604 [trainer.py] => Trainable params: 86025217
2024-08-24 18:09:35,607 [aper_vpt.py] => Learning on 145-150
2024-08-24 18:09:52,439 [trainer.py] => No NME accuracy.
2024-08-24 18:09:52,439 [trainer.py] => CNN: {'total': 59.0, '00-09': 59.62, '10-19': 60.75, '20-29': 62.67, '30-39': 59.94, '40-49': 63.25, '50-59': 57.24, '60-69': 54.7, '70-79': 64.1, '80-89': 54.84, '90-99': 54.8, '100-109': 59.15, '110-119': 54.52, '120-129': 53.51, '130-139': 63.09, '140-149': 61.31, 'old': 59.08, 'new': 57.06}
2024-08-24 18:09:52,439 [trainer.py] => CNN top1 curve: [88.97, 82.65, 80.32, 77.65, 76.05, 73.51, 72.98, 70.33, 70.35, 69.38, 68.41, 67.46, 66.18, 66.02, 65.96, 65.13, 64.57, 63.25, 62.15, 62.01, 61.72, 61.24, 60.37, 59.97, 59.74, 59.12, 59.14, 59.18, 59.3, 59.0]
2024-08-24 18:09:52,439 [trainer.py] => CNN top5 curve: [100.0, 99.05, 95.92, 94.34, 92.9, 92.62, 91.32, 89.86, 88.96, 87.62, 86.87, 86.2, 85.24, 84.76, 84.09, 83.95, 83.33, 82.05, 81.37, 81.24, 81.13, 80.48, 79.73, 79.09, 78.76, 78.35, 78.15, 77.98, 77.84, 77.49]

2024-08-24 18:09:52,440 [trainer.py] => Average Accuracy (CNN): 67.07033333333332
2024-08-24 18:09:52,441 [trainer.py] => All params: 171831553
2024-08-24 18:09:52,442 [trainer.py] => Trainable params: 86032897
2024-08-24 18:09:52,446 [aper_vpt.py] => Learning on 150-155
2024-08-24 18:10:10,626 [trainer.py] => No NME accuracy.
2024-08-24 18:10:10,627 [trainer.py] => CNN: {'total': 58.91, '00-09': 59.31, '10-19': 60.48, '20-29': 62.33, '30-39': 58.73, '40-49': 62.58, '50-59': 57.24, '60-69': 54.7, '70-79': 64.1, '80-89': 54.84, '90-99': 54.8, '100-109': 58.8, '110-119': 54.26, '120-129': 53.14, '130-139': 63.09, '140-149': 61.31, '150-159': 62.96, 'old': 58.74, 'new': 62.96}
2024-08-24 18:10:10,627 [trainer.py] => CNN top1 curve: [88.97, 82.65, 80.32, 77.65, 76.05, 73.51, 72.98, 70.33, 70.35, 69.38, 68.41, 67.46, 66.18, 66.02, 65.96, 65.13, 64.57, 63.25, 62.15, 62.01, 61.72, 61.24, 60.37, 59.97, 59.74, 59.12, 59.14, 59.18, 59.3, 59.0, 58.91]
2024-08-24 18:10:10,627 [trainer.py] => CNN top5 curve: [100.0, 99.05, 95.92, 94.34, 92.9, 92.62, 91.32, 89.86, 88.96, 87.62, 86.87, 86.2, 85.24, 84.76, 84.09, 83.95, 83.33, 82.05, 81.37, 81.24, 81.13, 80.48, 79.73, 79.09, 78.76, 78.35, 78.15, 77.98, 77.84, 77.49, 77.19]

2024-08-24 18:10:10,627 [trainer.py] => Average Accuracy (CNN): 66.80709677419355
2024-08-24 18:10:10,628 [trainer.py] => All params: 171839233
2024-08-24 18:10:10,629 [trainer.py] => Trainable params: 86040577
2024-08-24 18:10:10,633 [aper_vpt.py] => Learning on 155-160
2024-08-24 18:10:31,200 [trainer.py] => No NME accuracy.
2024-08-24 18:10:31,200 [trainer.py] => CNN: {'total': 58.67, '00-09': 58.99, '10-19': 60.48, '20-29': 62.0, '30-39': 58.13, '40-49': 62.58, '50-59': 57.24, '60-69': 54.7, '70-79': 64.1, '80-89': 54.84, '90-99': 53.67, '100-109': 58.45, '110-119': 53.46, '120-129': 52.4, '130-139': 62.75, '140-149': 61.04, '150-159': 61.6, 'old': 58.62, 'new': 60.12}
2024-08-24 18:10:31,200 [trainer.py] => CNN top1 curve: [88.97, 82.65, 80.32, 77.65, 76.05, 73.51, 72.98, 70.33, 70.35, 69.38, 68.41, 67.46, 66.18, 66.02, 65.96, 65.13, 64.57, 63.25, 62.15, 62.01, 61.72, 61.24, 60.37, 59.97, 59.74, 59.12, 59.14, 59.18, 59.3, 59.0, 58.91, 58.67]
2024-08-24 18:10:31,200 [trainer.py] => CNN top5 curve: [100.0, 99.05, 95.92, 94.34, 92.9, 92.62, 91.32, 89.86, 88.96, 87.62, 86.87, 86.2, 85.24, 84.76, 84.09, 83.95, 83.33, 82.05, 81.37, 81.24, 81.13, 80.48, 79.73, 79.09, 78.76, 78.35, 78.15, 77.98, 77.84, 77.49, 77.19, 76.69]

2024-08-24 18:10:31,200 [trainer.py] => Average Accuracy (CNN): 66.5528125
2024-08-24 18:10:31,202 [trainer.py] => All params: 171846913
2024-08-24 18:10:31,203 [trainer.py] => Trainable params: 86048257
2024-08-24 18:10:31,206 [aper_vpt.py] => Learning on 160-165
2024-08-24 18:10:53,586 [trainer.py] => No NME accuracy.
2024-08-24 18:10:53,587 [trainer.py] => CNN: {'total': 58.43, '00-09': 58.68, '10-19': 60.22, '20-29': 61.67, '30-39': 58.13, '40-49': 62.58, '50-59': 56.58, '60-69': 54.7, '70-79': 64.1, '80-89': 54.84, '90-99': 53.67, '100-109': 58.45, '110-119': 53.46, '120-129': 52.4, '130-139': 62.75, '140-149': 60.49, '150-159': 61.33, '160-169': 54.46, 'old': 58.51, 'new': 54.46}
2024-08-24 18:10:53,587 [trainer.py] => CNN top1 curve: [88.97, 82.65, 80.32, 77.65, 76.05, 73.51, 72.98, 70.33, 70.35, 69.38, 68.41, 67.46, 66.18, 66.02, 65.96, 65.13, 64.57, 63.25, 62.15, 62.01, 61.72, 61.24, 60.37, 59.97, 59.74, 59.12, 59.14, 59.18, 59.3, 59.0, 58.91, 58.67, 58.43]
2024-08-24 18:10:53,587 [trainer.py] => CNN top5 curve: [100.0, 99.05, 95.92, 94.34, 92.9, 92.62, 91.32, 89.86, 88.96, 87.62, 86.87, 86.2, 85.24, 84.76, 84.09, 83.95, 83.33, 82.05, 81.37, 81.24, 81.13, 80.48, 79.73, 79.09, 78.76, 78.35, 78.15, 77.98, 77.84, 77.49, 77.19, 76.69, 76.29]

2024-08-24 18:10:53,587 [trainer.py] => Average Accuracy (CNN): 66.30666666666666
2024-08-24 18:10:53,588 [trainer.py] => All params: 171854593
2024-08-24 18:10:53,589 [trainer.py] => Trainable params: 86055937
2024-08-24 18:10:53,595 [aper_vpt.py] => Learning on 165-170
2024-08-24 18:11:17,987 [trainer.py] => No NME accuracy.
2024-08-24 18:11:17,987 [trainer.py] => CNN: {'total': 57.55, '00-09': 58.36, '10-19': 59.68, '20-29': 61.0, '30-39': 58.13, '40-49': 61.59, '50-59': 56.58, '60-69': 54.7, '70-79': 64.1, '80-89': 54.19, '90-99': 53.67, '100-109': 57.04, '110-119': 53.46, '120-129': 52.03, '130-139': 62.75, '140-149': 59.67, '150-159': 59.39, '160-169': 47.83, 'old': 57.91, 'new': 43.41}
2024-08-24 18:11:17,987 [trainer.py] => CNN top1 curve: [88.97, 82.65, 80.32, 77.65, 76.05, 73.51, 72.98, 70.33, 70.35, 69.38, 68.41, 67.46, 66.18, 66.02, 65.96, 65.13, 64.57, 63.25, 62.15, 62.01, 61.72, 61.24, 60.37, 59.97, 59.74, 59.12, 59.14, 59.18, 59.3, 59.0, 58.91, 58.67, 58.43, 57.55]
2024-08-24 18:11:17,987 [trainer.py] => CNN top5 curve: [100.0, 99.05, 95.92, 94.34, 92.9, 92.62, 91.32, 89.86, 88.96, 87.62, 86.87, 86.2, 85.24, 84.76, 84.09, 83.95, 83.33, 82.05, 81.37, 81.24, 81.13, 80.48, 79.73, 79.09, 78.76, 78.35, 78.15, 77.98, 77.84, 77.49, 77.19, 76.69, 76.29, 75.49]

2024-08-24 18:11:17,987 [trainer.py] => Average Accuracy (CNN): 66.04911764705882
2024-08-24 18:11:17,988 [trainer.py] => All params: 171862273
2024-08-24 18:11:17,990 [trainer.py] => Trainable params: 86063617
2024-08-24 18:11:17,993 [aper_vpt.py] => Learning on 170-175
2024-08-24 18:11:43,270 [trainer.py] => No NME accuracy.
2024-08-24 18:11:43,271 [trainer.py] => CNN: {'total': 57.84, '00-09': 58.36, '10-19': 59.68, '20-29': 60.67, '30-39': 58.13, '40-49': 61.59, '50-59': 56.58, '60-69': 54.7, '70-79': 64.1, '80-89': 54.19, '90-99': 53.67, '100-109': 57.04, '110-119': 53.46, '120-129': 51.66, '130-139': 62.42, '140-149': 59.67, '150-159': 59.39, '160-169': 47.83, '170-179': 71.76, 'old': 57.49, 'new': 71.76}
2024-08-24 18:11:43,271 [trainer.py] => CNN top1 curve: [88.97, 82.65, 80.32, 77.65, 76.05, 73.51, 72.98, 70.33, 70.35, 69.38, 68.41, 67.46, 66.18, 66.02, 65.96, 65.13, 64.57, 63.25, 62.15, 62.01, 61.72, 61.24, 60.37, 59.97, 59.74, 59.12, 59.14, 59.18, 59.3, 59.0, 58.91, 58.67, 58.43, 57.55, 57.84]
2024-08-24 18:11:43,271 [trainer.py] => CNN top5 curve: [100.0, 99.05, 95.92, 94.34, 92.9, 92.62, 91.32, 89.86, 88.96, 87.62, 86.87, 86.2, 85.24, 84.76, 84.09, 83.95, 83.33, 82.05, 81.37, 81.24, 81.13, 80.48, 79.73, 79.09, 78.76, 78.35, 78.15, 77.98, 77.84, 77.49, 77.19, 76.69, 76.29, 75.49, 75.62]

2024-08-24 18:11:43,271 [trainer.py] => Average Accuracy (CNN): 65.81457142857144
2024-08-24 18:11:43,272 [trainer.py] => All params: 171869953
2024-08-24 18:11:43,274 [trainer.py] => Trainable params: 86071297
2024-08-24 18:11:43,277 [aper_vpt.py] => Learning on 175-180
2024-08-24 18:12:08,048 [trainer.py] => No NME accuracy.
2024-08-24 18:12:08,048 [trainer.py] => CNN: {'total': 57.81, '00-09': 58.36, '10-19': 59.68, '20-29': 60.67, '30-39': 58.13, '40-49': 61.59, '50-59': 56.58, '60-69': 54.7, '70-79': 63.74, '80-89': 54.19, '90-99': 52.54, '100-109': 57.04, '110-119': 53.46, '120-129': 51.66, '130-139': 62.42, '140-149': 59.4, '150-159': 59.39, '160-169': 46.52, '170-179': 67.34, 'old': 57.71, 'new': 62.39}
2024-08-24 18:12:08,048 [trainer.py] => CNN top1 curve: [88.97, 82.65, 80.32, 77.65, 76.05, 73.51, 72.98, 70.33, 70.35, 69.38, 68.41, 67.46, 66.18, 66.02, 65.96, 65.13, 64.57, 63.25, 62.15, 62.01, 61.72, 61.24, 60.37, 59.97, 59.74, 59.12, 59.14, 59.18, 59.3, 59.0, 58.91, 58.67, 58.43, 57.55, 57.84, 57.81]
2024-08-24 18:12:08,048 [trainer.py] => CNN top5 curve: [100.0, 99.05, 95.92, 94.34, 92.9, 92.62, 91.32, 89.86, 88.96, 87.62, 86.87, 86.2, 85.24, 84.76, 84.09, 83.95, 83.33, 82.05, 81.37, 81.24, 81.13, 80.48, 79.73, 79.09, 78.76, 78.35, 78.15, 77.98, 77.84, 77.49, 77.19, 76.69, 76.29, 75.49, 75.62, 75.39]

2024-08-24 18:12:08,048 [trainer.py] => Average Accuracy (CNN): 65.59222222222223
2024-08-24 18:12:08,050 [trainer.py] => All params: 171877633
2024-08-24 18:12:08,051 [trainer.py] => Trainable params: 86078977
2024-08-24 18:12:08,054 [aper_vpt.py] => Learning on 180-185
2024-08-24 18:12:34,526 [trainer.py] => No NME accuracy.
2024-08-24 18:12:34,526 [trainer.py] => CNN: {'total': 57.2, '00-09': 58.04, '10-19': 59.41, '20-29': 59.67, '30-39': 58.13, '40-49': 61.26, '50-59': 56.25, '60-69': 54.03, '70-79': 63.0, '80-89': 53.87, '90-99': 52.54, '100-109': 57.04, '110-119': 53.19, '120-129': 51.66, '130-139': 62.08, '140-149': 59.13, '150-159': 59.39, '160-169': 45.65, '170-179': 66.53, '180-189': 47.59, 'old': 57.46, 'new': 47.59}
2024-08-24 18:12:34,527 [trainer.py] => CNN top1 curve: [88.97, 82.65, 80.32, 77.65, 76.05, 73.51, 72.98, 70.33, 70.35, 69.38, 68.41, 67.46, 66.18, 66.02, 65.96, 65.13, 64.57, 63.25, 62.15, 62.01, 61.72, 61.24, 60.37, 59.97, 59.74, 59.12, 59.14, 59.18, 59.3, 59.0, 58.91, 58.67, 58.43, 57.55, 57.84, 57.81, 57.2]
2024-08-24 18:12:34,527 [trainer.py] => CNN top5 curve: [100.0, 99.05, 95.92, 94.34, 92.9, 92.62, 91.32, 89.86, 88.96, 87.62, 86.87, 86.2, 85.24, 84.76, 84.09, 83.95, 83.33, 82.05, 81.37, 81.24, 81.13, 80.48, 79.73, 79.09, 78.76, 78.35, 78.15, 77.98, 77.84, 77.49, 77.19, 76.69, 76.29, 75.49, 75.62, 75.39, 74.96]

2024-08-24 18:12:34,527 [trainer.py] => Average Accuracy (CNN): 65.36540540540541
2024-08-24 18:12:34,528 [trainer.py] => All params: 171885313
2024-08-24 18:12:34,529 [trainer.py] => Trainable params: 86086657
2024-08-24 18:12:34,537 [aper_vpt.py] => Learning on 185-190
2024-08-24 18:13:04,198 [trainer.py] => No NME accuracy.
2024-08-24 18:13:04,199 [trainer.py] => CNN: {'total': 56.99, '00-09': 58.04, '10-19': 59.41, '20-29': 59.33, '30-39': 58.13, '40-49': 61.26, '50-59': 54.93, '60-69': 53.36, '70-79': 63.0, '80-89': 53.55, '90-99': 52.54, '100-109': 57.04, '110-119': 52.93, '120-129': 51.29, '130-139': 62.08, '140-149': 58.86, '150-159': 59.39, '160-169': 45.22, '170-179': 65.73, '180-189': 53.25, 'old': 56.93, 'new': 58.9}
2024-08-24 18:13:04,199 [trainer.py] => CNN top1 curve: [88.97, 82.65, 80.32, 77.65, 76.05, 73.51, 72.98, 70.33, 70.35, 69.38, 68.41, 67.46, 66.18, 66.02, 65.96, 65.13, 64.57, 63.25, 62.15, 62.01, 61.72, 61.24, 60.37, 59.97, 59.74, 59.12, 59.14, 59.18, 59.3, 59.0, 58.91, 58.67, 58.43, 57.55, 57.84, 57.81, 57.2, 56.99]
2024-08-24 18:13:04,199 [trainer.py] => CNN top5 curve: [100.0, 99.05, 95.92, 94.34, 92.9, 92.62, 91.32, 89.86, 88.96, 87.62, 86.87, 86.2, 85.24, 84.76, 84.09, 83.95, 83.33, 82.05, 81.37, 81.24, 81.13, 80.48, 79.73, 79.09, 78.76, 78.35, 78.15, 77.98, 77.84, 77.49, 77.19, 76.69, 76.29, 75.49, 75.62, 75.39, 74.96, 74.6]

2024-08-24 18:13:04,199 [trainer.py] => Average Accuracy (CNN): 65.145
2024-08-24 18:13:04,200 [trainer.py] => All params: 171892993
2024-08-24 18:13:04,202 [trainer.py] => Trainable params: 86094337
2024-08-24 18:13:04,205 [aper_vpt.py] => Learning on 190-195
2024-08-24 18:13:35,775 [trainer.py] => No NME accuracy.
2024-08-24 18:13:35,775 [trainer.py] => CNN: {'total': 56.77, '00-09': 58.04, '10-19': 59.14, '20-29': 59.33, '30-39': 57.23, '40-49': 61.26, '50-59': 54.61, '60-69': 53.36, '70-79': 63.0, '80-89': 53.55, '90-99': 51.98, '100-109': 56.34, '110-119': 52.93, '120-129': 50.55, '130-139': 62.08, '140-149': 58.58, '150-159': 59.12, '160-169': 45.22, '170-179': 65.73, '180-189': 53.25, '190-199': 56.49, 'old': 56.78, 'new': 56.49}
2024-08-24 18:13:35,775 [trainer.py] => CNN top1 curve: [88.97, 82.65, 80.32, 77.65, 76.05, 73.51, 72.98, 70.33, 70.35, 69.38, 68.41, 67.46, 66.18, 66.02, 65.96, 65.13, 64.57, 63.25, 62.15, 62.01, 61.72, 61.24, 60.37, 59.97, 59.74, 59.12, 59.14, 59.18, 59.3, 59.0, 58.91, 58.67, 58.43, 57.55, 57.84, 57.81, 57.2, 56.99, 56.77]
2024-08-24 18:13:35,775 [trainer.py] => CNN top5 curve: [100.0, 99.05, 95.92, 94.34, 92.9, 92.62, 91.32, 89.86, 88.96, 87.62, 86.87, 86.2, 85.24, 84.76, 84.09, 83.95, 83.33, 82.05, 81.37, 81.24, 81.13, 80.48, 79.73, 79.09, 78.76, 78.35, 78.15, 77.98, 77.84, 77.49, 77.19, 76.69, 76.29, 75.49, 75.62, 75.39, 74.96, 74.6, 74.33]

2024-08-24 18:13:35,776 [trainer.py] => Average Accuracy (CNN): 64.9302564102564
2024-08-24 18:13:35,777 [trainer.py] => All params: 171900673
2024-08-24 18:13:35,778 [trainer.py] => Trainable params: 86102017
2024-08-24 18:13:35,785 [aper_vpt.py] => Learning on 195-200
2024-08-24 18:14:08,015 [trainer.py] => No NME accuracy.
2024-08-24 18:14:08,015 [trainer.py] => CNN: {'total': 56.7, '00-09': 58.04, '10-19': 58.87, '20-29': 59.33, '30-39': 57.23, '40-49': 61.26, '50-59': 54.28, '60-69': 53.02, '70-79': 62.64, '80-89': 52.9, '90-99': 51.98, '100-109': 56.34, '110-119': 52.93, '120-129': 50.18, '130-139': 62.08, '140-149': 58.31, '150-159': 58.84, '160-169': 41.74, '170-179': 65.73, '180-189': 53.25, '190-199': 61.25, 'old': 56.48, 'new': 67.52}
2024-08-24 18:14:08,015 [trainer.py] => CNN top1 curve: [88.97, 82.65, 80.32, 77.65, 76.05, 73.51, 72.98, 70.33, 70.35, 69.38, 68.41, 67.46, 66.18, 66.02, 65.96, 65.13, 64.57, 63.25, 62.15, 62.01, 61.72, 61.24, 60.37, 59.97, 59.74, 59.12, 59.14, 59.18, 59.3, 59.0, 58.91, 58.67, 58.43, 57.55, 57.84, 57.81, 57.2, 56.99, 56.77, 56.7]
2024-08-24 18:14:08,015 [trainer.py] => CNN top5 curve: [100.0, 99.05, 95.92, 94.34, 92.9, 92.62, 91.32, 89.86, 88.96, 87.62, 86.87, 86.2, 85.24, 84.76, 84.09, 83.95, 83.33, 82.05, 81.37, 81.24, 81.13, 80.48, 79.73, 79.09, 78.76, 78.35, 78.15, 77.98, 77.84, 77.49, 77.19, 76.69, 76.29, 75.49, 75.62, 75.39, 74.96, 74.6, 74.33, 74.32]

2024-08-24 18:14:08,015 [trainer.py] => Average Accuracy (CNN): 64.72449999999999
