2024-08-24 15:28:20,931 [trainer.py] => config: exps/aper_ssf/objectnet_10_10_vit-b_ssf.json
2024-08-24 15:28:20,931 [trainer.py] => prefix: exp
2024-08-24 15:28:20,931 [trainer.py] => dataset: objectnet
2024-08-24 15:28:20,931 [trainer.py] => memory_size: 2000
2024-08-24 15:28:20,931 [trainer.py] => memory_per_class: 20
2024-08-24 15:28:20,931 [trainer.py] => fixed_memory: False
2024-08-24 15:28:20,932 [trainer.py] => shuffle: True
2024-08-24 15:28:20,932 [trainer.py] => init_cls: 10
2024-08-24 15:28:20,932 [trainer.py] => increment: 10
2024-08-24 15:28:20,932 [trainer.py] => model_name: aper_ssf
2024-08-24 15:28:20,932 [trainer.py] => convnet_type: pretrained_vit_b16_224_in21k_ssf
2024-08-24 15:28:20,932 [trainer.py] => weight_decay: 0.0005
2024-08-24 15:28:20,932 [trainer.py] => prompt_token_num: 30
2024-08-24 15:28:20,932 [trainer.py] => ffn_num: 64
2024-08-24 15:28:20,932 [trainer.py] => optimizer: sgd
2024-08-24 15:28:20,932 [trainer.py] => min_lr: 0
2024-08-24 15:28:20,932 [trainer.py] => device: [device(type='cuda', index=0)]
2024-08-24 15:28:20,932 [trainer.py] => seed: 1993
2024-08-24 15:28:20,932 [trainer.py] => tuned_epoch: 20
2024-08-24 15:28:20,932 [trainer.py] => init_lr: 0.01
2024-08-24 15:28:20,932 [trainer.py] => batch_size: 48
2024-08-24 15:28:21,063 [data_manager.py] => [168, 136, 51, 9, 183, 101, 171, 99, 42, 159, 191, 70, 16, 188, 27, 10, 175, 26, 68, 187, 98, 6, 85, 35, 112, 43, 100, 0, 103, 181, 88, 59, 4, 2, 116, 174, 94, 80, 106, 1, 147, 17, 141, 131, 72, 23, 173, 54, 197, 118, 87, 32, 79, 104, 91, 19, 135, 107, 178, 36, 11, 199, 142, 8, 122, 3, 28, 57, 153, 172, 190, 56, 49, 44, 97, 62, 151, 169, 194, 55, 192, 12, 189, 78, 66, 180, 15, 137, 109, 134, 92, 119, 126, 52, 170, 40, 148, 65, 144, 64, 138, 45, 77, 89, 154, 90, 71, 193, 74, 30, 113, 143, 96, 84, 67, 50, 186, 156, 69, 21, 18, 111, 108, 58, 125, 157, 150, 110, 182, 129, 166, 83, 81, 60, 13, 165, 14, 176, 63, 117, 5, 22, 145, 121, 38, 41, 82, 127, 114, 20, 31, 53, 37, 163, 196, 130, 152, 162, 86, 76, 24, 34, 184, 149, 33, 128, 198, 155, 146, 167, 139, 120, 140, 102, 47, 25, 158, 123, 46, 164, 61, 7, 115, 75, 133, 160, 105, 132, 179, 124, 48, 73, 93, 39, 95, 195, 29, 177, 185, 161]
2024-08-24 15:28:23,778 [trainer.py] => All params: 86004480
2024-08-24 15:28:23,779 [trainer.py] => Trainable params: 86004480
2024-08-24 15:28:30,241 [aper_ssf.py] => Learning on 0-10
2024-08-24 15:45:06,202 [aper_ssf.py] => Task 0, Epoch 20/20 => Loss 0.727, Train_accy 78.31, Test_accy 91.51
2024-08-24 15:46:02,721 [trainer.py] => No NME accuracy.
2024-08-24 15:46:02,722 [trainer.py] => CNN: {'total': 91.04, '00-09': 91.04, 'old': 0, 'new': 91.04}
2024-08-24 15:46:02,722 [trainer.py] => CNN top1 curve: [91.04]
2024-08-24 15:46:02,722 [trainer.py] => CNN top5 curve: [99.29]

2024-08-24 15:46:02,722 [trainer.py] => Average Accuracy (CNN): 91.04
2024-08-24 15:46:02,724 [trainer.py] => All params: 171818497
2024-08-24 15:46:02,726 [trainer.py] => Trainable params: 86019841
2024-08-24 15:46:02,728 [aper_ssf.py] => Learning on 10-20
2024-08-24 15:46:58,942 [trainer.py] => No NME accuracy.
2024-08-24 15:46:58,942 [trainer.py] => CNN: {'total': 84.23, '00-09': 87.26, '10-19': 79.72, 'old': 87.26, 'new': 79.72}
2024-08-24 15:46:58,942 [trainer.py] => CNN top1 curve: [91.04, 84.23]
2024-08-24 15:46:58,942 [trainer.py] => CNN top5 curve: [99.29, 97.04]

2024-08-24 15:46:58,942 [trainer.py] => Average Accuracy (CNN): 87.635
2024-08-24 15:46:58,944 [trainer.py] => All params: 171833857
2024-08-24 15:46:58,945 [trainer.py] => Trainable params: 86035201
2024-08-24 15:46:58,950 [aper_ssf.py] => Learning on 20-30
2024-08-24 15:48:01,959 [trainer.py] => No NME accuracy.
2024-08-24 15:48:01,959 [trainer.py] => CNN: {'total': 82.07, '00-09': 85.38, '10-19': 79.72, '20-29': 79.81, 'old': 83.1, 'new': 79.81}
2024-08-24 15:48:01,960 [trainer.py] => CNN top1 curve: [91.04, 84.23, 82.07]
2024-08-24 15:48:01,960 [trainer.py] => CNN top5 curve: [99.29, 97.04, 95.35]

2024-08-24 15:48:01,960 [trainer.py] => Average Accuracy (CNN): 85.78000000000002
2024-08-24 15:48:01,961 [trainer.py] => All params: 171849217
2024-08-24 15:48:01,963 [trainer.py] => Trainable params: 86050561
2024-08-24 15:48:01,968 [aper_ssf.py] => Learning on 30-40
2024-08-24 15:49:13,864 [trainer.py] => No NME accuracy.
2024-08-24 15:49:13,864 [trainer.py] => CNN: {'total': 80.13, '00-09': 83.02, '10-19': 79.02, '20-29': 77.33, '30-39': 80.13, 'old': 80.14, 'new': 80.13}
2024-08-24 15:49:13,864 [trainer.py] => CNN top1 curve: [91.04, 84.23, 82.07, 80.13]
2024-08-24 15:49:13,865 [trainer.py] => CNN top5 curve: [99.29, 97.04, 95.35, 94.29]

2024-08-24 15:49:13,865 [trainer.py] => Average Accuracy (CNN): 84.3675
2024-08-24 15:49:13,866 [trainer.py] => All params: 171864577
2024-08-24 15:49:13,868 [trainer.py] => Trainable params: 86065921
2024-08-24 15:49:13,875 [aper_ssf.py] => Learning on 40-50
2024-08-24 15:50:31,699 [trainer.py] => No NME accuracy.
2024-08-24 15:50:31,699 [trainer.py] => CNN: {'total': 77.39, '00-09': 80.66, '10-19': 76.57, '20-29': 76.09, '30-39': 77.6, '40-49': 74.92, 'old': 77.98, 'new': 74.92}
2024-08-24 15:50:31,699 [trainer.py] => CNN top1 curve: [91.04, 84.23, 82.07, 80.13, 77.39]
2024-08-24 15:50:31,699 [trainer.py] => CNN top5 curve: [99.29, 97.04, 95.35, 94.29, 93.2]

2024-08-24 15:50:31,699 [trainer.py] => Average Accuracy (CNN): 82.97200000000001
2024-08-24 15:50:31,701 [trainer.py] => All params: 171879937
2024-08-24 15:50:31,702 [trainer.py] => Trainable params: 86081281
2024-08-24 15:50:31,713 [aper_ssf.py] => Learning on 50-60
2024-08-24 15:51:57,667 [trainer.py] => No NME accuracy.
2024-08-24 15:51:57,668 [trainer.py] => CNN: {'total': 74.82, '00-09': 77.12, '10-19': 75.87, '20-29': 72.67, '30-39': 76.66, '40-49': 71.25, '50-59': 74.84, 'old': 74.82, 'new': 74.84}
2024-08-24 15:51:57,668 [trainer.py] => CNN top1 curve: [91.04, 84.23, 82.07, 80.13, 77.39, 74.82]
2024-08-24 15:51:57,668 [trainer.py] => CNN top5 curve: [99.29, 97.04, 95.35, 94.29, 93.2, 92.38]

2024-08-24 15:51:57,668 [trainer.py] => Average Accuracy (CNN): 81.61333333333333
2024-08-24 15:51:57,670 [trainer.py] => All params: 171895297
2024-08-24 15:51:57,671 [trainer.py] => Trainable params: 86096641
2024-08-24 15:51:57,680 [aper_ssf.py] => Learning on 60-70
2024-08-24 15:53:29,772 [trainer.py] => No NME accuracy.
2024-08-24 15:53:29,772 [trainer.py] => CNN: {'total': 72.68, '00-09': 76.42, '10-19': 73.78, '20-29': 71.74, '30-39': 73.5, '40-49': 68.2, '50-59': 73.53, '60-69': 70.88, 'old': 73.01, 'new': 70.88}
2024-08-24 15:53:29,772 [trainer.py] => CNN top1 curve: [91.04, 84.23, 82.07, 80.13, 77.39, 74.82, 72.68]
2024-08-24 15:53:29,772 [trainer.py] => CNN top5 curve: [99.29, 97.04, 95.35, 94.29, 93.2, 92.38, 91.01]

2024-08-24 15:53:29,772 [trainer.py] => Average Accuracy (CNN): 80.33714285714287
2024-08-24 15:53:29,774 [trainer.py] => All params: 171910657
2024-08-24 15:53:29,775 [trainer.py] => Trainable params: 86112001
2024-08-24 15:53:29,785 [aper_ssf.py] => Learning on 70-80
2024-08-24 15:55:09,964 [trainer.py] => No NME accuracy.
2024-08-24 15:55:09,964 [trainer.py] => CNN: {'total': 69.56, '00-09': 74.53, '10-19': 72.03, '20-29': 70.5, '30-39': 73.19, '40-49': 67.89, '50-59': 70.92, '60-69': 67.58, '70-79': 59.21, 'old': 71.01, 'new': 59.21}
2024-08-24 15:55:09,964 [trainer.py] => CNN top1 curve: [91.04, 84.23, 82.07, 80.13, 77.39, 74.82, 72.68, 69.56]
2024-08-24 15:55:09,964 [trainer.py] => CNN top5 curve: [99.29, 97.04, 95.35, 94.29, 93.2, 92.38, 91.01, 89.24]

2024-08-24 15:55:09,964 [trainer.py] => Average Accuracy (CNN): 78.99000000000001
2024-08-24 15:55:09,966 [trainer.py] => All params: 171926017
2024-08-24 15:55:09,967 [trainer.py] => Trainable params: 86127361
2024-08-24 15:55:09,980 [aper_ssf.py] => Learning on 80-90
2024-08-24 15:56:52,273 [trainer.py] => No NME accuracy.
2024-08-24 15:56:52,273 [trainer.py] => CNN: {'total': 68.01, '00-09': 73.58, '10-19': 70.28, '20-29': 69.88, '30-39': 72.56, '40-49': 66.36, '50-59': 70.92, '60-69': 66.76, '70-79': 56.8, '80-89': 63.14, 'old': 68.47, 'new': 63.14}
2024-08-24 15:56:52,273 [trainer.py] => CNN top1 curve: [91.04, 84.23, 82.07, 80.13, 77.39, 74.82, 72.68, 69.56, 68.01]
2024-08-24 15:56:52,273 [trainer.py] => CNN top5 curve: [99.29, 97.04, 95.35, 94.29, 93.2, 92.38, 91.01, 89.24, 88.13]

2024-08-24 15:56:52,273 [trainer.py] => Average Accuracy (CNN): 77.77000000000001
2024-08-24 15:56:52,275 [trainer.py] => All params: 171941377
2024-08-24 15:56:52,276 [trainer.py] => Trainable params: 86142721
2024-08-24 15:56:52,286 [aper_ssf.py] => Learning on 90-100
2024-08-24 15:58:47,198 [trainer.py] => No NME accuracy.
2024-08-24 15:58:47,198 [trainer.py] => CNN: {'total': 67.43, '00-09': 72.64, '10-19': 69.58, '20-29': 69.57, '30-39': 71.92, '40-49': 65.44, '50-59': 69.93, '60-69': 66.48, '70-79': 56.5, '80-89': 62.75, '90-99': 67.75, 'old': 67.39, 'new': 67.75}
2024-08-24 15:58:47,198 [trainer.py] => CNN top1 curve: [91.04, 84.23, 82.07, 80.13, 77.39, 74.82, 72.68, 69.56, 68.01, 67.43]
2024-08-24 15:58:47,198 [trainer.py] => CNN top5 curve: [99.29, 97.04, 95.35, 94.29, 93.2, 92.38, 91.01, 89.24, 88.13, 87.61]

2024-08-24 15:58:47,198 [trainer.py] => Average Accuracy (CNN): 76.73600000000002
2024-08-24 15:58:47,200 [trainer.py] => All params: 171956737
2024-08-24 15:58:47,202 [trainer.py] => Trainable params: 86158081
2024-08-24 15:58:47,211 [aper_ssf.py] => Learning on 100-110
2024-08-24 16:00:41,167 [trainer.py] => No NME accuracy.
2024-08-24 16:00:41,168 [trainer.py] => CNN: {'total': 66.01, '00-09': 71.23, '10-19': 68.53, '20-29': 68.63, '30-39': 70.03, '40-49': 64.83, '50-59': 67.97, '60-69': 65.93, '70-79': 54.08, '80-89': 62.35, '90-99': 67.75, '100-109': 62.95, 'old': 66.3, 'new': 62.95}
2024-08-24 16:00:41,168 [trainer.py] => CNN top1 curve: [91.04, 84.23, 82.07, 80.13, 77.39, 74.82, 72.68, 69.56, 68.01, 67.43, 66.01]
2024-08-24 16:00:41,168 [trainer.py] => CNN top5 curve: [99.29, 97.04, 95.35, 94.29, 93.2, 92.38, 91.01, 89.24, 88.13, 87.61, 86.52]

2024-08-24 16:00:41,168 [trainer.py] => Average Accuracy (CNN): 75.7609090909091
2024-08-24 16:00:41,170 [trainer.py] => All params: 171972097
2024-08-24 16:00:41,171 [trainer.py] => Trainable params: 86173441
2024-08-24 16:00:41,182 [aper_ssf.py] => Learning on 110-120
2024-08-24 16:02:49,605 [trainer.py] => No NME accuracy.
2024-08-24 16:02:49,605 [trainer.py] => CNN: {'total': 64.59, '00-09': 71.23, '10-19': 67.13, '20-29': 68.63, '30-39': 68.45, '40-49': 63.3, '50-59': 65.69, '60-69': 65.11, '70-79': 53.17, '80-89': 61.18, '90-99': 66.57, '100-109': 61.64, '110-119': 61.13, 'old': 64.95, 'new': 61.13}
2024-08-24 16:02:49,605 [trainer.py] => CNN top1 curve: [91.04, 84.23, 82.07, 80.13, 77.39, 74.82, 72.68, 69.56, 68.01, 67.43, 66.01, 64.59]
2024-08-24 16:02:49,605 [trainer.py] => CNN top5 curve: [99.29, 97.04, 95.35, 94.29, 93.2, 92.38, 91.01, 89.24, 88.13, 87.61, 86.52, 85.94]

2024-08-24 16:02:49,605 [trainer.py] => Average Accuracy (CNN): 74.83000000000001
2024-08-24 16:02:49,608 [trainer.py] => All params: 171987457
2024-08-24 16:02:49,610 [trainer.py] => Trainable params: 86188801
2024-08-24 16:02:49,616 [aper_ssf.py] => Learning on 120-130
2024-08-24 16:05:03,313 [trainer.py] => No NME accuracy.
2024-08-24 16:05:03,313 [trainer.py] => CNN: {'total': 63.47, '00-09': 70.75, '10-19': 65.03, '20-29': 68.01, '30-39': 67.19, '40-49': 63.0, '50-59': 65.36, '60-69': 64.01, '70-79': 51.96, '80-89': 60.78, '90-99': 65.68, '100-109': 60.66, '110-119': 60.86, '120-129': 59.94, 'old': 63.78, 'new': 59.94}
2024-08-24 16:05:03,313 [trainer.py] => CNN top1 curve: [91.04, 84.23, 82.07, 80.13, 77.39, 74.82, 72.68, 69.56, 68.01, 67.43, 66.01, 64.59, 63.47]
2024-08-24 16:05:03,314 [trainer.py] => CNN top5 curve: [99.29, 97.04, 95.35, 94.29, 93.2, 92.38, 91.01, 89.24, 88.13, 87.61, 86.52, 85.94, 85.06]

2024-08-24 16:05:03,314 [trainer.py] => Average Accuracy (CNN): 73.95615384615385
2024-08-24 16:05:03,315 [trainer.py] => All params: 172002817
2024-08-24 16:05:03,317 [trainer.py] => Trainable params: 86204161
2024-08-24 16:05:03,329 [aper_ssf.py] => Learning on 130-140
2024-08-24 16:07:22,255 [trainer.py] => No NME accuracy.
2024-08-24 16:07:22,275 [trainer.py] => CNN: {'total': 62.56, '00-09': 68.16, '10-19': 63.29, '20-29': 67.39, '30-39': 66.56, '40-49': 62.39, '50-59': 64.71, '60-69': 64.01, '70-79': 51.96, '80-89': 60.0, '90-99': 65.38, '100-109': 60.33, '110-119': 57.64, '120-129': 59.36, '130-139': 63.47, 'old': 62.49, 'new': 63.47}
2024-08-24 16:07:22,283 [trainer.py] => CNN top1 curve: [91.04, 84.23, 82.07, 80.13, 77.39, 74.82, 72.68, 69.56, 68.01, 67.43, 66.01, 64.59, 63.47, 62.56]
2024-08-24 16:07:22,283 [trainer.py] => CNN top5 curve: [99.29, 97.04, 95.35, 94.29, 93.2, 92.38, 91.01, 89.24, 88.13, 87.61, 86.52, 85.94, 85.06, 84.39]

2024-08-24 16:07:22,283 [trainer.py] => Average Accuracy (CNN): 73.14214285714287
2024-08-24 16:07:22,285 [trainer.py] => All params: 172018177
2024-08-24 16:07:22,287 [trainer.py] => Trainable params: 86219521
2024-08-24 16:07:22,298 [aper_ssf.py] => Learning on 140-150
2024-08-24 16:09:52,671 [trainer.py] => No NME accuracy.
2024-08-24 16:09:52,671 [trainer.py] => CNN: {'total': 61.37, '00-09': 67.22, '10-19': 62.24, '20-29': 67.39, '30-39': 66.25, '40-49': 62.08, '50-59': 64.71, '60-69': 63.19, '70-79': 50.45, '80-89': 59.22, '90-99': 64.79, '100-109': 60.33, '110-119': 56.57, '120-129': 59.36, '130-139': 62.23, '140-149': 54.42, 'old': 61.93, 'new': 54.42}
2024-08-24 16:09:52,671 [trainer.py] => CNN top1 curve: [91.04, 84.23, 82.07, 80.13, 77.39, 74.82, 72.68, 69.56, 68.01, 67.43, 66.01, 64.59, 63.47, 62.56, 61.37]
2024-08-24 16:09:52,671 [trainer.py] => CNN top5 curve: [99.29, 97.04, 95.35, 94.29, 93.2, 92.38, 91.01, 89.24, 88.13, 87.61, 86.52, 85.94, 85.06, 84.39, 83.11]

2024-08-24 16:09:52,671 [trainer.py] => Average Accuracy (CNN): 72.35733333333334
2024-08-24 16:09:52,673 [trainer.py] => All params: 172033537
2024-08-24 16:09:52,675 [trainer.py] => Trainable params: 86234881
2024-08-24 16:09:52,686 [aper_ssf.py] => Learning on 150-160
2024-08-24 16:13:42,056 [trainer.py] => No NME accuracy.
2024-08-24 16:13:42,056 [trainer.py] => CNN: {'total': 60.45, '00-09': 66.51, '10-19': 61.54, '20-29': 67.08, '30-39': 64.98, '40-49': 61.77, '50-59': 62.75, '60-69': 62.91, '70-79': 50.15, '80-89': 58.43, '90-99': 64.79, '100-109': 60.0, '110-119': 55.23, '120-129': 58.19, '130-139': 61.3, '140-149': 54.16, '150-159': 57.46, 'old': 60.67, 'new': 57.46}
2024-08-24 16:13:42,056 [trainer.py] => CNN top1 curve: [91.04, 84.23, 82.07, 80.13, 77.39, 74.82, 72.68, 69.56, 68.01, 67.43, 66.01, 64.59, 63.47, 62.56, 61.37, 60.45]
2024-08-24 16:13:42,056 [trainer.py] => CNN top5 curve: [99.29, 97.04, 95.35, 94.29, 93.2, 92.38, 91.01, 89.24, 88.13, 87.61, 86.52, 85.94, 85.06, 84.39, 83.11, 82.31]

2024-08-24 16:13:42,057 [trainer.py] => Average Accuracy (CNN): 71.61312500000001
2024-08-24 16:13:42,058 [trainer.py] => All params: 172048897
2024-08-24 16:13:42,060 [trainer.py] => Trainable params: 86250241
2024-08-24 16:13:42,070 [aper_ssf.py] => Learning on 160-170
2024-08-24 16:18:31,428 [trainer.py] => No NME accuracy.
2024-08-24 16:18:31,429 [trainer.py] => CNN: {'total': 59.68, '00-09': 66.27, '10-19': 61.54, '20-29': 65.53, '30-39': 64.98, '40-49': 61.47, '50-59': 62.42, '60-69': 62.91, '70-79': 50.15, '80-89': 57.65, '90-99': 64.5, '100-109': 58.36, '110-119': 54.16, '120-129': 57.6, '130-139': 60.99, '140-149': 53.08, '150-159': 57.18, '160-169': 55.62, 'old': 59.93, 'new': 55.62}
2024-08-24 16:18:31,429 [trainer.py] => CNN top1 curve: [91.04, 84.23, 82.07, 80.13, 77.39, 74.82, 72.68, 69.56, 68.01, 67.43, 66.01, 64.59, 63.47, 62.56, 61.37, 60.45, 59.68]
2024-08-24 16:18:31,429 [trainer.py] => CNN top5 curve: [99.29, 97.04, 95.35, 94.29, 93.2, 92.38, 91.01, 89.24, 88.13, 87.61, 86.52, 85.94, 85.06, 84.39, 83.11, 82.31, 81.49]

2024-08-24 16:18:31,430 [trainer.py] => Average Accuracy (CNN): 70.91117647058825
2024-08-24 16:18:31,432 [trainer.py] => All params: 172064257
2024-08-24 16:18:31,435 [trainer.py] => Trainable params: 86265601
2024-08-24 16:18:31,446 [aper_ssf.py] => Learning on 170-180
2024-08-24 16:24:03,694 [trainer.py] => No NME accuracy.
2024-08-24 16:24:03,695 [trainer.py] => CNN: {'total': 58.54, '00-09': 66.04, '10-19': 61.19, '20-29': 64.91, '30-39': 64.35, '40-49': 61.16, '50-59': 60.78, '60-69': 62.91, '70-79': 49.85, '80-89': 56.47, '90-99': 63.91, '100-109': 58.36, '110-119': 53.62, '120-129': 56.73, '130-139': 60.68, '140-149': 52.55, '150-159': 56.91, '160-169': 53.8, '170-179': 48.0, 'old': 59.1, 'new': 48.0}
2024-08-24 16:24:03,695 [trainer.py] => CNN top1 curve: [91.04, 84.23, 82.07, 80.13, 77.39, 74.82, 72.68, 69.56, 68.01, 67.43, 66.01, 64.59, 63.47, 62.56, 61.37, 60.45, 59.68, 58.54]
2024-08-24 16:24:03,695 [trainer.py] => CNN top5 curve: [99.29, 97.04, 95.35, 94.29, 93.2, 92.38, 91.01, 89.24, 88.13, 87.61, 86.52, 85.94, 85.06, 84.39, 83.11, 82.31, 81.49, 80.66]

2024-08-24 16:24:03,695 [trainer.py] => Average Accuracy (CNN): 70.2238888888889
2024-08-24 16:24:03,697 [trainer.py] => All params: 172079617
2024-08-24 16:24:03,698 [trainer.py] => Trainable params: 86280961
2024-08-24 16:24:03,710 [aper_ssf.py] => Learning on 180-190
2024-08-24 16:29:29,309 [trainer.py] => No NME accuracy.
2024-08-24 16:29:29,309 [trainer.py] => CNN: {'total': 57.89, '00-09': 65.57, '10-19': 60.49, '20-29': 64.29, '30-39': 63.72, '40-49': 61.16, '50-59': 60.13, '60-69': 62.36, '70-79': 48.64, '80-89': 56.47, '90-99': 63.31, '100-109': 57.05, '110-119': 52.55, '120-129': 56.43, '130-139': 59.75, '140-149': 50.94, '150-159': 56.08, '160-169': 53.5, '170-179': 48.0, '180-189': 58.19, 'old': 57.87, 'new': 58.19}
2024-08-24 16:29:29,309 [trainer.py] => CNN top1 curve: [91.04, 84.23, 82.07, 80.13, 77.39, 74.82, 72.68, 69.56, 68.01, 67.43, 66.01, 64.59, 63.47, 62.56, 61.37, 60.45, 59.68, 58.54, 57.89]
2024-08-24 16:29:29,309 [trainer.py] => CNN top5 curve: [99.29, 97.04, 95.35, 94.29, 93.2, 92.38, 91.01, 89.24, 88.13, 87.61, 86.52, 85.94, 85.06, 84.39, 83.11, 82.31, 81.49, 80.66, 80.16]

2024-08-24 16:29:29,309 [trainer.py] => Average Accuracy (CNN): 69.57473684210528
2024-08-24 16:29:29,311 [trainer.py] => All params: 172094977
2024-08-24 16:29:29,313 [trainer.py] => Trainable params: 86296321
2024-08-24 16:29:29,316 [aper_ssf.py] => Learning on 190-200
2024-08-24 16:34:20,169 [trainer.py] => No NME accuracy.
2024-08-24 16:34:20,170 [trainer.py] => CNN: {'total': 56.25, '00-09': 65.57, '10-19': 60.14, '20-29': 63.66, '30-39': 63.41, '40-49': 61.16, '50-59': 59.15, '60-69': 62.36, '70-79': 48.34, '80-89': 56.08, '90-99': 62.43, '100-109': 56.39, '110-119': 52.28, '120-129': 56.14, '130-139': 59.44, '140-149': 50.94, '150-159': 55.8, '160-169': 50.46, '170-179': 45.67, '180-189': 56.79, '190-199': 38.74, 'old': 57.26, 'new': 38.74}
2024-08-24 16:34:20,170 [trainer.py] => CNN top1 curve: [91.04, 84.23, 82.07, 80.13, 77.39, 74.82, 72.68, 69.56, 68.01, 67.43, 66.01, 64.59, 63.47, 62.56, 61.37, 60.45, 59.68, 58.54, 57.89, 56.25]
2024-08-24 16:34:20,170 [trainer.py] => CNN top5 curve: [99.29, 97.04, 95.35, 94.29, 93.2, 92.38, 91.01, 89.24, 88.13, 87.61, 86.52, 85.94, 85.06, 84.39, 83.11, 82.31, 81.49, 80.66, 80.16, 79.16]

2024-08-24 16:34:20,170 [trainer.py] => Average Accuracy (CNN): 68.90850000000002
