2024-08-24 15:20:15,479 [trainer.py] => config: exps/aper_ssf/imageneta_10_10_vit-b_ssf.json
2024-08-24 15:20:15,479 [trainer.py] => prefix: exp
2024-08-24 15:20:15,479 [trainer.py] => dataset: imageneta
2024-08-24 15:20:15,479 [trainer.py] => memory_size: 2000
2024-08-24 15:20:15,479 [trainer.py] => memory_per_class: 20
2024-08-24 15:20:15,479 [trainer.py] => fixed_memory: False
2024-08-24 15:20:15,479 [trainer.py] => shuffle: True
2024-08-24 15:20:15,479 [trainer.py] => init_cls: 10
2024-08-24 15:20:15,479 [trainer.py] => increment: 10
2024-08-24 15:20:15,479 [trainer.py] => model_name: aper_ssf
2024-08-24 15:20:15,479 [trainer.py] => convnet_type: pretrained_vit_b16_224_in21k_ssf
2024-08-24 15:20:15,479 [trainer.py] => weight_decay: 0.0005
2024-08-24 15:20:15,479 [trainer.py] => prompt_token_num: 30
2024-08-24 15:20:15,479 [trainer.py] => ffn_num: 64
2024-08-24 15:20:15,479 [trainer.py] => optimizer: sgd
2024-08-24 15:20:15,479 [trainer.py] => min_lr: 0
2024-08-24 15:20:15,479 [trainer.py] => device: [device(type='cuda', index=0)]
2024-08-24 15:20:15,479 [trainer.py] => seed: 1993
2024-08-24 15:20:15,479 [trainer.py] => tuned_epoch: 20
2024-08-24 15:20:15,479 [trainer.py] => init_lr: 0.01
2024-08-24 15:20:15,479 [trainer.py] => batch_size: 48
2024-08-24 15:20:15,513 [data_manager.py] => [168, 136, 51, 9, 183, 101, 171, 99, 42, 159, 191, 70, 16, 188, 27, 10, 175, 26, 68, 187, 98, 6, 85, 35, 112, 43, 100, 0, 103, 181, 88, 59, 4, 2, 116, 174, 94, 80, 106, 1, 147, 17, 141, 131, 72, 23, 173, 54, 197, 118, 87, 32, 79, 104, 91, 19, 135, 107, 178, 36, 11, 199, 142, 8, 122, 3, 28, 57, 153, 172, 190, 56, 49, 44, 97, 62, 151, 169, 194, 55, 192, 12, 189, 78, 66, 180, 15, 137, 109, 134, 92, 119, 126, 52, 170, 40, 148, 65, 144, 64, 138, 45, 77, 89, 154, 90, 71, 193, 74, 30, 113, 143, 96, 84, 67, 50, 186, 156, 69, 21, 18, 111, 108, 58, 125, 157, 150, 110, 182, 129, 166, 83, 81, 60, 13, 165, 14, 176, 63, 117, 5, 22, 145, 121, 38, 41, 82, 127, 114, 20, 31, 53, 37, 163, 196, 130, 152, 162, 86, 76, 24, 34, 184, 149, 33, 128, 198, 155, 146, 167, 139, 120, 140, 102, 47, 25, 158, 123, 46, 164, 61, 7, 115, 75, 133, 160, 105, 132, 179, 124, 48, 73, 93, 39, 95, 195, 29, 177, 185, 161]
2024-08-24 15:20:18,006 [trainer.py] => All params: 86004480
2024-08-24 15:20:18,007 [trainer.py] => Trainable params: 86004480
2024-08-24 15:20:24,309 [aper_ssf.py] => Learning on 0-10
2024-08-24 15:22:28,012 [aper_ssf.py] => Task 0, Epoch 20/20 => Loss 1.703, Train_accy 56.15, Test_accy 51.95
2024-08-24 15:22:38,559 [trainer.py] => No NME accuracy.
2024-08-24 15:22:38,559 [trainer.py] => CNN: {'total': 80.52, '00-09': 80.52, 'old': 0, 'new': 80.52}
2024-08-24 15:22:38,559 [trainer.py] => CNN top1 curve: [80.52]
2024-08-24 15:22:38,559 [trainer.py] => CNN top5 curve: [98.7]

2024-08-24 15:22:38,559 [trainer.py] => Average Accuracy (CNN): 80.52
2024-08-24 15:22:38,561 [trainer.py] => All params: 171818497
2024-08-24 15:22:38,562 [trainer.py] => Trainable params: 86019841
2024-08-24 15:22:38,573 [aper_ssf.py] => Learning on 10-20
2024-08-24 15:22:46,302 [trainer.py] => No NME accuracy.
2024-08-24 15:22:46,302 [trainer.py] => CNN: {'total': 79.43, '00-09': 76.62, '10-19': 81.63, 'old': 76.62, 'new': 81.63}
2024-08-24 15:22:46,302 [trainer.py] => CNN top1 curve: [80.52, 79.43]
2024-08-24 15:22:46,302 [trainer.py] => CNN top5 curve: [98.7, 97.71]

2024-08-24 15:22:46,302 [trainer.py] => Average Accuracy (CNN): 79.975
2024-08-24 15:22:46,304 [trainer.py] => All params: 171833857
2024-08-24 15:22:46,306 [trainer.py] => Trainable params: 86035201
2024-08-24 15:22:46,313 [aper_ssf.py] => Learning on 20-30
2024-08-24 15:22:54,594 [trainer.py] => No NME accuracy.
2024-08-24 15:22:54,594 [trainer.py] => CNN: {'total': 75.18, '00-09': 70.13, '10-19': 78.57, '20-29': 75.76, 'old': 74.86, 'new': 75.76}
2024-08-24 15:22:54,594 [trainer.py] => CNN top1 curve: [80.52, 79.43, 75.18]
2024-08-24 15:22:54,594 [trainer.py] => CNN top5 curve: [98.7, 97.71, 95.62]

2024-08-24 15:22:54,595 [trainer.py] => Average Accuracy (CNN): 78.37666666666667
2024-08-24 15:22:54,596 [trainer.py] => All params: 171849217
2024-08-24 15:22:54,598 [trainer.py] => Trainable params: 86050561
2024-08-24 15:22:54,606 [aper_ssf.py] => Learning on 30-40
2024-08-24 15:23:03,970 [trainer.py] => No NME accuracy.
2024-08-24 15:23:03,971 [trainer.py] => CNN: {'total': 71.67, '00-09': 64.94, '10-19': 75.51, '20-29': 74.75, '30-39': 69.77, 'old': 72.26, 'new': 69.77}
2024-08-24 15:23:03,971 [trainer.py] => CNN top1 curve: [80.52, 79.43, 75.18, 71.67]
2024-08-24 15:23:03,971 [trainer.py] => CNN top5 curve: [98.7, 97.71, 95.62, 94.72]

2024-08-24 15:23:03,971 [trainer.py] => Average Accuracy (CNN): 76.7
2024-08-24 15:23:03,973 [trainer.py] => All params: 171864577
2024-08-24 15:23:03,974 [trainer.py] => Trainable params: 86065921
2024-08-24 15:23:03,981 [aper_ssf.py] => Learning on 40-50
2024-08-24 15:23:12,712 [trainer.py] => No NME accuracy.
2024-08-24 15:23:12,712 [trainer.py] => CNN: {'total': 71.23, '00-09': 64.94, '10-19': 73.47, '20-29': 68.69, '30-39': 68.6, '40-49': 82.81, 'old': 69.17, 'new': 82.81}
2024-08-24 15:23:12,712 [trainer.py] => CNN top1 curve: [80.52, 79.43, 75.18, 71.67, 71.23]
2024-08-24 15:23:12,712 [trainer.py] => CNN top5 curve: [98.7, 97.71, 95.62, 94.72, 93.4]

2024-08-24 15:23:12,712 [trainer.py] => Average Accuracy (CNN): 75.60600000000001
2024-08-24 15:23:12,714 [trainer.py] => All params: 171879937
2024-08-24 15:23:12,715 [trainer.py] => Trainable params: 86081281
2024-08-24 15:23:12,723 [aper_ssf.py] => Learning on 50-60
2024-08-24 15:23:21,114 [trainer.py] => No NME accuracy.
2024-08-24 15:23:21,114 [trainer.py] => CNN: {'total': 68.49, '00-09': 62.34, '10-19': 72.45, '20-29': 62.63, '30-39': 66.28, '40-49': 78.12, '50-59': 73.08, 'old': 67.92, 'new': 73.08}
2024-08-24 15:23:21,114 [trainer.py] => CNN top1 curve: [80.52, 79.43, 75.18, 71.67, 71.23, 68.49]
2024-08-24 15:23:21,114 [trainer.py] => CNN top5 curve: [98.7, 97.71, 95.62, 94.72, 93.4, 91.6]

2024-08-24 15:23:21,114 [trainer.py] => Average Accuracy (CNN): 74.42
2024-08-24 15:23:21,116 [trainer.py] => All params: 171895297
2024-08-24 15:23:21,117 [trainer.py] => Trainable params: 86096641
2024-08-24 15:23:21,128 [aper_ssf.py] => Learning on 60-70
2024-08-24 15:23:32,957 [trainer.py] => No NME accuracy.
2024-08-24 15:23:32,957 [trainer.py] => CNN: {'total': 67.28, '00-09': 59.74, '10-19': 71.43, '20-29': 62.63, '30-39': 61.63, '40-49': 75.0, '50-59': 73.08, '60-69': 69.84, 'old': 66.6, 'new': 69.84}
2024-08-24 15:23:32,957 [trainer.py] => CNN top1 curve: [80.52, 79.43, 75.18, 71.67, 71.23, 68.49, 67.28]
2024-08-24 15:23:32,957 [trainer.py] => CNN top5 curve: [98.7, 97.71, 95.62, 94.72, 93.4, 91.6, 89.7]

2024-08-24 15:23:32,958 [trainer.py] => Average Accuracy (CNN): 73.4
2024-08-24 15:23:32,959 [trainer.py] => All params: 171910657
2024-08-24 15:23:32,961 [trainer.py] => Trainable params: 86112001
2024-08-24 15:23:32,967 [aper_ssf.py] => Learning on 70-80
2024-08-24 15:23:45,360 [trainer.py] => No NME accuracy.
2024-08-24 15:23:45,361 [trainer.py] => CNN: {'total': 65.76, '00-09': 55.84, '10-19': 68.37, '20-29': 61.62, '30-39': 61.63, '40-49': 73.44, '50-59': 73.08, '60-69': 69.84, '70-79': 64.58, 'old': 65.95, 'new': 64.58}
2024-08-24 15:23:45,361 [trainer.py] => CNN top1 curve: [80.52, 79.43, 75.18, 71.67, 71.23, 68.49, 67.28, 65.76]
2024-08-24 15:23:45,361 [trainer.py] => CNN top5 curve: [98.7, 97.71, 95.62, 94.72, 93.4, 91.6, 89.7, 89.83]

2024-08-24 15:23:45,361 [trainer.py] => Average Accuracy (CNN): 72.44500000000001
2024-08-24 15:23:45,362 [trainer.py] => All params: 171926017
2024-08-24 15:23:45,364 [trainer.py] => Trainable params: 86127361
2024-08-24 15:23:45,374 [aper_ssf.py] => Learning on 80-90
2024-08-24 15:23:57,214 [trainer.py] => No NME accuracy.
2024-08-24 15:23:57,214 [trainer.py] => CNN: {'total': 63.8, '00-09': 50.65, '10-19': 66.33, '20-29': 60.61, '30-39': 60.47, '40-49': 71.88, '50-59': 71.15, '60-69': 69.05, '70-79': 63.54, '80-89': 61.73, 'old': 64.04, 'new': 61.73}
2024-08-24 15:23:57,214 [trainer.py] => CNN top1 curve: [80.52, 79.43, 75.18, 71.67, 71.23, 68.49, 67.28, 65.76, 63.8]
2024-08-24 15:23:57,214 [trainer.py] => CNN top5 curve: [98.7, 97.71, 95.62, 94.72, 93.4, 91.6, 89.7, 89.83, 88.06]

2024-08-24 15:23:57,214 [trainer.py] => Average Accuracy (CNN): 71.48444444444445
2024-08-24 15:23:57,216 [trainer.py] => All params: 171941377
2024-08-24 15:23:57,218 [trainer.py] => Trainable params: 86142721
2024-08-24 15:23:57,229 [aper_ssf.py] => Learning on 90-100
2024-08-24 15:24:09,377 [trainer.py] => No NME accuracy.
2024-08-24 15:24:09,377 [trainer.py] => CNN: {'total': 60.76, '00-09': 46.75, '10-19': 64.29, '20-29': 58.59, '30-39': 59.3, '40-49': 70.31, '50-59': 67.31, '60-69': 67.46, '70-79': 58.33, '80-89': 60.49, '90-99': 53.23, 'old': 61.36, 'new': 53.23}
2024-08-24 15:24:09,377 [trainer.py] => CNN top1 curve: [80.52, 79.43, 75.18, 71.67, 71.23, 68.49, 67.28, 65.76, 63.8, 60.76]
2024-08-24 15:24:09,377 [trainer.py] => CNN top5 curve: [98.7, 97.71, 95.62, 94.72, 93.4, 91.6, 89.7, 89.83, 88.06, 86.56]

2024-08-24 15:24:09,377 [trainer.py] => Average Accuracy (CNN): 70.412
2024-08-24 15:24:09,379 [trainer.py] => All params: 171956737
2024-08-24 15:24:09,381 [trainer.py] => Trainable params: 86158081
2024-08-24 15:24:09,389 [aper_ssf.py] => Learning on 100-110
2024-08-24 15:24:22,907 [trainer.py] => No NME accuracy.
2024-08-24 15:24:22,908 [trainer.py] => CNN: {'total': 60.16, '00-09': 46.75, '10-19': 63.27, '20-29': 57.58, '30-39': 56.98, '40-49': 68.75, '50-59': 65.38, '60-69': 66.67, '70-79': 57.29, '80-89': 59.26, '90-99': 53.23, '100-109': 66.67, 'old': 59.69, 'new': 66.67}
2024-08-24 15:24:22,908 [trainer.py] => CNN top1 curve: [80.52, 79.43, 75.18, 71.67, 71.23, 68.49, 67.28, 65.76, 63.8, 60.76, 60.16]
2024-08-24 15:24:22,908 [trainer.py] => CNN top5 curve: [98.7, 97.71, 95.62, 94.72, 93.4, 91.6, 89.7, 89.83, 88.06, 86.56, 86.24]

2024-08-24 15:24:22,908 [trainer.py] => Average Accuracy (CNN): 69.48
2024-08-24 15:24:22,909 [trainer.py] => All params: 171972097
2024-08-24 15:24:22,911 [trainer.py] => Trainable params: 86173441
2024-08-24 15:24:22,922 [aper_ssf.py] => Learning on 110-120
2024-08-24 15:24:35,674 [trainer.py] => No NME accuracy.
2024-08-24 15:24:35,675 [trainer.py] => CNN: {'total': 59.49, '00-09': 46.75, '10-19': 63.27, '20-29': 56.57, '30-39': 55.81, '40-49': 68.75, '50-59': 65.38, '60-69': 65.87, '70-79': 57.29, '80-89': 58.02, '90-99': 50.0, '100-109': 66.67, '110-119': 59.46, 'old': 59.49, 'new': 59.46}
2024-08-24 15:24:35,675 [trainer.py] => CNN top1 curve: [80.52, 79.43, 75.18, 71.67, 71.23, 68.49, 67.28, 65.76, 63.8, 60.76, 60.16, 59.49]
2024-08-24 15:24:35,675 [trainer.py] => CNN top5 curve: [98.7, 97.71, 95.62, 94.72, 93.4, 91.6, 89.7, 89.83, 88.06, 86.56, 86.24, 85.13]

2024-08-24 15:24:35,675 [trainer.py] => Average Accuracy (CNN): 68.6475
2024-08-24 15:24:35,676 [trainer.py] => All params: 171987457
2024-08-24 15:24:35,678 [trainer.py] => Trainable params: 86188801
2024-08-24 15:24:35,685 [aper_ssf.py] => Learning on 120-130
2024-08-24 15:24:50,107 [trainer.py] => No NME accuracy.
2024-08-24 15:24:50,107 [trainer.py] => CNN: {'total': 57.87, '00-09': 44.16, '10-19': 60.2, '20-29': 55.56, '30-39': 55.81, '40-49': 68.75, '50-59': 63.46, '60-69': 65.08, '70-79': 56.25, '80-89': 58.02, '90-99': 48.39, '100-109': 65.0, '110-119': 59.46, '120-129': 50.0, 'old': 58.36, 'new': 50.0}
2024-08-24 15:24:50,107 [trainer.py] => CNN top1 curve: [80.52, 79.43, 75.18, 71.67, 71.23, 68.49, 67.28, 65.76, 63.8, 60.76, 60.16, 59.49, 57.87]
2024-08-24 15:24:50,107 [trainer.py] => CNN top5 curve: [98.7, 97.71, 95.62, 94.72, 93.4, 91.6, 89.7, 89.83, 88.06, 86.56, 86.24, 85.13, 84.35]

2024-08-24 15:24:50,108 [trainer.py] => Average Accuracy (CNN): 67.81846153846153
2024-08-24 15:24:50,109 [trainer.py] => All params: 172002817
2024-08-24 15:24:50,111 [trainer.py] => Trainable params: 86204161
2024-08-24 15:24:50,125 [aper_ssf.py] => Learning on 130-140
2024-08-24 15:25:05,028 [trainer.py] => No NME accuracy.
2024-08-24 15:25:05,028 [trainer.py] => CNN: {'total': 56.74, '00-09': 44.16, '10-19': 58.16, '20-29': 55.56, '30-39': 55.81, '40-49': 67.19, '50-59': 61.54, '60-69': 61.9, '70-79': 55.21, '80-89': 58.02, '90-99': 48.39, '100-109': 65.0, '110-119': 58.11, '120-129': 48.33, '130-139': 55.81, 'old': 56.81, 'new': 55.81}
2024-08-24 15:25:05,028 [trainer.py] => CNN top1 curve: [80.52, 79.43, 75.18, 71.67, 71.23, 68.49, 67.28, 65.76, 63.8, 60.76, 60.16, 59.49, 57.87, 56.74]
2024-08-24 15:25:05,029 [trainer.py] => CNN top5 curve: [98.7, 97.71, 95.62, 94.72, 93.4, 91.6, 89.7, 89.83, 88.06, 86.56, 86.24, 85.13, 84.35, 83.76]

2024-08-24 15:25:05,029 [trainer.py] => Average Accuracy (CNN): 67.02714285714286
2024-08-24 15:25:05,030 [trainer.py] => All params: 172018177
2024-08-24 15:25:05,032 [trainer.py] => Trainable params: 86219521
2024-08-24 15:25:05,043 [aper_ssf.py] => Learning on 140-150
2024-08-24 15:25:23,419 [trainer.py] => No NME accuracy.
2024-08-24 15:25:23,419 [trainer.py] => CNN: {'total': 55.81, '00-09': 44.16, '10-19': 58.16, '20-29': 52.53, '30-39': 55.81, '40-49': 67.19, '50-59': 59.62, '60-69': 61.11, '70-79': 55.21, '80-89': 58.02, '90-99': 48.39, '100-109': 63.33, '110-119': 58.11, '120-129': 48.33, '130-139': 55.81, '140-149': 50.0, 'old': 56.2, 'new': 50.0}
2024-08-24 15:25:23,419 [trainer.py] => CNN top1 curve: [80.52, 79.43, 75.18, 71.67, 71.23, 68.49, 67.28, 65.76, 63.8, 60.76, 60.16, 59.49, 57.87, 56.74, 55.81]
2024-08-24 15:25:23,419 [trainer.py] => CNN top5 curve: [98.7, 97.71, 95.62, 94.72, 93.4, 91.6, 89.7, 89.83, 88.06, 86.56, 86.24, 85.13, 84.35, 83.76, 82.79]

2024-08-24 15:25:23,419 [trainer.py] => Average Accuracy (CNN): 66.27933333333334
2024-08-24 15:25:23,421 [trainer.py] => All params: 172033537
2024-08-24 15:25:23,422 [trainer.py] => Trainable params: 86234881
2024-08-24 15:25:23,435 [aper_ssf.py] => Learning on 150-160
2024-08-24 15:25:39,897 [trainer.py] => No NME accuracy.
2024-08-24 15:25:39,897 [trainer.py] => CNN: {'total': 54.89, '00-09': 42.86, '10-19': 58.16, '20-29': 52.53, '30-39': 55.81, '40-49': 67.19, '50-59': 57.69, '60-69': 61.11, '70-79': 54.17, '80-89': 58.02, '90-99': 46.77, '100-109': 63.33, '110-119': 58.11, '120-129': 45.0, '130-139': 55.81, '140-149': 50.0, '150-159': 45.1, 'old': 55.3, 'new': 45.1}
2024-08-24 15:25:39,897 [trainer.py] => CNN top1 curve: [80.52, 79.43, 75.18, 71.67, 71.23, 68.49, 67.28, 65.76, 63.8, 60.76, 60.16, 59.49, 57.87, 56.74, 55.81, 54.89]
2024-08-24 15:25:39,897 [trainer.py] => CNN top5 curve: [98.7, 97.71, 95.62, 94.72, 93.4, 91.6, 89.7, 89.83, 88.06, 86.56, 86.24, 85.13, 84.35, 83.76, 82.79, 81.57]

2024-08-24 15:25:39,897 [trainer.py] => Average Accuracy (CNN): 65.56750000000001
2024-08-24 15:25:39,899 [trainer.py] => All params: 172048897
2024-08-24 15:25:39,901 [trainer.py] => Trainable params: 86250241
2024-08-24 15:25:39,918 [aper_ssf.py] => Learning on 160-170
2024-08-24 15:25:56,161 [trainer.py] => No NME accuracy.
2024-08-24 15:25:56,162 [trainer.py] => CNN: {'total': 53.49, '00-09': 42.86, '10-19': 58.16, '20-29': 48.48, '30-39': 55.81, '40-49': 67.19, '50-59': 57.69, '60-69': 60.32, '70-79': 53.12, '80-89': 58.02, '90-99': 46.77, '100-109': 63.33, '110-119': 58.11, '120-129': 45.0, '130-139': 55.81, '140-149': 50.0, '150-159': 45.1, '160-169': 40.0, 'old': 54.41, 'new': 40.0}
2024-08-24 15:25:56,162 [trainer.py] => CNN top1 curve: [80.52, 79.43, 75.18, 71.67, 71.23, 68.49, 67.28, 65.76, 63.8, 60.76, 60.16, 59.49, 57.87, 56.74, 55.81, 54.89, 53.49]
2024-08-24 15:25:56,162 [trainer.py] => CNN top5 curve: [98.7, 97.71, 95.62, 94.72, 93.4, 91.6, 89.7, 89.83, 88.06, 86.56, 86.24, 85.13, 84.35, 83.76, 82.79, 81.57, 80.42]

2024-08-24 15:25:56,162 [trainer.py] => Average Accuracy (CNN): 64.85705882352943
2024-08-24 15:25:56,163 [trainer.py] => All params: 172064257
2024-08-24 15:25:56,165 [trainer.py] => Trainable params: 86265601
2024-08-24 15:25:56,175 [aper_ssf.py] => Learning on 170-180
2024-08-24 15:26:12,606 [trainer.py] => No NME accuracy.
2024-08-24 15:26:12,606 [trainer.py] => CNN: {'total': 52.76, '00-09': 41.56, '10-19': 58.16, '20-29': 48.48, '30-39': 55.81, '40-49': 67.19, '50-59': 57.69, '60-69': 60.32, '70-79': 52.08, '80-89': 58.02, '90-99': 45.16, '100-109': 63.33, '110-119': 56.76, '120-129': 45.0, '130-139': 55.81, '140-149': 50.0, '150-159': 45.1, '160-169': 40.0, '170-179': 43.55, 'old': 53.19, 'new': 43.55}
2024-08-24 15:26:12,606 [trainer.py] => CNN top1 curve: [80.52, 79.43, 75.18, 71.67, 71.23, 68.49, 67.28, 65.76, 63.8, 60.76, 60.16, 59.49, 57.87, 56.74, 55.81, 54.89, 53.49, 52.76]
2024-08-24 15:26:12,606 [trainer.py] => CNN top5 curve: [98.7, 97.71, 95.62, 94.72, 93.4, 91.6, 89.7, 89.83, 88.06, 86.56, 86.24, 85.13, 84.35, 83.76, 82.79, 81.57, 80.42, 79.14]

2024-08-24 15:26:12,606 [trainer.py] => Average Accuracy (CNN): 64.185
2024-08-24 15:26:12,608 [trainer.py] => All params: 172079617
2024-08-24 15:26:12,609 [trainer.py] => Trainable params: 86280961
2024-08-24 15:26:12,621 [aper_ssf.py] => Learning on 180-190
2024-08-24 15:26:29,386 [trainer.py] => No NME accuracy.
2024-08-24 15:26:29,386 [trainer.py] => CNN: {'total': 52.51, '00-09': 41.56, '10-19': 58.16, '20-29': 48.48, '30-39': 55.81, '40-49': 67.19, '50-59': 57.69, '60-69': 60.32, '70-79': 51.04, '80-89': 58.02, '90-99': 45.16, '100-109': 63.33, '110-119': 56.76, '120-129': 43.33, '130-139': 54.65, '140-149': 50.0, '150-159': 45.1, '160-169': 40.0, '170-179': 43.55, '180-189': 51.28, 'old': 52.54, 'new': 51.28}
2024-08-24 15:26:29,386 [trainer.py] => CNN top1 curve: [80.52, 79.43, 75.18, 71.67, 71.23, 68.49, 67.28, 65.76, 63.8, 60.76, 60.16, 59.49, 57.87, 56.74, 55.81, 54.89, 53.49, 52.76, 52.51]
2024-08-24 15:26:29,386 [trainer.py] => CNN top5 curve: [98.7, 97.71, 95.62, 94.72, 93.4, 91.6, 89.7, 89.83, 88.06, 86.56, 86.24, 85.13, 84.35, 83.76, 82.79, 81.57, 80.42, 79.14, 78.8]

2024-08-24 15:26:29,386 [trainer.py] => Average Accuracy (CNN): 63.57052631578948
2024-08-24 15:26:29,388 [trainer.py] => All params: 172094977
2024-08-24 15:26:29,390 [trainer.py] => Trainable params: 86296321
2024-08-24 15:26:29,400 [aper_ssf.py] => Learning on 190-200
2024-08-24 15:26:49,042 [trainer.py] => No NME accuracy.
2024-08-24 15:26:49,042 [trainer.py] => CNN: {'total': 51.74, '00-09': 41.56, '10-19': 58.16, '20-29': 48.48, '30-39': 55.81, '40-49': 67.19, '50-59': 57.69, '60-69': 59.52, '70-79': 51.04, '80-89': 56.79, '90-99': 43.55, '100-109': 60.0, '110-119': 55.41, '120-129': 43.33, '130-139': 54.65, '140-149': 50.0, '150-159': 41.18, '160-169': 40.0, '170-179': 38.71, '180-189': 51.28, '190-199': 51.76, 'old': 51.74, 'new': 51.76}
2024-08-24 15:26:49,042 [trainer.py] => CNN top1 curve: [80.52, 79.43, 75.18, 71.67, 71.23, 68.49, 67.28, 65.76, 63.8, 60.76, 60.16, 59.49, 57.87, 56.74, 55.81, 54.89, 53.49, 52.76, 52.51, 51.74]
2024-08-24 15:26:49,042 [trainer.py] => CNN top5 curve: [98.7, 97.71, 95.62, 94.72, 93.4, 91.6, 89.7, 89.83, 88.06, 86.56, 86.24, 85.13, 84.35, 83.76, 82.79, 81.57, 80.42, 79.14, 78.8, 78.21]

2024-08-24 15:26:49,043 [trainer.py] => Average Accuracy (CNN): 62.979000000000006
