2024-08-24 17:07:43,632 [trainer.py] => config: exps/aper_finetune/cifar224_5_5_vit-b_finetune.json
2024-08-24 17:07:43,632 [trainer.py] => prefix: exp
2024-08-24 17:07:43,632 [trainer.py] => dataset: cifar224
2024-08-24 17:07:43,632 [trainer.py] => memory_size: 2000
2024-08-24 17:07:43,632 [trainer.py] => memory_per_class: 20
2024-08-24 17:07:43,632 [trainer.py] => fixed_memory: False
2024-08-24 17:07:43,632 [trainer.py] => shuffle: True
2024-08-24 17:07:43,632 [trainer.py] => init_cls: 5
2024-08-24 17:07:43,632 [trainer.py] => increment: 5
2024-08-24 17:07:43,632 [trainer.py] => model_name: aper_finetune
2024-08-24 17:07:43,632 [trainer.py] => convnet_type: pretrained_vit_b16_224_in21k
2024-08-24 17:07:43,632 [trainer.py] => weight_decay: 0.0005
2024-08-24 17:07:43,632 [trainer.py] => optimizer: sgd
2024-08-24 17:07:43,632 [trainer.py] => min_lr: 0
2024-08-24 17:07:43,632 [trainer.py] => device: [device(type='cuda', index=0)]
2024-08-24 17:07:43,632 [trainer.py] => seed: 1993
2024-08-24 17:07:43,633 [trainer.py] => tuned_epoch: 20
2024-08-24 17:07:43,633 [trainer.py] => init_lr: 0.01
2024-08-24 17:07:43,633 [trainer.py] => batch_size: 48
2024-08-24 17:07:46,448 [data_manager.py] => [68, 56, 78, 8, 23, 84, 90, 65, 74, 76, 40, 89, 3, 92, 55, 9, 26, 80, 43, 38, 58, 70, 77, 1, 85, 19, 17, 50, 28, 53, 13, 81, 45, 82, 6, 59, 83, 16, 15, 44, 91, 41, 72, 60, 79, 52, 20, 10, 31, 54, 37, 95, 14, 71, 96, 98, 97, 2, 64, 66, 42, 22, 35, 86, 24, 34, 87, 21, 99, 0, 88, 27, 18, 94, 11, 12, 47, 25, 30, 46, 62, 69, 36, 61, 7, 63, 75, 5, 32, 4, 51, 48, 73, 93, 39, 67, 29, 49, 57, 33]
2024-08-24 17:07:49,382 [trainer.py] => All params: 85798656
2024-08-24 17:07:49,383 [trainer.py] => Trainable params: 85798656
2024-08-24 17:07:55,076 [aper_finetune.py] => Learning on 0-5
2024-08-24 17:18:53,523 [aper_finetune.py] => Task 0, Epoch 20/20 => Loss 0.122, Train_accy 96.56, Test_accy 98.20
2024-08-24 17:19:27,553 [trainer.py] => No NME accuracy.
2024-08-24 17:19:27,553 [trainer.py] => CNN: {'total': 98.4, '00-09': 98.4, 'old': 0, 'new': 98.4}
2024-08-24 17:19:27,553 [trainer.py] => CNN top1 curve: [98.4]
2024-08-24 17:19:27,553 [trainer.py] => CNN top5 curve: [100.0]

2024-08-24 17:19:27,553 [trainer.py] => Average Accuracy (CNN): 98.4
2024-08-24 17:19:27,555 [trainer.py] => All params: 171604993
2024-08-24 17:19:27,556 [trainer.py] => Trainable params: 171604993
2024-08-24 17:19:27,564 [aper_finetune.py] => Learning on 5-10
2024-08-24 17:20:02,706 [trainer.py] => No NME accuracy.
2024-08-24 17:20:02,706 [trainer.py] => CNN: {'total': 73.3, '00-09': 73.3, 'old': 97.4, 'new': 49.2}
2024-08-24 17:20:02,778 [trainer.py] => CNN top1 curve: [98.4, 73.3]
2024-08-24 17:20:02,778 [trainer.py] => CNN top5 curve: [100.0, 98.1]

2024-08-24 17:20:02,778 [trainer.py] => Average Accuracy (CNN): 85.85
2024-08-24 17:20:02,780 [trainer.py] => All params: 171612673
2024-08-24 17:20:02,781 [trainer.py] => Trainable params: 171612673
2024-08-24 17:20:02,791 [aper_finetune.py] => Learning on 10-15
2024-08-24 17:20:43,383 [trainer.py] => No NME accuracy.
2024-08-24 17:20:43,383 [trainer.py] => CNN: {'total': 63.8, '00-09': 71.3, '10-19': 48.8, 'old': 71.3, 'new': 48.8}
2024-08-24 17:20:43,383 [trainer.py] => CNN top1 curve: [98.4, 73.3, 63.8]
2024-08-24 17:20:43,383 [trainer.py] => CNN top5 curve: [100.0, 98.1, 91.87]

2024-08-24 17:20:43,383 [trainer.py] => Average Accuracy (CNN): 78.5
2024-08-24 17:20:43,385 [trainer.py] => All params: 171620353
2024-08-24 17:20:43,386 [trainer.py] => Trainable params: 171620353
2024-08-24 17:20:43,392 [aper_finetune.py] => Learning on 15-20
2024-08-24 17:21:29,054 [trainer.py] => No NME accuracy.
2024-08-24 17:21:29,054 [trainer.py] => CNN: {'total': 60.85, '00-09': 70.7, '10-19': 51.0, 'old': 62.67, 'new': 55.4}
2024-08-24 17:21:29,054 [trainer.py] => CNN top1 curve: [98.4, 73.3, 63.8, 60.85]
2024-08-24 17:21:29,054 [trainer.py] => CNN top5 curve: [100.0, 98.1, 91.87, 84.75]

2024-08-24 17:21:29,054 [trainer.py] => Average Accuracy (CNN): 74.0875
2024-08-24 17:21:29,056 [trainer.py] => All params: 171628033
2024-08-24 17:21:29,057 [trainer.py] => Trainable params: 171628033
2024-08-24 17:21:29,071 [aper_finetune.py] => Learning on 20-25
2024-08-24 17:22:17,738 [trainer.py] => No NME accuracy.
2024-08-24 17:22:17,738 [trainer.py] => CNN: {'total': 58.56, '00-09': 70.6, '10-19': 50.6, '20-29': 50.4, 'old': 60.6, 'new': 50.4}
2024-08-24 17:22:17,738 [trainer.py] => CNN top1 curve: [98.4, 73.3, 63.8, 60.85, 58.56]
2024-08-24 17:22:17,738 [trainer.py] => CNN top5 curve: [100.0, 98.1, 91.87, 84.75, 82.04]

2024-08-24 17:22:17,738 [trainer.py] => Average Accuracy (CNN): 70.982
2024-08-24 17:22:17,740 [trainer.py] => All params: 171635713
2024-08-24 17:22:17,741 [trainer.py] => Trainable params: 171635713
2024-08-24 17:22:17,750 [aper_finetune.py] => Learning on 25-30
2024-08-24 17:23:09,158 [trainer.py] => No NME accuracy.
2024-08-24 17:23:09,158 [trainer.py] => CNN: {'total': 57.03, '00-09': 69.8, '10-19': 49.8, '20-29': 51.5, 'old': 57.8, 'new': 53.2}
2024-08-24 17:23:09,158 [trainer.py] => CNN top1 curve: [98.4, 73.3, 63.8, 60.85, 58.56, 57.03]
2024-08-24 17:23:09,158 [trainer.py] => CNN top5 curve: [100.0, 98.1, 91.87, 84.75, 82.04, 80.47]

2024-08-24 17:23:09,158 [trainer.py] => Average Accuracy (CNN): 68.65666666666668
2024-08-24 17:23:09,160 [trainer.py] => All params: 171643393
2024-08-24 17:23:09,161 [trainer.py] => Trainable params: 171643393
2024-08-24 17:23:09,169 [aper_finetune.py] => Learning on 30-35
2024-08-24 17:24:06,949 [trainer.py] => No NME accuracy.
2024-08-24 17:24:06,949 [trainer.py] => CNN: {'total': 54.54, '00-09': 69.8, '10-19': 49.1, '20-29': 49.8, '30-39': 44.4, 'old': 56.23, 'new': 44.4}
2024-08-24 17:24:06,949 [trainer.py] => CNN top1 curve: [98.4, 73.3, 63.8, 60.85, 58.56, 57.03, 54.54]
2024-08-24 17:24:06,950 [trainer.py] => CNN top5 curve: [100.0, 98.1, 91.87, 84.75, 82.04, 80.47, 77.0]

2024-08-24 17:24:06,950 [trainer.py] => Average Accuracy (CNN): 66.64000000000001
2024-08-24 17:24:06,951 [trainer.py] => All params: 171651073
2024-08-24 17:24:06,952 [trainer.py] => Trainable params: 171651073
2024-08-24 17:24:06,960 [aper_finetune.py] => Learning on 35-40
2024-08-24 17:24:53,229 [trainer.py] => No NME accuracy.
2024-08-24 17:24:53,230 [trainer.py] => CNN: {'total': 53.72, '00-09': 69.7, '10-19': 48.3, '20-29': 49.2, '30-39': 47.7, 'old': 53.89, 'new': 52.6}
2024-08-24 17:24:53,230 [trainer.py] => CNN top1 curve: [98.4, 73.3, 63.8, 60.85, 58.56, 57.03, 54.54, 53.72]
2024-08-24 17:24:53,230 [trainer.py] => CNN top5 curve: [100.0, 98.1, 91.87, 84.75, 82.04, 80.47, 77.0, 76.2]

2024-08-24 17:24:53,230 [trainer.py] => Average Accuracy (CNN): 65.025
2024-08-24 17:24:53,231 [trainer.py] => All params: 171658753
2024-08-24 17:24:53,233 [trainer.py] => Trainable params: 171658753
2024-08-24 17:24:53,240 [aper_finetune.py] => Learning on 40-45
2024-08-24 17:25:40,597 [trainer.py] => No NME accuracy.
2024-08-24 17:25:40,597 [trainer.py] => CNN: {'total': 51.96, '00-09': 69.6, '10-19': 47.3, '20-29': 48.5, '30-39': 47.4, '40-49': 42.0, 'old': 53.2, 'new': 42.0}
2024-08-24 17:25:40,597 [trainer.py] => CNN top1 curve: [98.4, 73.3, 63.8, 60.85, 58.56, 57.03, 54.54, 53.72, 51.96]
2024-08-24 17:25:40,597 [trainer.py] => CNN top5 curve: [100.0, 98.1, 91.87, 84.75, 82.04, 80.47, 77.0, 76.2, 74.51]

2024-08-24 17:25:40,597 [trainer.py] => Average Accuracy (CNN): 63.573333333333345
2024-08-24 17:25:40,599 [trainer.py] => All params: 171666433
2024-08-24 17:25:40,600 [trainer.py] => Trainable params: 171666433
2024-08-24 17:25:40,604 [aper_finetune.py] => Learning on 45-50
2024-08-24 17:26:28,599 [trainer.py] => No NME accuracy.
2024-08-24 17:26:28,599 [trainer.py] => CNN: {'total': 51.0, '00-09': 68.6, '10-19': 47.0, '20-29': 48.0, '30-39': 45.3, '40-49': 46.1, 'old': 51.09, 'new': 50.2}
2024-08-24 17:26:28,599 [trainer.py] => CNN top1 curve: [98.4, 73.3, 63.8, 60.85, 58.56, 57.03, 54.54, 53.72, 51.96, 51.0]
2024-08-24 17:26:28,599 [trainer.py] => CNN top5 curve: [100.0, 98.1, 91.87, 84.75, 82.04, 80.47, 77.0, 76.2, 74.51, 74.0]

2024-08-24 17:26:28,599 [trainer.py] => Average Accuracy (CNN): 62.31600000000001
2024-08-24 17:26:28,601 [trainer.py] => All params: 171674113
2024-08-24 17:26:28,602 [trainer.py] => Trainable params: 171674113
2024-08-24 17:26:28,607 [aper_finetune.py] => Learning on 50-55
2024-08-24 17:27:19,928 [trainer.py] => No NME accuracy.
2024-08-24 17:27:19,928 [trainer.py] => CNN: {'total': 49.07, '00-09': 67.3, '10-19': 46.8, '20-29': 47.9, '30-39': 44.0, '40-49': 44.2, '50-59': 39.4, 'old': 50.04, 'new': 39.4}
2024-08-24 17:27:19,928 [trainer.py] => CNN top1 curve: [98.4, 73.3, 63.8, 60.85, 58.56, 57.03, 54.54, 53.72, 51.96, 51.0, 49.07]
2024-08-24 17:27:19,929 [trainer.py] => CNN top5 curve: [100.0, 98.1, 91.87, 84.75, 82.04, 80.47, 77.0, 76.2, 74.51, 74.0, 72.71]

2024-08-24 17:27:19,929 [trainer.py] => Average Accuracy (CNN): 61.111818181818194
2024-08-24 17:27:19,930 [trainer.py] => All params: 171681793
2024-08-24 17:27:19,931 [trainer.py] => Trainable params: 171681793
2024-08-24 17:27:19,933 [aper_finetune.py] => Learning on 55-60
2024-08-24 17:28:11,813 [trainer.py] => No NME accuracy.
2024-08-24 17:28:11,813 [trainer.py] => CNN: {'total': 48.68, '00-09': 67.1, '10-19': 46.3, '20-29': 47.6, '30-39': 43.8, '40-49': 44.1, '50-59': 43.2, 'old': 48.84, 'new': 47.0}
2024-08-24 17:28:11,813 [trainer.py] => CNN top1 curve: [98.4, 73.3, 63.8, 60.85, 58.56, 57.03, 54.54, 53.72, 51.96, 51.0, 49.07, 48.68]
2024-08-24 17:28:11,813 [trainer.py] => CNN top5 curve: [100.0, 98.1, 91.87, 84.75, 82.04, 80.47, 77.0, 76.2, 74.51, 74.0, 72.71, 71.83]

2024-08-24 17:28:11,813 [trainer.py] => Average Accuracy (CNN): 60.07583333333334
2024-08-24 17:28:11,815 [trainer.py] => All params: 171689473
2024-08-24 17:28:11,816 [trainer.py] => Trainable params: 171689473
2024-08-24 17:28:11,831 [aper_finetune.py] => Learning on 60-65
2024-08-24 17:29:17,533 [trainer.py] => No NME accuracy.
2024-08-24 17:29:17,534 [trainer.py] => CNN: {'total': 47.94, '00-09': 67.1, '10-19': 46.0, '20-29': 47.4, '30-39': 43.2, '40-49': 43.8, '50-59': 41.7, '60-69': 44.8, 'old': 48.2, 'new': 44.8}
2024-08-24 17:29:17,534 [trainer.py] => CNN top1 curve: [98.4, 73.3, 63.8, 60.85, 58.56, 57.03, 54.54, 53.72, 51.96, 51.0, 49.07, 48.68, 47.94]
2024-08-24 17:29:17,534 [trainer.py] => CNN top5 curve: [100.0, 98.1, 91.87, 84.75, 82.04, 80.47, 77.0, 76.2, 74.51, 74.0, 72.71, 71.83, 70.45]

2024-08-24 17:29:17,534 [trainer.py] => Average Accuracy (CNN): 59.1423076923077
2024-08-24 17:29:17,535 [trainer.py] => All params: 171697153
2024-08-24 17:29:17,537 [trainer.py] => Trainable params: 171697153
2024-08-24 17:29:17,541 [aper_finetune.py] => Learning on 65-70
2024-08-24 17:30:15,698 [trainer.py] => No NME accuracy.
2024-08-24 17:30:15,698 [trainer.py] => CNN: {'total': 48.44, '00-09': 66.4, '10-19': 45.9, '20-29': 47.2, '30-39': 42.5, '40-49': 43.6, '50-59': 41.7, '60-69': 51.8, 'old': 47.55, 'new': 60.0}
2024-08-24 17:30:15,699 [trainer.py] => CNN top1 curve: [98.4, 73.3, 63.8, 60.85, 58.56, 57.03, 54.54, 53.72, 51.96, 51.0, 49.07, 48.68, 47.94, 48.44]
2024-08-24 17:30:15,699 [trainer.py] => CNN top5 curve: [100.0, 98.1, 91.87, 84.75, 82.04, 80.47, 77.0, 76.2, 74.51, 74.0, 72.71, 71.83, 70.45, 70.61]

2024-08-24 17:30:15,699 [trainer.py] => Average Accuracy (CNN): 58.37785714285716
2024-08-24 17:30:15,700 [trainer.py] => All params: 171704833
2024-08-24 17:30:15,701 [trainer.py] => Trainable params: 171704833
2024-08-24 17:30:15,711 [aper_finetune.py] => Learning on 70-75
2024-08-24 17:31:13,541 [trainer.py] => No NME accuracy.
2024-08-24 17:31:13,541 [trainer.py] => CNN: {'total': 47.84, '00-09': 66.0, '10-19': 44.7, '20-29': 46.9, '30-39': 41.9, '40-49': 43.4, '50-59': 40.7, '60-69': 50.1, '70-79': 50.2, 'old': 47.67, 'new': 50.2}
2024-08-24 17:31:13,541 [trainer.py] => CNN top1 curve: [98.4, 73.3, 63.8, 60.85, 58.56, 57.03, 54.54, 53.72, 51.96, 51.0, 49.07, 48.68, 47.94, 48.44, 47.84]
2024-08-24 17:31:13,541 [trainer.py] => CNN top5 curve: [100.0, 98.1, 91.87, 84.75, 82.04, 80.47, 77.0, 76.2, 74.51, 74.0, 72.71, 71.83, 70.45, 70.61, 69.92]

2024-08-24 17:31:13,541 [trainer.py] => Average Accuracy (CNN): 57.67533333333335
2024-08-24 17:31:13,543 [trainer.py] => All params: 171712513
2024-08-24 17:31:13,544 [trainer.py] => Trainable params: 171712513
2024-08-24 17:31:13,553 [aper_finetune.py] => Learning on 75-80
2024-08-24 17:32:15,499 [trainer.py] => No NME accuracy.
2024-08-24 17:32:15,500 [trainer.py] => CNN: {'total': 45.94, '00-09': 65.8, '10-19': 44.7, '20-29': 46.8, '30-39': 41.4, '40-49': 42.8, '50-59': 39.8, '60-69': 49.4, '70-79': 36.8, 'old': 47.32, 'new': 25.2}
2024-08-24 17:32:15,500 [trainer.py] => CNN top1 curve: [98.4, 73.3, 63.8, 60.85, 58.56, 57.03, 54.54, 53.72, 51.96, 51.0, 49.07, 48.68, 47.94, 48.44, 47.84, 45.94]
2024-08-24 17:32:15,500 [trainer.py] => CNN top5 curve: [100.0, 98.1, 91.87, 84.75, 82.04, 80.47, 77.0, 76.2, 74.51, 74.0, 72.71, 71.83, 70.45, 70.61, 69.92, 68.28]

2024-08-24 17:32:15,500 [trainer.py] => Average Accuracy (CNN): 56.94187500000001
2024-08-24 17:32:15,501 [trainer.py] => All params: 171720193
2024-08-24 17:32:15,503 [trainer.py] => Trainable params: 171720193
2024-08-24 17:32:15,509 [aper_finetune.py] => Learning on 80-85
2024-08-24 17:33:23,784 [trainer.py] => No NME accuracy.
2024-08-24 17:33:23,784 [trainer.py] => CNN: {'total': 45.34, '00-09': 65.4, '10-19': 42.6, '20-29': 45.7, '30-39': 40.8, '40-49': 42.6, '50-59': 39.3, '60-69': 48.9, '70-79': 36.6, '80-89': 47.0, 'old': 45.24, 'new': 47.0}
2024-08-24 17:33:23,784 [trainer.py] => CNN top1 curve: [98.4, 73.3, 63.8, 60.85, 58.56, 57.03, 54.54, 53.72, 51.96, 51.0, 49.07, 48.68, 47.94, 48.44, 47.84, 45.94, 45.34]
2024-08-24 17:33:23,784 [trainer.py] => CNN top5 curve: [100.0, 98.1, 91.87, 84.75, 82.04, 80.47, 77.0, 76.2, 74.51, 74.0, 72.71, 71.83, 70.45, 70.61, 69.92, 68.28, 67.91]

2024-08-24 17:33:23,784 [trainer.py] => Average Accuracy (CNN): 56.259411764705895
2024-08-24 17:33:23,786 [trainer.py] => All params: 171727873
2024-08-24 17:33:23,787 [trainer.py] => Trainable params: 171727873
2024-08-24 17:33:23,793 [aper_finetune.py] => Learning on 85-90
2024-08-24 17:34:34,526 [trainer.py] => No NME accuracy.
2024-08-24 17:34:34,526 [trainer.py] => CNN: {'total': 44.83, '00-09': 64.8, '10-19': 41.7, '20-29': 45.7, '30-39': 40.8, '40-49': 42.4, '50-59': 38.8, '60-69': 48.7, '70-79': 36.3, '80-89': 44.3, 'old': 45.01, 'new': 41.8}
2024-08-24 17:34:34,526 [trainer.py] => CNN top1 curve: [98.4, 73.3, 63.8, 60.85, 58.56, 57.03, 54.54, 53.72, 51.96, 51.0, 49.07, 48.68, 47.94, 48.44, 47.84, 45.94, 45.34, 44.83]
2024-08-24 17:34:34,526 [trainer.py] => CNN top5 curve: [100.0, 98.1, 91.87, 84.75, 82.04, 80.47, 77.0, 76.2, 74.51, 74.0, 72.71, 71.83, 70.45, 70.61, 69.92, 68.28, 67.91, 66.99]

2024-08-24 17:34:34,526 [trainer.py] => Average Accuracy (CNN): 55.62444444444446
2024-08-24 17:34:34,528 [trainer.py] => All params: 171735553
2024-08-24 17:34:34,529 [trainer.py] => Trainable params: 171735553
2024-08-24 17:34:34,535 [aper_finetune.py] => Learning on 90-95
2024-08-24 17:35:40,885 [trainer.py] => No NME accuracy.
2024-08-24 17:35:40,885 [trainer.py] => CNN: {'total': 44.49, '00-09': 64.3, '10-19': 41.0, '20-29': 45.2, '30-39': 40.2, '40-49': 42.0, '50-59': 38.4, '60-69': 48.2, '70-79': 35.6, '80-89': 44.2, '90-99': 47.2, 'old': 44.34, 'new': 47.2}
2024-08-24 17:35:40,885 [trainer.py] => CNN top1 curve: [98.4, 73.3, 63.8, 60.85, 58.56, 57.03, 54.54, 53.72, 51.96, 51.0, 49.07, 48.68, 47.94, 48.44, 47.84, 45.94, 45.34, 44.83, 44.49]
2024-08-24 17:35:40,885 [trainer.py] => CNN top5 curve: [100.0, 98.1, 91.87, 84.75, 82.04, 80.47, 77.0, 76.2, 74.51, 74.0, 72.71, 71.83, 70.45, 70.61, 69.92, 68.28, 67.91, 66.99, 66.27]

2024-08-24 17:35:40,885 [trainer.py] => Average Accuracy (CNN): 55.03842105263159
2024-08-24 17:35:40,887 [trainer.py] => All params: 171743233
2024-08-24 17:35:40,888 [trainer.py] => Trainable params: 171743233
2024-08-24 17:35:40,897 [aper_finetune.py] => Learning on 95-100
2024-08-24 17:37:21,334 [trainer.py] => No NME accuracy.
2024-08-24 17:37:21,335 [trainer.py] => CNN: {'total': 43.56, '00-09': 64.2, '10-19': 40.7, '20-29': 45.0, '30-39': 39.9, '40-49': 41.6, '50-59': 37.8, '60-69': 48.0, '70-79': 35.7, '80-89': 44.1, '90-99': 38.6, 'old': 44.24, 'new': 30.6}
2024-08-24 17:37:21,335 [trainer.py] => CNN top1 curve: [98.4, 73.3, 63.8, 60.85, 58.56, 57.03, 54.54, 53.72, 51.96, 51.0, 49.07, 48.68, 47.94, 48.44, 47.84, 45.94, 45.34, 44.83, 44.49, 43.56]
2024-08-24 17:37:21,335 [trainer.py] => CNN top5 curve: [100.0, 98.1, 91.87, 84.75, 82.04, 80.47, 77.0, 76.2, 74.51, 74.0, 72.71, 71.83, 70.45, 70.61, 69.92, 68.28, 67.91, 66.99, 66.27, 65.02]

2024-08-24 17:37:21,335 [trainer.py] => Average Accuracy (CNN): 54.46450000000001
2024-08-24 19:02:13,075 [trainer.py] => config: exps/aper_finetune/cifar224_5_5_vit-b_finetune.json
2024-08-24 19:02:13,075 [trainer.py] => prefix: exp
2024-08-24 19:02:13,075 [trainer.py] => dataset: cifar224
2024-08-24 19:02:13,075 [trainer.py] => memory_size: 2000
2024-08-24 19:02:13,075 [trainer.py] => memory_per_class: 20
2024-08-24 19:02:13,075 [trainer.py] => fixed_memory: False
2024-08-24 19:02:13,075 [trainer.py] => shuffle: True
2024-08-24 19:02:13,075 [trainer.py] => init_cls: 5
2024-08-24 19:02:13,075 [trainer.py] => increment: 5
2024-08-24 19:02:13,075 [trainer.py] => model_name: aper_finetune
2024-08-24 19:02:13,075 [trainer.py] => convnet_type: pretrained_vit_b16_224_in21k
2024-08-24 19:02:13,075 [trainer.py] => weight_decay: 0.05
2024-08-24 19:02:13,075 [trainer.py] => optimizer: sgd
2024-08-24 19:02:13,075 [trainer.py] => min_lr: 0
2024-08-24 19:02:13,075 [trainer.py] => device: [device(type='cuda', index=0)]
2024-08-24 19:02:13,075 [trainer.py] => seed: 1993
2024-08-24 19:02:13,075 [trainer.py] => tuned_epoch: 20
2024-08-24 19:02:13,075 [trainer.py] => init_lr: 0.01
2024-08-24 19:02:13,075 [trainer.py] => batch_size: 48
2024-08-24 19:02:15,176 [data_manager.py] => [68, 56, 78, 8, 23, 84, 90, 65, 74, 76, 40, 89, 3, 92, 55, 9, 26, 80, 43, 38, 58, 70, 77, 1, 85, 19, 17, 50, 28, 53, 13, 81, 45, 82, 6, 59, 83, 16, 15, 44, 91, 41, 72, 60, 79, 52, 20, 10, 31, 54, 37, 95, 14, 71, 96, 98, 97, 2, 64, 66, 42, 22, 35, 86, 24, 34, 87, 21, 99, 0, 88, 27, 18, 94, 11, 12, 47, 25, 30, 46, 62, 69, 36, 61, 7, 63, 75, 5, 32, 4, 51, 48, 73, 93, 39, 67, 29, 49, 57, 33]
2024-08-24 19:02:18,117 [trainer.py] => All params: 85798656
2024-08-24 19:02:18,118 [trainer.py] => Trainable params: 85798656
2024-08-24 19:02:21,735 [aper_finetune.py] => Learning on 0-5
2024-08-24 19:06:02,662 [aper_finetune.py] => Task 0, Epoch 20/20 => Loss 1.077, Train_accy 57.56, Test_accy 59.80
2024-08-24 19:06:17,586 [trainer.py] => No NME accuracy.
2024-08-24 19:06:17,586 [trainer.py] => CNN: {'total': 97.8, '00-09': 97.8, 'old': 0, 'new': 97.8}
2024-08-24 19:06:17,586 [trainer.py] => CNN top1 curve: [97.8]
2024-08-24 19:06:17,586 [trainer.py] => CNN top5 curve: [100.0]

2024-08-24 19:06:17,586 [trainer.py] => Average Accuracy (CNN): 97.8
2024-08-24 19:06:17,587 [trainer.py] => All params: 171604993
2024-08-24 19:06:17,589 [trainer.py] => Trainable params: 171604993
2024-08-24 19:06:17,590 [aper_finetune.py] => Learning on 5-10
2024-08-24 19:06:28,607 [trainer.py] => No NME accuracy.
2024-08-24 19:06:28,608 [trainer.py] => CNN: {'total': 94.9, '00-09': 94.9, 'old': 95.2, 'new': 94.6}
2024-08-24 19:06:28,608 [trainer.py] => CNN top1 curve: [97.8, 94.9]
2024-08-24 19:06:28,608 [trainer.py] => CNN top5 curve: [100.0, 99.7]

2024-08-24 19:06:28,608 [trainer.py] => Average Accuracy (CNN): 96.35
2024-08-24 19:06:28,609 [trainer.py] => All params: 171612673
2024-08-24 19:06:28,611 [trainer.py] => Trainable params: 171612673
2024-08-24 19:06:28,612 [aper_finetune.py] => Learning on 10-15
2024-08-24 19:06:40,964 [trainer.py] => No NME accuracy.
2024-08-24 19:06:40,965 [trainer.py] => CNN: {'total': 93.93, '00-09': 93.9, '10-19': 94.0, 'old': 93.9, 'new': 94.0}
2024-08-24 19:06:40,965 [trainer.py] => CNN top1 curve: [97.8, 94.9, 93.93]
2024-08-24 19:06:40,965 [trainer.py] => CNN top5 curve: [100.0, 99.7, 99.4]

2024-08-24 19:06:40,965 [trainer.py] => Average Accuracy (CNN): 95.54333333333334
2024-08-24 19:06:40,966 [trainer.py] => All params: 171620353
2024-08-24 19:06:40,968 [trainer.py] => Trainable params: 171620353
2024-08-24 19:06:40,969 [aper_finetune.py] => Learning on 15-20
2024-08-24 19:06:55,608 [trainer.py] => No NME accuracy.
2024-08-24 19:06:55,609 [trainer.py] => CNN: {'total': 92.2, '00-09': 93.3, '10-19': 91.1, 'old': 93.33, 'new': 88.8}
2024-08-24 19:06:55,609 [trainer.py] => CNN top1 curve: [97.8, 94.9, 93.93, 92.2]
2024-08-24 19:06:55,609 [trainer.py] => CNN top5 curve: [100.0, 99.7, 99.4, 98.75]

2024-08-24 19:06:55,609 [trainer.py] => Average Accuracy (CNN): 94.7075
2024-08-24 19:06:55,611 [trainer.py] => All params: 171628033
2024-08-24 19:06:55,612 [trainer.py] => Trainable params: 171628033
2024-08-24 19:06:55,613 [aper_finetune.py] => Learning on 20-25
2024-08-24 19:07:10,737 [trainer.py] => No NME accuracy.
2024-08-24 19:07:10,737 [trainer.py] => CNN: {'total': 92.08, '00-09': 93.2, '10-19': 90.1, '20-29': 93.8, 'old': 91.65, 'new': 93.8}
2024-08-24 19:07:10,737 [trainer.py] => CNN top1 curve: [97.8, 94.9, 93.93, 92.2, 92.08]
2024-08-24 19:07:10,737 [trainer.py] => CNN top5 curve: [100.0, 99.7, 99.4, 98.75, 98.44]

2024-08-24 19:07:10,737 [trainer.py] => Average Accuracy (CNN): 94.18199999999999
2024-08-24 19:07:10,739 [trainer.py] => All params: 171635713
2024-08-24 19:07:10,741 [trainer.py] => Trainable params: 171635713
2024-08-24 19:07:10,743 [aper_finetune.py] => Learning on 25-30
2024-08-24 19:07:29,216 [trainer.py] => No NME accuracy.
2024-08-24 19:07:29,216 [trainer.py] => CNN: {'total': 91.77, '00-09': 92.0, '10-19': 89.6, '20-29': 93.7, 'old': 91.36, 'new': 93.8}
2024-08-24 19:07:29,216 [trainer.py] => CNN top1 curve: [97.8, 94.9, 93.93, 92.2, 92.08, 91.77]
2024-08-24 19:07:29,216 [trainer.py] => CNN top5 curve: [100.0, 99.7, 99.4, 98.75, 98.44, 98.43]

2024-08-24 19:07:29,216 [trainer.py] => Average Accuracy (CNN): 93.77999999999999
2024-08-24 19:07:29,218 [trainer.py] => All params: 171643393
2024-08-24 19:07:29,219 [trainer.py] => Trainable params: 171643393
2024-08-24 19:07:29,221 [aper_finetune.py] => Learning on 30-35
2024-08-24 19:07:49,245 [trainer.py] => No NME accuracy.
2024-08-24 19:07:49,246 [trainer.py] => CNN: {'total': 89.77, '00-09': 91.1, '10-19': 88.4, '20-29': 92.9, '30-39': 83.6, 'old': 90.8, 'new': 83.6}
2024-08-24 19:07:49,246 [trainer.py] => CNN top1 curve: [97.8, 94.9, 93.93, 92.2, 92.08, 91.77, 89.77]
2024-08-24 19:07:49,246 [trainer.py] => CNN top5 curve: [100.0, 99.7, 99.4, 98.75, 98.44, 98.43, 98.43]

2024-08-24 19:07:49,246 [trainer.py] => Average Accuracy (CNN): 93.20714285714284
2024-08-24 19:07:49,247 [trainer.py] => All params: 171651073
2024-08-24 19:07:49,248 [trainer.py] => Trainable params: 171651073
2024-08-24 19:07:49,250 [aper_finetune.py] => Learning on 35-40
2024-08-24 19:08:11,694 [trainer.py] => No NME accuracy.
2024-08-24 19:08:11,695 [trainer.py] => CNN: {'total': 89.08, '00-09': 89.6, '10-19': 87.6, '20-29': 91.8, '30-39': 87.3, 'old': 88.71, 'new': 91.6}
2024-08-24 19:08:11,695 [trainer.py] => CNN top1 curve: [97.8, 94.9, 93.93, 92.2, 92.08, 91.77, 89.77, 89.08]
2024-08-24 19:08:11,695 [trainer.py] => CNN top5 curve: [100.0, 99.7, 99.4, 98.75, 98.44, 98.43, 98.43, 97.92]

2024-08-24 19:08:11,695 [trainer.py] => Average Accuracy (CNN): 92.69125
2024-08-24 19:08:11,696 [trainer.py] => All params: 171658753
2024-08-24 19:08:11,698 [trainer.py] => Trainable params: 171658753
2024-08-24 19:08:11,699 [aper_finetune.py] => Learning on 40-45
2024-08-24 19:08:35,442 [trainer.py] => No NME accuracy.
2024-08-24 19:08:35,442 [trainer.py] => CNN: {'total': 88.16, '00-09': 88.7, '10-19': 87.0, '20-29': 91.5, '30-39': 87.0, '40-49': 85.0, 'old': 88.55, 'new': 85.0}
2024-08-24 19:08:35,442 [trainer.py] => CNN top1 curve: [97.8, 94.9, 93.93, 92.2, 92.08, 91.77, 89.77, 89.08, 88.16]
2024-08-24 19:08:35,442 [trainer.py] => CNN top5 curve: [100.0, 99.7, 99.4, 98.75, 98.44, 98.43, 98.43, 97.92, 97.58]

2024-08-24 19:08:35,442 [trainer.py] => Average Accuracy (CNN): 92.18777777777777
2024-08-24 19:08:35,443 [trainer.py] => All params: 171666433
2024-08-24 19:08:35,445 [trainer.py] => Trainable params: 171666433
2024-08-24 19:08:35,446 [aper_finetune.py] => Learning on 45-50
2024-08-24 19:09:00,006 [trainer.py] => No NME accuracy.
2024-08-24 19:09:00,006 [trainer.py] => CNN: {'total': 87.18, '00-09': 87.5, '10-19': 86.5, '20-29': 90.3, '30-39': 85.0, '40-49': 86.6, 'old': 87.02, 'new': 88.6}
2024-08-24 19:09:00,007 [trainer.py] => CNN top1 curve: [97.8, 94.9, 93.93, 92.2, 92.08, 91.77, 89.77, 89.08, 88.16, 87.18]
2024-08-24 19:09:00,007 [trainer.py] => CNN top5 curve: [100.0, 99.7, 99.4, 98.75, 98.44, 98.43, 98.43, 97.92, 97.58, 97.48]

2024-08-24 19:09:00,007 [trainer.py] => Average Accuracy (CNN): 91.68699999999998
2024-08-24 19:09:00,008 [trainer.py] => All params: 171674113
2024-08-24 19:09:00,009 [trainer.py] => Trainable params: 171674113
2024-08-24 19:09:00,014 [aper_finetune.py] => Learning on 50-55
2024-08-24 19:09:24,103 [trainer.py] => No NME accuracy.
2024-08-24 19:09:24,104 [trainer.py] => CNN: {'total': 85.44, '00-09': 86.2, '10-19': 86.2, '20-29': 89.1, '30-39': 84.4, '40-49': 83.6, '50-59': 80.8, 'old': 85.9, 'new': 80.8}
2024-08-24 19:09:24,104 [trainer.py] => CNN top1 curve: [97.8, 94.9, 93.93, 92.2, 92.08, 91.77, 89.77, 89.08, 88.16, 87.18, 85.44]
2024-08-24 19:09:24,104 [trainer.py] => CNN top5 curve: [100.0, 99.7, 99.4, 98.75, 98.44, 98.43, 98.43, 97.92, 97.58, 97.48, 96.96]

2024-08-24 19:09:24,104 [trainer.py] => Average Accuracy (CNN): 91.1190909090909
2024-08-24 19:09:24,105 [trainer.py] => All params: 171681793
2024-08-24 19:09:24,106 [trainer.py] => Trainable params: 171681793
2024-08-24 19:09:24,108 [aper_finetune.py] => Learning on 55-60
2024-08-24 19:09:49,813 [trainer.py] => No NME accuracy.
2024-08-24 19:09:49,814 [trainer.py] => CNN: {'total': 85.4, '00-09': 86.0, '10-19': 85.9, '20-29': 88.6, '30-39': 84.1, '40-49': 83.5, '50-59': 84.3, 'old': 85.18, 'new': 87.8}
2024-08-24 19:09:49,814 [trainer.py] => CNN top1 curve: [97.8, 94.9, 93.93, 92.2, 92.08, 91.77, 89.77, 89.08, 88.16, 87.18, 85.44, 85.4]
2024-08-24 19:09:49,814 [trainer.py] => CNN top5 curve: [100.0, 99.7, 99.4, 98.75, 98.44, 98.43, 98.43, 97.92, 97.58, 97.48, 96.96, 96.65]

2024-08-24 19:09:49,814 [trainer.py] => Average Accuracy (CNN): 90.6425
2024-08-24 19:09:49,815 [trainer.py] => All params: 171689473
2024-08-24 19:09:49,816 [trainer.py] => Trainable params: 171689473
2024-08-24 19:09:49,818 [aper_finetune.py] => Learning on 60-65
2024-08-24 19:10:16,929 [trainer.py] => No NME accuracy.
2024-08-24 19:10:16,930 [trainer.py] => CNN: {'total': 84.97, '00-09': 85.9, '10-19': 85.7, '20-29': 88.6, '30-39': 84.0, '40-49': 83.5, '50-59': 82.2, '60-69': 84.8, 'old': 84.98, 'new': 84.8}
2024-08-24 19:10:16,930 [trainer.py] => CNN top1 curve: [97.8, 94.9, 93.93, 92.2, 92.08, 91.77, 89.77, 89.08, 88.16, 87.18, 85.44, 85.4, 84.97]
2024-08-24 19:10:16,930 [trainer.py] => CNN top5 curve: [100.0, 99.7, 99.4, 98.75, 98.44, 98.43, 98.43, 97.92, 97.58, 97.48, 96.96, 96.65, 96.58]

2024-08-24 19:10:16,930 [trainer.py] => Average Accuracy (CNN): 90.20615384615385
2024-08-24 19:10:16,931 [trainer.py] => All params: 171697153
2024-08-24 19:10:16,933 [trainer.py] => Trainable params: 171697153
2024-08-24 19:10:16,935 [aper_finetune.py] => Learning on 65-70
2024-08-24 19:10:45,464 [trainer.py] => No NME accuracy.
2024-08-24 19:10:45,465 [trainer.py] => CNN: {'total': 85.01, '00-09': 84.7, '10-19': 85.1, '20-29': 88.6, '30-39': 83.9, '40-49': 83.4, '50-59': 81.9, '60-69': 87.5, 'old': 84.57, 'new': 90.8}
2024-08-24 19:10:45,465 [trainer.py] => CNN top1 curve: [97.8, 94.9, 93.93, 92.2, 92.08, 91.77, 89.77, 89.08, 88.16, 87.18, 85.44, 85.4, 84.97, 85.01]
2024-08-24 19:10:45,465 [trainer.py] => CNN top5 curve: [100.0, 99.7, 99.4, 98.75, 98.44, 98.43, 98.43, 97.92, 97.58, 97.48, 96.96, 96.65, 96.58, 96.56]

2024-08-24 19:10:45,465 [trainer.py] => Average Accuracy (CNN): 89.83500000000001
2024-08-24 19:10:45,466 [trainer.py] => All params: 171704833
2024-08-24 19:10:45,468 [trainer.py] => Trainable params: 171704833
2024-08-24 19:10:45,470 [aper_finetune.py] => Learning on 70-75
2024-08-24 19:11:30,103 [trainer.py] => No NME accuracy.
2024-08-24 19:11:30,104 [trainer.py] => CNN: {'total': 83.81, '00-09': 84.0, '10-19': 84.2, '20-29': 88.6, '30-39': 83.5, '40-49': 82.9, '50-59': 81.1, '60-69': 85.4, '70-79': 77.8, 'old': 84.24, 'new': 77.8}
2024-08-24 19:11:30,104 [trainer.py] => CNN top1 curve: [97.8, 94.9, 93.93, 92.2, 92.08, 91.77, 89.77, 89.08, 88.16, 87.18, 85.44, 85.4, 84.97, 85.01, 83.81]
2024-08-24 19:11:30,104 [trainer.py] => CNN top5 curve: [100.0, 99.7, 99.4, 98.75, 98.44, 98.43, 98.43, 97.92, 97.58, 97.48, 96.96, 96.65, 96.58, 96.56, 96.15]

2024-08-24 19:11:30,104 [trainer.py] => Average Accuracy (CNN): 89.43333333333334
2024-08-24 19:11:30,105 [trainer.py] => All params: 171712513
2024-08-24 19:11:30,106 [trainer.py] => Trainable params: 171712513
2024-08-24 19:11:30,112 [aper_finetune.py] => Learning on 75-80
2024-08-24 19:12:26,597 [trainer.py] => No NME accuracy.
2024-08-24 19:12:26,597 [trainer.py] => CNN: {'total': 82.51, '00-09': 83.2, '10-19': 84.2, '20-29': 88.5, '30-39': 83.2, '40-49': 81.1, '50-59': 78.9, '60-69': 84.7, '70-79': 76.3, 'old': 82.95, 'new': 76.0}
2024-08-24 19:12:26,597 [trainer.py] => CNN top1 curve: [97.8, 94.9, 93.93, 92.2, 92.08, 91.77, 89.77, 89.08, 88.16, 87.18, 85.44, 85.4, 84.97, 85.01, 83.81, 82.51]
2024-08-24 19:12:26,597 [trainer.py] => CNN top5 curve: [100.0, 99.7, 99.4, 98.75, 98.44, 98.43, 98.43, 97.92, 97.58, 97.48, 96.96, 96.65, 96.58, 96.56, 96.15, 95.81]

2024-08-24 19:12:26,598 [trainer.py] => Average Accuracy (CNN): 89.000625
2024-08-24 19:12:26,599 [trainer.py] => All params: 171720193
2024-08-24 19:12:26,600 [trainer.py] => Trainable params: 171720193
2024-08-24 19:12:26,608 [aper_finetune.py] => Learning on 80-85
2024-08-24 19:13:31,332 [trainer.py] => No NME accuracy.
2024-08-24 19:13:31,333 [trainer.py] => CNN: {'total': 82.16, '00-09': 82.9, '10-19': 83.5, '20-29': 87.9, '30-39': 82.9, '40-49': 79.9, '50-59': 78.4, '60-69': 84.1, '70-79': 76.0, '80-89': 85.6, 'old': 81.95, 'new': 85.6}
2024-08-24 19:13:31,333 [trainer.py] => CNN top1 curve: [97.8, 94.9, 93.93, 92.2, 92.08, 91.77, 89.77, 89.08, 88.16, 87.18, 85.44, 85.4, 84.97, 85.01, 83.81, 82.51, 82.16]
2024-08-24 19:13:31,333 [trainer.py] => CNN top5 curve: [100.0, 99.7, 99.4, 98.75, 98.44, 98.43, 98.43, 97.92, 97.58, 97.48, 96.96, 96.65, 96.58, 96.56, 96.15, 95.81, 95.75]

2024-08-24 19:13:31,333 [trainer.py] => Average Accuracy (CNN): 88.59823529411766
2024-08-24 19:13:31,335 [trainer.py] => All params: 171727873
2024-08-24 19:13:31,336 [trainer.py] => Trainable params: 171727873
2024-08-24 19:13:31,345 [aper_finetune.py] => Learning on 85-90
2024-08-24 19:14:49,800 [trainer.py] => No NME accuracy.
2024-08-24 19:14:49,800 [trainer.py] => CNN: {'total': 81.79, '00-09': 82.6, '10-19': 83.1, '20-29': 87.8, '30-39': 82.9, '40-49': 79.8, '50-59': 78.4, '60-69': 84.0, '70-79': 75.7, '80-89': 81.8, 'old': 82.01, 'new': 78.0}
2024-08-24 19:14:49,800 [trainer.py] => CNN top1 curve: [97.8, 94.9, 93.93, 92.2, 92.08, 91.77, 89.77, 89.08, 88.16, 87.18, 85.44, 85.4, 84.97, 85.01, 83.81, 82.51, 82.16, 81.79]
2024-08-24 19:14:49,800 [trainer.py] => CNN top5 curve: [100.0, 99.7, 99.4, 98.75, 98.44, 98.43, 98.43, 97.92, 97.58, 97.48, 96.96, 96.65, 96.58, 96.56, 96.15, 95.81, 95.75, 95.42]

2024-08-24 19:14:49,801 [trainer.py] => Average Accuracy (CNN): 88.22
2024-08-24 19:14:49,802 [trainer.py] => All params: 171735553
2024-08-24 19:14:49,803 [trainer.py] => Trainable params: 171735553
2024-08-24 19:14:49,809 [aper_finetune.py] => Learning on 90-95
2024-08-24 19:16:17,747 [trainer.py] => No NME accuracy.
2024-08-24 19:16:17,747 [trainer.py] => CNN: {'total': 81.93, '00-09': 81.8, '10-19': 83.0, '20-29': 87.4, '30-39': 82.7, '40-49': 79.6, '50-59': 77.9, '60-69': 84.0, '70-79': 75.0, '80-89': 81.8, '90-99': 90.2, 'old': 81.47, 'new': 90.2}
2024-08-24 19:16:17,747 [trainer.py] => CNN top1 curve: [97.8, 94.9, 93.93, 92.2, 92.08, 91.77, 89.77, 89.08, 88.16, 87.18, 85.44, 85.4, 84.97, 85.01, 83.81, 82.51, 82.16, 81.79, 81.93]
2024-08-24 19:16:17,748 [trainer.py] => CNN top5 curve: [100.0, 99.7, 99.4, 98.75, 98.44, 98.43, 98.43, 97.92, 97.58, 97.48, 96.96, 96.65, 96.58, 96.56, 96.15, 95.81, 95.75, 95.42, 95.39]

2024-08-24 19:16:17,748 [trainer.py] => Average Accuracy (CNN): 87.88894736842106
2024-08-24 19:16:17,749 [trainer.py] => All params: 171743233
2024-08-24 19:16:17,750 [trainer.py] => Trainable params: 171743233
2024-08-24 19:16:17,758 [aper_finetune.py] => Learning on 95-100
2024-08-24 19:17:49,594 [trainer.py] => No NME accuracy.
2024-08-24 19:17:49,594 [trainer.py] => CNN: {'total': 81.27, '00-09': 81.1, '10-19': 82.4, '20-29': 87.2, '30-39': 82.1, '40-49': 79.4, '50-59': 77.2, '60-69': 83.7, '70-79': 74.7, '80-89': 81.3, '90-99': 83.6, 'old': 81.45, 'new': 77.8}
2024-08-24 19:17:49,594 [trainer.py] => CNN top1 curve: [97.8, 94.9, 93.93, 92.2, 92.08, 91.77, 89.77, 89.08, 88.16, 87.18, 85.44, 85.4, 84.97, 85.01, 83.81, 82.51, 82.16, 81.79, 81.93, 81.27]
2024-08-24 19:17:49,594 [trainer.py] => CNN top5 curve: [100.0, 99.7, 99.4, 98.75, 98.44, 98.43, 98.43, 97.92, 97.58, 97.48, 96.96, 96.65, 96.58, 96.56, 96.15, 95.81, 95.75, 95.42, 95.39, 95.0]

2024-08-24 19:17:49,594 [trainer.py] => Average Accuracy (CNN): 87.558
