2024-08-25 10:17:57,914 [trainer.py] => config: exps/aper_finetune/cub_10_10_vit-b_finetune.json
2024-08-25 10:17:57,914 [trainer.py] => prefix: exp
2024-08-25 10:17:57,914 [trainer.py] => dataset: cub
2024-08-25 10:17:57,914 [trainer.py] => memory_size: 2000
2024-08-25 10:17:57,914 [trainer.py] => memory_per_class: 20
2024-08-25 10:17:57,914 [trainer.py] => fixed_memory: False
2024-08-25 10:17:57,914 [trainer.py] => shuffle: True
2024-08-25 10:17:57,914 [trainer.py] => init_cls: 10
2024-08-25 10:17:57,914 [trainer.py] => increment: 10
2024-08-25 10:17:57,914 [trainer.py] => model_name: aper_finetune
2024-08-25 10:17:57,914 [trainer.py] => convnet_type: pretrained_vit_b16_224_in21k
2024-08-25 10:17:57,914 [trainer.py] => weight_decay: 0.0005
2024-08-25 10:17:57,914 [trainer.py] => optimizer: sgd
2024-08-25 10:17:57,914 [trainer.py] => min_lr: 0
2024-08-25 10:17:57,914 [trainer.py] => device: [device(type='cuda', index=0)]
2024-08-25 10:17:57,914 [trainer.py] => seed: 1993
2024-08-25 10:17:57,914 [trainer.py] => tuned_epoch: 5
2024-08-25 10:17:57,914 [trainer.py] => init_lr: 0.01
2024-08-25 10:17:57,915 [trainer.py] => batch_size: 128
2024-08-25 10:17:57,962 [data_manager.py] => [168, 136, 51, 9, 183, 101, 171, 99, 42, 159, 191, 70, 16, 188, 27, 10, 175, 26, 68, 187, 98, 6, 85, 35, 112, 43, 100, 0, 103, 181, 88, 59, 4, 2, 116, 174, 94, 80, 106, 1, 147, 17, 141, 131, 72, 23, 173, 54, 197, 118, 87, 32, 79, 104, 91, 19, 135, 107, 178, 36, 11, 199, 142, 8, 122, 3, 28, 57, 153, 172, 190, 56, 49, 44, 97, 62, 151, 169, 194, 55, 192, 12, 189, 78, 66, 180, 15, 137, 109, 134, 92, 119, 126, 52, 170, 40, 148, 65, 144, 64, 138, 45, 77, 89, 154, 90, 71, 193, 74, 30, 113, 143, 96, 84, 67, 50, 186, 156, 69, 21, 18, 111, 108, 58, 125, 157, 150, 110, 182, 129, 166, 83, 81, 60, 13, 165, 14, 176, 63, 117, 5, 22, 145, 121, 38, 41, 82, 127, 114, 20, 31, 53, 37, 163, 196, 130, 152, 162, 86, 76, 24, 34, 184, 149, 33, 128, 198, 155, 146, 167, 139, 120, 140, 102, 47, 25, 158, 123, 46, 164, 61, 7, 115, 75, 133, 160, 105, 132, 179, 124, 48, 73, 93, 39, 95, 195, 29, 177, 185, 161]
2024-08-25 10:18:00,318 [trainer.py] => All params: 85798656
2024-08-25 10:18:00,319 [trainer.py] => Trainable params: 85798656
2024-08-25 10:18:04,220 [aper_finetune.py] => Learning on 0-10
2024-08-25 10:18:30,735 [aper_finetune.py] => Task 0, Epoch 5/5 => Loss 2.143, Train_accy 79.75, Test_accy 78.81
2024-08-25 10:18:40,317 [trainer.py] => No NME accuracy.
2024-08-25 10:18:40,317 [trainer.py] => CNN: {'total': 99.15, '00-09': 99.15, 'old': 0, 'new': 99.15}
2024-08-25 10:18:40,318 [trainer.py] => CNN top1 curve: [99.15]
2024-08-25 10:18:40,318 [trainer.py] => CNN top5 curve: [100.0]

2024-08-25 10:18:40,318 [trainer.py] => Average Accuracy (CNN): 99.15
2024-08-25 10:18:40,319 [trainer.py] => All params: 171612673
2024-08-25 10:18:40,320 [trainer.py] => Trainable params: 171612673
2024-08-25 10:18:40,322 [aper_finetune.py] => Learning on 10-20
2024-08-25 10:18:46,621 [trainer.py] => No NME accuracy.
2024-08-25 10:18:46,621 [trainer.py] => CNN: {'total': 97.57, '00-09': 98.31, '10-19': 96.9, 'old': 98.31, 'new': 96.9}
2024-08-25 10:18:46,621 [trainer.py] => CNN top1 curve: [99.15, 97.57]
2024-08-25 10:18:46,621 [trainer.py] => CNN top5 curve: [100.0, 100.0]

2024-08-25 10:18:46,621 [trainer.py] => Average Accuracy (CNN): 98.36
2024-08-25 10:18:46,623 [trainer.py] => All params: 171628033
2024-08-25 10:18:46,624 [trainer.py] => Trainable params: 171628033
2024-08-25 10:18:46,626 [aper_finetune.py] => Learning on 20-30
2024-08-25 10:18:53,290 [trainer.py] => No NME accuracy.
2024-08-25 10:18:53,290 [trainer.py] => CNN: {'total': 97.67, '00-09': 98.31, '10-19': 96.9, '20-29': 97.94, 'old': 97.57, 'new': 97.94}
2024-08-25 10:18:53,290 [trainer.py] => CNN top1 curve: [99.15, 97.57, 97.67]
2024-08-25 10:18:53,290 [trainer.py] => CNN top5 curve: [100.0, 100.0, 99.71]

2024-08-25 10:18:53,290 [trainer.py] => Average Accuracy (CNN): 98.13
2024-08-25 10:18:53,292 [trainer.py] => All params: 171643393
2024-08-25 10:18:53,293 [trainer.py] => Trainable params: 171643393
2024-08-25 10:18:53,295 [aper_finetune.py] => Learning on 30-40
2024-08-25 10:18:59,774 [trainer.py] => No NME accuracy.
2024-08-25 10:18:59,774 [trainer.py] => CNN: {'total': 97.14, '00-09': 98.31, '10-19': 96.12, '20-29': 96.91, '30-39': 97.27, 'old': 97.09, 'new': 97.27}
2024-08-25 10:18:59,774 [trainer.py] => CNN top1 curve: [99.15, 97.57, 97.67, 97.14]
2024-08-25 10:18:59,774 [trainer.py] => CNN top5 curve: [100.0, 100.0, 99.71, 99.78]

2024-08-25 10:18:59,775 [trainer.py] => Average Accuracy (CNN): 97.8825
2024-08-25 10:18:59,776 [trainer.py] => All params: 171658753
2024-08-25 10:18:59,777 [trainer.py] => Trainable params: 171658753
2024-08-25 10:18:59,779 [aper_finetune.py] => Learning on 40-50
2024-08-25 10:19:06,016 [trainer.py] => No NME accuracy.
2024-08-25 10:19:06,016 [trainer.py] => CNN: {'total': 97.15, '00-09': 98.31, '10-19': 96.12, '20-29': 96.91, '30-39': 96.36, '40-49': 98.13, 'old': 96.92, 'new': 98.13}
2024-08-25 10:19:06,016 [trainer.py] => CNN top1 curve: [99.15, 97.57, 97.67, 97.14, 97.15]
2024-08-25 10:19:06,016 [trainer.py] => CNN top5 curve: [100.0, 100.0, 99.71, 99.78, 99.64]

2024-08-25 10:19:06,016 [trainer.py] => Average Accuracy (CNN): 97.73599999999999
2024-08-25 10:19:06,018 [trainer.py] => All params: 171674113
2024-08-25 10:19:06,019 [trainer.py] => Trainable params: 171674113
2024-08-25 10:19:06,021 [aper_finetune.py] => Learning on 50-60
2024-08-25 10:19:13,605 [trainer.py] => No NME accuracy.
2024-08-25 10:19:13,605 [trainer.py] => CNN: {'total': 94.64, '00-09': 91.53, '10-19': 96.12, '20-29': 96.91, '30-39': 96.36, '40-49': 97.2, '50-59': 90.09, 'old': 95.54, 'new': 90.09}
2024-08-25 10:19:13,605 [trainer.py] => CNN top1 curve: [99.15, 97.57, 97.67, 97.14, 97.15, 94.64]
2024-08-25 10:19:13,605 [trainer.py] => CNN top5 curve: [100.0, 100.0, 99.71, 99.78, 99.64, 99.26]

2024-08-25 10:19:13,605 [trainer.py] => Average Accuracy (CNN): 97.21999999999998
2024-08-25 10:19:13,607 [trainer.py] => All params: 171689473
2024-08-25 10:19:13,608 [trainer.py] => Trainable params: 171689473
2024-08-25 10:19:13,610 [aper_finetune.py] => Learning on 60-70
2024-08-25 10:19:22,874 [trainer.py] => No NME accuracy.
2024-08-25 10:19:22,875 [trainer.py] => CNN: {'total': 92.67, '00-09': 90.68, '10-19': 92.25, '20-29': 96.91, '30-39': 96.36, '40-49': 96.26, '50-59': 87.39, '60-69': 89.62, 'old': 93.15, 'new': 89.62}
2024-08-25 10:19:22,875 [trainer.py] => CNN top1 curve: [99.15, 97.57, 97.67, 97.14, 97.15, 94.64, 92.67]
2024-08-25 10:19:22,875 [trainer.py] => CNN top5 curve: [100.0, 100.0, 99.71, 99.78, 99.64, 99.26, 99.1]

2024-08-25 10:19:22,875 [trainer.py] => Average Accuracy (CNN): 96.56999999999998
2024-08-25 10:19:22,876 [trainer.py] => All params: 171704833
2024-08-25 10:19:22,877 [trainer.py] => Trainable params: 171704833
2024-08-25 10:19:22,880 [aper_finetune.py] => Learning on 70-80
2024-08-25 10:19:30,876 [trainer.py] => No NME accuracy.
2024-08-25 10:19:30,876 [trainer.py] => CNN: {'total': 93.14, '00-09': 90.68, '10-19': 92.25, '20-29': 96.91, '30-39': 96.36, '40-49': 96.26, '50-59': 87.39, '60-69': 89.62, '70-79': 95.74, 'old': 92.67, 'new': 95.74}
2024-08-25 10:19:30,876 [trainer.py] => CNN top1 curve: [99.15, 97.57, 97.67, 97.14, 97.15, 94.64, 92.67, 93.14]
2024-08-25 10:19:30,876 [trainer.py] => CNN top5 curve: [100.0, 100.0, 99.71, 99.78, 99.64, 99.26, 99.1, 99.02]

2024-08-25 10:19:30,876 [trainer.py] => Average Accuracy (CNN): 96.14124999999999
2024-08-25 10:19:30,878 [trainer.py] => All params: 171720193
2024-08-25 10:19:30,879 [trainer.py] => Trainable params: 171720193
2024-08-25 10:19:30,881 [aper_finetune.py] => Learning on 80-90
2024-08-25 10:19:38,665 [trainer.py] => No NME accuracy.
2024-08-25 10:19:38,665 [trainer.py] => CNN: {'total': 92.97, '00-09': 90.68, '10-19': 90.7, '20-29': 96.91, '30-39': 96.36, '40-49': 96.26, '50-59': 87.39, '60-69': 89.62, '70-79': 95.04, '80-89': 93.98, 'old': 92.82, 'new': 93.98}
2024-08-25 10:19:38,665 [trainer.py] => CNN top1 curve: [99.15, 97.57, 97.67, 97.14, 97.15, 94.64, 92.67, 93.14, 92.97]
2024-08-25 10:19:38,665 [trainer.py] => CNN top5 curve: [100.0, 100.0, 99.71, 99.78, 99.64, 99.26, 99.1, 99.02, 99.05]

2024-08-25 10:19:38,665 [trainer.py] => Average Accuracy (CNN): 95.78888888888888
2024-08-25 10:19:38,667 [trainer.py] => All params: 171735553
2024-08-25 10:19:38,668 [trainer.py] => Trainable params: 171735553
2024-08-25 10:19:38,674 [aper_finetune.py] => Learning on 90-100
2024-08-25 10:19:47,991 [trainer.py] => No NME accuracy.
2024-08-25 10:19:47,991 [trainer.py] => CNN: {'total': 91.92, '00-09': 89.83, '10-19': 90.7, '20-29': 96.91, '30-39': 92.73, '40-49': 96.26, '50-59': 87.39, '60-69': 88.68, '70-79': 95.04, '80-89': 93.98, '90-99': 88.24, 'old': 92.4, 'new': 88.24}
2024-08-25 10:19:47,991 [trainer.py] => CNN top1 curve: [99.15, 97.57, 97.67, 97.14, 97.15, 94.64, 92.67, 93.14, 92.97, 91.92]
2024-08-25 10:19:47,991 [trainer.py] => CNN top5 curve: [100.0, 100.0, 99.71, 99.78, 99.64, 99.26, 99.1, 99.02, 99.05, 98.91]

2024-08-25 10:19:47,991 [trainer.py] => Average Accuracy (CNN): 95.40199999999999
2024-08-25 10:19:47,993 [trainer.py] => All params: 171750913
2024-08-25 10:19:47,994 [trainer.py] => Trainable params: 171750913
2024-08-25 10:19:47,997 [aper_finetune.py] => Learning on 100-110
2024-08-25 10:19:57,974 [trainer.py] => No NME accuracy.
2024-08-25 10:19:57,974 [trainer.py] => CNN: {'total': 91.4, '00-09': 89.83, '10-19': 88.37, '20-29': 95.88, '30-39': 91.82, '40-49': 96.26, '50-59': 87.39, '60-69': 87.74, '70-79': 94.33, '80-89': 93.98, '90-99': 88.24, '100-109': 92.17, 'old': 91.33, 'new': 92.17}
2024-08-25 10:19:57,975 [trainer.py] => CNN top1 curve: [99.15, 97.57, 97.67, 97.14, 97.15, 94.64, 92.67, 93.14, 92.97, 91.92, 91.4]
2024-08-25 10:19:57,975 [trainer.py] => CNN top5 curve: [100.0, 100.0, 99.71, 99.78, 99.64, 99.26, 99.1, 99.02, 99.05, 98.91, 98.93]

2024-08-25 10:19:57,975 [trainer.py] => Average Accuracy (CNN): 95.0381818181818
2024-08-25 10:19:57,976 [trainer.py] => All params: 171766273
2024-08-25 10:19:57,977 [trainer.py] => Trainable params: 171766273
2024-08-25 10:19:57,984 [aper_finetune.py] => Learning on 110-120
2024-08-25 10:20:08,326 [trainer.py] => No NME accuracy.
2024-08-25 10:20:08,326 [trainer.py] => CNN: {'total': 89.83, '00-09': 88.98, '10-19': 88.37, '20-29': 95.88, '30-39': 91.82, '40-49': 96.26, '50-59': 87.39, '60-69': 85.85, '70-79': 87.94, '80-89': 91.73, '90-99': 87.5, '100-109': 92.17, '110-119': 85.84, 'old': 90.18, 'new': 85.84}
2024-08-25 10:20:08,326 [trainer.py] => CNN top1 curve: [99.15, 97.57, 97.67, 97.14, 97.15, 94.64, 92.67, 93.14, 92.97, 91.92, 91.4, 89.83]
2024-08-25 10:20:08,326 [trainer.py] => CNN top5 curve: [100.0, 100.0, 99.71, 99.78, 99.64, 99.26, 99.1, 99.02, 99.05, 98.91, 98.93, 98.8]

2024-08-25 10:20:08,326 [trainer.py] => Average Accuracy (CNN): 94.60416666666664
2024-08-25 10:20:08,328 [trainer.py] => All params: 171781633
2024-08-25 10:20:08,329 [trainer.py] => Trainable params: 171781633
2024-08-25 10:20:08,335 [aper_finetune.py] => Learning on 120-130
2024-08-25 10:20:20,392 [trainer.py] => No NME accuracy.
2024-08-25 10:20:20,393 [trainer.py] => CNN: {'total': 88.9, '00-09': 87.29, '10-19': 88.37, '20-29': 95.88, '30-39': 90.91, '40-49': 92.52, '50-59': 87.39, '60-69': 84.91, '70-79': 87.94, '80-89': 91.73, '90-99': 86.76, '100-109': 92.17, '110-119': 85.84, '120-129': 85.05, 'old': 89.19, 'new': 85.05}
2024-08-25 10:20:20,393 [trainer.py] => CNN top1 curve: [99.15, 97.57, 97.67, 97.14, 97.15, 94.64, 92.67, 93.14, 92.97, 91.92, 91.4, 89.83, 88.9]
2024-08-25 10:20:20,393 [trainer.py] => CNN top5 curve: [100.0, 100.0, 99.71, 99.78, 99.64, 99.26, 99.1, 99.02, 99.05, 98.91, 98.93, 98.8, 98.88]

2024-08-25 10:20:20,393 [trainer.py] => Average Accuracy (CNN): 94.16538461538461
2024-08-25 10:20:20,394 [trainer.py] => All params: 171796993
2024-08-25 10:20:20,396 [trainer.py] => Trainable params: 171796993
2024-08-25 10:20:20,399 [aper_finetune.py] => Learning on 130-140
2024-08-25 10:20:31,115 [trainer.py] => No NME accuracy.
2024-08-25 10:20:31,115 [trainer.py] => CNN: {'total': 88.42, '00-09': 87.29, '10-19': 88.37, '20-29': 95.88, '30-39': 90.91, '40-49': 92.52, '50-59': 87.39, '60-69': 84.91, '70-79': 87.94, '80-89': 90.98, '90-99': 86.76, '100-109': 92.17, '110-119': 85.84, '120-129': 79.44, '130-139': 88.14, 'old': 88.44, 'new': 88.14}
2024-08-25 10:20:31,115 [trainer.py] => CNN top1 curve: [99.15, 97.57, 97.67, 97.14, 97.15, 94.64, 92.67, 93.14, 92.97, 91.92, 91.4, 89.83, 88.9, 88.42]
2024-08-25 10:20:31,115 [trainer.py] => CNN top5 curve: [100.0, 100.0, 99.71, 99.78, 99.64, 99.26, 99.1, 99.02, 99.05, 98.91, 98.93, 98.8, 98.88, 98.66]

2024-08-25 10:20:31,115 [trainer.py] => Average Accuracy (CNN): 93.755
2024-08-25 10:20:31,117 [trainer.py] => All params: 171812353
2024-08-25 10:20:31,118 [trainer.py] => Trainable params: 171812353
2024-08-25 10:20:31,125 [aper_finetune.py] => Learning on 140-150
2024-08-25 10:20:41,982 [trainer.py] => No NME accuracy.
2024-08-25 10:20:41,982 [trainer.py] => CNN: {'total': 87.44, '00-09': 86.44, '10-19': 88.37, '20-29': 95.88, '30-39': 89.09, '40-49': 90.65, '50-59': 86.49, '60-69': 84.91, '70-79': 87.94, '80-89': 90.98, '90-99': 85.29, '100-109': 92.17, '110-119': 83.19, '120-129': 79.44, '130-139': 88.14, '140-149': 83.33, 'old': 87.75, 'new': 83.33}
2024-08-25 10:20:41,982 [trainer.py] => CNN top1 curve: [99.15, 97.57, 97.67, 97.14, 97.15, 94.64, 92.67, 93.14, 92.97, 91.92, 91.4, 89.83, 88.9, 88.42, 87.44]
2024-08-25 10:20:41,982 [trainer.py] => CNN top5 curve: [100.0, 100.0, 99.71, 99.78, 99.64, 99.26, 99.1, 99.02, 99.05, 98.91, 98.93, 98.8, 98.88, 98.66, 98.64]

2024-08-25 10:20:41,982 [trainer.py] => Average Accuracy (CNN): 93.334
2024-08-25 10:20:41,984 [trainer.py] => All params: 171827713
2024-08-25 10:20:41,985 [trainer.py] => Trainable params: 171827713
2024-08-25 10:20:41,990 [aper_finetune.py] => Learning on 150-160
2024-08-25 10:20:54,726 [trainer.py] => No NME accuracy.
2024-08-25 10:20:54,726 [trainer.py] => CNN: {'total': 87.57, '00-09': 85.59, '10-19': 88.37, '20-29': 95.88, '30-39': 89.09, '40-49': 90.65, '50-59': 86.49, '60-69': 84.91, '70-79': 87.94, '80-89': 90.98, '90-99': 85.29, '100-109': 89.57, '110-119': 83.19, '120-129': 79.44, '130-139': 88.14, '140-149': 83.33, '150-159': 92.74, 'old': 87.21, 'new': 92.74}
2024-08-25 10:20:54,726 [trainer.py] => CNN top1 curve: [99.15, 97.57, 97.67, 97.14, 97.15, 94.64, 92.67, 93.14, 92.97, 91.92, 91.4, 89.83, 88.9, 88.42, 87.44, 87.57]
2024-08-25 10:20:54,726 [trainer.py] => CNN top5 curve: [100.0, 100.0, 99.71, 99.78, 99.64, 99.26, 99.1, 99.02, 99.05, 98.91, 98.93, 98.8, 98.88, 98.66, 98.64, 98.63]

2024-08-25 10:20:54,726 [trainer.py] => Average Accuracy (CNN): 92.97375
2024-08-25 10:20:54,728 [trainer.py] => All params: 171843073
2024-08-25 10:20:54,729 [trainer.py] => Trainable params: 171843073
2024-08-25 10:20:54,735 [aper_finetune.py] => Learning on 160-170
2024-08-25 10:21:08,067 [trainer.py] => No NME accuracy.
2024-08-25 10:21:08,067 [trainer.py] => CNN: {'total': 87.41, '00-09': 85.59, '10-19': 88.37, '20-29': 95.88, '30-39': 89.09, '40-49': 89.72, '50-59': 86.49, '60-69': 83.96, '70-79': 87.94, '80-89': 90.98, '90-99': 83.82, '100-109': 89.57, '110-119': 83.19, '120-129': 79.44, '130-139': 87.29, '140-149': 83.33, '150-159': 92.74, '160-169': 88.81, 'old': 87.31, 'new': 88.81}
2024-08-25 10:21:08,067 [trainer.py] => CNN top1 curve: [99.15, 97.57, 97.67, 97.14, 97.15, 94.64, 92.67, 93.14, 92.97, 91.92, 91.4, 89.83, 88.9, 88.42, 87.44, 87.57, 87.41]
2024-08-25 10:21:08,068 [trainer.py] => CNN top5 curve: [100.0, 100.0, 99.71, 99.78, 99.64, 99.26, 99.1, 99.02, 99.05, 98.91, 98.93, 98.8, 98.88, 98.66, 98.64, 98.63, 98.52]

2024-08-25 10:21:08,068 [trainer.py] => Average Accuracy (CNN): 92.64647058823529
2024-08-25 10:21:08,069 [trainer.py] => All params: 171858433
2024-08-25 10:21:08,070 [trainer.py] => Trainable params: 171858433
2024-08-25 10:21:08,075 [aper_finetune.py] => Learning on 170-180
2024-08-25 10:21:21,933 [trainer.py] => No NME accuracy.
2024-08-25 10:21:21,933 [trainer.py] => CNN: {'total': 87.45, '00-09': 84.75, '10-19': 87.6, '20-29': 95.88, '30-39': 89.09, '40-49': 89.72, '50-59': 86.49, '60-69': 83.96, '70-79': 87.94, '80-89': 90.98, '90-99': 83.82, '100-109': 89.57, '110-119': 83.19, '120-129': 79.44, '130-139': 87.29, '140-149': 83.33, '150-159': 91.94, '160-169': 88.81, '170-179': 91.26, 'old': 87.26, 'new': 91.26}
2024-08-25 10:21:21,933 [trainer.py] => CNN top1 curve: [99.15, 97.57, 97.67, 97.14, 97.15, 94.64, 92.67, 93.14, 92.97, 91.92, 91.4, 89.83, 88.9, 88.42, 87.44, 87.57, 87.41, 87.45]
2024-08-25 10:21:21,933 [trainer.py] => CNN top5 curve: [100.0, 100.0, 99.71, 99.78, 99.64, 99.26, 99.1, 99.02, 99.05, 98.91, 98.93, 98.8, 98.88, 98.66, 98.64, 98.63, 98.52, 98.45]

2024-08-25 10:21:21,933 [trainer.py] => Average Accuracy (CNN): 92.35777777777778
2024-08-25 10:21:21,935 [trainer.py] => All params: 171873793
2024-08-25 10:21:21,936 [trainer.py] => Trainable params: 171873793
2024-08-25 10:21:21,940 [aper_finetune.py] => Learning on 180-190
2024-08-25 10:21:32,342 [trainer.py] => No NME accuracy.
2024-08-25 10:21:32,342 [trainer.py] => CNN: {'total': 86.86, '00-09': 84.75, '10-19': 87.6, '20-29': 93.81, '30-39': 89.09, '40-49': 88.79, '50-59': 86.49, '60-69': 83.96, '70-79': 87.94, '80-89': 90.98, '90-99': 83.82, '100-109': 89.57, '110-119': 83.19, '120-129': 78.5, '130-139': 87.29, '140-149': 82.54, '150-159': 91.94, '160-169': 88.81, '170-179': 91.26, '180-189': 81.06, 'old': 87.22, 'new': 81.06}
2024-08-25 10:21:32,342 [trainer.py] => CNN top1 curve: [99.15, 97.57, 97.67, 97.14, 97.15, 94.64, 92.67, 93.14, 92.97, 91.92, 91.4, 89.83, 88.9, 88.42, 87.44, 87.57, 87.41, 87.45, 86.86]
2024-08-25 10:21:32,342 [trainer.py] => CNN top5 curve: [100.0, 100.0, 99.71, 99.78, 99.64, 99.26, 99.1, 99.02, 99.05, 98.91, 98.93, 98.8, 98.88, 98.66, 98.64, 98.63, 98.52, 98.45, 98.14]

2024-08-25 10:21:32,342 [trainer.py] => Average Accuracy (CNN): 92.06842105263158
2024-08-25 10:21:32,344 [trainer.py] => All params: 171889153
2024-08-25 10:21:32,345 [trainer.py] => Trainable params: 171889153
2024-08-25 10:21:32,349 [aper_finetune.py] => Learning on 190-200
2024-08-25 10:21:43,010 [trainer.py] => No NME accuracy.
2024-08-25 10:21:43,010 [trainer.py] => CNN: {'total': 86.43, '00-09': 84.75, '10-19': 87.6, '20-29': 93.81, '30-39': 89.09, '40-49': 88.79, '50-59': 86.49, '60-69': 80.19, '70-79': 87.23, '80-89': 90.98, '90-99': 83.82, '100-109': 89.57, '110-119': 83.19, '120-129': 78.5, '130-139': 87.29, '140-149': 82.54, '150-159': 91.94, '160-169': 87.31, '170-179': 90.29, '180-189': 81.06, '190-199': 84.69, 'old': 86.5, 'new': 84.69}
2024-08-25 10:21:43,010 [trainer.py] => CNN top1 curve: [99.15, 97.57, 97.67, 97.14, 97.15, 94.64, 92.67, 93.14, 92.97, 91.92, 91.4, 89.83, 88.9, 88.42, 87.44, 87.57, 87.41, 87.45, 86.86, 86.43]
2024-08-25 10:21:43,010 [trainer.py] => CNN top5 curve: [100.0, 100.0, 99.71, 99.78, 99.64, 99.26, 99.1, 99.02, 99.05, 98.91, 98.93, 98.8, 98.88, 98.66, 98.64, 98.63, 98.52, 98.45, 98.14, 98.18]

2024-08-25 10:21:43,010 [trainer.py] => Average Accuracy (CNN): 91.7865
