2024-08-24 17:55:53,249 [trainer.py] => config: exps/simplecil/imageneta_10_10_vit-b_simplecil.json
2024-08-24 17:55:53,249 [trainer.py] => prefix: exp
2024-08-24 17:55:53,249 [trainer.py] => dataset: imageneta
2024-08-24 17:55:53,249 [trainer.py] => memory_size: 2000
2024-08-24 17:55:53,249 [trainer.py] => memory_per_class: 20
2024-08-24 17:55:53,250 [trainer.py] => fixed_memory: False
2024-08-24 17:55:53,250 [trainer.py] => shuffle: True
2024-08-24 17:55:53,250 [trainer.py] => init_cls: 10
2024-08-24 17:55:53,250 [trainer.py] => increment: 10
2024-08-24 17:55:53,250 [trainer.py] => model_name: simplecil
2024-08-24 17:55:53,250 [trainer.py] => convnet_type: pretrained_vit_b16_224_in21k
2024-08-24 17:55:53,250 [trainer.py] => weight_decay: 0.0005
2024-08-24 17:55:53,250 [trainer.py] => prompt_token_num: 30
2024-08-24 17:55:53,250 [trainer.py] => ffn_num: 64
2024-08-24 17:55:53,250 [trainer.py] => optimizer: sgd
2024-08-24 17:55:53,250 [trainer.py] => min_lr: 0
2024-08-24 17:55:53,250 [trainer.py] => device: [device(type='cuda', index=0)]
2024-08-24 17:55:53,250 [trainer.py] => seed: 1993
2024-08-24 17:55:53,250 [trainer.py] => tuned_epoch: 20
2024-08-24 17:55:53,250 [trainer.py] => init_lr: 0.01
2024-08-24 17:55:53,250 [trainer.py] => batch_size: 48
2024-08-24 17:55:53,289 [data_manager.py] => [168, 136, 51, 9, 183, 101, 171, 99, 42, 159, 191, 70, 16, 188, 27, 10, 175, 26, 68, 187, 98, 6, 85, 35, 112, 43, 100, 0, 103, 181, 88, 59, 4, 2, 116, 174, 94, 80, 106, 1, 147, 17, 141, 131, 72, 23, 173, 54, 197, 118, 87, 32, 79, 104, 91, 19, 135, 107, 178, 36, 11, 199, 142, 8, 122, 3, 28, 57, 153, 172, 190, 56, 49, 44, 97, 62, 151, 169, 194, 55, 192, 12, 189, 78, 66, 180, 15, 137, 109, 134, 92, 119, 126, 52, 170, 40, 148, 65, 144, 64, 138, 45, 77, 89, 154, 90, 71, 193, 74, 30, 113, 143, 96, 84, 67, 50, 186, 156, 69, 21, 18, 111, 108, 58, 125, 157, 150, 110, 182, 129, 166, 83, 81, 60, 13, 165, 14, 176, 63, 117, 5, 22, 145, 121, 38, 41, 82, 127, 114, 20, 31, 53, 37, 163, 196, 130, 152, 162, 86, 76, 24, 34, 184, 149, 33, 128, 198, 155, 146, 167, 139, 120, 140, 102, 47, 25, 158, 123, 46, 164, 61, 7, 115, 75, 133, 160, 105, 132, 179, 124, 48, 73, 93, 39, 95, 195, 29, 177, 185, 161]
2024-08-24 17:55:55,792 [trainer.py] => All params: 85798656
2024-08-24 17:55:55,793 [trainer.py] => Trainable params: 85798656
2024-08-24 17:56:00,373 [simplecil.py] => Learning on 0-10
2024-08-24 17:56:05,596 [trainer.py] => No NME accuracy.
2024-08-24 17:56:05,596 [trainer.py] => CNN: {'total': 80.52, '00-09': 80.52, 'old': 0, 'new': 80.52}
2024-08-24 17:56:05,597 [trainer.py] => CNN top1 curve: [80.52]
2024-08-24 17:56:05,597 [trainer.py] => CNN top5 curve: [96.1]

2024-08-24 17:56:05,597 [trainer.py] => Average Accuracy (CNN): 80.52
2024-08-24 17:56:05,597 [trainer.py] => All params: 85806337
2024-08-24 17:56:05,598 [trainer.py] => Trainable params: 85806337
2024-08-24 17:56:05,605 [simplecil.py] => Learning on 10-20
2024-08-24 17:56:10,945 [trainer.py] => No NME accuracy.
2024-08-24 17:56:10,946 [trainer.py] => CNN: {'total': 78.86, '00-09': 76.62, '10-19': 80.61, 'old': 76.62, 'new': 80.61}
2024-08-24 17:56:10,946 [trainer.py] => CNN top1 curve: [80.52, 78.86]
2024-08-24 17:56:10,946 [trainer.py] => CNN top5 curve: [96.1, 94.86]

2024-08-24 17:56:10,946 [trainer.py] => Average Accuracy (CNN): 79.69
2024-08-24 17:56:10,946 [trainer.py] => All params: 85814017
2024-08-24 17:56:10,947 [trainer.py] => Trainable params: 85814017
2024-08-24 17:56:10,948 [simplecil.py] => Learning on 20-30
2024-08-24 17:56:16,346 [trainer.py] => No NME accuracy.
2024-08-24 17:56:16,346 [trainer.py] => CNN: {'total': 75.55, '00-09': 64.94, '10-19': 78.57, '20-29': 80.81, 'old': 72.57, 'new': 80.81}
2024-08-24 17:56:16,346 [trainer.py] => CNN top1 curve: [80.52, 78.86, 75.55]
2024-08-24 17:56:16,346 [trainer.py] => CNN top5 curve: [96.1, 94.86, 93.43]

2024-08-24 17:56:16,347 [trainer.py] => Average Accuracy (CNN): 78.31
2024-08-24 17:56:16,347 [trainer.py] => All params: 85821697
2024-08-24 17:56:16,348 [trainer.py] => Trainable params: 85821697
2024-08-24 17:56:16,352 [simplecil.py] => Learning on 30-40
2024-08-24 17:56:21,731 [trainer.py] => No NME accuracy.
2024-08-24 17:56:21,731 [trainer.py] => CNN: {'total': 71.11, '00-09': 59.74, '10-19': 75.51, '20-29': 79.8, '30-39': 66.28, 'old': 72.63, 'new': 66.28}
2024-08-24 17:56:21,731 [trainer.py] => CNN top1 curve: [80.52, 78.86, 75.55, 71.11]
2024-08-24 17:56:21,731 [trainer.py] => CNN top5 curve: [96.1, 94.86, 93.43, 91.94]

2024-08-24 17:56:21,731 [trainer.py] => Average Accuracy (CNN): 76.51
2024-08-24 17:56:21,732 [trainer.py] => All params: 85829377
2024-08-24 17:56:21,732 [trainer.py] => Trainable params: 85829377
2024-08-24 17:56:21,736 [simplecil.py] => Learning on 40-50
2024-08-24 17:56:26,690 [trainer.py] => No NME accuracy.
2024-08-24 17:56:26,690 [trainer.py] => CNN: {'total': 68.16, '00-09': 59.74, '10-19': 73.47, '20-29': 72.73, '30-39': 61.63, '40-49': 71.88, 'old': 67.5, 'new': 71.88}
2024-08-24 17:56:26,690 [trainer.py] => CNN top1 curve: [80.52, 78.86, 75.55, 71.11, 68.16]
2024-08-24 17:56:26,690 [trainer.py] => CNN top5 curve: [96.1, 94.86, 93.43, 91.94, 91.27]

2024-08-24 17:56:26,690 [trainer.py] => Average Accuracy (CNN): 74.84
2024-08-24 17:56:26,691 [trainer.py] => All params: 85837057
2024-08-24 17:56:26,692 [trainer.py] => Trainable params: 85837057
2024-08-24 17:56:26,697 [simplecil.py] => Learning on 50-60
2024-08-24 17:56:32,092 [trainer.py] => No NME accuracy.
2024-08-24 17:56:32,092 [trainer.py] => CNN: {'total': 65.55, '00-09': 59.74, '10-19': 70.41, '20-29': 65.66, '30-39': 60.47, '40-49': 67.19, '50-59': 71.15, 'old': 64.86, 'new': 71.15}
2024-08-24 17:56:32,092 [trainer.py] => CNN top1 curve: [80.52, 78.86, 75.55, 71.11, 68.16, 65.55]
2024-08-24 17:56:32,092 [trainer.py] => CNN top5 curve: [96.1, 94.86, 93.43, 91.94, 91.27, 90.13]

2024-08-24 17:56:32,092 [trainer.py] => Average Accuracy (CNN): 73.29166666666667
2024-08-24 17:56:32,093 [trainer.py] => All params: 85844737
2024-08-24 17:56:32,093 [trainer.py] => Trainable params: 85844737
2024-08-24 17:56:32,102 [simplecil.py] => Learning on 60-70
2024-08-24 17:56:38,916 [trainer.py] => No NME accuracy.
2024-08-24 17:56:38,917 [trainer.py] => CNN: {'total': 63.62, '00-09': 58.44, '10-19': 68.37, '20-29': 63.64, '30-39': 58.14, '40-49': 62.5, '50-59': 71.15, '60-69': 64.29, 'old': 63.45, 'new': 64.29}
2024-08-24 17:56:38,917 [trainer.py] => CNN top1 curve: [80.52, 78.86, 75.55, 71.11, 68.16, 65.55, 63.62]
2024-08-24 17:56:38,917 [trainer.py] => CNN top5 curve: [96.1, 94.86, 93.43, 91.94, 91.27, 90.13, 89.37]

2024-08-24 17:56:38,917 [trainer.py] => Average Accuracy (CNN): 71.91000000000001
2024-08-24 17:56:38,918 [trainer.py] => All params: 85852417
2024-08-24 17:56:38,918 [trainer.py] => Trainable params: 85852417
2024-08-24 17:56:38,928 [simplecil.py] => Learning on 70-80
2024-08-24 17:56:45,389 [trainer.py] => No NME accuracy.
2024-08-24 17:56:45,389 [trainer.py] => CNN: {'total': 61.89, '00-09': 54.55, '10-19': 64.29, '20-29': 62.63, '30-39': 58.14, '40-49': 60.94, '50-59': 71.15, '60-69': 64.29, '70-79': 60.42, 'old': 62.13, 'new': 60.42}
2024-08-24 17:56:45,389 [trainer.py] => CNN top1 curve: [80.52, 78.86, 75.55, 71.11, 68.16, 65.55, 63.62, 61.89]
2024-08-24 17:56:45,390 [trainer.py] => CNN top5 curve: [96.1, 94.86, 93.43, 91.94, 91.27, 90.13, 89.37, 88.68]

2024-08-24 17:56:45,390 [trainer.py] => Average Accuracy (CNN): 70.65750000000001
2024-08-24 17:56:45,390 [trainer.py] => All params: 85860097
2024-08-24 17:56:45,391 [trainer.py] => Trainable params: 85860097
2024-08-24 17:56:45,401 [simplecil.py] => Learning on 80-90
2024-08-24 17:56:52,525 [trainer.py] => No NME accuracy.
2024-08-24 17:56:52,525 [trainer.py] => CNN: {'total': 60.72, '00-09': 51.95, '10-19': 63.27, '20-29': 61.62, '30-39': 56.98, '40-49': 59.38, '50-59': 69.23, '60-69': 64.29, '70-79': 59.38, '80-89': 60.49, 'old': 60.74, 'new': 60.49}
2024-08-24 17:56:52,525 [trainer.py] => CNN top1 curve: [80.52, 78.86, 75.55, 71.11, 68.16, 65.55, 63.62, 61.89, 60.72]
2024-08-24 17:56:52,526 [trainer.py] => CNN top5 curve: [96.1, 94.86, 93.43, 91.94, 91.27, 90.13, 89.37, 88.68, 86.91]

2024-08-24 17:56:52,526 [trainer.py] => Average Accuracy (CNN): 69.55333333333334
2024-08-24 17:56:52,526 [trainer.py] => All params: 85867777
2024-08-24 17:56:52,527 [trainer.py] => Trainable params: 85867777
2024-08-24 17:56:52,530 [simplecil.py] => Learning on 90-100
2024-08-24 17:56:59,765 [trainer.py] => No NME accuracy.
2024-08-24 17:56:59,766 [trainer.py] => CNN: {'total': 58.26, '00-09': 48.05, '10-19': 63.27, '20-29': 59.6, '30-39': 55.81, '40-49': 59.38, '50-59': 67.31, '60-69': 63.49, '70-79': 52.08, '80-89': 58.02, '90-99': 54.84, 'old': 58.54, 'new': 54.84}
2024-08-24 17:56:59,766 [trainer.py] => CNN top1 curve: [80.52, 78.86, 75.55, 71.11, 68.16, 65.55, 63.62, 61.89, 60.72, 58.26]
2024-08-24 17:56:59,767 [trainer.py] => CNN top5 curve: [96.1, 94.86, 93.43, 91.94, 91.27, 90.13, 89.37, 88.68, 86.91, 85.02]

2024-08-24 17:56:59,767 [trainer.py] => Average Accuracy (CNN): 68.424
2024-08-24 17:56:59,769 [trainer.py] => All params: 85875457
2024-08-24 17:56:59,770 [trainer.py] => Trainable params: 85875457
2024-08-24 17:56:59,772 [simplecil.py] => Learning on 100-110
2024-08-24 17:57:06,982 [trainer.py] => No NME accuracy.
2024-08-24 17:57:06,983 [trainer.py] => CNN: {'total': 57.82, '00-09': 46.75, '10-19': 62.24, '20-29': 57.58, '30-39': 55.81, '40-49': 59.38, '50-59': 65.38, '60-69': 59.52, '70-79': 51.04, '80-89': 56.79, '90-99': 54.84, '100-109': 71.67, 'old': 56.84, 'new': 71.67}
2024-08-24 17:57:06,983 [trainer.py] => CNN top1 curve: [80.52, 78.86, 75.55, 71.11, 68.16, 65.55, 63.62, 61.89, 60.72, 58.26, 57.82]
2024-08-24 17:57:06,983 [trainer.py] => CNN top5 curve: [96.1, 94.86, 93.43, 91.94, 91.27, 90.13, 89.37, 88.68, 86.91, 85.02, 84.46]

2024-08-24 17:57:06,983 [trainer.py] => Average Accuracy (CNN): 67.46000000000002
2024-08-24 17:57:06,983 [trainer.py] => All params: 85883137
2024-08-24 17:57:06,984 [trainer.py] => Trainable params: 85883137
2024-08-24 17:57:06,990 [simplecil.py] => Learning on 110-120
2024-08-24 17:57:14,282 [trainer.py] => No NME accuracy.
2024-08-24 17:57:14,282 [trainer.py] => CNN: {'total': 57.03, '00-09': 46.75, '10-19': 62.24, '20-29': 56.57, '30-39': 53.49, '40-49': 59.38, '50-59': 63.46, '60-69': 58.73, '70-79': 50.0, '80-89': 56.79, '90-99': 50.0, '100-109': 71.67, '110-119': 59.46, 'old': 56.83, 'new': 59.46}
2024-08-24 17:57:14,282 [trainer.py] => CNN top1 curve: [80.52, 78.86, 75.55, 71.11, 68.16, 65.55, 63.62, 61.89, 60.72, 58.26, 57.82, 57.03]
2024-08-24 17:57:14,282 [trainer.py] => CNN top5 curve: [96.1, 94.86, 93.43, 91.94, 91.27, 90.13, 89.37, 88.68, 86.91, 85.02, 84.46, 83.79]

2024-08-24 17:57:14,282 [trainer.py] => Average Accuracy (CNN): 66.59083333333335
2024-08-24 17:57:14,283 [trainer.py] => All params: 85890817
2024-08-24 17:57:14,284 [trainer.py] => Trainable params: 85890817
2024-08-24 17:57:14,289 [simplecil.py] => Learning on 120-130
2024-08-24 17:57:21,533 [trainer.py] => No NME accuracy.
2024-08-24 17:57:21,533 [trainer.py] => CNN: {'total': 55.27, '00-09': 44.16, '10-19': 60.2, '20-29': 54.55, '30-39': 53.49, '40-49': 57.81, '50-59': 63.46, '60-69': 58.73, '70-79': 48.96, '80-89': 56.79, '90-99': 48.39, '100-109': 70.0, '110-119': 59.46, '120-129': 43.33, 'old': 56.0, 'new': 43.33}
2024-08-24 17:57:21,534 [trainer.py] => CNN top1 curve: [80.52, 78.86, 75.55, 71.11, 68.16, 65.55, 63.62, 61.89, 60.72, 58.26, 57.82, 57.03, 55.27]
2024-08-24 17:57:21,534 [trainer.py] => CNN top5 curve: [96.1, 94.86, 93.43, 91.94, 91.27, 90.13, 89.37, 88.68, 86.91, 85.02, 84.46, 83.79, 82.22]

2024-08-24 17:57:21,535 [trainer.py] => Average Accuracy (CNN): 65.72000000000001
2024-08-24 17:57:21,536 [trainer.py] => All params: 85898497
2024-08-24 17:57:21,537 [trainer.py] => Trainable params: 85898497
2024-08-24 17:57:21,542 [simplecil.py] => Learning on 130-140
2024-08-24 17:57:30,213 [trainer.py] => No NME accuracy.
2024-08-24 17:57:30,213 [trainer.py] => CNN: {'total': 54.24, '00-09': 44.16, '10-19': 60.2, '20-29': 53.54, '30-39': 53.49, '40-49': 56.25, '50-59': 61.54, '60-69': 53.17, '70-79': 46.88, '80-89': 56.79, '90-99': 48.39, '100-109': 70.0, '110-119': 59.46, '120-129': 43.33, '130-139': 55.81, 'old': 54.11, 'new': 55.81}
2024-08-24 17:57:30,213 [trainer.py] => CNN top1 curve: [80.52, 78.86, 75.55, 71.11, 68.16, 65.55, 63.62, 61.89, 60.72, 58.26, 57.82, 57.03, 55.27, 54.24]
2024-08-24 17:57:30,213 [trainer.py] => CNN top5 curve: [96.1, 94.86, 93.43, 91.94, 91.27, 90.13, 89.37, 88.68, 86.91, 85.02, 84.46, 83.79, 82.22, 81.89]

2024-08-24 17:57:30,213 [trainer.py] => Average Accuracy (CNN): 64.9
2024-08-24 17:57:30,214 [trainer.py] => All params: 85906177
2024-08-24 17:57:30,215 [trainer.py] => Trainable params: 85906177
2024-08-24 17:57:30,225 [simplecil.py] => Learning on 140-150
2024-08-24 17:57:38,320 [trainer.py] => No NME accuracy.
2024-08-24 17:57:38,320 [trainer.py] => CNN: {'total': 53.05, '00-09': 44.16, '10-19': 59.18, '20-29': 50.51, '30-39': 53.49, '40-49': 56.25, '50-59': 57.69, '60-69': 53.17, '70-79': 46.88, '80-89': 55.56, '90-99': 48.39, '100-109': 68.33, '110-119': 59.46, '120-129': 43.33, '130-139': 55.81, '140-149': 46.05, 'old': 53.52, 'new': 46.05}
2024-08-24 17:57:38,320 [trainer.py] => CNN top1 curve: [80.52, 78.86, 75.55, 71.11, 68.16, 65.55, 63.62, 61.89, 60.72, 58.26, 57.82, 57.03, 55.27, 54.24, 53.05]
2024-08-24 17:57:38,320 [trainer.py] => CNN top5 curve: [96.1, 94.86, 93.43, 91.94, 91.27, 90.13, 89.37, 88.68, 86.91, 85.02, 84.46, 83.79, 82.22, 81.89, 80.53]

2024-08-24 17:57:38,320 [trainer.py] => Average Accuracy (CNN): 64.11
2024-08-24 17:57:38,321 [trainer.py] => All params: 85913857
2024-08-24 17:57:38,321 [trainer.py] => Trainable params: 85913857
2024-08-24 17:57:38,331 [simplecil.py] => Learning on 150-160
2024-08-24 17:57:44,697 [trainer.py] => No NME accuracy.
2024-08-24 17:57:44,697 [trainer.py] => CNN: {'total': 52.08, '00-09': 42.86, '10-19': 59.18, '20-29': 50.51, '30-39': 53.49, '40-49': 56.25, '50-59': 55.77, '60-69': 53.17, '70-79': 46.88, '80-89': 54.32, '90-99': 46.77, '100-109': 68.33, '110-119': 59.46, '120-129': 41.67, '130-139': 55.81, '140-149': 46.05, '150-159': 39.22, 'old': 52.63, 'new': 39.22}
2024-08-24 17:57:44,697 [trainer.py] => CNN top1 curve: [80.52, 78.86, 75.55, 71.11, 68.16, 65.55, 63.62, 61.89, 60.72, 58.26, 57.82, 57.03, 55.27, 54.24, 53.05, 52.08]
2024-08-24 17:57:44,697 [trainer.py] => CNN top5 curve: [96.1, 94.86, 93.43, 91.94, 91.27, 90.13, 89.37, 88.68, 86.91, 85.02, 84.46, 83.79, 82.22, 81.89, 80.53, 79.57]

2024-08-24 17:57:44,697 [trainer.py] => Average Accuracy (CNN): 63.35812500000001
2024-08-24 17:57:44,698 [trainer.py] => All params: 85921537
2024-08-24 17:57:44,698 [trainer.py] => Trainable params: 85921537
2024-08-24 17:57:44,707 [simplecil.py] => Learning on 160-170
2024-08-24 17:57:53,322 [trainer.py] => No NME accuracy.
2024-08-24 17:57:53,322 [trainer.py] => CNN: {'total': 50.71, '00-09': 41.56, '10-19': 59.18, '20-29': 48.48, '30-39': 53.49, '40-49': 54.69, '50-59': 55.77, '60-69': 53.17, '70-79': 45.83, '80-89': 54.32, '90-99': 46.77, '100-109': 68.33, '110-119': 59.46, '120-129': 40.0, '130-139': 54.65, '140-149': 44.74, '150-159': 39.22, '160-169': 40.0, 'old': 51.44, 'new': 40.0}
2024-08-24 17:57:53,322 [trainer.py] => CNN top1 curve: [80.52, 78.86, 75.55, 71.11, 68.16, 65.55, 63.62, 61.89, 60.72, 58.26, 57.82, 57.03, 55.27, 54.24, 53.05, 52.08, 50.71]
2024-08-24 17:57:53,322 [trainer.py] => CNN top5 curve: [96.1, 94.86, 93.43, 91.94, 91.27, 90.13, 89.37, 88.68, 86.91, 85.02, 84.46, 83.79, 82.22, 81.89, 80.53, 79.57, 78.77]

2024-08-24 17:57:53,322 [trainer.py] => Average Accuracy (CNN): 62.614117647058826
2024-08-24 17:57:53,323 [trainer.py] => All params: 85929217
2024-08-24 17:57:53,324 [trainer.py] => Trainable params: 85929217
2024-08-24 17:57:53,329 [simplecil.py] => Learning on 170-180
2024-08-24 17:57:59,437 [trainer.py] => No NME accuracy.
2024-08-24 17:57:59,437 [trainer.py] => CNN: {'total': 49.89, '00-09': 38.96, '10-19': 59.18, '20-29': 48.48, '30-39': 53.49, '40-49': 54.69, '50-59': 55.77, '60-69': 53.17, '70-79': 45.83, '80-89': 54.32, '90-99': 45.16, '100-109': 68.33, '110-119': 58.11, '120-129': 38.33, '130-139': 54.65, '140-149': 43.42, '150-159': 39.22, '160-169': 40.0, '170-179': 41.94, 'old': 50.26, 'new': 41.94}
2024-08-24 17:57:59,437 [trainer.py] => CNN top1 curve: [80.52, 78.86, 75.55, 71.11, 68.16, 65.55, 63.62, 61.89, 60.72, 58.26, 57.82, 57.03, 55.27, 54.24, 53.05, 52.08, 50.71, 49.89]
2024-08-24 17:57:59,437 [trainer.py] => CNN top5 curve: [96.1, 94.86, 93.43, 91.94, 91.27, 90.13, 89.37, 88.68, 86.91, 85.02, 84.46, 83.79, 82.22, 81.89, 80.53, 79.57, 78.77, 77.78]

2024-08-24 17:57:59,437 [trainer.py] => Average Accuracy (CNN): 61.90722222222223
2024-08-24 17:57:59,438 [trainer.py] => All params: 85936897
2024-08-24 17:57:59,438 [trainer.py] => Trainable params: 85936897
2024-08-24 17:57:59,441 [simplecil.py] => Learning on 180-190
2024-08-24 17:58:06,290 [trainer.py] => No NME accuracy.
2024-08-24 17:58:06,291 [trainer.py] => CNN: {'total': 49.65, '00-09': 38.96, '10-19': 59.18, '20-29': 48.48, '30-39': 53.49, '40-49': 54.69, '50-59': 55.77, '60-69': 53.17, '70-79': 45.83, '80-89': 54.32, '90-99': 45.16, '100-109': 68.33, '110-119': 58.11, '120-129': 36.67, '130-139': 54.65, '140-149': 43.42, '150-159': 39.22, '160-169': 40.0, '170-179': 41.94, '180-189': 43.59, 'old': 49.82, 'new': 43.59}
2024-08-24 17:58:06,291 [trainer.py] => CNN top1 curve: [80.52, 78.86, 75.55, 71.11, 68.16, 65.55, 63.62, 61.89, 60.72, 58.26, 57.82, 57.03, 55.27, 54.24, 53.05, 52.08, 50.71, 49.89, 49.65]
2024-08-24 17:58:06,291 [trainer.py] => CNN top5 curve: [96.1, 94.86, 93.43, 91.94, 91.27, 90.13, 89.37, 88.68, 86.91, 85.02, 84.46, 83.79, 82.22, 81.89, 80.53, 79.57, 78.77, 77.78, 77.13]

2024-08-24 17:58:06,291 [trainer.py] => Average Accuracy (CNN): 61.262105263157906
2024-08-24 17:58:06,292 [trainer.py] => All params: 85944577
2024-08-24 17:58:06,292 [trainer.py] => Trainable params: 85944577
2024-08-24 17:58:06,295 [simplecil.py] => Learning on 190-200
2024-08-24 17:58:14,280 [trainer.py] => No NME accuracy.
2024-08-24 17:58:14,280 [trainer.py] => CNN: {'total': 48.85, '00-09': 37.66, '10-19': 59.18, '20-29': 48.48, '30-39': 53.49, '40-49': 54.69, '50-59': 55.77, '60-69': 52.38, '70-79': 45.83, '80-89': 54.32, '90-99': 43.55, '100-109': 63.33, '110-119': 58.11, '120-129': 36.67, '130-139': 54.65, '140-149': 43.42, '150-159': 37.25, '160-169': 40.0, '170-179': 37.1, '180-189': 43.59, '190-199': 47.06, 'old': 48.95, 'new': 47.06}
2024-08-24 17:58:14,280 [trainer.py] => CNN top1 curve: [80.52, 78.86, 75.55, 71.11, 68.16, 65.55, 63.62, 61.89, 60.72, 58.26, 57.82, 57.03, 55.27, 54.24, 53.05, 52.08, 50.71, 49.89, 49.65, 48.85]
2024-08-24 17:58:14,280 [trainer.py] => CNN top5 curve: [96.1, 94.86, 93.43, 91.94, 91.27, 90.13, 89.37, 88.68, 86.91, 85.02, 84.46, 83.79, 82.22, 81.89, 80.53, 79.57, 78.77, 77.78, 77.13, 75.64]

2024-08-24 17:58:14,280 [trainer.py] => Average Accuracy (CNN): 60.64150000000001
