2024-08-24 23:19:41,386 [trainer.py] => config: exps/aper_finetune/vtab_10_10_vit-b_finetune.json
2024-08-24 23:19:41,386 [trainer.py] => prefix: exp
2024-08-24 23:19:41,386 [trainer.py] => dataset: vtab
2024-08-24 23:19:41,386 [trainer.py] => memory_size: 2000
2024-08-24 23:19:41,387 [trainer.py] => memory_per_class: 20
2024-08-24 23:19:41,387 [trainer.py] => fixed_memory: False
2024-08-24 23:19:41,387 [trainer.py] => shuffle: False
2024-08-24 23:19:41,387 [trainer.py] => init_cls: 10
2024-08-24 23:19:41,387 [trainer.py] => increment: 10
2024-08-24 23:19:41,387 [trainer.py] => model_name: aper_finetune
2024-08-24 23:19:41,387 [trainer.py] => convnet_type: pretrained_vit_b16_224_in21k
2024-08-24 23:19:41,387 [trainer.py] => weight_decay: 0.05
2024-08-24 23:19:41,387 [trainer.py] => optimizer: sgd
2024-08-24 23:19:41,387 [trainer.py] => min_lr: 0
2024-08-24 23:19:41,387 [trainer.py] => device: [device(type='cuda', index=0)]
2024-08-24 23:19:41,387 [trainer.py] => seed: 1993
2024-08-24 23:19:41,387 [trainer.py] => tuned_epoch: 5
2024-08-24 23:19:41,387 [trainer.py] => init_lr: 0.01
2024-08-24 23:19:41,387 [trainer.py] => batch_size: 48
2024-08-24 23:19:41,422 [data_manager.py] => [0, 1, 2, 3, 4, 5, 6, 7, 8, 9, 10, 11, 12, 13, 14, 15, 16, 17, 18, 19, 20, 21, 22, 23, 24, 25, 26, 27, 28, 29, 30, 31, 32, 33, 34, 35, 36, 37, 38, 39, 40, 41, 42, 43, 44, 45, 46, 47, 48, 49]
2024-08-24 23:19:43,713 [trainer.py] => All params: 85798656
2024-08-24 23:19:43,713 [trainer.py] => Trainable params: 85798656
2024-08-24 23:19:48,812 [aper_finetune.py] => Learning on 0-10
2024-08-24 23:20:22,852 [aper_finetune.py] => Task 0, Epoch 5/5 => Loss 2.115, Train_accy 53.39, Test_accy 58.70
2024-08-24 23:20:35,939 [trainer.py] => No NME accuracy.
2024-08-24 23:20:35,939 [trainer.py] => CNN: {'total': 89.8, '00-09': 89.8, 'old': 0, 'new': 89.8}
2024-08-24 23:20:35,939 [trainer.py] => CNN top1 curve: [89.8]
2024-08-24 23:20:35,939 [trainer.py] => CNN top5 curve: [98.7]

2024-08-24 23:20:35,940 [trainer.py] => Average Accuracy (CNN): 89.8
2024-08-24 23:20:35,941 [trainer.py] => All params: 171612673
2024-08-24 23:20:35,942 [trainer.py] => Trainable params: 171612673
2024-08-24 23:20:35,945 [aper_finetune.py] => Learning on 10-20
2024-08-24 23:20:49,262 [trainer.py] => No NME accuracy.
2024-08-24 23:20:49,263 [trainer.py] => CNN: {'total': 88.93, '00-09': 89.8, '10-19': 86.75, 'old': 89.8, 'new': 86.75}
2024-08-24 23:20:49,263 [trainer.py] => CNN top1 curve: [89.8, 88.93]
2024-08-24 23:20:49,263 [trainer.py] => CNN top5 curve: [98.7, 98.93]

2024-08-24 23:20:49,263 [trainer.py] => Average Accuracy (CNN): 89.36500000000001
2024-08-24 23:20:49,265 [trainer.py] => All params: 171628033
2024-08-24 23:20:49,266 [trainer.py] => Trainable params: 171628033
2024-08-24 23:20:49,272 [aper_finetune.py] => Learning on 20-30
2024-08-24 23:21:09,297 [trainer.py] => No NME accuracy.
2024-08-24 23:21:09,297 [trainer.py] => CNN: {'total': 90.86, '00-09': 89.8, '10-19': 86.25, '20-29': 93.81, 'old': 88.79, 'new': 93.81}
2024-08-24 23:21:09,297 [trainer.py] => CNN top1 curve: [89.8, 88.93, 90.86]
2024-08-24 23:21:09,297 [trainer.py] => CNN top5 curve: [98.7, 98.93, 99.25]

2024-08-24 23:21:09,297 [trainer.py] => Average Accuracy (CNN): 89.86333333333334
2024-08-24 23:21:09,299 [trainer.py] => All params: 171643393
2024-08-24 23:21:09,300 [trainer.py] => Trainable params: 171643393
2024-08-24 23:21:09,309 [aper_finetune.py] => Learning on 30-40
2024-08-24 23:21:55,361 [trainer.py] => No NME accuracy.
2024-08-24 23:21:55,361 [trainer.py] => CNN: {'total': 82.49, '00-09': 89.5, '10-19': 85.5, '20-29': 93.81, '30-39': 78.91, 'old': 90.61, 'new': 78.91}
2024-08-24 23:21:55,361 [trainer.py] => CNN top1 curve: [89.8, 88.93, 90.86, 82.49]
2024-08-24 23:21:55,361 [trainer.py] => CNN top5 curve: [98.7, 98.93, 99.25, 98.27]

2024-08-24 23:21:55,361 [trainer.py] => Average Accuracy (CNN): 88.02000000000001
2024-08-24 23:21:55,363 [trainer.py] => All params: 171658753
2024-08-24 23:21:55,364 [trainer.py] => Trainable params: 171658753
2024-08-24 23:21:55,368 [aper_finetune.py] => Learning on 40-50
2024-08-24 23:22:39,282 [trainer.py] => No NME accuracy.
2024-08-24 23:22:39,282 [trainer.py] => CNN: {'total': 84.14, '00-09': 89.5, '10-19': 85.25, '20-29': 93.81, '30-39': 78.91, '40-49': 99.64, 'old': 82.48, 'new': 99.64}
2024-08-24 23:22:39,282 [trainer.py] => CNN top1 curve: [89.8, 88.93, 90.86, 82.49, 84.14]
2024-08-24 23:22:39,282 [trainer.py] => CNN top5 curve: [98.7, 98.93, 99.25, 98.27, 98.43]

2024-08-24 23:22:39,283 [trainer.py] => Average Accuracy (CNN): 87.244
