2024-08-24 16:53:51,311 [trainer.py] => config: exps/aper_vpt-deep/objectnet_10_10_vit-b_vpt-deep.json
2024-08-24 16:53:51,311 [trainer.py] => prefix: exp
2024-08-24 16:53:51,311 [trainer.py] => dataset: objectnet
2024-08-24 16:53:51,311 [trainer.py] => memory_size: 2000
2024-08-24 16:53:51,311 [trainer.py] => memory_per_class: 20
2024-08-24 16:53:51,311 [trainer.py] => fixed_memory: False
2024-08-24 16:53:51,311 [trainer.py] => shuffle: True
2024-08-24 16:53:51,311 [trainer.py] => init_cls: 10
2024-08-24 16:53:51,311 [trainer.py] => increment: 10
2024-08-24 16:53:51,311 [trainer.py] => model_name: aper_vpt
2024-08-24 16:53:51,311 [trainer.py] => convnet_type: pretrained_vit_b16_224_in21k_vpt
2024-08-24 16:53:51,312 [trainer.py] => weight_decay: 0.0005
2024-08-24 16:53:51,312 [trainer.py] => vpt_type: deep
2024-08-24 16:53:51,312 [trainer.py] => prompt_token_num: 5
2024-08-24 16:53:51,312 [trainer.py] => ffn_num: 64
2024-08-24 16:53:51,312 [trainer.py] => optimizer: sgd
2024-08-24 16:53:51,312 [trainer.py] => min_lr: 0
2024-08-24 16:53:51,312 [trainer.py] => device: [device(type='cuda', index=0)]
2024-08-24 16:53:51,312 [trainer.py] => seed: 1993
2024-08-24 16:53:51,312 [trainer.py] => tuned_epoch: 20
2024-08-24 16:53:51,312 [trainer.py] => init_lr: 0.01
2024-08-24 16:53:51,312 [trainer.py] => batch_size: 48
2024-08-24 16:53:51,427 [data_manager.py] => [168, 136, 51, 9, 183, 101, 171, 99, 42, 159, 191, 70, 16, 188, 27, 10, 175, 26, 68, 187, 98, 6, 85, 35, 112, 43, 100, 0, 103, 181, 88, 59, 4, 2, 116, 174, 94, 80, 106, 1, 147, 17, 141, 131, 72, 23, 173, 54, 197, 118, 87, 32, 79, 104, 91, 19, 135, 107, 178, 36, 11, 199, 142, 8, 122, 3, 28, 57, 153, 172, 190, 56, 49, 44, 97, 62, 151, 169, 194, 55, 192, 12, 189, 78, 66, 180, 15, 137, 109, 134, 92, 119, 126, 52, 170, 40, 148, 65, 144, 64, 138, 45, 77, 89, 154, 90, 71, 193, 74, 30, 113, 143, 96, 84, 67, 50, 186, 156, 69, 21, 18, 111, 108, 58, 125, 157, 150, 110, 182, 129, 166, 83, 81, 60, 13, 165, 14, 176, 63, 117, 5, 22, 145, 121, 38, 41, 82, 127, 114, 20, 31, 53, 37, 163, 196, 130, 152, 162, 86, 76, 24, 34, 184, 149, 33, 128, 198, 155, 146, 167, 139, 120, 140, 102, 47, 25, 158, 123, 46, 164, 61, 7, 115, 75, 133, 160, 105, 132, 179, 124, 48, 73, 93, 39, 95, 195, 29, 177, 185, 161]
2024-08-24 16:53:55,951 [trainer.py] => All params: 85844736
2024-08-24 16:53:55,952 [trainer.py] => Trainable params: 46080
2024-08-24 16:54:00,232 [aper_vpt.py] => Learning on 0-10
2024-08-24 17:09:43,055 [aper_vpt.py] => Task 0, Epoch 20/20 => Loss 0.636, Train_accy 80.66, Test_accy 91.75
2024-08-24 17:10:42,840 [trainer.py] => No NME accuracy.
2024-08-24 17:10:42,840 [trainer.py] => CNN: {'total': 91.98, '00-09': 91.98, 'old': 0, 'new': 91.98}
2024-08-24 17:10:42,840 [trainer.py] => CNN top1 curve: [91.98]
2024-08-24 17:10:42,840 [trainer.py] => CNN top5 curve: [99.53]

2024-08-24 17:10:42,840 [trainer.py] => Average Accuracy (CNN): 91.98
2024-08-24 17:10:42,842 [trainer.py] => All params: 171658753
2024-08-24 17:10:42,843 [trainer.py] => Trainable params: 85860097
2024-08-24 17:10:42,853 [aper_vpt.py] => Learning on 10-20
2024-08-24 17:12:52,339 [trainer.py] => No NME accuracy.
2024-08-24 17:12:52,339 [trainer.py] => CNN: {'total': 85.07, '00-09': 88.92, '10-19': 79.37, 'old': 88.92, 'new': 79.37}
2024-08-24 17:12:52,339 [trainer.py] => CNN top1 curve: [91.98, 85.07]
2024-08-24 17:12:52,340 [trainer.py] => CNN top5 curve: [99.53, 96.76]

2024-08-24 17:12:52,340 [trainer.py] => Average Accuracy (CNN): 88.525
2024-08-24 17:12:52,341 [trainer.py] => All params: 171674113
2024-08-24 17:12:52,342 [trainer.py] => Trainable params: 85875457
2024-08-24 17:12:52,356 [aper_vpt.py] => Learning on 20-30
2024-08-24 17:15:00,583 [trainer.py] => No NME accuracy.
2024-08-24 17:15:00,584 [trainer.py] => CNN: {'total': 81.69, '00-09': 87.5, '10-19': 79.02, '20-29': 76.4, 'old': 84.08, 'new': 76.4}
2024-08-24 17:15:00,584 [trainer.py] => CNN top1 curve: [91.98, 85.07, 81.69]
2024-08-24 17:15:00,584 [trainer.py] => CNN top5 curve: [99.53, 96.76, 94.67]

2024-08-24 17:15:00,584 [trainer.py] => Average Accuracy (CNN): 86.24666666666667
2024-08-24 17:15:00,586 [trainer.py] => All params: 171689473
2024-08-24 17:15:00,587 [trainer.py] => Trainable params: 85890817
2024-08-24 17:15:00,595 [aper_vpt.py] => Learning on 30-40
2024-08-24 17:16:10,894 [trainer.py] => No NME accuracy.
2024-08-24 17:16:10,894 [trainer.py] => CNN: {'total': 79.84, '00-09': 86.08, '10-19': 78.32, '20-29': 74.84, '30-39': 77.92, 'old': 80.43, 'new': 77.92}
2024-08-24 17:16:10,894 [trainer.py] => CNN top1 curve: [91.98, 85.07, 81.69, 79.84]
2024-08-24 17:16:10,894 [trainer.py] => CNN top5 curve: [99.53, 96.76, 94.67, 94.0]

2024-08-24 17:16:10,894 [trainer.py] => Average Accuracy (CNN): 84.64500000000001
2024-08-24 17:16:10,896 [trainer.py] => All params: 171704833
2024-08-24 17:16:10,897 [trainer.py] => Trainable params: 85906177
2024-08-24 17:16:10,910 [aper_vpt.py] => Learning on 40-50
2024-08-24 17:17:29,374 [trainer.py] => No NME accuracy.
2024-08-24 17:17:29,374 [trainer.py] => CNN: {'total': 77.03, '00-09': 84.67, '10-19': 76.57, '20-29': 73.29, '30-39': 74.45, '40-49': 73.7, 'old': 77.84, 'new': 73.7}
2024-08-24 17:17:29,374 [trainer.py] => CNN top1 curve: [91.98, 85.07, 81.69, 79.84, 77.03]
2024-08-24 17:17:29,374 [trainer.py] => CNN top5 curve: [99.53, 96.76, 94.67, 94.0, 92.36]

2024-08-24 17:17:29,375 [trainer.py] => Average Accuracy (CNN): 83.122
2024-08-24 17:17:29,376 [trainer.py] => All params: 171720193
2024-08-24 17:17:29,377 [trainer.py] => Trainable params: 85921537
2024-08-24 17:17:29,389 [aper_vpt.py] => Learning on 50-60
2024-08-24 17:18:54,712 [trainer.py] => No NME accuracy.
2024-08-24 17:18:54,712 [trainer.py] => CNN: {'total': 74.37, '00-09': 80.9, '10-19': 74.48, '20-29': 71.12, '30-39': 74.13, '40-49': 70.03, '50-59': 73.53, 'old': 74.52, 'new': 73.53}
2024-08-24 17:18:54,717 [trainer.py] => CNN top1 curve: [91.98, 85.07, 81.69, 79.84, 77.03, 74.37]
2024-08-24 17:18:54,717 [trainer.py] => CNN top5 curve: [99.53, 96.76, 94.67, 94.0, 92.36, 91.62]

2024-08-24 17:18:54,717 [trainer.py] => Average Accuracy (CNN): 81.66333333333334
2024-08-24 17:18:54,718 [trainer.py] => All params: 171735553
2024-08-24 17:18:54,719 [trainer.py] => Trainable params: 85936897
2024-08-24 17:18:54,728 [aper_vpt.py] => Learning on 60-70
2024-08-24 17:20:26,637 [trainer.py] => No NME accuracy.
2024-08-24 17:20:26,637 [trainer.py] => CNN: {'total': 71.99, '00-09': 79.72, '10-19': 71.68, '20-29': 70.19, '30-39': 70.35, '40-49': 67.89, '50-59': 71.24, '60-69': 70.6, 'old': 72.25, 'new': 70.6}
2024-08-24 17:20:26,637 [trainer.py] => CNN top1 curve: [91.98, 85.07, 81.69, 79.84, 77.03, 74.37, 71.99]
2024-08-24 17:20:26,637 [trainer.py] => CNN top5 curve: [99.53, 96.76, 94.67, 94.0, 92.36, 91.62, 90.45]

2024-08-24 17:20:26,637 [trainer.py] => Average Accuracy (CNN): 80.28142857142858
2024-08-24 17:20:26,639 [trainer.py] => All params: 171750913
2024-08-24 17:20:26,640 [trainer.py] => Trainable params: 85952257
2024-08-24 17:20:26,650 [aper_vpt.py] => Learning on 70-80
2024-08-24 17:22:04,207 [trainer.py] => No NME accuracy.
2024-08-24 17:22:04,208 [trainer.py] => CNN: {'total': 68.32, '00-09': 78.3, '10-19': 70.63, '20-29': 68.32, '30-39': 68.77, '40-49': 66.97, '50-59': 68.3, '60-69': 65.93, '70-79': 57.1, 'old': 69.91, 'new': 57.1}
2024-08-24 17:22:04,208 [trainer.py] => CNN top1 curve: [91.98, 85.07, 81.69, 79.84, 77.03, 74.37, 71.99, 68.32]
2024-08-24 17:22:04,208 [trainer.py] => CNN top5 curve: [99.53, 96.76, 94.67, 94.0, 92.36, 91.62, 90.45, 88.72]

2024-08-24 17:22:04,208 [trainer.py] => Average Accuracy (CNN): 78.78625
2024-08-24 17:22:04,209 [trainer.py] => All params: 171766273
2024-08-24 17:22:04,210 [trainer.py] => Trainable params: 85967617
2024-08-24 17:22:04,219 [aper_vpt.py] => Learning on 80-90
2024-08-24 17:23:46,879 [trainer.py] => No NME accuracy.
2024-08-24 17:23:46,879 [trainer.py] => CNN: {'total': 66.2, '00-09': 76.89, '10-19': 70.28, '20-29': 67.7, '30-39': 67.82, '40-49': 65.14, '50-59': 66.99, '60-69': 65.38, '70-79': 54.38, '80-89': 56.86, 'old': 67.09, 'new': 56.86}
2024-08-24 17:23:46,879 [trainer.py] => CNN top1 curve: [91.98, 85.07, 81.69, 79.84, 77.03, 74.37, 71.99, 68.32, 66.2]
2024-08-24 17:23:46,879 [trainer.py] => CNN top5 curve: [99.53, 96.76, 94.67, 94.0, 92.36, 91.62, 90.45, 88.72, 87.79]

2024-08-24 17:23:46,879 [trainer.py] => Average Accuracy (CNN): 77.38777777777779
2024-08-24 17:23:46,881 [trainer.py] => All params: 171781633
2024-08-24 17:23:46,882 [trainer.py] => Trainable params: 85982977
2024-08-24 17:23:46,894 [aper_vpt.py] => Learning on 90-100
2024-08-24 17:25:43,230 [trainer.py] => No NME accuracy.
2024-08-24 17:25:43,231 [trainer.py] => CNN: {'total': 65.78, '00-09': 76.42, '10-19': 69.23, '20-29': 67.08, '30-39': 67.51, '40-49': 64.22, '50-59': 65.36, '60-69': 64.84, '70-79': 53.78, '80-89': 56.47, '90-99': 68.34, 'old': 65.48, 'new': 68.34}
2024-08-24 17:25:43,231 [trainer.py] => CNN top1 curve: [91.98, 85.07, 81.69, 79.84, 77.03, 74.37, 71.99, 68.32, 66.2, 65.78]
2024-08-24 17:25:43,231 [trainer.py] => CNN top5 curve: [99.53, 96.76, 94.67, 94.0, 92.36, 91.62, 90.45, 88.72, 87.79, 87.03]

2024-08-24 17:25:43,231 [trainer.py] => Average Accuracy (CNN): 76.227
2024-08-24 17:25:43,232 [trainer.py] => All params: 171796993
2024-08-24 17:25:43,234 [trainer.py] => Trainable params: 85998337
2024-08-24 17:25:43,246 [aper_vpt.py] => Learning on 100-110
2024-08-24 17:27:36,214 [trainer.py] => No NME accuracy.
2024-08-24 17:27:36,215 [trainer.py] => CNN: {'total': 64.7, '00-09': 75.0, '10-19': 68.18, '20-29': 66.46, '30-39': 65.93, '40-49': 63.91, '50-59': 64.71, '60-69': 64.29, '70-79': 52.87, '80-89': 55.69, '90-99': 68.05, '100-109': 61.97, 'old': 64.95, 'new': 61.97}
2024-08-24 17:27:36,215 [trainer.py] => CNN top1 curve: [91.98, 85.07, 81.69, 79.84, 77.03, 74.37, 71.99, 68.32, 66.2, 65.78, 64.7]
2024-08-24 17:27:36,215 [trainer.py] => CNN top5 curve: [99.53, 96.76, 94.67, 94.0, 92.36, 91.62, 90.45, 88.72, 87.79, 87.03, 86.13]

2024-08-24 17:27:36,215 [trainer.py] => Average Accuracy (CNN): 75.17909090909092
2024-08-24 17:27:36,216 [trainer.py] => All params: 171812353
2024-08-24 17:27:36,217 [trainer.py] => Trainable params: 86013697
2024-08-24 17:27:36,231 [aper_vpt.py] => Learning on 110-120
2024-08-24 17:29:47,569 [trainer.py] => No NME accuracy.
2024-08-24 17:29:47,570 [trainer.py] => CNN: {'total': 63.5, '00-09': 74.53, '10-19': 67.13, '20-29': 66.15, '30-39': 65.3, '40-49': 62.39, '50-59': 63.73, '60-69': 63.46, '70-79': 51.66, '80-89': 54.9, '90-99': 66.57, '100-109': 60.98, '110-119': 60.86, 'old': 63.78, 'new': 60.86}
2024-08-24 17:29:47,570 [trainer.py] => CNN top1 curve: [91.98, 85.07, 81.69, 79.84, 77.03, 74.37, 71.99, 68.32, 66.2, 65.78, 64.7, 63.5]
2024-08-24 17:29:47,570 [trainer.py] => CNN top5 curve: [99.53, 96.76, 94.67, 94.0, 92.36, 91.62, 90.45, 88.72, 87.79, 87.03, 86.13, 85.36]

2024-08-24 17:29:47,570 [trainer.py] => Average Accuracy (CNN): 74.20583333333333
2024-08-24 17:29:47,571 [trainer.py] => All params: 171827713
2024-08-24 17:29:47,572 [trainer.py] => Trainable params: 86029057
2024-08-24 17:29:47,582 [aper_vpt.py] => Learning on 120-130
2024-08-24 17:32:02,457 [trainer.py] => No NME accuracy.
2024-08-24 17:32:02,457 [trainer.py] => CNN: {'total': 62.56, '00-09': 73.82, '10-19': 65.03, '20-29': 65.84, '30-39': 64.35, '40-49': 62.39, '50-59': 63.73, '60-69': 62.36, '70-79': 50.76, '80-89': 54.51, '90-99': 65.38, '100-109': 60.33, '110-119': 60.59, '120-129': 59.94, 'old': 62.79, 'new': 59.94}
2024-08-24 17:32:02,457 [trainer.py] => CNN top1 curve: [91.98, 85.07, 81.69, 79.84, 77.03, 74.37, 71.99, 68.32, 66.2, 65.78, 64.7, 63.5, 62.56]
2024-08-24 17:32:02,457 [trainer.py] => CNN top5 curve: [99.53, 96.76, 94.67, 94.0, 92.36, 91.62, 90.45, 88.72, 87.79, 87.03, 86.13, 85.36, 84.5]

2024-08-24 17:32:02,457 [trainer.py] => Average Accuracy (CNN): 73.31
2024-08-24 17:32:02,459 [trainer.py] => All params: 171843073
2024-08-24 17:32:02,460 [trainer.py] => Trainable params: 86044417
2024-08-24 17:32:02,471 [aper_vpt.py] => Learning on 130-140
2024-08-24 17:34:21,202 [trainer.py] => No NME accuracy.
2024-08-24 17:34:21,203 [trainer.py] => CNN: {'total': 61.87, '00-09': 72.41, '10-19': 62.94, '20-29': 65.53, '30-39': 64.04, '40-49': 62.39, '50-59': 63.4, '60-69': 62.36, '70-79': 50.45, '80-89': 53.33, '90-99': 65.38, '100-109': 60.0, '110-119': 56.03, '120-129': 59.06, '130-139': 65.02, 'old': 61.63, 'new': 65.02}
2024-08-24 17:34:21,203 [trainer.py] => CNN top1 curve: [91.98, 85.07, 81.69, 79.84, 77.03, 74.37, 71.99, 68.32, 66.2, 65.78, 64.7, 63.5, 62.56, 61.87]
2024-08-24 17:34:21,203 [trainer.py] => CNN top5 curve: [99.53, 96.76, 94.67, 94.0, 92.36, 91.62, 90.45, 88.72, 87.79, 87.03, 86.13, 85.36, 84.5, 83.65]

2024-08-24 17:34:21,203 [trainer.py] => Average Accuracy (CNN): 72.49285714285715
2024-08-24 17:34:21,204 [trainer.py] => All params: 171858433
2024-08-24 17:34:21,205 [trainer.py] => Trainable params: 86059777
2024-08-24 17:34:21,215 [aper_vpt.py] => Learning on 140-150
2024-08-24 17:36:51,656 [trainer.py] => No NME accuracy.
2024-08-24 17:36:51,656 [trainer.py] => CNN: {'total': 60.51, '00-09': 71.46, '10-19': 60.49, '20-29': 65.53, '30-39': 63.41, '40-49': 61.77, '50-59': 63.4, '60-69': 62.09, '70-79': 48.04, '80-89': 52.94, '90-99': 64.79, '100-109': 60.0, '110-119': 56.03, '120-129': 58.77, '130-139': 63.47, '140-149': 52.55, 'old': 61.15, 'new': 52.55}
2024-08-24 17:36:51,656 [trainer.py] => CNN top1 curve: [91.98, 85.07, 81.69, 79.84, 77.03, 74.37, 71.99, 68.32, 66.2, 65.78, 64.7, 63.5, 62.56, 61.87, 60.51]
2024-08-24 17:36:51,656 [trainer.py] => CNN top5 curve: [99.53, 96.76, 94.67, 94.0, 92.36, 91.62, 90.45, 88.72, 87.79, 87.03, 86.13, 85.36, 84.5, 83.65, 82.07]

2024-08-24 17:36:51,656 [trainer.py] => Average Accuracy (CNN): 71.694
2024-08-24 17:36:51,658 [trainer.py] => All params: 171873793
2024-08-24 17:36:51,659 [trainer.py] => Trainable params: 86075137
2024-08-24 17:36:51,675 [aper_vpt.py] => Learning on 150-160
2024-08-24 17:39:27,335 [trainer.py] => No NME accuracy.
2024-08-24 17:39:27,336 [trainer.py] => CNN: {'total': 59.42, '00-09': 70.99, '10-19': 60.14, '20-29': 65.22, '30-39': 62.15, '40-49': 61.47, '50-59': 61.44, '60-69': 61.54, '70-79': 47.73, '80-89': 52.94, '90-99': 63.91, '100-109': 59.34, '110-119': 54.96, '120-129': 58.19, '130-139': 62.85, '140-149': 52.55, '150-159': 53.04, 'old': 59.89, 'new': 53.04}
2024-08-24 17:39:27,336 [trainer.py] => CNN top1 curve: [91.98, 85.07, 81.69, 79.84, 77.03, 74.37, 71.99, 68.32, 66.2, 65.78, 64.7, 63.5, 62.56, 61.87, 60.51, 59.42]
2024-08-24 17:39:27,336 [trainer.py] => CNN top5 curve: [99.53, 96.76, 94.67, 94.0, 92.36, 91.62, 90.45, 88.72, 87.79, 87.03, 86.13, 85.36, 84.5, 83.65, 82.07, 81.26]

2024-08-24 17:39:27,336 [trainer.py] => Average Accuracy (CNN): 70.92687500000001
2024-08-24 17:39:27,337 [trainer.py] => All params: 171889153
2024-08-24 17:39:27,338 [trainer.py] => Trainable params: 86090497
2024-08-24 17:39:27,351 [aper_vpt.py] => Learning on 160-170
2024-08-24 17:42:10,690 [trainer.py] => No NME accuracy.
2024-08-24 17:42:10,690 [trainer.py] => CNN: {'total': 58.66, '00-09': 70.75, '10-19': 59.79, '20-29': 63.35, '30-39': 61.83, '40-49': 61.16, '50-59': 60.78, '60-69': 61.54, '70-79': 47.13, '80-89': 52.16, '90-99': 63.61, '100-109': 58.69, '110-119': 54.42, '120-129': 57.6, '130-139': 62.54, '140-149': 51.74, '150-159': 52.49, '160-169': 55.02, 'old': 58.88, 'new': 55.02}
2024-08-24 17:42:10,690 [trainer.py] => CNN top1 curve: [91.98, 85.07, 81.69, 79.84, 77.03, 74.37, 71.99, 68.32, 66.2, 65.78, 64.7, 63.5, 62.56, 61.87, 60.51, 59.42, 58.66]
2024-08-24 17:42:10,690 [trainer.py] => CNN top5 curve: [99.53, 96.76, 94.67, 94.0, 92.36, 91.62, 90.45, 88.72, 87.79, 87.03, 86.13, 85.36, 84.5, 83.65, 82.07, 81.26, 80.25]

2024-08-24 17:42:10,690 [trainer.py] => Average Accuracy (CNN): 70.20529411764707
2024-08-24 17:42:10,692 [trainer.py] => All params: 171904513
2024-08-24 17:42:10,693 [trainer.py] => Trainable params: 86105857
2024-08-24 17:42:10,698 [aper_vpt.py] => Learning on 170-180
2024-08-24 17:46:14,779 [trainer.py] => No NME accuracy.
2024-08-24 17:46:14,779 [trainer.py] => CNN: {'total': 57.45, '00-09': 70.28, '10-19': 59.44, '20-29': 62.73, '30-39': 61.51, '40-49': 60.55, '50-59': 58.17, '60-69': 60.99, '70-79': 46.53, '80-89': 51.76, '90-99': 63.61, '100-109': 58.36, '110-119': 54.16, '120-129': 57.31, '130-139': 62.54, '140-149': 50.94, '150-159': 51.93, '160-169': 53.8, '170-179': 45.67, 'old': 58.08, 'new': 45.67}
2024-08-24 17:46:14,780 [trainer.py] => CNN top1 curve: [91.98, 85.07, 81.69, 79.84, 77.03, 74.37, 71.99, 68.32, 66.2, 65.78, 64.7, 63.5, 62.56, 61.87, 60.51, 59.42, 58.66, 57.45]
2024-08-24 17:46:14,780 [trainer.py] => CNN top5 curve: [99.53, 96.76, 94.67, 94.0, 92.36, 91.62, 90.45, 88.72, 87.79, 87.03, 86.13, 85.36, 84.5, 83.65, 82.07, 81.26, 80.25, 79.64]

2024-08-24 17:46:14,780 [trainer.py] => Average Accuracy (CNN): 69.49666666666668
2024-08-24 17:46:14,781 [trainer.py] => All params: 171919873
2024-08-24 17:46:14,782 [trainer.py] => Trainable params: 86121217
2024-08-24 17:46:14,799 [aper_vpt.py] => Learning on 180-190
2024-08-24 17:50:53,864 [trainer.py] => No NME accuracy.
2024-08-24 17:50:53,865 [trainer.py] => CNN: {'total': 56.83, '00-09': 69.34, '10-19': 59.09, '20-29': 62.42, '30-39': 60.88, '40-49': 60.55, '50-59': 57.52, '60-69': 60.71, '70-79': 45.92, '80-89': 51.76, '90-99': 63.31, '100-109': 57.7, '110-119': 52.55, '120-129': 56.43, '130-139': 61.92, '140-149': 49.87, '150-159': 51.66, '160-169': 53.8, '170-179': 45.67, '180-189': 55.05, 'old': 56.92, 'new': 55.05}
2024-08-24 17:50:53,865 [trainer.py] => CNN top1 curve: [91.98, 85.07, 81.69, 79.84, 77.03, 74.37, 71.99, 68.32, 66.2, 65.78, 64.7, 63.5, 62.56, 61.87, 60.51, 59.42, 58.66, 57.45, 56.83]
2024-08-24 17:50:53,865 [trainer.py] => CNN top5 curve: [99.53, 96.76, 94.67, 94.0, 92.36, 91.62, 90.45, 88.72, 87.79, 87.03, 86.13, 85.36, 84.5, 83.65, 82.07, 81.26, 80.25, 79.64, 79.2]

2024-08-24 17:50:53,865 [trainer.py] => Average Accuracy (CNN): 68.83000000000001
2024-08-24 17:50:53,866 [trainer.py] => All params: 171935233
2024-08-24 17:50:53,868 [trainer.py] => Trainable params: 86136577
2024-08-24 17:50:53,875 [aper_vpt.py] => Learning on 190-200
2024-08-24 17:55:45,507 [trainer.py] => No NME accuracy.
2024-08-24 17:55:45,508 [trainer.py] => CNN: {'total': 55.28, '00-09': 69.1, '10-19': 59.09, '20-29': 61.49, '30-39': 59.94, '40-49': 60.24, '50-59': 57.19, '60-69': 60.44, '70-79': 45.62, '80-89': 51.37, '90-99': 62.72, '100-109': 57.38, '110-119': 52.01, '120-129': 56.43, '130-139': 61.3, '140-149': 49.87, '150-159': 51.1, '160-169': 51.06, '170-179': 44.33, '180-189': 53.66, '190-199': 39.01, 'old': 56.23, 'new': 39.01}
2024-08-24 17:55:45,508 [trainer.py] => CNN top1 curve: [91.98, 85.07, 81.69, 79.84, 77.03, 74.37, 71.99, 68.32, 66.2, 65.78, 64.7, 63.5, 62.56, 61.87, 60.51, 59.42, 58.66, 57.45, 56.83, 55.28]
2024-08-24 17:55:45,508 [trainer.py] => CNN top5 curve: [99.53, 96.76, 94.67, 94.0, 92.36, 91.62, 90.45, 88.72, 87.79, 87.03, 86.13, 85.36, 84.5, 83.65, 82.07, 81.26, 80.25, 79.64, 79.2, 78.15]

2024-08-24 17:55:45,508 [trainer.py] => Average Accuracy (CNN): 68.1525
