2024-08-24 18:17:14,970 [trainer.py] => config: exps/aper_vpt-shallow/objectnet_10_10_vit-b_vpt-shallow.json
2024-08-24 18:17:14,970 [trainer.py] => prefix: exp_vpt-shallow
2024-08-24 18:17:14,970 [trainer.py] => dataset: objectnet
2024-08-24 18:17:14,970 [trainer.py] => memory_size: 2000
2024-08-24 18:17:14,970 [trainer.py] => memory_per_class: 20
2024-08-24 18:17:14,970 [trainer.py] => fixed_memory: False
2024-08-24 18:17:14,970 [trainer.py] => shuffle: True
2024-08-24 18:17:14,970 [trainer.py] => init_cls: 10
2024-08-24 18:17:14,970 [trainer.py] => increment: 10
2024-08-24 18:17:14,970 [trainer.py] => model_name: aper_vpt
2024-08-24 18:17:14,970 [trainer.py] => convnet_type: pretrained_vit_b16_224_in21k_vpt
2024-08-24 18:17:14,970 [trainer.py] => weight_decay: 0.0005
2024-08-24 18:17:14,970 [trainer.py] => vpt_type: shallow
2024-08-24 18:17:14,970 [trainer.py] => prompt_token_num: 5
2024-08-24 18:17:14,970 [trainer.py] => ffn_num: 64
2024-08-24 18:17:14,971 [trainer.py] => optimizer: sgd
2024-08-24 18:17:14,971 [trainer.py] => min_lr: 0
2024-08-24 18:17:14,971 [trainer.py] => device: [device(type='cuda', index=0)]
2024-08-24 18:17:14,971 [trainer.py] => seed: 1993
2024-08-24 18:17:14,971 [trainer.py] => tuned_epoch: 20
2024-08-24 18:17:14,971 [trainer.py] => init_lr: 0.01
2024-08-24 18:17:14,971 [trainer.py] => batch_size: 48
2024-08-24 18:17:15,087 [data_manager.py] => [168, 136, 51, 9, 183, 101, 171, 99, 42, 159, 191, 70, 16, 188, 27, 10, 175, 26, 68, 187, 98, 6, 85, 35, 112, 43, 100, 0, 103, 181, 88, 59, 4, 2, 116, 174, 94, 80, 106, 1, 147, 17, 141, 131, 72, 23, 173, 54, 197, 118, 87, 32, 79, 104, 91, 19, 135, 107, 178, 36, 11, 199, 142, 8, 122, 3, 28, 57, 153, 172, 190, 56, 49, 44, 97, 62, 151, 169, 194, 55, 192, 12, 189, 78, 66, 180, 15, 137, 109, 134, 92, 119, 126, 52, 170, 40, 148, 65, 144, 64, 138, 45, 77, 89, 154, 90, 71, 193, 74, 30, 113, 143, 96, 84, 67, 50, 186, 156, 69, 21, 18, 111, 108, 58, 125, 157, 150, 110, 182, 129, 166, 83, 81, 60, 13, 165, 14, 176, 63, 117, 5, 22, 145, 121, 38, 41, 82, 127, 114, 20, 31, 53, 37, 163, 196, 130, 152, 162, 86, 76, 24, 34, 184, 149, 33, 128, 198, 155, 146, 167, 139, 120, 140, 102, 47, 25, 158, 123, 46, 164, 61, 7, 115, 75, 133, 160, 105, 132, 179, 124, 48, 73, 93, 39, 95, 195, 29, 177, 185, 161]
2024-08-24 18:17:19,327 [trainer.py] => All params: 85802496
2024-08-24 18:17:19,328 [trainer.py] => Trainable params: 3840
2024-08-24 18:17:22,982 [aper_vpt.py] => Learning on 0-10
2024-08-24 18:33:41,326 [aper_vpt.py] => Task 0, Epoch 20/20 => Loss 1.221, Train_accy 75.10, Test_accy 84.67
2024-08-24 18:34:40,369 [trainer.py] => No NME accuracy.
2024-08-24 18:34:40,370 [trainer.py] => CNN: {'total': 83.96, '00-09': 83.96, 'old': 0, 'new': 83.96}
2024-08-24 18:34:40,370 [trainer.py] => CNN top1 curve: [83.96]
2024-08-24 18:34:40,370 [trainer.py] => CNN top5 curve: [98.58]

2024-08-24 18:34:40,370 [trainer.py] => Average Accuracy (CNN): 83.96
2024-08-24 18:34:40,372 [trainer.py] => All params: 171616513
2024-08-24 18:34:40,373 [trainer.py] => Trainable params: 85817857
2024-08-24 18:34:40,380 [aper_vpt.py] => Learning on 10-20
2024-08-24 18:35:55,196 [trainer.py] => No NME accuracy.
2024-08-24 18:35:55,196 [trainer.py] => CNN: {'total': 79.3, '00-09': 77.36, '10-19': 82.17, 'old': 77.36, 'new': 82.17}
2024-08-24 18:35:55,196 [trainer.py] => CNN top1 curve: [83.96, 79.3]
2024-08-24 18:35:55,196 [trainer.py] => CNN top5 curve: [98.58, 94.93]

2024-08-24 18:35:55,196 [trainer.py] => Average Accuracy (CNN): 81.63
2024-08-24 18:35:55,198 [trainer.py] => All params: 171631873
2024-08-24 18:35:55,199 [trainer.py] => Trainable params: 85833217
2024-08-24 18:35:55,206 [aper_vpt.py] => Learning on 20-30
2024-08-24 18:38:02,737 [trainer.py] => No NME accuracy.
2024-08-24 18:38:02,737 [trainer.py] => CNN: {'total': 76.65, '00-09': 74.06, '10-19': 81.12, '20-29': 76.09, 'old': 76.9, 'new': 76.09}
2024-08-24 18:38:02,738 [trainer.py] => CNN top1 curve: [83.96, 79.3, 76.65]
2024-08-24 18:38:02,738 [trainer.py] => CNN top5 curve: [98.58, 94.93, 93.12]

2024-08-24 18:38:02,738 [trainer.py] => Average Accuracy (CNN): 79.97
2024-08-24 18:38:02,739 [trainer.py] => All params: 171647233
2024-08-24 18:38:02,740 [trainer.py] => Trainable params: 85848577
2024-08-24 18:38:02,748 [aper_vpt.py] => Learning on 30-40
2024-08-24 18:39:22,182 [trainer.py] => No NME accuracy.
2024-08-24 18:39:22,182 [trainer.py] => CNN: {'total': 75.32, '00-09': 71.7, '10-19': 79.72, '20-29': 73.6, '30-39': 77.92, 'old': 74.52, 'new': 77.92}
2024-08-24 18:39:22,182 [trainer.py] => CNN top1 curve: [83.96, 79.3, 76.65, 75.32]
2024-08-24 18:39:22,182 [trainer.py] => CNN top5 curve: [98.58, 94.93, 93.12, 91.55]

2024-08-24 18:39:22,182 [trainer.py] => Average Accuracy (CNN): 78.8075
2024-08-24 18:39:22,184 [trainer.py] => All params: 171662593
2024-08-24 18:39:22,185 [trainer.py] => Trainable params: 85863937
2024-08-24 18:39:22,193 [aper_vpt.py] => Learning on 40-50
2024-08-24 18:40:43,699 [trainer.py] => No NME accuracy.
2024-08-24 18:40:43,699 [trainer.py] => CNN: {'total': 72.37, '00-09': 69.1, '10-19': 77.62, '20-29': 71.74, '30-39': 74.45, '40-49': 70.64, 'old': 72.79, 'new': 70.64}
2024-08-24 18:40:43,699 [trainer.py] => CNN top1 curve: [83.96, 79.3, 76.65, 75.32, 72.37]
2024-08-24 18:40:43,699 [trainer.py] => CNN top5 curve: [98.58, 94.93, 93.12, 91.55, 90.33]

2024-08-24 18:40:43,699 [trainer.py] => Average Accuracy (CNN): 77.52000000000001
2024-08-24 18:40:43,701 [trainer.py] => All params: 171677953
2024-08-24 18:40:43,702 [trainer.py] => Trainable params: 85879297
2024-08-24 18:40:43,711 [aper_vpt.py] => Learning on 50-60
2024-08-24 18:42:09,149 [trainer.py] => No NME accuracy.
2024-08-24 18:42:09,150 [trainer.py] => CNN: {'total': 70.89, '00-09': 66.51, '10-19': 75.52, '20-29': 71.12, '30-39': 74.45, '40-49': 67.89, '50-59': 71.9, 'old': 70.7, 'new': 71.9}
2024-08-24 18:42:09,150 [trainer.py] => CNN top1 curve: [83.96, 79.3, 76.65, 75.32, 72.37, 70.89]
2024-08-24 18:42:09,150 [trainer.py] => CNN top5 curve: [98.58, 94.93, 93.12, 91.55, 90.33, 89.1]

2024-08-24 18:42:09,150 [trainer.py] => Average Accuracy (CNN): 76.415
2024-08-24 18:42:09,151 [trainer.py] => All params: 171693313
2024-08-24 18:42:09,153 [trainer.py] => Trainable params: 85894657
2024-08-24 18:42:09,162 [aper_vpt.py] => Learning on 60-70
2024-08-24 18:43:41,604 [trainer.py] => No NME accuracy.
2024-08-24 18:43:41,604 [trainer.py] => CNN: {'total': 69.01, '00-09': 65.33, '10-19': 73.08, '20-29': 70.81, '30-39': 70.03, '40-49': 66.97, '50-59': 70.92, '60-69': 67.86, 'old': 69.22, 'new': 67.86}
2024-08-24 18:43:41,604 [trainer.py] => CNN top1 curve: [83.96, 79.3, 76.65, 75.32, 72.37, 70.89, 69.01]
2024-08-24 18:43:41,604 [trainer.py] => CNN top5 curve: [98.58, 94.93, 93.12, 91.55, 90.33, 89.1, 87.77]

2024-08-24 18:43:41,605 [trainer.py] => Average Accuracy (CNN): 75.35714285714286
2024-08-24 18:43:41,606 [trainer.py] => All params: 171708673
2024-08-24 18:43:41,607 [trainer.py] => Trainable params: 85910017
2024-08-24 18:43:41,615 [aper_vpt.py] => Learning on 70-80
2024-08-24 18:46:00,314 [trainer.py] => No NME accuracy.
2024-08-24 18:46:00,314 [trainer.py] => CNN: {'total': 65.48, '00-09': 62.97, '10-19': 68.53, '20-29': 69.57, '30-39': 68.45, '40-49': 65.14, '50-59': 68.63, '60-69': 62.91, '70-79': 59.52, 'old': 66.33, 'new': 59.52}
2024-08-24 18:46:00,314 [trainer.py] => CNN top1 curve: [83.96, 79.3, 76.65, 75.32, 72.37, 70.89, 69.01, 65.48]
2024-08-24 18:46:00,314 [trainer.py] => CNN top5 curve: [98.58, 94.93, 93.12, 91.55, 90.33, 89.1, 87.77, 85.95]

2024-08-24 18:46:00,314 [trainer.py] => Average Accuracy (CNN): 74.1225
2024-08-24 18:46:00,316 [trainer.py] => All params: 171724033
2024-08-24 18:46:00,317 [trainer.py] => Trainable params: 85925377
2024-08-24 18:46:00,326 [aper_vpt.py] => Learning on 80-90
2024-08-24 18:47:48,996 [trainer.py] => No NME accuracy.
2024-08-24 18:47:48,996 [trainer.py] => CNN: {'total': 63.85, '00-09': 61.08, '10-19': 67.48, '20-29': 68.63, '30-39': 67.82, '40-49': 64.22, '50-59': 67.32, '60-69': 61.26, '70-79': 57.1, '80-89': 61.18, 'old': 64.1, 'new': 61.18}
2024-08-24 18:47:48,996 [trainer.py] => CNN top1 curve: [83.96, 79.3, 76.65, 75.32, 72.37, 70.89, 69.01, 65.48, 63.85]
2024-08-24 18:47:48,996 [trainer.py] => CNN top5 curve: [98.58, 94.93, 93.12, 91.55, 90.33, 89.1, 87.77, 85.95, 84.89]

2024-08-24 18:47:48,996 [trainer.py] => Average Accuracy (CNN): 72.98111111111112
2024-08-24 18:47:48,998 [trainer.py] => All params: 171739393
2024-08-24 18:47:48,999 [trainer.py] => Trainable params: 85940737
2024-08-24 18:47:49,004 [aper_vpt.py] => Learning on 90-100
2024-08-24 18:50:46,605 [trainer.py] => No NME accuracy.
2024-08-24 18:50:46,605 [trainer.py] => CNN: {'total': 63.27, '00-09': 60.38, '10-19': 66.08, '20-29': 68.32, '30-39': 66.25, '40-49': 63.3, '50-59': 66.34, '60-69': 61.26, '70-79': 55.59, '80-89': 60.78, '90-99': 65.68, 'old': 62.99, 'new': 65.68}
2024-08-24 18:50:46,605 [trainer.py] => CNN top1 curve: [83.96, 79.3, 76.65, 75.32, 72.37, 70.89, 69.01, 65.48, 63.85, 63.27]
2024-08-24 18:50:46,605 [trainer.py] => CNN top5 curve: [98.58, 94.93, 93.12, 91.55, 90.33, 89.1, 87.77, 85.95, 84.89, 84.13]

2024-08-24 18:50:46,605 [trainer.py] => Average Accuracy (CNN): 72.01
2024-08-24 18:50:46,607 [trainer.py] => All params: 171754753
2024-08-24 18:50:46,608 [trainer.py] => Trainable params: 85956097
2024-08-24 18:50:46,620 [aper_vpt.py] => Learning on 100-110
2024-08-24 18:53:42,460 [trainer.py] => No NME accuracy.
2024-08-24 18:53:42,460 [trainer.py] => CNN: {'total': 62.07, '00-09': 58.49, '10-19': 65.73, '20-29': 67.39, '30-39': 64.35, '40-49': 63.0, '50-59': 63.4, '60-69': 59.62, '70-79': 54.08, '80-89': 59.22, '90-99': 65.09, '100-109': 63.93, 'old': 61.9, 'new': 63.93}
2024-08-24 18:53:42,460 [trainer.py] => CNN top1 curve: [83.96, 79.3, 76.65, 75.32, 72.37, 70.89, 69.01, 65.48, 63.85, 63.27, 62.07]
2024-08-24 18:53:42,460 [trainer.py] => CNN top5 curve: [98.58, 94.93, 93.12, 91.55, 90.33, 89.1, 87.77, 85.95, 84.89, 84.13, 82.63]

2024-08-24 18:53:42,460 [trainer.py] => Average Accuracy (CNN): 71.10636363636364
2024-08-24 18:53:42,462 [trainer.py] => All params: 171770113
2024-08-24 18:53:42,463 [trainer.py] => Trainable params: 85971457
2024-08-24 18:53:42,479 [aper_vpt.py] => Learning on 110-120
2024-08-24 18:57:29,728 [trainer.py] => No NME accuracy.
2024-08-24 18:57:29,729 [trainer.py] => CNN: {'total': 60.79, '00-09': 57.78, '10-19': 64.69, '20-29': 67.08, '30-39': 64.04, '40-49': 62.39, '50-59': 62.09, '60-69': 59.07, '70-79': 52.87, '80-89': 58.82, '90-99': 63.61, '100-109': 61.97, '110-119': 57.1, 'old': 61.17, 'new': 57.1}
2024-08-24 18:57:29,729 [trainer.py] => CNN top1 curve: [83.96, 79.3, 76.65, 75.32, 72.37, 70.89, 69.01, 65.48, 63.85, 63.27, 62.07, 60.79]
2024-08-24 18:57:29,729 [trainer.py] => CNN top5 curve: [98.58, 94.93, 93.12, 91.55, 90.33, 89.1, 87.77, 85.95, 84.89, 84.13, 82.63, 81.51]

2024-08-24 18:57:29,729 [trainer.py] => Average Accuracy (CNN): 70.24666666666667
2024-08-24 18:57:29,730 [trainer.py] => All params: 171785473
2024-08-24 18:57:29,732 [trainer.py] => Trainable params: 85986817
2024-08-24 18:57:29,737 [aper_vpt.py] => Learning on 120-130
2024-08-24 19:01:17,473 [trainer.py] => No NME accuracy.
2024-08-24 19:01:17,474 [trainer.py] => CNN: {'total': 59.56, '00-09': 57.08, '10-19': 62.94, '20-29': 66.46, '30-39': 63.41, '40-49': 61.77, '50-59': 61.44, '60-69': 57.42, '70-79': 51.06, '80-89': 58.82, '90-99': 62.72, '100-109': 60.98, '110-119': 56.57, '120-129': 55.85, 'old': 59.88, 'new': 55.85}
2024-08-24 19:01:17,474 [trainer.py] => CNN top1 curve: [83.96, 79.3, 76.65, 75.32, 72.37, 70.89, 69.01, 65.48, 63.85, 63.27, 62.07, 60.79, 59.56]
2024-08-24 19:01:17,474 [trainer.py] => CNN top5 curve: [98.58, 94.93, 93.12, 91.55, 90.33, 89.1, 87.77, 85.95, 84.89, 84.13, 82.63, 81.51, 80.68]

2024-08-24 19:01:17,474 [trainer.py] => Average Accuracy (CNN): 69.42461538461538
2024-08-24 19:01:17,475 [trainer.py] => All params: 171800833
2024-08-24 19:01:17,477 [trainer.py] => Trainable params: 86002177
2024-08-24 19:01:17,480 [aper_vpt.py] => Learning on 130-140
2024-08-24 19:05:04,507 [trainer.py] => No NME accuracy.
2024-08-24 19:05:04,507 [trainer.py] => CNN: {'total': 58.53, '00-09': 55.66, '10-19': 60.14, '20-29': 66.15, '30-39': 62.46, '40-49': 61.16, '50-59': 60.78, '60-69': 57.14, '70-79': 49.24, '80-89': 57.65, '90-99': 62.72, '100-109': 60.0, '110-119': 54.42, '120-129': 54.97, '130-139': 59.13, 'old': 58.48, 'new': 59.13}
2024-08-24 19:05:04,507 [trainer.py] => CNN top1 curve: [83.96, 79.3, 76.65, 75.32, 72.37, 70.89, 69.01, 65.48, 63.85, 63.27, 62.07, 60.79, 59.56, 58.53]
2024-08-24 19:05:04,507 [trainer.py] => CNN top5 curve: [98.58, 94.93, 93.12, 91.55, 90.33, 89.1, 87.77, 85.95, 84.89, 84.13, 82.63, 81.51, 80.68, 79.99]

2024-08-24 19:05:04,507 [trainer.py] => Average Accuracy (CNN): 68.64642857142857
2024-08-24 19:05:04,509 [trainer.py] => All params: 171816193
2024-08-24 19:05:04,510 [trainer.py] => Trainable params: 86017537
2024-08-24 19:05:04,515 [aper_vpt.py] => Learning on 140-150
2024-08-24 19:09:09,677 [trainer.py] => No NME accuracy.
2024-08-24 19:09:09,678 [trainer.py] => CNN: {'total': 57.22, '00-09': 55.19, '10-19': 59.09, '20-29': 66.15, '30-39': 61.51, '40-49': 60.55, '50-59': 60.78, '60-69': 56.04, '70-79': 47.43, '80-89': 57.25, '90-99': 62.13, '100-109': 59.34, '110-119': 54.16, '120-129': 54.09, '130-139': 58.2, '140-149': 49.6, 'old': 57.84, 'new': 49.6}
2024-08-24 19:09:09,678 [trainer.py] => CNN top1 curve: [83.96, 79.3, 76.65, 75.32, 72.37, 70.89, 69.01, 65.48, 63.85, 63.27, 62.07, 60.79, 59.56, 58.53, 57.22]
2024-08-24 19:09:09,678 [trainer.py] => CNN top5 curve: [98.58, 94.93, 93.12, 91.55, 90.33, 89.1, 87.77, 85.95, 84.89, 84.13, 82.63, 81.51, 80.68, 79.99, 78.86]

2024-08-24 19:09:09,678 [trainer.py] => Average Accuracy (CNN): 67.88466666666666
2024-08-24 19:09:09,679 [trainer.py] => All params: 171831553
2024-08-24 19:09:09,681 [trainer.py] => Trainable params: 86032897
2024-08-24 19:09:09,686 [aper_vpt.py] => Learning on 150-160
2024-08-24 19:12:55,978 [trainer.py] => No NME accuracy.
2024-08-24 19:12:55,978 [trainer.py] => CNN: {'total': 56.49, '00-09': 55.19, '10-19': 59.09, '20-29': 65.84, '30-39': 61.2, '40-49': 60.55, '50-59': 60.46, '60-69': 55.77, '70-79': 46.22, '80-89': 56.47, '90-99': 61.54, '100-109': 59.02, '110-119': 53.08, '120-129': 53.51, '130-139': 57.89, '140-149': 49.6, '150-159': 51.93, 'old': 56.82, 'new': 51.93}
2024-08-24 19:12:55,978 [trainer.py] => CNN top1 curve: [83.96, 79.3, 76.65, 75.32, 72.37, 70.89, 69.01, 65.48, 63.85, 63.27, 62.07, 60.79, 59.56, 58.53, 57.22, 56.49]
2024-08-24 19:12:55,978 [trainer.py] => CNN top5 curve: [98.58, 94.93, 93.12, 91.55, 90.33, 89.1, 87.77, 85.95, 84.89, 84.13, 82.63, 81.51, 80.68, 79.99, 78.86, 77.99]

2024-08-24 19:12:55,978 [trainer.py] => Average Accuracy (CNN): 67.1725
2024-08-24 19:12:55,980 [trainer.py] => All params: 171846913
2024-08-24 19:12:55,981 [trainer.py] => Trainable params: 86048257
2024-08-24 19:12:55,992 [aper_vpt.py] => Learning on 160-170
2024-08-24 19:16:03,913 [trainer.py] => No NME accuracy.
2024-08-24 19:16:03,913 [trainer.py] => CNN: {'total': 55.91, '00-09': 55.19, '10-19': 58.74, '20-29': 64.91, '30-39': 61.2, '40-49': 59.94, '50-59': 60.46, '60-69': 55.77, '70-79': 45.32, '80-89': 56.08, '90-99': 60.65, '100-109': 58.03, '110-119': 52.82, '120-129': 52.92, '130-139': 57.89, '140-149': 48.53, '150-159': 51.38, '160-169': 54.1, 'old': 56.02, 'new': 54.1}
2024-08-24 19:16:03,913 [trainer.py] => CNN top1 curve: [83.96, 79.3, 76.65, 75.32, 72.37, 70.89, 69.01, 65.48, 63.85, 63.27, 62.07, 60.79, 59.56, 58.53, 57.22, 56.49, 55.91]
2024-08-24 19:16:03,913 [trainer.py] => CNN top5 curve: [98.58, 94.93, 93.12, 91.55, 90.33, 89.1, 87.77, 85.95, 84.89, 84.13, 82.63, 81.51, 80.68, 79.99, 78.86, 77.99, 77.28]

2024-08-24 19:16:03,913 [trainer.py] => Average Accuracy (CNN): 66.51
2024-08-24 19:16:03,915 [trainer.py] => All params: 171862273
2024-08-24 19:16:03,916 [trainer.py] => Trainable params: 86063617
2024-08-24 19:16:03,929 [aper_vpt.py] => Learning on 170-180
2024-08-24 19:20:12,653 [trainer.py] => No NME accuracy.
2024-08-24 19:20:12,654 [trainer.py] => CNN: {'total': 54.73, '00-09': 54.95, '10-19': 58.39, '20-29': 64.29, '30-39': 60.25, '40-49': 59.94, '50-59': 58.17, '60-69': 55.77, '70-79': 45.32, '80-89': 55.29, '90-99': 60.36, '100-109': 57.7, '110-119': 52.82, '120-129': 51.75, '130-139': 57.28, '140-149': 47.99, '150-159': 50.83, '160-169': 52.58, '170-179': 43.33, 'old': 55.33, 'new': 43.33}
2024-08-24 19:20:12,654 [trainer.py] => CNN top1 curve: [83.96, 79.3, 76.65, 75.32, 72.37, 70.89, 69.01, 65.48, 63.85, 63.27, 62.07, 60.79, 59.56, 58.53, 57.22, 56.49, 55.91, 54.73]
2024-08-24 19:20:12,654 [trainer.py] => CNN top5 curve: [98.58, 94.93, 93.12, 91.55, 90.33, 89.1, 87.77, 85.95, 84.89, 84.13, 82.63, 81.51, 80.68, 79.99, 78.86, 77.99, 77.28, 76.41]

2024-08-24 19:20:12,654 [trainer.py] => Average Accuracy (CNN): 65.85555555555555
2024-08-24 19:20:12,655 [trainer.py] => All params: 171877633
2024-08-24 19:20:12,657 [trainer.py] => Trainable params: 86078977
2024-08-24 19:20:12,663 [aper_vpt.py] => Learning on 180-190
2024-08-24 19:24:48,692 [trainer.py] => No NME accuracy.
2024-08-24 19:24:48,693 [trainer.py] => CNN: {'total': 54.41, '00-09': 54.25, '10-19': 58.39, '20-29': 63.98, '30-39': 60.25, '40-49': 59.94, '50-59': 57.52, '60-69': 55.22, '70-79': 44.71, '80-89': 55.29, '90-99': 59.47, '100-109': 57.05, '110-119': 50.4, '120-129': 50.58, '130-139': 56.66, '140-149': 47.45, '150-159': 50.0, '160-169': 51.67, '170-179': 43.0, '180-189': 61.32, 'old': 54.07, 'new': 61.32}
2024-08-24 19:24:48,693 [trainer.py] => CNN top1 curve: [83.96, 79.3, 76.65, 75.32, 72.37, 70.89, 69.01, 65.48, 63.85, 63.27, 62.07, 60.79, 59.56, 58.53, 57.22, 56.49, 55.91, 54.73, 54.41]
2024-08-24 19:24:48,693 [trainer.py] => CNN top5 curve: [98.58, 94.93, 93.12, 91.55, 90.33, 89.1, 87.77, 85.95, 84.89, 84.13, 82.63, 81.51, 80.68, 79.99, 78.86, 77.99, 77.28, 76.41, 75.91]

2024-08-24 19:24:48,693 [trainer.py] => Average Accuracy (CNN): 65.25315789473684
2024-08-24 19:24:48,694 [trainer.py] => All params: 171892993
2024-08-24 19:24:48,696 [trainer.py] => Trainable params: 86094337
2024-08-24 19:24:48,703 [aper_vpt.py] => Learning on 190-200
2024-08-24 19:29:03,583 [trainer.py] => No NME accuracy.
2024-08-24 19:29:03,583 [trainer.py] => CNN: {'total': 52.75, '00-09': 53.54, '10-19': 58.39, '20-29': 61.8, '30-39': 60.25, '40-49': 59.02, '50-59': 56.54, '60-69': 55.22, '70-79': 44.41, '80-89': 54.9, '90-99': 59.17, '100-109': 56.72, '110-119': 50.13, '120-129': 50.29, '130-139': 56.04, '140-149': 47.45, '150-159': 48.62, '160-169': 49.24, '170-179': 39.33, '180-189': 59.58, '190-199': 38.74, 'old': 53.56, 'new': 38.74}
2024-08-24 19:29:03,583 [trainer.py] => CNN top1 curve: [83.96, 79.3, 76.65, 75.32, 72.37, 70.89, 69.01, 65.48, 63.85, 63.27, 62.07, 60.79, 59.56, 58.53, 57.22, 56.49, 55.91, 54.73, 54.41, 52.75]
2024-08-24 19:29:03,583 [trainer.py] => CNN top5 curve: [98.58, 94.93, 93.12, 91.55, 90.33, 89.1, 87.77, 85.95, 84.89, 84.13, 82.63, 81.51, 80.68, 79.99, 78.86, 77.99, 77.28, 76.41, 75.91, 75.05]

2024-08-24 19:29:03,583 [trainer.py] => Average Accuracy (CNN): 64.62800000000001
