2024-08-24 15:40:51,871 [trainer.py] => config: exps/aper_ssf/imagenetr_5_5_vit-b_ssf.json
2024-08-24 15:40:51,872 [trainer.py] => prefix: exp
2024-08-24 15:40:51,872 [trainer.py] => dataset: imagenetr
2024-08-24 15:40:51,872 [trainer.py] => memory_size: 2000
2024-08-24 15:40:51,872 [trainer.py] => memory_per_class: 20
2024-08-24 15:40:51,872 [trainer.py] => fixed_memory: False
2024-08-24 15:40:51,872 [trainer.py] => shuffle: True
2024-08-24 15:40:51,872 [trainer.py] => init_cls: 5
2024-08-24 15:40:51,872 [trainer.py] => increment: 5
2024-08-24 15:40:51,872 [trainer.py] => model_name: aper_ssf
2024-08-24 15:40:51,872 [trainer.py] => convnet_type: pretrained_vit_b16_224_in21k_ssf
2024-08-24 15:40:51,872 [trainer.py] => weight_decay: 0.0005
2024-08-24 15:40:51,872 [trainer.py] => prompt_token_num: 30
2024-08-24 15:40:51,872 [trainer.py] => ffn_num: 64
2024-08-24 15:40:51,872 [trainer.py] => optimizer: sgd
2024-08-24 15:40:51,872 [trainer.py] => min_lr: 0
2024-08-24 15:40:51,872 [trainer.py] => device: [device(type='cuda', index=0)]
2024-08-24 15:40:51,872 [trainer.py] => seed: 1993
2024-08-24 15:40:51,872 [trainer.py] => tuned_epoch: 20
2024-08-24 15:40:51,872 [trainer.py] => init_lr: 0.01
2024-08-24 15:40:51,872 [trainer.py] => batch_size: 48
2024-08-24 15:40:51,983 [data_manager.py] => [168, 136, 51, 9, 183, 101, 171, 99, 42, 159, 191, 70, 16, 188, 27, 10, 175, 26, 68, 187, 98, 6, 85, 35, 112, 43, 100, 0, 103, 181, 88, 59, 4, 2, 116, 174, 94, 80, 106, 1, 147, 17, 141, 131, 72, 23, 173, 54, 197, 118, 87, 32, 79, 104, 91, 19, 135, 107, 178, 36, 11, 199, 142, 8, 122, 3, 28, 57, 153, 172, 190, 56, 49, 44, 97, 62, 151, 169, 194, 55, 192, 12, 189, 78, 66, 180, 15, 137, 109, 134, 92, 119, 126, 52, 170, 40, 148, 65, 144, 64, 138, 45, 77, 89, 154, 90, 71, 193, 74, 30, 113, 143, 96, 84, 67, 50, 186, 156, 69, 21, 18, 111, 108, 58, 125, 157, 150, 110, 182, 129, 166, 83, 81, 60, 13, 165, 14, 176, 63, 117, 5, 22, 145, 121, 38, 41, 82, 127, 114, 20, 31, 53, 37, 163, 196, 130, 152, 162, 86, 76, 24, 34, 184, 149, 33, 128, 198, 155, 146, 167, 139, 120, 140, 102, 47, 25, 158, 123, 46, 164, 61, 7, 115, 75, 133, 160, 105, 132, 179, 124, 48, 73, 93, 39, 95, 195, 29, 177, 185, 161]
2024-08-24 15:40:54,807 [trainer.py] => All params: 86004480
2024-08-24 15:40:54,808 [trainer.py] => Trainable params: 86004480
2024-08-24 15:40:59,522 [aper_ssf.py] => Learning on 0-5
2024-08-24 15:43:36,461 [aper_ssf.py] => Task 0, Epoch 20/20 => Loss 0.431, Train_accy 91.85, Test_accy 96.55
2024-08-24 15:43:46,962 [trainer.py] => No NME accuracy.
2024-08-24 15:43:46,962 [trainer.py] => CNN: {'total': 96.55, '00-09': 96.55, 'old': 0, 'new': 96.55}
2024-08-24 15:43:46,962 [trainer.py] => CNN top1 curve: [96.55]
2024-08-24 15:43:46,962 [trainer.py] => CNN top5 curve: [100.0]

2024-08-24 15:43:46,963 [trainer.py] => Average Accuracy (CNN): 96.55
2024-08-24 15:43:46,964 [trainer.py] => All params: 171810817
2024-08-24 15:43:46,966 [trainer.py] => Trainable params: 86012161
2024-08-24 15:43:46,967 [aper_ssf.py] => Learning on 5-10
2024-08-24 15:43:53,791 [trainer.py] => No NME accuracy.
2024-08-24 15:43:53,791 [trainer.py] => CNN: {'total': 84.54, '00-09': 84.54, 'old': 91.03, 'new': 79.07}
2024-08-24 15:43:53,791 [trainer.py] => CNN top1 curve: [96.55, 84.54]
2024-08-24 15:43:53,791 [trainer.py] => CNN top5 curve: [100.0, 99.05]

2024-08-24 15:43:53,791 [trainer.py] => Average Accuracy (CNN): 90.545
2024-08-24 15:43:53,793 [trainer.py] => All params: 171818497
2024-08-24 15:43:53,794 [trainer.py] => Trainable params: 86019841
2024-08-24 15:43:53,796 [aper_ssf.py] => Learning on 10-15
2024-08-24 15:44:03,007 [trainer.py] => No NME accuracy.
2024-08-24 15:44:03,007 [trainer.py] => CNN: {'total': 83.33, '00-09': 81.7, '10-19': 85.43, 'old': 81.7, 'new': 85.43}
2024-08-24 15:44:03,008 [trainer.py] => CNN top1 curve: [96.55, 84.54, 83.33]
2024-08-24 15:44:03,008 [trainer.py] => CNN top5 curve: [100.0, 99.05, 96.81]

2024-08-24 15:44:03,008 [trainer.py] => Average Accuracy (CNN): 88.14
2024-08-24 15:44:03,010 [trainer.py] => All params: 171826177
2024-08-24 15:44:03,011 [trainer.py] => Trainable params: 86027521
2024-08-24 15:44:03,013 [aper_ssf.py] => Learning on 15-20
2024-08-24 15:44:11,137 [trainer.py] => No NME accuracy.
2024-08-24 15:44:11,138 [trainer.py] => CNN: {'total': 80.99, '00-09': 80.44, '10-19': 81.45, 'old': 81.21, 'new': 80.0}
2024-08-24 15:44:11,138 [trainer.py] => CNN top1 curve: [96.55, 84.54, 83.33, 80.99]
2024-08-24 15:44:11,138 [trainer.py] => CNN top5 curve: [100.0, 99.05, 96.81, 95.36]

2024-08-24 15:44:11,138 [trainer.py] => Average Accuracy (CNN): 86.3525
2024-08-24 15:44:11,139 [trainer.py] => All params: 171833857
2024-08-24 15:44:11,141 [trainer.py] => Trainable params: 86035201
2024-08-24 15:44:11,143 [aper_ssf.py] => Learning on 20-25
2024-08-24 15:44:19,049 [trainer.py] => No NME accuracy.
2024-08-24 15:44:19,050 [trainer.py] => CNN: {'total': 80.14, '00-09': 79.5, '10-19': 80.11, '20-29': 81.69, 'old': 79.83, 'new': 81.69}
2024-08-24 15:44:19,050 [trainer.py] => CNN top1 curve: [96.55, 84.54, 83.33, 80.99, 80.14]
2024-08-24 15:44:19,050 [trainer.py] => CNN top5 curve: [100.0, 99.05, 96.81, 95.36, 94.22]

2024-08-24 15:44:19,050 [trainer.py] => Average Accuracy (CNN): 85.11
2024-08-24 15:44:19,052 [trainer.py] => All params: 171841537
2024-08-24 15:44:19,053 [trainer.py] => Trainable params: 86042881
2024-08-24 15:44:19,055 [aper_ssf.py] => Learning on 25-30
2024-08-24 15:44:28,192 [trainer.py] => No NME accuracy.
2024-08-24 15:44:28,192 [trainer.py] => CNN: {'total': 78.06, '00-09': 77.29, '10-19': 79.3, '20-29': 77.33, 'old': 78.7, 'new': 74.68}
2024-08-24 15:44:28,193 [trainer.py] => CNN top1 curve: [96.55, 84.54, 83.33, 80.99, 80.14, 78.06]
2024-08-24 15:44:28,193 [trainer.py] => CNN top5 curve: [100.0, 99.05, 96.81, 95.36, 94.22, 93.23]

2024-08-24 15:44:28,193 [trainer.py] => Average Accuracy (CNN): 83.935
2024-08-24 15:44:28,194 [trainer.py] => All params: 171849217
2024-08-24 15:44:28,196 [trainer.py] => Trainable params: 86050561
2024-08-24 15:44:28,198 [aper_ssf.py] => Learning on 30-35
2024-08-24 15:44:38,055 [trainer.py] => No NME accuracy.
2024-08-24 15:44:38,055 [trainer.py] => CNN: {'total': 77.89, '00-09': 76.66, '10-19': 78.76, '20-29': 77.0, '30-39': 80.13, 'old': 77.55, 'new': 80.13}
2024-08-24 15:44:38,055 [trainer.py] => CNN top1 curve: [96.55, 84.54, 83.33, 80.99, 80.14, 78.06, 77.89]
2024-08-24 15:44:38,055 [trainer.py] => CNN top5 curve: [100.0, 99.05, 96.81, 95.36, 94.22, 93.23, 92.28]

2024-08-24 15:44:38,055 [trainer.py] => Average Accuracy (CNN): 83.07142857142857
2024-08-24 15:44:38,057 [trainer.py] => All params: 171856897
2024-08-24 15:44:38,058 [trainer.py] => Trainable params: 86058241
2024-08-24 15:44:38,060 [aper_ssf.py] => Learning on 35-40
2024-08-24 15:44:49,285 [trainer.py] => No NME accuracy.
2024-08-24 15:44:49,286 [trainer.py] => CNN: {'total': 74.94, '00-09': 76.34, '10-19': 76.88, '20-29': 74.67, '30-39': 71.69, 'old': 75.79, 'new': 69.61}
2024-08-24 15:44:49,286 [trainer.py] => CNN top1 curve: [96.55, 84.54, 83.33, 80.99, 80.14, 78.06, 77.89, 74.94]
2024-08-24 15:44:49,286 [trainer.py] => CNN top5 curve: [100.0, 99.05, 96.81, 95.36, 94.22, 93.23, 92.28, 91.75]

2024-08-24 15:44:49,286 [trainer.py] => Average Accuracy (CNN): 82.055
2024-08-24 15:44:49,288 [trainer.py] => All params: 171864577
2024-08-24 15:44:49,290 [trainer.py] => Trainable params: 86065921
2024-08-24 15:44:49,292 [aper_ssf.py] => Learning on 40-45
2024-08-24 15:44:58,271 [trainer.py] => No NME accuracy.
2024-08-24 15:44:58,271 [trainer.py] => CNN: {'total': 74.71, '00-09': 75.39, '10-19': 76.34, '20-29': 74.0, '30-39': 71.69, '40-49': 77.4, 'old': 74.41, 'new': 77.4}
2024-08-24 15:44:58,271 [trainer.py] => CNN top1 curve: [96.55, 84.54, 83.33, 80.99, 80.14, 78.06, 77.89, 74.94, 74.71]
2024-08-24 15:44:58,271 [trainer.py] => CNN top5 curve: [100.0, 99.05, 96.81, 95.36, 94.22, 93.23, 92.28, 91.75, 90.93]

2024-08-24 15:44:58,271 [trainer.py] => Average Accuracy (CNN): 81.2388888888889
2024-08-24 15:44:58,273 [trainer.py] => All params: 171872257
2024-08-24 15:44:58,274 [trainer.py] => Trainable params: 86073601
2024-08-24 15:44:58,276 [aper_ssf.py] => Learning on 45-50
2024-08-24 15:45:07,629 [trainer.py] => No NME accuracy.
2024-08-24 15:45:07,629 [trainer.py] => CNN: {'total': 73.81, '00-09': 73.82, '10-19': 75.54, '20-29': 72.0, '30-39': 71.08, '40-49': 76.49, 'old': 73.35, 'new': 78.21}
2024-08-24 15:45:07,634 [trainer.py] => CNN top1 curve: [96.55, 84.54, 83.33, 80.99, 80.14, 78.06, 77.89, 74.94, 74.71, 73.81]
2024-08-24 15:45:07,635 [trainer.py] => CNN top5 curve: [100.0, 99.05, 96.81, 95.36, 94.22, 93.23, 92.28, 91.75, 90.93, 90.2]

2024-08-24 15:45:07,635 [trainer.py] => Average Accuracy (CNN): 80.49600000000001
2024-08-24 15:45:07,636 [trainer.py] => All params: 171879937
2024-08-24 15:45:07,638 [trainer.py] => Trainable params: 86081281
2024-08-24 15:45:07,639 [aper_ssf.py] => Learning on 50-55
2024-08-24 15:45:18,263 [trainer.py] => No NME accuracy.
2024-08-24 15:45:18,263 [trainer.py] => CNN: {'total': 73.06, '00-09': 72.87, '10-19': 75.0, '20-29': 71.33, '30-39': 71.08, '40-49': 76.16, '50-59': 70.44, 'old': 73.32, 'new': 70.44}
2024-08-24 15:45:18,263 [trainer.py] => CNN top1 curve: [96.55, 84.54, 83.33, 80.99, 80.14, 78.06, 77.89, 74.94, 74.71, 73.81, 73.06]
2024-08-24 15:45:18,263 [trainer.py] => CNN top5 curve: [100.0, 99.05, 96.81, 95.36, 94.22, 93.23, 92.28, 91.75, 90.93, 90.2, 89.62]

2024-08-24 15:45:18,263 [trainer.py] => Average Accuracy (CNN): 79.82
2024-08-24 15:45:18,265 [trainer.py] => All params: 171887617
2024-08-24 15:45:18,267 [trainer.py] => Trainable params: 86088961
2024-08-24 15:45:18,269 [aper_ssf.py] => Learning on 55-60
2024-08-24 15:45:30,211 [trainer.py] => No NME accuracy.
2024-08-24 15:45:30,212 [trainer.py] => CNN: {'total': 72.39, '00-09': 72.56, '10-19': 74.46, '20-29': 71.0, '30-39': 70.48, '40-49': 75.83, '50-59': 69.74, 'old': 72.62, 'new': 69.66}
2024-08-24 15:45:30,212 [trainer.py] => CNN top1 curve: [96.55, 84.54, 83.33, 80.99, 80.14, 78.06, 77.89, 74.94, 74.71, 73.81, 73.06, 72.39]
2024-08-24 15:45:30,212 [trainer.py] => CNN top5 curve: [100.0, 99.05, 96.81, 95.36, 94.22, 93.23, 92.28, 91.75, 90.93, 90.2, 89.62, 89.62]

2024-08-24 15:45:30,212 [trainer.py] => Average Accuracy (CNN): 79.20083333333334
2024-08-24 15:45:30,214 [trainer.py] => All params: 171895297
2024-08-24 15:45:30,215 [trainer.py] => Trainable params: 86096641
2024-08-24 15:45:30,217 [aper_ssf.py] => Learning on 60-65
2024-08-24 15:45:42,503 [trainer.py] => No NME accuracy.
2024-08-24 15:45:42,503 [trainer.py] => CNN: {'total': 70.53, '00-09': 71.92, '10-19': 73.66, '20-29': 70.0, '30-39': 69.88, '40-49': 75.17, '50-59': 68.42, '60-69': 56.85, 'old': 71.56, 'new': 56.85}
2024-08-24 15:45:42,503 [trainer.py] => CNN top1 curve: [96.55, 84.54, 83.33, 80.99, 80.14, 78.06, 77.89, 74.94, 74.71, 73.81, 73.06, 72.39, 70.53]
2024-08-24 15:45:42,504 [trainer.py] => CNN top5 curve: [100.0, 99.05, 96.81, 95.36, 94.22, 93.23, 92.28, 91.75, 90.93, 90.2, 89.62, 89.62, 88.62]

2024-08-24 15:45:42,504 [trainer.py] => Average Accuracy (CNN): 78.53384615384616
2024-08-24 15:45:42,505 [trainer.py] => All params: 171902977
2024-08-24 15:45:42,507 [trainer.py] => Trainable params: 86104321
2024-08-24 15:45:42,510 [aper_ssf.py] => Learning on 65-70
2024-08-24 15:45:54,171 [trainer.py] => No NME accuracy.
2024-08-24 15:45:54,171 [trainer.py] => CNN: {'total': 70.07, '00-09': 71.29, '10-19': 73.12, '20-29': 69.33, '30-39': 69.88, '40-49': 74.5, '50-59': 68.75, '60-69': 62.75, 'old': 70.14, 'new': 69.08}
2024-08-24 15:45:54,171 [trainer.py] => CNN top1 curve: [96.55, 84.54, 83.33, 80.99, 80.14, 78.06, 77.89, 74.94, 74.71, 73.81, 73.06, 72.39, 70.53, 70.07]
2024-08-24 15:45:54,171 [trainer.py] => CNN top5 curve: [100.0, 99.05, 96.81, 95.36, 94.22, 93.23, 92.28, 91.75, 90.93, 90.2, 89.62, 89.62, 88.62, 88.18]

2024-08-24 15:45:54,172 [trainer.py] => Average Accuracy (CNN): 77.92928571428571
2024-08-24 15:45:54,173 [trainer.py] => All params: 171910657
2024-08-24 15:45:54,174 [trainer.py] => Trainable params: 86112001
2024-08-24 15:45:54,176 [aper_ssf.py] => Learning on 70-75
2024-08-24 15:46:05,849 [trainer.py] => No NME accuracy.
2024-08-24 15:46:05,849 [trainer.py] => CNN: {'total': 70.0, '00-09': 71.29, '10-19': 73.12, '20-29': 69.33, '30-39': 69.88, '40-49': 74.5, '50-59': 68.75, '60-69': 62.42, '70-79': 69.6, 'old': 70.02, 'new': 69.6}
2024-08-24 15:46:05,849 [trainer.py] => CNN top1 curve: [96.55, 84.54, 83.33, 80.99, 80.14, 78.06, 77.89, 74.94, 74.71, 73.81, 73.06, 72.39, 70.53, 70.07, 70.0]
2024-08-24 15:46:05,849 [trainer.py] => CNN top5 curve: [100.0, 99.05, 96.81, 95.36, 94.22, 93.23, 92.28, 91.75, 90.93, 90.2, 89.62, 89.62, 88.62, 88.18, 87.57]

2024-08-24 15:46:05,849 [trainer.py] => Average Accuracy (CNN): 77.40066666666667
2024-08-24 15:46:05,851 [trainer.py] => All params: 171918337
2024-08-24 15:46:05,853 [trainer.py] => Trainable params: 86119681
2024-08-24 15:46:05,855 [aper_ssf.py] => Learning on 75-80
2024-08-24 15:46:19,604 [trainer.py] => No NME accuracy.
2024-08-24 15:46:19,605 [trainer.py] => CNN: {'total': 69.5, '00-09': 70.03, '10-19': 70.97, '20-29': 69.0, '30-39': 69.88, '40-49': 73.51, '50-59': 67.11, '60-69': 60.74, '70-79': 74.73, 'old': 68.89, 'new': 79.05}
2024-08-24 15:46:19,605 [trainer.py] => CNN top1 curve: [96.55, 84.54, 83.33, 80.99, 80.14, 78.06, 77.89, 74.94, 74.71, 73.81, 73.06, 72.39, 70.53, 70.07, 70.0, 69.5]
2024-08-24 15:46:19,605 [trainer.py] => CNN top5 curve: [100.0, 99.05, 96.81, 95.36, 94.22, 93.23, 92.28, 91.75, 90.93, 90.2, 89.62, 89.62, 88.62, 88.18, 87.57, 87.31]

2024-08-24 15:46:19,605 [trainer.py] => Average Accuracy (CNN): 76.906875
2024-08-24 15:46:19,606 [trainer.py] => All params: 171926017
2024-08-24 15:46:19,608 [trainer.py] => Trainable params: 86127361
2024-08-24 15:46:19,610 [aper_ssf.py] => Learning on 80-85
2024-08-24 15:46:34,532 [trainer.py] => No NME accuracy.
2024-08-24 15:46:34,533 [trainer.py] => CNN: {'total': 68.99, '00-09': 70.03, '10-19': 70.97, '20-29': 69.0, '30-39': 69.58, '40-49': 73.18, '50-59': 66.78, '60-69': 60.4, '70-79': 74.73, '80-89': 62.31, 'old': 69.34, 'new': 62.31}
2024-08-24 15:46:34,533 [trainer.py] => CNN top1 curve: [96.55, 84.54, 83.33, 80.99, 80.14, 78.06, 77.89, 74.94, 74.71, 73.81, 73.06, 72.39, 70.53, 70.07, 70.0, 69.5, 68.99]
2024-08-24 15:46:34,533 [trainer.py] => CNN top5 curve: [100.0, 99.05, 96.81, 95.36, 94.22, 93.23, 92.28, 91.75, 90.93, 90.2, 89.62, 89.62, 88.62, 88.18, 87.57, 87.31, 86.87]

2024-08-24 15:46:34,533 [trainer.py] => Average Accuracy (CNN): 76.44117647058823
2024-08-24 15:46:34,534 [trainer.py] => All params: 171933697
2024-08-24 15:46:34,536 [trainer.py] => Trainable params: 86135041
2024-08-24 15:46:34,538 [aper_ssf.py] => Learning on 85-90
2024-08-24 15:46:47,869 [trainer.py] => No NME accuracy.
2024-08-24 15:46:47,869 [trainer.py] => CNN: {'total': 67.27, '00-09': 69.4, '10-19': 70.7, '20-29': 67.33, '30-39': 68.67, '40-49': 70.86, '50-59': 66.12, '60-69': 58.39, '70-79': 73.99, '80-89': 59.68, 'old': 67.92, 'new': 57.78}
2024-08-24 15:46:47,869 [trainer.py] => CNN top1 curve: [96.55, 84.54, 83.33, 80.99, 80.14, 78.06, 77.89, 74.94, 74.71, 73.81, 73.06, 72.39, 70.53, 70.07, 70.0, 69.5, 68.99, 67.27]
2024-08-24 15:46:47,869 [trainer.py] => CNN top5 curve: [100.0, 99.05, 96.81, 95.36, 94.22, 93.23, 92.28, 91.75, 90.93, 90.2, 89.62, 89.62, 88.62, 88.18, 87.57, 87.31, 86.87, 85.75]

2024-08-24 15:46:47,869 [trainer.py] => Average Accuracy (CNN): 75.93166666666667
2024-08-24 15:46:47,871 [trainer.py] => All params: 171941377
2024-08-24 15:46:47,872 [trainer.py] => Trainable params: 86142721
2024-08-24 15:46:47,878 [aper_ssf.py] => Learning on 90-95
2024-08-24 15:47:02,666 [trainer.py] => No NME accuracy.
2024-08-24 15:47:02,667 [trainer.py] => CNN: {'total': 66.21, '00-09': 69.09, '10-19': 70.16, '20-29': 67.33, '30-39': 68.37, '40-49': 69.54, '50-59': 65.46, '60-69': 57.72, '70-79': 72.16, '80-89': 59.68, '90-99': 53.47, 'old': 66.67, 'new': 53.47}
2024-08-24 15:47:02,667 [trainer.py] => CNN top1 curve: [96.55, 84.54, 83.33, 80.99, 80.14, 78.06, 77.89, 74.94, 74.71, 73.81, 73.06, 72.39, 70.53, 70.07, 70.0, 69.5, 68.99, 67.27, 66.21]
2024-08-24 15:47:02,667 [trainer.py] => CNN top5 curve: [100.0, 99.05, 96.81, 95.36, 94.22, 93.23, 92.28, 91.75, 90.93, 90.2, 89.62, 89.62, 88.62, 88.18, 87.57, 87.31, 86.87, 85.75, 85.01]

2024-08-24 15:47:02,667 [trainer.py] => Average Accuracy (CNN): 75.42
2024-08-24 15:47:02,668 [trainer.py] => All params: 171949057
2024-08-24 15:47:02,670 [trainer.py] => Trainable params: 86150401
2024-08-24 15:47:02,672 [aper_ssf.py] => Learning on 95-100
2024-08-24 15:47:17,304 [trainer.py] => No NME accuracy.
2024-08-24 15:47:17,304 [trainer.py] => CNN: {'total': 66.03, '00-09': 69.09, '10-19': 69.62, '20-29': 67.33, '30-39': 68.37, '40-49': 67.22, '50-59': 65.46, '60-69': 57.72, '70-79': 71.79, '80-89': 59.03, '90-99': 62.71, 'old': 65.8, 'new': 75.0}
2024-08-24 15:47:17,304 [trainer.py] => CNN top1 curve: [96.55, 84.54, 83.33, 80.99, 80.14, 78.06, 77.89, 74.94, 74.71, 73.81, 73.06, 72.39, 70.53, 70.07, 70.0, 69.5, 68.99, 67.27, 66.21, 66.03]
2024-08-24 15:47:17,304 [trainer.py] => CNN top5 curve: [100.0, 99.05, 96.81, 95.36, 94.22, 93.23, 92.28, 91.75, 90.93, 90.2, 89.62, 89.62, 88.62, 88.18, 87.57, 87.31, 86.87, 85.75, 85.01, 84.82]

2024-08-24 15:47:17,305 [trainer.py] => Average Accuracy (CNN): 74.9505
2024-08-24 15:47:17,307 [trainer.py] => All params: 171956737
2024-08-24 15:47:17,309 [trainer.py] => Trainable params: 86158081
2024-08-24 15:47:17,315 [aper_ssf.py] => Learning on 100-105
2024-08-24 15:47:34,812 [trainer.py] => No NME accuracy.
2024-08-24 15:47:34,812 [trainer.py] => CNN: {'total': 65.73, '00-09': 67.82, '10-19': 69.35, '20-29': 67.33, '30-39': 68.07, '40-49': 67.22, '50-59': 65.46, '60-69': 57.72, '70-79': 71.06, '80-89': 58.06, '90-99': 62.71, '100-109': 67.11, 'old': 65.66, 'new': 67.11}
2024-08-24 15:47:34,812 [trainer.py] => CNN top1 curve: [96.55, 84.54, 83.33, 80.99, 80.14, 78.06, 77.89, 74.94, 74.71, 73.81, 73.06, 72.39, 70.53, 70.07, 70.0, 69.5, 68.99, 67.27, 66.21, 66.03, 65.73]
2024-08-24 15:47:34,812 [trainer.py] => CNN top5 curve: [100.0, 99.05, 96.81, 95.36, 94.22, 93.23, 92.28, 91.75, 90.93, 90.2, 89.62, 89.62, 88.62, 88.18, 87.57, 87.31, 86.87, 85.75, 85.01, 84.82, 84.6]

2024-08-24 15:47:34,812 [trainer.py] => Average Accuracy (CNN): 74.51142857142857
2024-08-24 15:47:34,814 [trainer.py] => All params: 171964417
2024-08-24 15:47:34,815 [trainer.py] => Trainable params: 86165761
2024-08-24 15:47:34,822 [aper_ssf.py] => Learning on 105-110
2024-08-24 15:47:53,643 [trainer.py] => No NME accuracy.
2024-08-24 15:47:53,643 [trainer.py] => CNN: {'total': 65.28, '00-09': 67.82, '10-19': 68.82, '20-29': 67.0, '30-39': 67.77, '40-49': 65.89, '50-59': 65.13, '60-69': 57.72, '70-79': 71.06, '80-89': 57.74, '90-99': 62.71, '100-109': 64.79, 'old': 65.35, 'new': 63.64}
2024-08-24 15:47:53,643 [trainer.py] => CNN top1 curve: [96.55, 84.54, 83.33, 80.99, 80.14, 78.06, 77.89, 74.94, 74.71, 73.81, 73.06, 72.39, 70.53, 70.07, 70.0, 69.5, 68.99, 67.27, 66.21, 66.03, 65.73, 65.28]
2024-08-24 15:47:53,643 [trainer.py] => CNN top5 curve: [100.0, 99.05, 96.81, 95.36, 94.22, 93.23, 92.28, 91.75, 90.93, 90.2, 89.62, 89.62, 88.62, 88.18, 87.57, 87.31, 86.87, 85.75, 85.01, 84.82, 84.6, 84.15]

2024-08-24 15:47:53,643 [trainer.py] => Average Accuracy (CNN): 74.09181818181818
2024-08-24 15:47:53,645 [trainer.py] => All params: 171972097
2024-08-24 15:47:53,646 [trainer.py] => Trainable params: 86173441
2024-08-24 15:47:53,651 [aper_ssf.py] => Learning on 110-115
2024-08-24 15:48:10,883 [trainer.py] => No NME accuracy.
2024-08-24 15:48:10,884 [trainer.py] => CNN: {'total': 64.54, '00-09': 67.82, '10-19': 68.82, '20-29': 66.67, '30-39': 67.47, '40-49': 65.56, '50-59': 65.13, '60-69': 57.05, '70-79': 70.7, '80-89': 57.74, '90-99': 61.02, '100-109': 64.79, '110-119': 53.57, 'old': 65.0, 'new': 53.57}
2024-08-24 15:48:10,884 [trainer.py] => CNN top1 curve: [96.55, 84.54, 83.33, 80.99, 80.14, 78.06, 77.89, 74.94, 74.71, 73.81, 73.06, 72.39, 70.53, 70.07, 70.0, 69.5, 68.99, 67.27, 66.21, 66.03, 65.73, 65.28, 64.54]
2024-08-24 15:48:10,884 [trainer.py] => CNN top5 curve: [100.0, 99.05, 96.81, 95.36, 94.22, 93.23, 92.28, 91.75, 90.93, 90.2, 89.62, 89.62, 88.62, 88.18, 87.57, 87.31, 86.87, 85.75, 85.01, 84.82, 84.6, 84.15, 83.46]

2024-08-24 15:48:10,884 [trainer.py] => Average Accuracy (CNN): 73.67652173913044
2024-08-24 15:48:10,887 [trainer.py] => All params: 171979777
2024-08-24 15:48:10,889 [trainer.py] => Trainable params: 86181121
2024-08-24 15:48:10,893 [aper_ssf.py] => Learning on 115-120
2024-08-24 15:48:33,630 [trainer.py] => No NME accuracy.
2024-08-24 15:48:33,631 [trainer.py] => CNN: {'total': 64.55, '00-09': 67.82, '10-19': 68.01, '20-29': 66.0, '30-39': 67.17, '40-49': 65.56, '50-59': 65.13, '60-69': 56.38, '70-79': 70.33, '80-89': 57.74, '90-99': 61.02, '100-109': 63.73, '110-119': 63.83, 'old': 64.18, 'new': 69.92}
2024-08-24 15:48:33,631 [trainer.py] => CNN top1 curve: [96.55, 84.54, 83.33, 80.99, 80.14, 78.06, 77.89, 74.94, 74.71, 73.81, 73.06, 72.39, 70.53, 70.07, 70.0, 69.5, 68.99, 67.27, 66.21, 66.03, 65.73, 65.28, 64.54, 64.55]
2024-08-24 15:48:33,631 [trainer.py] => CNN top5 curve: [100.0, 99.05, 96.81, 95.36, 94.22, 93.23, 92.28, 91.75, 90.93, 90.2, 89.62, 89.62, 88.62, 88.18, 87.57, 87.31, 86.87, 85.75, 85.01, 84.82, 84.6, 84.15, 83.46, 82.94]

2024-08-24 15:48:33,631 [trainer.py] => Average Accuracy (CNN): 73.29625
2024-08-24 15:48:33,632 [trainer.py] => All params: 171987457
2024-08-24 15:48:33,634 [trainer.py] => Trainable params: 86188801
2024-08-24 15:48:33,637 [aper_ssf.py] => Learning on 120-125
2024-08-24 15:48:50,811 [trainer.py] => No NME accuracy.
2024-08-24 15:48:50,811 [trainer.py] => CNN: {'total': 64.1, '00-09': 67.82, '10-19': 66.94, '20-29': 65.67, '30-39': 67.17, '40-49': 65.56, '50-59': 64.47, '60-69': 56.04, '70-79': 70.33, '80-89': 57.42, '90-99': 61.02, '100-109': 63.73, '110-119': 63.83, '120-129': 59.38, 'old': 64.31, 'new': 59.38}
2024-08-24 15:48:50,811 [trainer.py] => CNN top1 curve: [96.55, 84.54, 83.33, 80.99, 80.14, 78.06, 77.89, 74.94, 74.71, 73.81, 73.06, 72.39, 70.53, 70.07, 70.0, 69.5, 68.99, 67.27, 66.21, 66.03, 65.73, 65.28, 64.54, 64.55, 64.1]
2024-08-24 15:48:50,811 [trainer.py] => CNN top5 curve: [100.0, 99.05, 96.81, 95.36, 94.22, 93.23, 92.28, 91.75, 90.93, 90.2, 89.62, 89.62, 88.62, 88.18, 87.57, 87.31, 86.87, 85.75, 85.01, 84.82, 84.6, 84.15, 83.46, 82.94, 82.58]

2024-08-24 15:48:50,812 [trainer.py] => Average Accuracy (CNN): 72.9284
2024-08-24 15:48:50,813 [trainer.py] => All params: 171995137
2024-08-24 15:48:50,815 [trainer.py] => Trainable params: 86196481
2024-08-24 15:48:50,817 [aper_ssf.py] => Learning on 125-130
2024-08-24 15:49:20,289 [trainer.py] => No NME accuracy.
2024-08-24 15:49:20,290 [trainer.py] => CNN: {'total': 63.48, '00-09': 67.82, '10-19': 66.67, '20-29': 65.33, '30-39': 67.17, '40-49': 64.57, '50-59': 64.8, '60-69': 55.37, '70-79': 69.96, '80-89': 57.42, '90-99': 59.32, '100-109': 63.73, '110-119': 63.56, '120-129': 56.46, 'old': 63.81, 'new': 52.25}
2024-08-24 15:49:20,290 [trainer.py] => CNN top1 curve: [96.55, 84.54, 83.33, 80.99, 80.14, 78.06, 77.89, 74.94, 74.71, 73.81, 73.06, 72.39, 70.53, 70.07, 70.0, 69.5, 68.99, 67.27, 66.21, 66.03, 65.73, 65.28, 64.54, 64.55, 64.1, 63.48]
2024-08-24 15:49:20,290 [trainer.py] => CNN top5 curve: [100.0, 99.05, 96.81, 95.36, 94.22, 93.23, 92.28, 91.75, 90.93, 90.2, 89.62, 89.62, 88.62, 88.18, 87.57, 87.31, 86.87, 85.75, 85.01, 84.82, 84.6, 84.15, 83.46, 82.94, 82.58, 82.07]

2024-08-24 15:49:20,290 [trainer.py] => Average Accuracy (CNN): 72.565
2024-08-24 15:49:20,292 [trainer.py] => All params: 172002817
2024-08-24 15:49:20,293 [trainer.py] => Trainable params: 86204161
2024-08-24 15:49:20,299 [aper_ssf.py] => Learning on 130-135
2024-08-24 15:50:05,686 [trainer.py] => No NME accuracy.
2024-08-24 15:50:05,686 [trainer.py] => CNN: {'total': 63.45, '00-09': 67.82, '10-19': 66.4, '20-29': 65.0, '30-39': 67.17, '40-49': 64.57, '50-59': 64.47, '60-69': 55.37, '70-79': 69.96, '80-89': 57.42, '90-99': 59.32, '100-109': 63.73, '110-119': 63.56, '120-129': 56.09, '130-139': 65.47, 'old': 63.38, 'new': 65.47}
2024-08-24 15:50:05,686 [trainer.py] => CNN top1 curve: [96.55, 84.54, 83.33, 80.99, 80.14, 78.06, 77.89, 74.94, 74.71, 73.81, 73.06, 72.39, 70.53, 70.07, 70.0, 69.5, 68.99, 67.27, 66.21, 66.03, 65.73, 65.28, 64.54, 64.55, 64.1, 63.48, 63.45]
2024-08-24 15:50:05,686 [trainer.py] => CNN top5 curve: [100.0, 99.05, 96.81, 95.36, 94.22, 93.23, 92.28, 91.75, 90.93, 90.2, 89.62, 89.62, 88.62, 88.18, 87.57, 87.31, 86.87, 85.75, 85.01, 84.82, 84.6, 84.15, 83.46, 82.94, 82.58, 82.07, 81.9]

2024-08-24 15:50:05,687 [trainer.py] => Average Accuracy (CNN): 72.2274074074074
2024-08-24 15:50:05,688 [trainer.py] => All params: 172010497
2024-08-24 15:50:05,689 [trainer.py] => Trainable params: 86211841
2024-08-24 15:50:05,698 [aper_ssf.py] => Learning on 135-140
2024-08-24 15:50:58,541 [trainer.py] => No NME accuracy.
2024-08-24 15:50:58,541 [trainer.py] => CNN: {'total': 63.31, '00-09': 67.82, '10-19': 66.13, '20-29': 65.0, '30-39': 66.87, '40-49': 64.24, '50-59': 64.47, '60-69': 55.37, '70-79': 69.96, '80-89': 57.1, '90-99': 59.32, '100-109': 63.38, '110-119': 63.56, '120-129': 55.35, '130-139': 64.77, 'old': 63.26, 'new': 64.78}
2024-08-24 15:50:58,541 [trainer.py] => CNN top1 curve: [96.55, 84.54, 83.33, 80.99, 80.14, 78.06, 77.89, 74.94, 74.71, 73.81, 73.06, 72.39, 70.53, 70.07, 70.0, 69.5, 68.99, 67.27, 66.21, 66.03, 65.73, 65.28, 64.54, 64.55, 64.1, 63.48, 63.45, 63.31]
2024-08-24 15:50:58,542 [trainer.py] => CNN top5 curve: [100.0, 99.05, 96.81, 95.36, 94.22, 93.23, 92.28, 91.75, 90.93, 90.2, 89.62, 89.62, 88.62, 88.18, 87.57, 87.31, 86.87, 85.75, 85.01, 84.82, 84.6, 84.15, 83.46, 82.94, 82.58, 82.07, 81.9, 81.96]

2024-08-24 15:50:58,542 [trainer.py] => Average Accuracy (CNN): 71.90892857142856
2024-08-24 15:50:58,544 [trainer.py] => All params: 172018177
2024-08-24 15:50:58,546 [trainer.py] => Trainable params: 86219521
2024-08-24 15:50:58,565 [aper_ssf.py] => Learning on 140-145
2024-08-24 15:51:58,188 [trainer.py] => No NME accuracy.
2024-08-24 15:51:58,188 [trainer.py] => CNN: {'total': 63.65, '00-09': 67.51, '10-19': 66.13, '20-29': 65.0, '30-39': 66.57, '40-49': 64.24, '50-59': 64.14, '60-69': 55.37, '70-79': 69.96, '80-89': 56.77, '90-99': 58.76, '100-109': 62.32, '110-119': 63.3, '120-129': 55.35, '130-139': 64.77, '140-149': 75.0, 'old': 63.1, 'new': 75.0}
2024-08-24 15:51:58,188 [trainer.py] => CNN top1 curve: [96.55, 84.54, 83.33, 80.99, 80.14, 78.06, 77.89, 74.94, 74.71, 73.81, 73.06, 72.39, 70.53, 70.07, 70.0, 69.5, 68.99, 67.27, 66.21, 66.03, 65.73, 65.28, 64.54, 64.55, 64.1, 63.48, 63.45, 63.31, 63.65]
2024-08-24 15:51:58,188 [trainer.py] => CNN top5 curve: [100.0, 99.05, 96.81, 95.36, 94.22, 93.23, 92.28, 91.75, 90.93, 90.2, 89.62, 89.62, 88.62, 88.18, 87.57, 87.31, 86.87, 85.75, 85.01, 84.82, 84.6, 84.15, 83.46, 82.94, 82.58, 82.07, 81.9, 81.96, 81.98]

2024-08-24 15:51:58,188 [trainer.py] => Average Accuracy (CNN): 71.62413793103448
2024-08-24 15:51:58,190 [trainer.py] => All params: 172025857
2024-08-24 15:51:58,192 [trainer.py] => Trainable params: 86227201
2024-08-24 15:51:58,202 [aper_ssf.py] => Learning on 145-150
2024-08-24 15:52:52,284 [trainer.py] => No NME accuracy.
2024-08-24 15:52:52,284 [trainer.py] => CNN: {'total': 63.24, '00-09': 66.56, '10-19': 66.13, '20-29': 64.0, '30-39': 66.57, '40-49': 63.58, '50-59': 64.14, '60-69': 55.37, '70-79': 69.96, '80-89': 56.45, '90-99': 58.76, '100-109': 62.32, '110-119': 62.77, '120-129': 55.35, '130-139': 64.77, '140-149': 67.85, 'old': 63.4, 'new': 58.9}
2024-08-24 15:52:52,284 [trainer.py] => CNN top1 curve: [96.55, 84.54, 83.33, 80.99, 80.14, 78.06, 77.89, 74.94, 74.71, 73.81, 73.06, 72.39, 70.53, 70.07, 70.0, 69.5, 68.99, 67.27, 66.21, 66.03, 65.73, 65.28, 64.54, 64.55, 64.1, 63.48, 63.45, 63.31, 63.65, 63.24]
2024-08-24 15:52:52,284 [trainer.py] => CNN top5 curve: [100.0, 99.05, 96.81, 95.36, 94.22, 93.23, 92.28, 91.75, 90.93, 90.2, 89.62, 89.62, 88.62, 88.18, 87.57, 87.31, 86.87, 85.75, 85.01, 84.82, 84.6, 84.15, 83.46, 82.94, 82.58, 82.07, 81.9, 81.96, 81.98, 81.64]

2024-08-24 15:52:52,284 [trainer.py] => Average Accuracy (CNN): 71.34466666666665
2024-08-24 15:52:52,286 [trainer.py] => All params: 172033537
2024-08-24 15:52:52,288 [trainer.py] => Trainable params: 86234881
2024-08-24 15:52:52,298 [aper_ssf.py] => Learning on 150-155
2024-08-24 15:53:49,494 [trainer.py] => No NME accuracy.
2024-08-24 15:53:49,495 [trainer.py] => CNN: {'total': 62.98, '00-09': 66.56, '10-19': 65.59, '20-29': 63.67, '30-39': 66.27, '40-49': 63.25, '50-59': 63.49, '60-69': 55.03, '70-79': 69.96, '80-89': 56.45, '90-99': 58.76, '100-109': 62.32, '110-119': 62.77, '120-129': 55.35, '130-139': 64.77, '140-149': 67.57, '150-159': 61.38, 'old': 63.04, 'new': 61.38}
2024-08-24 15:53:49,503 [trainer.py] => CNN top1 curve: [96.55, 84.54, 83.33, 80.99, 80.14, 78.06, 77.89, 74.94, 74.71, 73.81, 73.06, 72.39, 70.53, 70.07, 70.0, 69.5, 68.99, 67.27, 66.21, 66.03, 65.73, 65.28, 64.54, 64.55, 64.1, 63.48, 63.45, 63.31, 63.65, 63.24, 62.98]
2024-08-24 15:53:49,503 [trainer.py] => CNN top5 curve: [100.0, 99.05, 96.81, 95.36, 94.22, 93.23, 92.28, 91.75, 90.93, 90.2, 89.62, 89.62, 88.62, 88.18, 87.57, 87.31, 86.87, 85.75, 85.01, 84.82, 84.6, 84.15, 83.46, 82.94, 82.58, 82.07, 81.9, 81.96, 81.98, 81.64, 81.55]

2024-08-24 15:53:49,503 [trainer.py] => Average Accuracy (CNN): 71.07483870967741
2024-08-24 15:53:49,505 [trainer.py] => All params: 172041217
2024-08-24 15:53:49,506 [trainer.py] => Trainable params: 86242561
2024-08-24 15:53:49,522 [aper_ssf.py] => Learning on 155-160
2024-08-24 15:54:47,595 [trainer.py] => No NME accuracy.
2024-08-24 15:54:47,596 [trainer.py] => CNN: {'total': 62.51, '00-09': 66.56, '10-19': 65.05, '20-29': 63.67, '30-39': 65.96, '40-49': 63.25, '50-59': 63.49, '60-69': 54.36, '70-79': 69.6, '80-89': 56.13, '90-99': 58.19, '100-109': 61.97, '110-119': 61.44, '120-129': 53.51, '130-139': 64.09, '140-149': 67.57, '150-159': 61.6, 'old': 62.54, 'new': 61.85}
2024-08-24 15:54:47,596 [trainer.py] => CNN top1 curve: [96.55, 84.54, 83.33, 80.99, 80.14, 78.06, 77.89, 74.94, 74.71, 73.81, 73.06, 72.39, 70.53, 70.07, 70.0, 69.5, 68.99, 67.27, 66.21, 66.03, 65.73, 65.28, 64.54, 64.55, 64.1, 63.48, 63.45, 63.31, 63.65, 63.24, 62.98, 62.51]
2024-08-24 15:54:47,596 [trainer.py] => CNN top5 curve: [100.0, 99.05, 96.81, 95.36, 94.22, 93.23, 92.28, 91.75, 90.93, 90.2, 89.62, 89.62, 88.62, 88.18, 87.57, 87.31, 86.87, 85.75, 85.01, 84.82, 84.6, 84.15, 83.46, 82.94, 82.58, 82.07, 81.9, 81.96, 81.98, 81.64, 81.55, 81.1]

2024-08-24 15:54:47,596 [trainer.py] => Average Accuracy (CNN): 70.8071875
2024-08-24 15:54:47,598 [trainer.py] => All params: 172048897
2024-08-24 15:54:47,599 [trainer.py] => Trainable params: 86250241
2024-08-24 15:54:47,610 [aper_ssf.py] => Learning on 160-165
2024-08-24 15:55:51,345 [trainer.py] => No NME accuracy.
2024-08-24 15:55:51,346 [trainer.py] => CNN: {'total': 62.23, '00-09': 66.25, '10-19': 64.52, '20-29': 63.67, '30-39': 65.96, '40-49': 62.58, '50-59': 62.83, '60-69': 54.36, '70-79': 69.6, '80-89': 56.13, '90-99': 58.19, '100-109': 61.97, '110-119': 61.44, '120-129': 53.51, '130-139': 63.76, '140-149': 67.3, '150-159': 61.6, '160-169': 57.43, 'old': 62.33, 'new': 57.43}
2024-08-24 15:55:51,346 [trainer.py] => CNN top1 curve: [96.55, 84.54, 83.33, 80.99, 80.14, 78.06, 77.89, 74.94, 74.71, 73.81, 73.06, 72.39, 70.53, 70.07, 70.0, 69.5, 68.99, 67.27, 66.21, 66.03, 65.73, 65.28, 64.54, 64.55, 64.1, 63.48, 63.45, 63.31, 63.65, 63.24, 62.98, 62.51, 62.23]
2024-08-24 15:55:51,346 [trainer.py] => CNN top5 curve: [100.0, 99.05, 96.81, 95.36, 94.22, 93.23, 92.28, 91.75, 90.93, 90.2, 89.62, 89.62, 88.62, 88.18, 87.57, 87.31, 86.87, 85.75, 85.01, 84.82, 84.6, 84.15, 83.46, 82.94, 82.58, 82.07, 81.9, 81.96, 81.98, 81.64, 81.55, 81.1, 80.73]

2024-08-24 15:55:51,346 [trainer.py] => Average Accuracy (CNN): 70.54727272727273
2024-08-24 15:55:51,348 [trainer.py] => All params: 172056577
2024-08-24 15:55:51,351 [trainer.py] => Trainable params: 86257921
2024-08-24 15:55:51,362 [aper_ssf.py] => Learning on 165-170
2024-08-24 15:56:53,571 [trainer.py] => No NME accuracy.
2024-08-24 15:56:53,572 [trainer.py] => CNN: {'total': 61.45, '00-09': 65.93, '10-19': 64.25, '20-29': 63.67, '30-39': 65.66, '40-49': 61.59, '50-59': 62.17, '60-69': 54.03, '70-79': 69.6, '80-89': 54.84, '90-99': 58.19, '100-109': 60.21, '110-119': 61.44, '120-129': 53.51, '130-139': 63.42, '140-149': 66.76, '150-159': 61.05, '160-169': 52.61, 'old': 61.74, 'new': 50.39}
2024-08-24 15:56:53,572 [trainer.py] => CNN top1 curve: [96.55, 84.54, 83.33, 80.99, 80.14, 78.06, 77.89, 74.94, 74.71, 73.81, 73.06, 72.39, 70.53, 70.07, 70.0, 69.5, 68.99, 67.27, 66.21, 66.03, 65.73, 65.28, 64.54, 64.55, 64.1, 63.48, 63.45, 63.31, 63.65, 63.24, 62.98, 62.51, 62.23, 61.45]
2024-08-24 15:56:53,572 [trainer.py] => CNN top5 curve: [100.0, 99.05, 96.81, 95.36, 94.22, 93.23, 92.28, 91.75, 90.93, 90.2, 89.62, 89.62, 88.62, 88.18, 87.57, 87.31, 86.87, 85.75, 85.01, 84.82, 84.6, 84.15, 83.46, 82.94, 82.58, 82.07, 81.9, 81.96, 81.98, 81.64, 81.55, 81.1, 80.73, 80.2]

2024-08-24 15:56:53,572 [trainer.py] => Average Accuracy (CNN): 70.27970588235293
2024-08-24 15:56:53,574 [trainer.py] => All params: 172064257
2024-08-24 15:56:53,575 [trainer.py] => Trainable params: 86265601
2024-08-24 15:56:53,586 [aper_ssf.py] => Learning on 170-175
2024-08-24 15:57:53,366 [trainer.py] => No NME accuracy.
2024-08-24 15:57:53,366 [trainer.py] => CNN: {'total': 61.63, '00-09': 65.93, '10-19': 64.25, '20-29': 63.33, '30-39': 65.36, '40-49': 61.59, '50-59': 62.17, '60-69': 54.03, '70-79': 69.23, '80-89': 54.84, '90-99': 58.19, '100-109': 60.21, '110-119': 61.44, '120-129': 52.77, '130-139': 63.09, '140-149': 66.76, '150-159': 61.05, '160-169': 51.74, '170-179': 74.81, 'old': 61.3, 'new': 74.81}
2024-08-24 15:57:53,366 [trainer.py] => CNN top1 curve: [96.55, 84.54, 83.33, 80.99, 80.14, 78.06, 77.89, 74.94, 74.71, 73.81, 73.06, 72.39, 70.53, 70.07, 70.0, 69.5, 68.99, 67.27, 66.21, 66.03, 65.73, 65.28, 64.54, 64.55, 64.1, 63.48, 63.45, 63.31, 63.65, 63.24, 62.98, 62.51, 62.23, 61.45, 61.63]
2024-08-24 15:57:53,366 [trainer.py] => CNN top5 curve: [100.0, 99.05, 96.81, 95.36, 94.22, 93.23, 92.28, 91.75, 90.93, 90.2, 89.62, 89.62, 88.62, 88.18, 87.57, 87.31, 86.87, 85.75, 85.01, 84.82, 84.6, 84.15, 83.46, 82.94, 82.58, 82.07, 81.9, 81.96, 81.98, 81.64, 81.55, 81.1, 80.73, 80.2, 80.34]

2024-08-24 15:57:53,366 [trainer.py] => Average Accuracy (CNN): 70.03257142857143
2024-08-24 15:57:53,368 [trainer.py] => All params: 172071937
2024-08-24 15:57:53,369 [trainer.py] => Trainable params: 86273281
2024-08-24 15:57:53,377 [aper_ssf.py] => Learning on 175-180
2024-08-24 15:58:56,109 [trainer.py] => No NME accuracy.
2024-08-24 15:58:56,109 [trainer.py] => CNN: {'total': 61.5, '00-09': 65.62, '10-19': 64.25, '20-29': 63.33, '30-39': 65.36, '40-49': 61.59, '50-59': 61.84, '60-69': 54.03, '70-79': 68.5, '80-89': 54.84, '90-99': 57.06, '100-109': 60.21, '110-119': 61.44, '120-129': 52.77, '130-139': 63.09, '140-149': 65.67, '150-159': 61.05, '160-169': 51.3, '170-179': 70.16, 'old': 61.43, 'new': 64.96}
2024-08-24 15:58:56,109 [trainer.py] => CNN top1 curve: [96.55, 84.54, 83.33, 80.99, 80.14, 78.06, 77.89, 74.94, 74.71, 73.81, 73.06, 72.39, 70.53, 70.07, 70.0, 69.5, 68.99, 67.27, 66.21, 66.03, 65.73, 65.28, 64.54, 64.55, 64.1, 63.48, 63.45, 63.31, 63.65, 63.24, 62.98, 62.51, 62.23, 61.45, 61.63, 61.5]
2024-08-24 15:58:56,109 [trainer.py] => CNN top5 curve: [100.0, 99.05, 96.81, 95.36, 94.22, 93.23, 92.28, 91.75, 90.93, 90.2, 89.62, 89.62, 88.62, 88.18, 87.57, 87.31, 86.87, 85.75, 85.01, 84.82, 84.6, 84.15, 83.46, 82.94, 82.58, 82.07, 81.9, 81.96, 81.98, 81.64, 81.55, 81.1, 80.73, 80.2, 80.34, 80.17]

2024-08-24 15:58:56,109 [trainer.py] => Average Accuracy (CNN): 69.79555555555555
2024-08-24 15:58:56,111 [trainer.py] => All params: 172079617
2024-08-24 15:58:56,113 [trainer.py] => Trainable params: 86280961
2024-08-24 15:58:56,123 [aper_ssf.py] => Learning on 180-185
2024-08-24 16:00:08,209 [trainer.py] => No NME accuracy.
2024-08-24 16:00:08,210 [trainer.py] => CNN: {'total': 60.96, '00-09': 65.62, '10-19': 63.98, '20-29': 62.0, '30-39': 65.36, '40-49': 61.26, '50-59': 60.86, '60-69': 54.03, '70-79': 68.5, '80-89': 54.84, '90-99': 56.5, '100-109': 59.86, '110-119': 61.17, '120-129': 52.77, '130-139': 63.09, '140-149': 65.12, '150-159': 61.05, '160-169': 51.3, '170-179': 69.35, '180-189': 51.72, 'old': 61.21, 'new': 51.72}
2024-08-24 16:00:08,210 [trainer.py] => CNN top1 curve: [96.55, 84.54, 83.33, 80.99, 80.14, 78.06, 77.89, 74.94, 74.71, 73.81, 73.06, 72.39, 70.53, 70.07, 70.0, 69.5, 68.99, 67.27, 66.21, 66.03, 65.73, 65.28, 64.54, 64.55, 64.1, 63.48, 63.45, 63.31, 63.65, 63.24, 62.98, 62.51, 62.23, 61.45, 61.63, 61.5, 60.96]
2024-08-24 16:00:08,210 [trainer.py] => CNN top5 curve: [100.0, 99.05, 96.81, 95.36, 94.22, 93.23, 92.28, 91.75, 90.93, 90.2, 89.62, 89.62, 88.62, 88.18, 87.57, 87.31, 86.87, 85.75, 85.01, 84.82, 84.6, 84.15, 83.46, 82.94, 82.58, 82.07, 81.9, 81.96, 81.98, 81.64, 81.55, 81.1, 80.73, 80.2, 80.34, 80.17, 79.82]

2024-08-24 16:00:08,210 [trainer.py] => Average Accuracy (CNN): 69.55675675675676
2024-08-24 16:00:08,212 [trainer.py] => All params: 172087297
2024-08-24 16:00:08,213 [trainer.py] => Trainable params: 86288641
2024-08-24 16:00:08,225 [aper_ssf.py] => Learning on 185-190
2024-08-24 16:01:13,840 [trainer.py] => No NME accuracy.
2024-08-24 16:01:13,840 [trainer.py] => CNN: {'total': 60.73, '00-09': 65.62, '10-19': 63.98, '20-29': 61.0, '30-39': 65.36, '40-49': 61.26, '50-59': 58.88, '60-69': 53.69, '70-79': 68.13, '80-89': 54.84, '90-99': 56.5, '100-109': 59.86, '110-119': 60.9, '120-129': 52.03, '130-139': 63.09, '140-149': 65.12, '150-159': 61.05, '160-169': 50.87, '170-179': 68.55, '180-189': 57.79, 'old': 60.65, 'new': 63.19}
2024-08-24 16:01:13,840 [trainer.py] => CNN top1 curve: [96.55, 84.54, 83.33, 80.99, 80.14, 78.06, 77.89, 74.94, 74.71, 73.81, 73.06, 72.39, 70.53, 70.07, 70.0, 69.5, 68.99, 67.27, 66.21, 66.03, 65.73, 65.28, 64.54, 64.55, 64.1, 63.48, 63.45, 63.31, 63.65, 63.24, 62.98, 62.51, 62.23, 61.45, 61.63, 61.5, 60.96, 60.73]
2024-08-24 16:01:13,840 [trainer.py] => CNN top5 curve: [100.0, 99.05, 96.81, 95.36, 94.22, 93.23, 92.28, 91.75, 90.93, 90.2, 89.62, 89.62, 88.62, 88.18, 87.57, 87.31, 86.87, 85.75, 85.01, 84.82, 84.6, 84.15, 83.46, 82.94, 82.58, 82.07, 81.9, 81.96, 81.98, 81.64, 81.55, 81.1, 80.73, 80.2, 80.34, 80.17, 79.82, 79.63]

2024-08-24 16:01:13,840 [trainer.py] => Average Accuracy (CNN): 69.32447368421053
2024-08-24 16:01:13,842 [trainer.py] => All params: 172094977
2024-08-24 16:01:13,843 [trainer.py] => Trainable params: 86296321
2024-08-24 16:01:13,849 [aper_ssf.py] => Learning on 190-195
2024-08-24 16:02:00,565 [trainer.py] => No NME accuracy.
2024-08-24 16:02:00,565 [trainer.py] => CNN: {'total': 60.5, '00-09': 65.62, '10-19': 63.98, '20-29': 61.0, '30-39': 64.16, '40-49': 61.26, '50-59': 58.88, '60-69': 53.69, '70-79': 68.13, '80-89': 54.84, '90-99': 55.93, '100-109': 57.75, '110-119': 60.9, '120-129': 51.29, '130-139': 63.09, '140-149': 64.58, '150-159': 61.05, '160-169': 50.87, '170-179': 68.55, '180-189': 57.79, '190-199': 61.69, 'old': 60.46, 'new': 61.69}
2024-08-24 16:02:00,565 [trainer.py] => CNN top1 curve: [96.55, 84.54, 83.33, 80.99, 80.14, 78.06, 77.89, 74.94, 74.71, 73.81, 73.06, 72.39, 70.53, 70.07, 70.0, 69.5, 68.99, 67.27, 66.21, 66.03, 65.73, 65.28, 64.54, 64.55, 64.1, 63.48, 63.45, 63.31, 63.65, 63.24, 62.98, 62.51, 62.23, 61.45, 61.63, 61.5, 60.96, 60.73, 60.5]
2024-08-24 16:02:00,565 [trainer.py] => CNN top5 curve: [100.0, 99.05, 96.81, 95.36, 94.22, 93.23, 92.28, 91.75, 90.93, 90.2, 89.62, 89.62, 88.62, 88.18, 87.57, 87.31, 86.87, 85.75, 85.01, 84.82, 84.6, 84.15, 83.46, 82.94, 82.58, 82.07, 81.9, 81.96, 81.98, 81.64, 81.55, 81.1, 80.73, 80.2, 80.34, 80.17, 79.82, 79.63, 79.47]

2024-08-24 16:02:00,565 [trainer.py] => Average Accuracy (CNN): 69.09820512820512
2024-08-24 16:02:00,568 [trainer.py] => All params: 172102657
2024-08-24 16:02:00,569 [trainer.py] => Trainable params: 86304001
2024-08-24 16:02:00,581 [aper_ssf.py] => Learning on 195-200
2024-08-24 16:02:51,006 [trainer.py] => No NME accuracy.
2024-08-24 16:02:51,006 [trainer.py] => CNN: {'total': 60.45, '00-09': 65.62, '10-19': 63.98, '20-29': 61.0, '30-39': 64.16, '40-49': 61.26, '50-59': 58.88, '60-69': 53.69, '70-79': 67.4, '80-89': 54.52, '90-99': 55.93, '100-109': 57.75, '110-119': 60.9, '120-129': 51.29, '130-139': 63.09, '140-149': 64.58, '150-159': 61.05, '160-169': 47.39, '170-179': 68.55, '180-189': 57.79, '190-199': 64.21, 'old': 60.31, 'new': 67.52}
2024-08-24 16:02:51,006 [trainer.py] => CNN top1 curve: [96.55, 84.54, 83.33, 80.99, 80.14, 78.06, 77.89, 74.94, 74.71, 73.81, 73.06, 72.39, 70.53, 70.07, 70.0, 69.5, 68.99, 67.27, 66.21, 66.03, 65.73, 65.28, 64.54, 64.55, 64.1, 63.48, 63.45, 63.31, 63.65, 63.24, 62.98, 62.51, 62.23, 61.45, 61.63, 61.5, 60.96, 60.73, 60.5, 60.45]
2024-08-24 16:02:51,006 [trainer.py] => CNN top5 curve: [100.0, 99.05, 96.81, 95.36, 94.22, 93.23, 92.28, 91.75, 90.93, 90.2, 89.62, 89.62, 88.62, 88.18, 87.57, 87.31, 86.87, 85.75, 85.01, 84.82, 84.6, 84.15, 83.46, 82.94, 82.58, 82.07, 81.9, 81.96, 81.98, 81.64, 81.55, 81.1, 80.73, 80.2, 80.34, 80.17, 79.82, 79.63, 79.47, 79.48]

2024-08-24 16:02:51,006 [trainer.py] => Average Accuracy (CNN): 68.88199999999999
