2024-08-24 13:45:57,102 [trainer.py] => config: exps/aper_bn/cifar224_5_5_resnet18_bn.json
2024-08-24 13:45:57,102 [trainer.py] => prefix: exp
2024-08-24 13:45:57,102 [trainer.py] => dataset: cifar224
2024-08-24 13:45:57,102 [trainer.py] => memory_size: 2000
2024-08-24 13:45:57,102 [trainer.py] => memory_per_class: 20
2024-08-24 13:45:57,103 [trainer.py] => fixed_memory: False
2024-08-24 13:45:57,103 [trainer.py] => shuffle: True
2024-08-24 13:45:57,103 [trainer.py] => init_cls: 5
2024-08-24 13:45:57,103 [trainer.py] => increment: 5
2024-08-24 13:45:57,103 [trainer.py] => model_name: aper_bn
2024-08-24 13:45:57,103 [trainer.py] => convnet_type: pretrained_resnet18
2024-08-24 13:45:57,103 [trainer.py] => device: [device(type='cuda', index=0)]
2024-08-24 13:45:57,103 [trainer.py] => seed: 1993
2024-08-24 13:45:57,103 [trainer.py] => tuned_epoch: 10
2024-08-24 13:45:57,103 [trainer.py] => init_lr: 0.01
2024-08-24 13:45:57,103 [trainer.py] => batch_size: 192
2024-08-24 13:45:59,028 [data_manager.py] => [68, 56, 78, 8, 23, 84, 90, 65, 74, 76, 40, 89, 3, 92, 55, 9, 26, 80, 43, 38, 58, 70, 77, 1, 85, 19, 17, 50, 28, 53, 13, 81, 45, 82, 6, 59, 83, 16, 15, 44, 91, 41, 72, 60, 79, 52, 20, 10, 31, 54, 37, 95, 14, 71, 96, 98, 97, 2, 64, 66, 42, 22, 35, 86, 24, 34, 87, 21, 99, 0, 88, 27, 18, 94, 11, 12, 47, 25, 30, 46, 62, 69, 36, 61, 7, 63, 75, 5, 32, 4, 51, 48, 73, 93, 39, 67, 29, 49, 57, 33]
2024-08-24 13:45:59,843 [trainer.py] => All params: 11176512
2024-08-24 13:45:59,843 [trainer.py] => Trainable params: 11176512
2024-08-24 13:46:03,889 [aper_bn.py] => Learning on 0-5
2024-08-24 13:46:23,923 [aper_bn.py] => Task 0, Epoch 10/40 => Loss 0.000, Train_accy 0.00, Test_accy 0.00
2024-08-24 13:46:28,140 [trainer.py] => No NME accuracy.
2024-08-24 13:46:28,140 [trainer.py] => CNN: {'total': 91.8, '00-09': 91.8, 'old': 0, 'new': 91.8}
2024-08-24 13:46:28,140 [trainer.py] => CNN top1 curve: [91.8]
2024-08-24 13:46:28,140 [trainer.py] => CNN top5 curve: [100.0]

2024-08-24 13:46:28,140 [trainer.py] => Average Accuracy (CNN): 91.8
2024-08-24 13:46:28,141 [trainer.py] => All params: 22358145
2024-08-24 13:46:28,141 [trainer.py] => Trainable params: 22358145
2024-08-24 13:46:28,142 [aper_bn.py] => Learning on 5-10
2024-08-24 13:46:32,223 [trainer.py] => No NME accuracy.
2024-08-24 13:46:32,223 [trainer.py] => CNN: {'total': 80.5, '00-09': 80.5, 'old': 81.4, 'new': 79.6}
2024-08-24 13:46:32,223 [trainer.py] => CNN top1 curve: [91.8, 80.5]
2024-08-24 13:46:32,223 [trainer.py] => CNN top5 curve: [100.0, 97.1]

2024-08-24 13:46:32,223 [trainer.py] => Average Accuracy (CNN): 86.15
2024-08-24 13:46:32,224 [trainer.py] => All params: 22363265
2024-08-24 13:46:32,224 [trainer.py] => Trainable params: 22363265
2024-08-24 13:46:32,226 [aper_bn.py] => Learning on 10-15
2024-08-24 13:46:36,282 [trainer.py] => No NME accuracy.
2024-08-24 13:46:36,283 [trainer.py] => CNN: {'total': 73.4, '00-09': 73.9, '10-19': 72.4, 'old': 73.9, 'new': 72.4}
2024-08-24 13:46:36,283 [trainer.py] => CNN top1 curve: [91.8, 80.5, 73.4]
2024-08-24 13:46:36,283 [trainer.py] => CNN top5 curve: [100.0, 97.1, 95.73]

2024-08-24 13:46:36,283 [trainer.py] => Average Accuracy (CNN): 81.9
2024-08-24 13:46:36,283 [trainer.py] => All params: 22368385
2024-08-24 13:46:36,284 [trainer.py] => Trainable params: 22368385
2024-08-24 13:46:36,285 [aper_bn.py] => Learning on 15-20
2024-08-24 13:46:40,575 [trainer.py] => No NME accuracy.
2024-08-24 13:46:40,575 [trainer.py] => CNN: {'total': 66.5, '00-09': 70.2, '10-19': 62.8, 'old': 69.53, 'new': 57.4}
2024-08-24 13:46:40,575 [trainer.py] => CNN top1 curve: [91.8, 80.5, 73.4, 66.5]
2024-08-24 13:46:40,575 [trainer.py] => CNN top5 curve: [100.0, 97.1, 95.73, 92.35]

2024-08-24 13:46:40,575 [trainer.py] => Average Accuracy (CNN): 78.05000000000001
2024-08-24 13:46:40,576 [trainer.py] => All params: 22373505
2024-08-24 13:46:40,576 [trainer.py] => Trainable params: 22373505
2024-08-24 13:46:40,577 [aper_bn.py] => Learning on 20-25
2024-08-24 13:46:45,040 [trainer.py] => No NME accuracy.
2024-08-24 13:46:45,041 [trainer.py] => CNN: {'total': 64.44, '00-09': 68.0, '10-19': 58.8, '20-29': 68.6, 'old': 63.4, 'new': 68.6}
2024-08-24 13:46:45,041 [trainer.py] => CNN top1 curve: [91.8, 80.5, 73.4, 66.5, 64.44]
2024-08-24 13:46:45,041 [trainer.py] => CNN top5 curve: [100.0, 97.1, 95.73, 92.35, 90.96]

2024-08-24 13:46:45,041 [trainer.py] => Average Accuracy (CNN): 75.328
2024-08-24 13:46:45,042 [trainer.py] => All params: 22378625
2024-08-24 13:46:45,042 [trainer.py] => Trainable params: 22378625
2024-08-24 13:46:45,043 [aper_bn.py] => Learning on 25-30
2024-08-24 13:46:49,779 [trainer.py] => No NME accuracy.
2024-08-24 13:46:49,779 [trainer.py] => CNN: {'total': 63.33, '00-09': 66.6, '10-19': 57.0, '20-29': 66.4, 'old': 62.72, 'new': 66.4}
2024-08-24 13:46:49,779 [trainer.py] => CNN top1 curve: [91.8, 80.5, 73.4, 66.5, 64.44, 63.33]
2024-08-24 13:46:49,779 [trainer.py] => CNN top5 curve: [100.0, 97.1, 95.73, 92.35, 90.96, 89.4]

2024-08-24 13:46:49,779 [trainer.py] => Average Accuracy (CNN): 73.32833333333333
2024-08-24 13:46:49,780 [trainer.py] => All params: 22383745
2024-08-24 13:46:49,780 [trainer.py] => Trainable params: 22383745
2024-08-24 13:46:49,782 [aper_bn.py] => Learning on 30-35
2024-08-24 13:46:54,711 [trainer.py] => No NME accuracy.
2024-08-24 13:46:54,711 [trainer.py] => CNN: {'total': 60.11, '00-09': 64.9, '10-19': 53.9, '20-29': 64.3, '30-39': 54.6, 'old': 61.03, 'new': 54.6}
2024-08-24 13:46:54,711 [trainer.py] => CNN top1 curve: [91.8, 80.5, 73.4, 66.5, 64.44, 63.33, 60.11]
2024-08-24 13:46:54,711 [trainer.py] => CNN top5 curve: [100.0, 97.1, 95.73, 92.35, 90.96, 89.4, 87.8]

2024-08-24 13:46:54,711 [trainer.py] => Average Accuracy (CNN): 71.44000000000001
2024-08-24 13:46:54,712 [trainer.py] => All params: 22388865
2024-08-24 13:46:54,712 [trainer.py] => Trainable params: 22388865
2024-08-24 13:46:54,714 [aper_bn.py] => Learning on 35-40
2024-08-24 13:46:59,875 [trainer.py] => No NME accuracy.
2024-08-24 13:46:59,875 [trainer.py] => CNN: {'total': 58.05, '00-09': 62.5, '10-19': 52.3, '20-29': 63.0, '30-39': 54.4, 'old': 58.34, 'new': 56.0}
2024-08-24 13:46:59,875 [trainer.py] => CNN top1 curve: [91.8, 80.5, 73.4, 66.5, 64.44, 63.33, 60.11, 58.05]
2024-08-24 13:46:59,875 [trainer.py] => CNN top5 curve: [100.0, 97.1, 95.73, 92.35, 90.96, 89.4, 87.8, 86.5]

2024-08-24 13:46:59,875 [trainer.py] => Average Accuracy (CNN): 69.76625
2024-08-24 13:46:59,876 [trainer.py] => All params: 22393985
2024-08-24 13:46:59,876 [trainer.py] => Trainable params: 22393985
2024-08-24 13:46:59,877 [aper_bn.py] => Learning on 40-45
2024-08-24 13:47:05,309 [trainer.py] => No NME accuracy.
2024-08-24 13:47:05,310 [trainer.py] => CNN: {'total': 56.29, '00-09': 59.5, '10-19': 50.3, '20-29': 61.4, '30-39': 53.3, '40-49': 57.6, 'old': 56.12, 'new': 57.6}
2024-08-24 13:47:05,310 [trainer.py] => CNN top1 curve: [91.8, 80.5, 73.4, 66.5, 64.44, 63.33, 60.11, 58.05, 56.29]
2024-08-24 13:47:05,310 [trainer.py] => CNN top5 curve: [100.0, 97.1, 95.73, 92.35, 90.96, 89.4, 87.8, 86.5, 85.16]

2024-08-24 13:47:05,310 [trainer.py] => Average Accuracy (CNN): 68.26888888888888
2024-08-24 13:47:05,311 [trainer.py] => All params: 22399105
2024-08-24 13:47:05,311 [trainer.py] => Trainable params: 22399105
2024-08-24 13:47:05,313 [aper_bn.py] => Learning on 45-50
2024-08-24 13:47:10,875 [trainer.py] => No NME accuracy.
2024-08-24 13:47:10,875 [trainer.py] => CNN: {'total': 55.66, '00-09': 57.8, '10-19': 48.9, '20-29': 59.7, '30-39': 49.0, '40-49': 62.9, 'old': 54.2, 'new': 68.8}
2024-08-24 13:47:10,875 [trainer.py] => CNN top1 curve: [91.8, 80.5, 73.4, 66.5, 64.44, 63.33, 60.11, 58.05, 56.29, 55.66]
2024-08-24 13:47:10,875 [trainer.py] => CNN top5 curve: [100.0, 97.1, 95.73, 92.35, 90.96, 89.4, 87.8, 86.5, 85.16, 84.78]

2024-08-24 13:47:10,875 [trainer.py] => Average Accuracy (CNN): 67.008
2024-08-24 13:47:10,876 [trainer.py] => All params: 22404225
2024-08-24 13:47:10,876 [trainer.py] => Trainable params: 22404225
2024-08-24 13:47:10,877 [aper_bn.py] => Learning on 50-55
2024-08-24 13:47:16,750 [trainer.py] => No NME accuracy.
2024-08-24 13:47:16,750 [trainer.py] => CNN: {'total': 54.56, '00-09': 56.1, '10-19': 48.3, '20-29': 58.6, '30-39': 47.7, '40-49': 60.0, '50-59': 58.8, 'old': 54.14, 'new': 58.8}
2024-08-24 13:47:16,751 [trainer.py] => CNN top1 curve: [91.8, 80.5, 73.4, 66.5, 64.44, 63.33, 60.11, 58.05, 56.29, 55.66, 54.56]
2024-08-24 13:47:16,751 [trainer.py] => CNN top5 curve: [100.0, 97.1, 95.73, 92.35, 90.96, 89.4, 87.8, 86.5, 85.16, 84.78, 84.15]

2024-08-24 13:47:16,751 [trainer.py] => Average Accuracy (CNN): 65.87636363636362
2024-08-24 13:47:16,751 [trainer.py] => All params: 22409345
2024-08-24 13:47:16,752 [trainer.py] => Trainable params: 22409345
2024-08-24 13:47:16,753 [aper_bn.py] => Learning on 55-60
2024-08-24 13:47:23,020 [trainer.py] => No NME accuracy.
2024-08-24 13:47:23,020 [trainer.py] => CNN: {'total': 53.25, '00-09': 54.5, '10-19': 46.0, '20-29': 57.6, '30-39': 47.4, '40-49': 58.7, '50-59': 55.3, 'old': 53.35, 'new': 52.2}
2024-08-24 13:47:23,021 [trainer.py] => CNN top1 curve: [91.8, 80.5, 73.4, 66.5, 64.44, 63.33, 60.11, 58.05, 56.29, 55.66, 54.56, 53.25]
2024-08-24 13:47:23,021 [trainer.py] => CNN top5 curve: [100.0, 97.1, 95.73, 92.35, 90.96, 89.4, 87.8, 86.5, 85.16, 84.78, 84.15, 82.38]

2024-08-24 13:47:23,021 [trainer.py] => Average Accuracy (CNN): 64.82416666666666
2024-08-24 13:47:23,021 [trainer.py] => All params: 22414465
2024-08-24 13:47:23,022 [trainer.py] => Trainable params: 22414465
2024-08-24 13:47:23,023 [aper_bn.py] => Learning on 60-65
2024-08-24 13:47:29,573 [trainer.py] => No NME accuracy.
2024-08-24 13:47:29,573 [trainer.py] => CNN: {'total': 52.38, '00-09': 53.2, '10-19': 44.5, '20-29': 57.2, '30-39': 45.9, '40-49': 57.2, '50-59': 52.6, '60-69': 59.8, 'old': 51.77, 'new': 59.8}
2024-08-24 13:47:29,573 [trainer.py] => CNN top1 curve: [91.8, 80.5, 73.4, 66.5, 64.44, 63.33, 60.11, 58.05, 56.29, 55.66, 54.56, 53.25, 52.38]
2024-08-24 13:47:29,573 [trainer.py] => CNN top5 curve: [100.0, 97.1, 95.73, 92.35, 90.96, 89.4, 87.8, 86.5, 85.16, 84.78, 84.15, 82.38, 81.4]

2024-08-24 13:47:29,573 [trainer.py] => Average Accuracy (CNN): 63.866923076923065
2024-08-24 13:47:29,574 [trainer.py] => All params: 22419585
2024-08-24 13:47:29,574 [trainer.py] => Trainable params: 22419585
2024-08-24 13:47:29,576 [aper_bn.py] => Learning on 65-70
2024-08-24 13:47:36,157 [trainer.py] => No NME accuracy.
2024-08-24 13:47:36,157 [trainer.py] => CNN: {'total': 52.59, '00-09': 51.6, '10-19': 43.4, '20-29': 56.0, '30-39': 45.2, '40-49': 56.4, '50-59': 52.1, '60-69': 63.4, 'old': 51.37, 'new': 68.4}
2024-08-24 13:47:36,157 [trainer.py] => CNN top1 curve: [91.8, 80.5, 73.4, 66.5, 64.44, 63.33, 60.11, 58.05, 56.29, 55.66, 54.56, 53.25, 52.38, 52.59]
2024-08-24 13:47:36,157 [trainer.py] => CNN top5 curve: [100.0, 97.1, 95.73, 92.35, 90.96, 89.4, 87.8, 86.5, 85.16, 84.78, 84.15, 82.38, 81.4, 81.03]

2024-08-24 13:47:36,158 [trainer.py] => Average Accuracy (CNN): 63.061428571428564
2024-08-24 13:47:36,158 [trainer.py] => All params: 22424705
2024-08-24 13:47:36,159 [trainer.py] => Trainable params: 22424705
2024-08-24 13:47:36,160 [aper_bn.py] => Learning on 70-75
2024-08-24 13:47:44,164 [trainer.py] => No NME accuracy.
2024-08-24 13:47:44,164 [trainer.py] => CNN: {'total': 51.77, '00-09': 50.3, '10-19': 41.9, '20-29': 55.7, '30-39': 44.2, '40-49': 56.1, '50-59': 50.5, '60-69': 62.3, '70-79': 54.6, 'old': 51.57, 'new': 54.6}
2024-08-24 13:47:44,165 [trainer.py] => CNN top1 curve: [91.8, 80.5, 73.4, 66.5, 64.44, 63.33, 60.11, 58.05, 56.29, 55.66, 54.56, 53.25, 52.38, 52.59, 51.77]
2024-08-24 13:47:44,165 [trainer.py] => CNN top5 curve: [100.0, 97.1, 95.73, 92.35, 90.96, 89.4, 87.8, 86.5, 85.16, 84.78, 84.15, 82.38, 81.4, 81.03, 79.97]

2024-08-24 13:47:44,165 [trainer.py] => Average Accuracy (CNN): 62.30866666666666
2024-08-24 13:47:44,165 [trainer.py] => All params: 22429825
2024-08-24 13:47:44,166 [trainer.py] => Trainable params: 22429825
2024-08-24 13:47:44,167 [aper_bn.py] => Learning on 75-80
2024-08-24 13:47:51,296 [trainer.py] => No NME accuracy.
2024-08-24 13:47:51,296 [trainer.py] => CNN: {'total': 50.36, '00-09': 49.0, '10-19': 41.7, '20-29': 54.8, '30-39': 43.7, '40-49': 55.1, '50-59': 46.8, '60-69': 61.6, '70-79': 50.2, 'old': 50.57, 'new': 47.2}
2024-08-24 13:47:51,296 [trainer.py] => CNN top1 curve: [91.8, 80.5, 73.4, 66.5, 64.44, 63.33, 60.11, 58.05, 56.29, 55.66, 54.56, 53.25, 52.38, 52.59, 51.77, 50.36]
2024-08-24 13:47:51,296 [trainer.py] => CNN top5 curve: [100.0, 97.1, 95.73, 92.35, 90.96, 89.4, 87.8, 86.5, 85.16, 84.78, 84.15, 82.38, 81.4, 81.03, 79.97, 79.04]

2024-08-24 13:47:51,296 [trainer.py] => Average Accuracy (CNN): 61.56187499999999
2024-08-24 13:47:51,297 [trainer.py] => All params: 22434945
2024-08-24 13:47:51,297 [trainer.py] => Trainable params: 22434945
2024-08-24 13:47:51,299 [aper_bn.py] => Learning on 80-85
2024-08-24 13:47:58,562 [trainer.py] => No NME accuracy.
2024-08-24 13:47:58,562 [trainer.py] => CNN: {'total': 49.85, '00-09': 48.6, '10-19': 40.7, '20-29': 53.9, '30-39': 43.3, '40-49': 53.5, '50-59': 46.2, '60-69': 60.5, '70-79': 49.9, '80-89': 54.2, 'old': 49.58, 'new': 54.2}
2024-08-24 13:47:58,563 [trainer.py] => CNN top1 curve: [91.8, 80.5, 73.4, 66.5, 64.44, 63.33, 60.11, 58.05, 56.29, 55.66, 54.56, 53.25, 52.38, 52.59, 51.77, 50.36, 49.85]
2024-08-24 13:47:58,563 [trainer.py] => CNN top5 curve: [100.0, 97.1, 95.73, 92.35, 90.96, 89.4, 87.8, 86.5, 85.16, 84.78, 84.15, 82.38, 81.4, 81.03, 79.97, 79.04, 78.71]

2024-08-24 13:47:58,563 [trainer.py] => Average Accuracy (CNN): 60.87294117647058
2024-08-24 13:47:58,563 [trainer.py] => All params: 22440065
2024-08-24 13:47:58,564 [trainer.py] => Trainable params: 22440065
2024-08-24 13:47:58,566 [aper_bn.py] => Learning on 85-90
2024-08-24 13:48:06,039 [trainer.py] => No NME accuracy.
2024-08-24 13:48:06,039 [trainer.py] => CNN: {'total': 48.52, '00-09': 47.6, '10-19': 39.7, '20-29': 53.0, '30-39': 43.2, '40-49': 53.2, '50-59': 45.7, '60-69': 60.4, '70-79': 48.4, '80-89': 45.5, 'old': 49.21, 'new': 36.8}
2024-08-24 13:48:06,039 [trainer.py] => CNN top1 curve: [91.8, 80.5, 73.4, 66.5, 64.44, 63.33, 60.11, 58.05, 56.29, 55.66, 54.56, 53.25, 52.38, 52.59, 51.77, 50.36, 49.85, 48.52]
2024-08-24 13:48:06,039 [trainer.py] => CNN top5 curve: [100.0, 97.1, 95.73, 92.35, 90.96, 89.4, 87.8, 86.5, 85.16, 84.78, 84.15, 82.38, 81.4, 81.03, 79.97, 79.04, 78.71, 77.32]

2024-08-24 13:48:06,039 [trainer.py] => Average Accuracy (CNN): 60.18666666666666
2024-08-24 13:48:06,040 [trainer.py] => All params: 22445185
2024-08-24 13:48:06,040 [trainer.py] => Trainable params: 22445185
2024-08-24 13:48:06,042 [aper_bn.py] => Learning on 90-95
2024-08-24 13:48:13,755 [trainer.py] => No NME accuracy.
2024-08-24 13:48:13,756 [trainer.py] => CNN: {'total': 47.96, '00-09': 46.5, '10-19': 39.2, '20-29': 52.5, '30-39': 43.0, '40-49': 52.4, '50-59': 44.9, '60-69': 60.0, '70-79': 47.0, '80-89': 45.3, '90-99': 49.6, 'old': 47.87, 'new': 49.6}
2024-08-24 13:48:13,756 [trainer.py] => CNN top1 curve: [91.8, 80.5, 73.4, 66.5, 64.44, 63.33, 60.11, 58.05, 56.29, 55.66, 54.56, 53.25, 52.38, 52.59, 51.77, 50.36, 49.85, 48.52, 47.96]
2024-08-24 13:48:13,756 [trainer.py] => CNN top5 curve: [100.0, 97.1, 95.73, 92.35, 90.96, 89.4, 87.8, 86.5, 85.16, 84.78, 84.15, 82.38, 81.4, 81.03, 79.97, 79.04, 78.71, 77.32, 76.75]

2024-08-24 13:48:13,756 [trainer.py] => Average Accuracy (CNN): 59.54315789473684
2024-08-24 13:48:13,756 [trainer.py] => All params: 22450305
2024-08-24 13:48:13,757 [trainer.py] => Trainable params: 22450305
2024-08-24 13:48:13,759 [aper_bn.py] => Learning on 95-100
2024-08-24 13:48:21,816 [trainer.py] => No NME accuracy.
2024-08-24 13:48:21,817 [trainer.py] => CNN: {'total': 47.18, '00-09': 45.4, '10-19': 38.7, '20-29': 51.8, '30-39': 42.6, '40-49': 51.4, '50-59': 43.4, '60-69': 59.7, '70-79': 46.7, '80-89': 44.8, '90-99': 47.3, 'old': 47.25, 'new': 45.8}
2024-08-24 13:48:21,817 [trainer.py] => CNN top1 curve: [91.8, 80.5, 73.4, 66.5, 64.44, 63.33, 60.11, 58.05, 56.29, 55.66, 54.56, 53.25, 52.38, 52.59, 51.77, 50.36, 49.85, 48.52, 47.96, 47.18]
2024-08-24 13:48:21,817 [trainer.py] => CNN top5 curve: [100.0, 97.1, 95.73, 92.35, 90.96, 89.4, 87.8, 86.5, 85.16, 84.78, 84.15, 82.38, 81.4, 81.03, 79.97, 79.04, 78.71, 77.32, 76.75, 76.1]

2024-08-24 13:48:21,817 [trainer.py] => Average Accuracy (CNN): 58.925
