2024-08-24 14:31:19,582 [trainer.py] => config: exps/aper_adapter/cub_10_10_vit-b_adapter.json
2024-08-24 14:31:19,582 [trainer.py] => prefix: exp
2024-08-24 14:31:19,582 [trainer.py] => dataset: cub
2024-08-24 14:31:19,582 [trainer.py] => memory_size: 2000
2024-08-24 14:31:19,582 [trainer.py] => memory_per_class: 20
2024-08-24 14:31:19,582 [trainer.py] => fixed_memory: False
2024-08-24 14:31:19,582 [trainer.py] => shuffle: True
2024-08-24 14:31:19,582 [trainer.py] => init_cls: 10
2024-08-24 14:31:19,582 [trainer.py] => increment: 10
2024-08-24 14:31:19,582 [trainer.py] => model_name: aper_adapter
2024-08-24 14:31:19,582 [trainer.py] => convnet_type: pretrained_vit_b16_224_in21k_adapter
2024-08-24 14:31:19,582 [trainer.py] => weight_decay: 0.0005
2024-08-24 14:31:19,582 [trainer.py] => prompt_token_num: 30
2024-08-24 14:31:19,582 [trainer.py] => ffn_num: 64
2024-08-24 14:31:19,582 [trainer.py] => optimizer: sgd
2024-08-24 14:31:19,582 [trainer.py] => min_lr: 0
2024-08-24 14:31:19,582 [trainer.py] => device: [device(type='cuda', index=0)]
2024-08-24 14:31:19,582 [trainer.py] => seed: 1993
2024-08-24 14:31:19,583 [trainer.py] => tuned_epoch: 20
2024-08-24 14:31:19,583 [trainer.py] => init_lr: 0.01
2024-08-24 14:31:19,583 [trainer.py] => batch_size: 48
2024-08-24 14:31:19,632 [data_manager.py] => [168, 136, 51, 9, 183, 101, 171, 99, 42, 159, 191, 70, 16, 188, 27, 10, 175, 26, 68, 187, 98, 6, 85, 35, 112, 43, 100, 0, 103, 181, 88, 59, 4, 2, 116, 174, 94, 80, 106, 1, 147, 17, 141, 131, 72, 23, 173, 54, 197, 118, 87, 32, 79, 104, 91, 19, 135, 107, 178, 36, 11, 199, 142, 8, 122, 3, 28, 57, 153, 172, 190, 56, 49, 44, 97, 62, 151, 169, 194, 55, 192, 12, 189, 78, 66, 180, 15, 137, 109, 134, 92, 119, 126, 52, 170, 40, 148, 65, 144, 64, 138, 45, 77, 89, 154, 90, 71, 193, 74, 30, 113, 143, 96, 84, 67, 50, 186, 156, 69, 21, 18, 111, 108, 58, 125, 157, 150, 110, 182, 129, 166, 83, 81, 60, 13, 165, 14, 176, 63, 117, 5, 22, 145, 121, 38, 41, 82, 127, 114, 20, 31, 53, 37, 163, 196, 130, 152, 162, 86, 76, 24, 34, 184, 149, 33, 128, 198, 155, 146, 167, 139, 120, 140, 102, 47, 25, 158, 123, 46, 164, 61, 7, 115, 75, 133, 160, 105, 132, 179, 124, 48, 73, 93, 39, 95, 195, 29, 177, 185, 161]
2024-08-24 14:31:23,152 [trainer.py] => All params: 86988288
2024-08-24 14:31:23,153 [trainer.py] => Trainable params: 1189632
2024-08-24 14:31:28,302 [aper_adapter.py] => Learning on 0-10
2024-08-24 14:33:11,350 [aper_adapter.py] => Task 0, Epoch 20/20 => Loss 1.030, Train_accy 94.15, Test_accy 99.15
2024-08-24 14:33:21,384 [trainer.py] => No NME accuracy.
2024-08-24 14:33:21,384 [trainer.py] => CNN: {'total': 100.0, '00-09': 100.0, 'old': 0, 'new': 100.0}
2024-08-24 14:33:21,384 [trainer.py] => CNN top1 curve: [100.0]
2024-08-24 14:33:21,384 [trainer.py] => CNN top5 curve: [100.0]

2024-08-24 14:33:21,384 [trainer.py] => Average Accuracy (CNN): 100.0
2024-08-24 14:33:21,386 [trainer.py] => All params: 172802305
2024-08-24 14:33:21,388 [trainer.py] => Trainable params: 87003649
2024-08-24 14:33:21,392 [aper_adapter.py] => Learning on 10-20
2024-08-24 14:33:28,531 [trainer.py] => No NME accuracy.
2024-08-24 14:33:28,531 [trainer.py] => CNN: {'total': 98.38, '00-09': 99.15, '10-19': 97.67, 'old': 99.15, 'new': 97.67}
2024-08-24 14:33:28,531 [trainer.py] => CNN top1 curve: [100.0, 98.38]
2024-08-24 14:33:28,531 [trainer.py] => CNN top5 curve: [100.0, 100.0]

2024-08-24 14:33:28,531 [trainer.py] => Average Accuracy (CNN): 99.19
2024-08-24 14:33:28,533 [trainer.py] => All params: 172817665
2024-08-24 14:33:28,534 [trainer.py] => Trainable params: 87019009
2024-08-24 14:33:28,536 [aper_adapter.py] => Learning on 20-30
2024-08-24 14:33:36,030 [trainer.py] => No NME accuracy.
2024-08-24 14:33:36,030 [trainer.py] => CNN: {'total': 98.26, '00-09': 99.15, '10-19': 97.67, '20-29': 97.94, 'old': 98.38, 'new': 97.94}
2024-08-24 14:33:36,030 [trainer.py] => CNN top1 curve: [100.0, 98.38, 98.26]
2024-08-24 14:33:36,030 [trainer.py] => CNN top5 curve: [100.0, 100.0, 99.71]

2024-08-24 14:33:36,030 [trainer.py] => Average Accuracy (CNN): 98.88
2024-08-24 14:33:36,032 [trainer.py] => All params: 172833025
2024-08-24 14:33:36,033 [trainer.py] => Trainable params: 87034369
2024-08-24 14:33:36,038 [aper_adapter.py] => Learning on 30-40
2024-08-24 14:33:42,758 [trainer.py] => No NME accuracy.
2024-08-24 14:33:42,758 [trainer.py] => CNN: {'total': 97.8, '00-09': 99.15, '10-19': 96.9, '20-29': 97.94, '30-39': 97.27, 'old': 97.97, 'new': 97.27}
2024-08-24 14:33:42,758 [trainer.py] => CNN top1 curve: [100.0, 98.38, 98.26, 97.8]
2024-08-24 14:33:42,758 [trainer.py] => CNN top5 curve: [100.0, 100.0, 99.71, 99.78]

2024-08-24 14:33:42,758 [trainer.py] => Average Accuracy (CNN): 98.61
2024-08-24 14:33:42,760 [trainer.py] => All params: 172848385
2024-08-24 14:33:42,761 [trainer.py] => Trainable params: 87049729
2024-08-24 14:33:42,766 [aper_adapter.py] => Learning on 40-50
2024-08-24 14:33:51,288 [trainer.py] => No NME accuracy.
2024-08-24 14:33:51,288 [trainer.py] => CNN: {'total': 97.5, '00-09': 98.31, '10-19': 96.9, '20-29': 97.94, '30-39': 96.36, '40-49': 98.13, 'old': 97.36, 'new': 98.13}
2024-08-24 14:33:51,288 [trainer.py] => CNN top1 curve: [100.0, 98.38, 98.26, 97.8, 97.5]
2024-08-24 14:33:51,288 [trainer.py] => CNN top5 curve: [100.0, 100.0, 99.71, 99.78, 99.64]

2024-08-24 14:33:51,288 [trainer.py] => Average Accuracy (CNN): 98.388
2024-08-24 14:33:51,290 [trainer.py] => All params: 172863745
2024-08-24 14:33:51,291 [trainer.py] => Trainable params: 87065089
2024-08-24 14:33:51,293 [aper_adapter.py] => Learning on 50-60
2024-08-24 14:34:00,724 [trainer.py] => No NME accuracy.
2024-08-24 14:34:00,724 [trainer.py] => CNN: {'total': 94.79, '00-09': 91.53, '10-19': 96.9, '20-29': 97.94, '30-39': 96.36, '40-49': 97.2, '50-59': 89.19, 'old': 95.9, 'new': 89.19}
2024-08-24 14:34:00,724 [trainer.py] => CNN top1 curve: [100.0, 98.38, 98.26, 97.8, 97.5, 94.79]
2024-08-24 14:34:00,724 [trainer.py] => CNN top5 curve: [100.0, 100.0, 99.71, 99.78, 99.64, 99.26]

2024-08-24 14:34:00,724 [trainer.py] => Average Accuracy (CNN): 97.78833333333334
2024-08-24 14:34:00,726 [trainer.py] => All params: 172879105
2024-08-24 14:34:00,727 [trainer.py] => Trainable params: 87080449
2024-08-24 14:34:00,732 [aper_adapter.py] => Learning on 60-70
2024-08-24 14:34:09,489 [trainer.py] => No NME accuracy.
2024-08-24 14:34:09,489 [trainer.py] => CNN: {'total': 92.67, '00-09': 90.68, '10-19': 92.25, '20-29': 97.94, '30-39': 95.45, '40-49': 96.26, '50-59': 87.39, '60-69': 89.62, 'old': 93.15, 'new': 89.62}
2024-08-24 14:34:09,489 [trainer.py] => CNN top1 curve: [100.0, 98.38, 98.26, 97.8, 97.5, 94.79, 92.67]
2024-08-24 14:34:09,489 [trainer.py] => CNN top5 curve: [100.0, 100.0, 99.71, 99.78, 99.64, 99.26, 99.23]

2024-08-24 14:34:09,489 [trainer.py] => Average Accuracy (CNN): 97.05714285714285
2024-08-24 14:34:09,492 [trainer.py] => All params: 172894465
2024-08-24 14:34:09,493 [trainer.py] => Trainable params: 87095809
2024-08-24 14:34:09,498 [aper_adapter.py] => Learning on 70-80
2024-08-24 14:34:18,912 [trainer.py] => No NME accuracy.
2024-08-24 14:34:18,912 [trainer.py] => CNN: {'total': 93.25, '00-09': 90.68, '10-19': 92.25, '20-29': 97.94, '30-39': 95.45, '40-49': 96.26, '50-59': 87.39, '60-69': 89.62, '70-79': 96.45, 'old': 92.67, 'new': 96.45}
2024-08-24 14:34:18,912 [trainer.py] => CNN top1 curve: [100.0, 98.38, 98.26, 97.8, 97.5, 94.79, 92.67, 93.25]
2024-08-24 14:34:18,912 [trainer.py] => CNN top5 curve: [100.0, 100.0, 99.71, 99.78, 99.64, 99.26, 99.23, 99.02]

2024-08-24 14:34:18,912 [trainer.py] => Average Accuracy (CNN): 96.58125
2024-08-24 14:34:18,914 [trainer.py] => All params: 172909825
2024-08-24 14:34:18,915 [trainer.py] => Trainable params: 87111169
2024-08-24 14:34:18,921 [aper_adapter.py] => Learning on 80-90
2024-08-24 14:34:29,542 [trainer.py] => No NME accuracy.
2024-08-24 14:34:29,542 [trainer.py] => CNN: {'total': 93.06, '00-09': 90.68, '10-19': 90.7, '20-29': 97.94, '30-39': 95.45, '40-49': 96.26, '50-59': 86.49, '60-69': 89.62, '70-79': 96.45, '80-89': 93.98, 'old': 92.93, 'new': 93.98}
2024-08-24 14:34:29,542 [trainer.py] => CNN top1 curve: [100.0, 98.38, 98.26, 97.8, 97.5, 94.79, 92.67, 93.25, 93.06]
2024-08-24 14:34:29,542 [trainer.py] => CNN top5 curve: [100.0, 100.0, 99.71, 99.78, 99.64, 99.26, 99.23, 99.02, 99.14]

2024-08-24 14:34:29,543 [trainer.py] => Average Accuracy (CNN): 96.19
2024-08-24 14:34:29,544 [trainer.py] => All params: 172925185
2024-08-24 14:34:29,545 [trainer.py] => Trainable params: 87126529
2024-08-24 14:34:29,553 [aper_adapter.py] => Learning on 90-100
2024-08-24 14:34:39,456 [trainer.py] => No NME accuracy.
2024-08-24 14:34:39,457 [trainer.py] => CNN: {'total': 91.92, '00-09': 90.68, '10-19': 90.7, '20-29': 97.94, '30-39': 90.91, '40-49': 96.26, '50-59': 86.49, '60-69': 88.68, '70-79': 96.45, '80-89': 93.98, '90-99': 87.5, 'old': 92.49, 'new': 87.5}
2024-08-24 14:34:39,457 [trainer.py] => CNN top1 curve: [100.0, 98.38, 98.26, 97.8, 97.5, 94.79, 92.67, 93.25, 93.06, 91.92]
2024-08-24 14:34:39,457 [trainer.py] => CNN top5 curve: [100.0, 100.0, 99.71, 99.78, 99.64, 99.26, 99.23, 99.02, 99.14, 99.07]

2024-08-24 14:34:39,457 [trainer.py] => Average Accuracy (CNN): 95.763
2024-08-24 14:34:39,459 [trainer.py] => All params: 172940545
2024-08-24 14:34:39,460 [trainer.py] => Trainable params: 87141889
2024-08-24 14:34:39,465 [aper_adapter.py] => Learning on 100-110
2024-08-24 14:34:53,146 [trainer.py] => No NME accuracy.
2024-08-24 14:34:53,146 [trainer.py] => CNN: {'total': 91.71, '00-09': 90.68, '10-19': 89.15, '20-29': 97.94, '30-39': 90.91, '40-49': 96.26, '50-59': 86.49, '60-69': 87.74, '70-79': 96.45, '80-89': 93.98, '90-99': 87.5, '100-109': 92.17, 'old': 91.67, 'new': 92.17}
2024-08-24 14:34:53,146 [trainer.py] => CNN top1 curve: [100.0, 98.38, 98.26, 97.8, 97.5, 94.79, 92.67, 93.25, 93.06, 91.92, 91.71]
2024-08-24 14:34:53,146 [trainer.py] => CNN top5 curve: [100.0, 100.0, 99.71, 99.78, 99.64, 99.26, 99.23, 99.02, 99.14, 99.07, 99.08]

2024-08-24 14:34:53,146 [trainer.py] => Average Accuracy (CNN): 95.39454545454545
2024-08-24 14:34:53,148 [trainer.py] => All params: 172955905
2024-08-24 14:34:53,149 [trainer.py] => Trainable params: 87157249
2024-08-24 14:34:53,159 [aper_adapter.py] => Learning on 110-120
2024-08-24 14:35:07,512 [trainer.py] => No NME accuracy.
2024-08-24 14:35:07,512 [trainer.py] => CNN: {'total': 90.11, '00-09': 90.68, '10-19': 89.15, '20-29': 97.94, '30-39': 90.91, '40-49': 96.26, '50-59': 86.49, '60-69': 85.85, '70-79': 90.07, '80-89': 93.23, '90-99': 86.76, '100-109': 92.17, '110-119': 83.19, 'old': 90.71, 'new': 83.19}
2024-08-24 14:35:07,512 [trainer.py] => CNN top1 curve: [100.0, 98.38, 98.26, 97.8, 97.5, 94.79, 92.67, 93.25, 93.06, 91.92, 91.71, 90.11]
2024-08-24 14:35:07,512 [trainer.py] => CNN top5 curve: [100.0, 100.0, 99.71, 99.78, 99.64, 99.26, 99.23, 99.02, 99.14, 99.07, 99.08, 98.94]

2024-08-24 14:35:07,512 [trainer.py] => Average Accuracy (CNN): 94.95416666666665
2024-08-24 14:35:07,514 [trainer.py] => All params: 172971265
2024-08-24 14:35:07,515 [trainer.py] => Trainable params: 87172609
2024-08-24 14:35:07,524 [aper_adapter.py] => Learning on 120-130
2024-08-24 14:35:21,790 [trainer.py] => No NME accuracy.
2024-08-24 14:35:21,790 [trainer.py] => CNN: {'total': 89.23, '00-09': 88.98, '10-19': 89.15, '20-29': 97.94, '30-39': 89.09, '40-49': 92.52, '50-59': 86.49, '60-69': 84.91, '70-79': 90.07, '80-89': 93.23, '90-99': 86.03, '100-109': 92.17, '110-119': 83.19, '120-129': 86.92, 'old': 89.41, 'new': 86.92}
2024-08-24 14:35:21,790 [trainer.py] => CNN top1 curve: [100.0, 98.38, 98.26, 97.8, 97.5, 94.79, 92.67, 93.25, 93.06, 91.92, 91.71, 90.11, 89.23]
2024-08-24 14:35:21,790 [trainer.py] => CNN top5 curve: [100.0, 100.0, 99.71, 99.78, 99.64, 99.26, 99.23, 99.02, 99.14, 99.07, 99.08, 98.94, 98.88]

2024-08-24 14:35:21,790 [trainer.py] => Average Accuracy (CNN): 94.51384615384615
2024-08-24 14:35:21,792 [trainer.py] => All params: 172986625
2024-08-24 14:35:21,793 [trainer.py] => Trainable params: 87187969
2024-08-24 14:35:21,802 [aper_adapter.py] => Learning on 130-140
2024-08-24 14:35:38,321 [trainer.py] => No NME accuracy.
2024-08-24 14:35:38,322 [trainer.py] => CNN: {'total': 88.91, '00-09': 88.98, '10-19': 89.15, '20-29': 97.94, '30-39': 89.09, '40-49': 92.52, '50-59': 86.49, '60-69': 84.91, '70-79': 90.07, '80-89': 93.23, '90-99': 86.03, '100-109': 92.17, '110-119': 83.19, '120-129': 82.24, '130-139': 88.98, 'old': 88.9, 'new': 88.98}
2024-08-24 14:35:38,322 [trainer.py] => CNN top1 curve: [100.0, 98.38, 98.26, 97.8, 97.5, 94.79, 92.67, 93.25, 93.06, 91.92, 91.71, 90.11, 89.23, 88.91]
2024-08-24 14:35:38,322 [trainer.py] => CNN top5 curve: [100.0, 100.0, 99.71, 99.78, 99.64, 99.26, 99.23, 99.02, 99.14, 99.07, 99.08, 98.94, 98.88, 98.72]

2024-08-24 14:35:38,322 [trainer.py] => Average Accuracy (CNN): 94.11357142857142
2024-08-24 14:35:38,324 [trainer.py] => All params: 173001985
2024-08-24 14:35:38,325 [trainer.py] => Trainable params: 87203329
2024-08-24 14:35:38,333 [aper_adapter.py] => Learning on 140-150
2024-08-24 14:35:59,341 [trainer.py] => No NME accuracy.
2024-08-24 14:35:59,341 [trainer.py] => CNN: {'total': 88.29, '00-09': 87.29, '10-19': 89.15, '20-29': 97.94, '30-39': 86.36, '40-49': 92.52, '50-59': 86.49, '60-69': 84.91, '70-79': 90.07, '80-89': 93.23, '90-99': 86.03, '100-109': 92.17, '110-119': 82.3, '120-129': 82.24, '130-139': 88.98, '140-149': 84.92, 'old': 88.54, 'new': 84.92}
2024-08-24 14:35:59,341 [trainer.py] => CNN top1 curve: [100.0, 98.38, 98.26, 97.8, 97.5, 94.79, 92.67, 93.25, 93.06, 91.92, 91.71, 90.11, 89.23, 88.91, 88.29]
2024-08-24 14:35:59,341 [trainer.py] => CNN top5 curve: [100.0, 100.0, 99.71, 99.78, 99.64, 99.26, 99.23, 99.02, 99.14, 99.07, 99.08, 98.94, 98.88, 98.72, 98.64]

2024-08-24 14:35:59,341 [trainer.py] => Average Accuracy (CNN): 93.72533333333332
2024-08-24 14:35:59,343 [trainer.py] => All params: 173017345
2024-08-24 14:35:59,344 [trainer.py] => Trainable params: 87218689
2024-08-24 14:35:59,354 [aper_adapter.py] => Learning on 150-160
2024-08-24 14:36:21,104 [trainer.py] => No NME accuracy.
2024-08-24 14:36:21,104 [trainer.py] => CNN: {'total': 88.47, '00-09': 86.44, '10-19': 89.15, '20-29': 97.94, '30-39': 86.36, '40-49': 92.52, '50-59': 86.49, '60-69': 84.91, '70-79': 89.36, '80-89': 93.23, '90-99': 86.03, '100-109': 89.57, '110-119': 82.3, '120-129': 82.24, '130-139': 88.98, '140-149': 84.92, '150-159': 95.16, 'old': 88.0, 'new': 95.16}
2024-08-24 14:36:21,104 [trainer.py] => CNN top1 curve: [100.0, 98.38, 98.26, 97.8, 97.5, 94.79, 92.67, 93.25, 93.06, 91.92, 91.71, 90.11, 89.23, 88.91, 88.29, 88.47]
2024-08-24 14:36:21,105 [trainer.py] => CNN top5 curve: [100.0, 100.0, 99.71, 99.78, 99.64, 99.26, 99.23, 99.02, 99.14, 99.07, 99.08, 98.94, 98.88, 98.72, 98.64, 98.68]

2024-08-24 14:36:21,105 [trainer.py] => Average Accuracy (CNN): 93.396875
2024-08-24 14:36:21,106 [trainer.py] => All params: 173032705
2024-08-24 14:36:21,108 [trainer.py] => Trainable params: 87234049
2024-08-24 14:36:21,120 [aper_adapter.py] => Learning on 160-170
2024-08-24 14:36:44,836 [trainer.py] => No NME accuracy.
2024-08-24 14:36:44,836 [trainer.py] => CNN: {'total': 87.9, '00-09': 86.44, '10-19': 89.15, '20-29': 96.91, '30-39': 86.36, '40-49': 88.79, '50-59': 86.49, '60-69': 83.96, '70-79': 89.36, '80-89': 93.23, '90-99': 85.29, '100-109': 89.57, '110-119': 82.3, '120-129': 82.24, '130-139': 88.14, '140-149': 83.33, '150-159': 95.16, '160-169': 87.31, 'old': 87.94, 'new': 87.31}
2024-08-24 14:36:44,836 [trainer.py] => CNN top1 curve: [100.0, 98.38, 98.26, 97.8, 97.5, 94.79, 92.67, 93.25, 93.06, 91.92, 91.71, 90.11, 89.23, 88.91, 88.29, 88.47, 87.9]
2024-08-24 14:36:44,836 [trainer.py] => CNN top5 curve: [100.0, 100.0, 99.71, 99.78, 99.64, 99.26, 99.23, 99.02, 99.14, 99.07, 99.08, 98.94, 98.88, 98.72, 98.64, 98.68, 98.57]

2024-08-24 14:36:44,836 [trainer.py] => Average Accuracy (CNN): 93.07352941176471
2024-08-24 14:36:44,838 [trainer.py] => All params: 173048065
2024-08-24 14:36:44,839 [trainer.py] => Trainable params: 87249409
2024-08-24 14:36:44,850 [aper_adapter.py] => Learning on 170-180
2024-08-24 14:37:09,933 [trainer.py] => No NME accuracy.
2024-08-24 14:37:09,933 [trainer.py] => CNN: {'total': 87.92, '00-09': 85.59, '10-19': 88.37, '20-29': 96.91, '30-39': 86.36, '40-49': 88.79, '50-59': 86.49, '60-69': 83.96, '70-79': 89.36, '80-89': 93.23, '90-99': 85.29, '100-109': 89.57, '110-119': 82.3, '120-129': 81.31, '130-139': 88.14, '140-149': 83.33, '150-159': 93.55, '160-169': 87.31, '170-179': 93.2, 'old': 87.65, 'new': 93.2}
2024-08-24 14:37:09,933 [trainer.py] => CNN top1 curve: [100.0, 98.38, 98.26, 97.8, 97.5, 94.79, 92.67, 93.25, 93.06, 91.92, 91.71, 90.11, 89.23, 88.91, 88.29, 88.47, 87.9, 87.92]
2024-08-24 14:37:09,933 [trainer.py] => CNN top5 curve: [100.0, 100.0, 99.71, 99.78, 99.64, 99.26, 99.23, 99.02, 99.14, 99.07, 99.08, 98.94, 98.88, 98.72, 98.64, 98.68, 98.57, 98.5]

2024-08-24 14:37:09,933 [trainer.py] => Average Accuracy (CNN): 92.78722222222223
2024-08-24 14:37:09,935 [trainer.py] => All params: 173063425
2024-08-24 14:37:09,936 [trainer.py] => Trainable params: 87264769
2024-08-24 14:37:09,953 [aper_adapter.py] => Learning on 180-190
2024-08-24 14:37:36,582 [trainer.py] => No NME accuracy.
2024-08-24 14:37:36,582 [trainer.py] => CNN: {'total': 87.35, '00-09': 85.59, '10-19': 88.37, '20-29': 94.85, '30-39': 85.45, '40-49': 87.85, '50-59': 86.49, '60-69': 83.96, '70-79': 89.36, '80-89': 93.23, '90-99': 85.29, '100-109': 89.57, '110-119': 82.3, '120-129': 79.44, '130-139': 88.14, '140-149': 82.54, '150-159': 93.55, '160-169': 87.31, '170-179': 93.2, '180-189': 83.33, 'old': 87.59, 'new': 83.33}
2024-08-24 14:37:36,582 [trainer.py] => CNN top1 curve: [100.0, 98.38, 98.26, 97.8, 97.5, 94.79, 92.67, 93.25, 93.06, 91.92, 91.71, 90.11, 89.23, 88.91, 88.29, 88.47, 87.9, 87.92, 87.35]
2024-08-24 14:37:36,582 [trainer.py] => CNN top5 curve: [100.0, 100.0, 99.71, 99.78, 99.64, 99.26, 99.23, 99.02, 99.14, 99.07, 99.08, 98.94, 98.88, 98.72, 98.64, 98.68, 98.57, 98.5, 98.27]

2024-08-24 14:37:36,582 [trainer.py] => Average Accuracy (CNN): 92.50105263157894
2024-08-24 14:37:36,584 [trainer.py] => All params: 173078785
2024-08-24 14:37:36,585 [trainer.py] => Trainable params: 87280129
2024-08-24 14:37:36,593 [aper_adapter.py] => Learning on 190-200
2024-08-24 14:38:05,961 [trainer.py] => No NME accuracy.
2024-08-24 14:38:05,961 [trainer.py] => CNN: {'total': 86.73, '00-09': 85.59, '10-19': 88.37, '20-29': 94.85, '30-39': 85.45, '40-49': 87.85, '50-59': 86.49, '60-69': 80.19, '70-79': 87.94, '80-89': 93.23, '90-99': 85.29, '100-109': 89.57, '110-119': 82.3, '120-129': 79.44, '130-139': 88.14, '140-149': 82.54, '150-159': 93.55, '160-169': 85.82, '170-179': 92.23, '180-189': 82.58, '190-199': 82.65, 'old': 86.9, 'new': 82.65}
2024-08-24 14:38:05,961 [trainer.py] => CNN top1 curve: [100.0, 98.38, 98.26, 97.8, 97.5, 94.79, 92.67, 93.25, 93.06, 91.92, 91.71, 90.11, 89.23, 88.91, 88.29, 88.47, 87.9, 87.92, 87.35, 86.73]
2024-08-24 14:38:05,961 [trainer.py] => CNN top5 curve: [100.0, 100.0, 99.71, 99.78, 99.64, 99.26, 99.23, 99.02, 99.14, 99.07, 99.08, 98.94, 98.88, 98.72, 98.64, 98.68, 98.57, 98.5, 98.27, 98.22]

2024-08-24 14:38:05,961 [trainer.py] => Average Accuracy (CNN): 92.2125
