2024-08-24 17:28:17,253 [trainer.py] => config: exps/aper_vpt-shallow/cifar224_5_5_vit-b_vpt-shallow.json
2024-08-24 17:28:17,253 [trainer.py] => prefix: exp_vpt-shallow
2024-08-24 17:28:17,253 [trainer.py] => dataset: cifar224
2024-08-24 17:28:17,253 [trainer.py] => memory_size: 2000
2024-08-24 17:28:17,253 [trainer.py] => memory_per_class: 20
2024-08-24 17:28:17,253 [trainer.py] => fixed_memory: False
2024-08-24 17:28:17,253 [trainer.py] => shuffle: True
2024-08-24 17:28:17,253 [trainer.py] => init_cls: 5
2024-08-24 17:28:17,253 [trainer.py] => increment: 5
2024-08-24 17:28:17,253 [trainer.py] => model_name: aper_vpt
2024-08-24 17:28:17,253 [trainer.py] => convnet_type: pretrained_vit_b16_224_in21k_vpt
2024-08-24 17:28:17,253 [trainer.py] => weight_decay: 0.0005
2024-08-24 17:28:17,253 [trainer.py] => vpt_type: shallow
2024-08-24 17:28:17,253 [trainer.py] => prompt_token_num: 5
2024-08-24 17:28:17,253 [trainer.py] => min_lr: 0
2024-08-24 17:28:17,253 [trainer.py] => optimizer: sgd
2024-08-24 17:28:17,253 [trainer.py] => device: [device(type='cuda', index=0)]
2024-08-24 17:28:17,253 [trainer.py] => seed: 1993
2024-08-24 17:28:17,253 [trainer.py] => tuned_epoch: 20
2024-08-24 17:28:17,253 [trainer.py] => init_lr: 0.01
2024-08-24 17:28:17,254 [trainer.py] => batch_size: 48
2024-08-24 17:28:19,381 [data_manager.py] => [68, 56, 78, 8, 23, 84, 90, 65, 74, 76, 40, 89, 3, 92, 55, 9, 26, 80, 43, 38, 58, 70, 77, 1, 85, 19, 17, 50, 28, 53, 13, 81, 45, 82, 6, 59, 83, 16, 15, 44, 91, 41, 72, 60, 79, 52, 20, 10, 31, 54, 37, 95, 14, 71, 96, 98, 97, 2, 64, 66, 42, 22, 35, 86, 24, 34, 87, 21, 99, 0, 88, 27, 18, 94, 11, 12, 47, 25, 30, 46, 62, 69, 36, 61, 7, 63, 75, 5, 32, 4, 51, 48, 73, 93, 39, 67, 29, 49, 57, 33]
2024-08-24 17:28:24,183 [trainer.py] => All params: 85802496
2024-08-24 17:28:24,184 [trainer.py] => Trainable params: 3840
2024-08-24 17:28:30,769 [aper_vpt.py] => Learning on 0-5
2024-08-24 17:35:09,855 [aper_vpt.py] => Task 0, Epoch 20/20 => Loss 0.305, Train_accy 93.52, Test_accy 97.60
2024-08-24 17:35:39,314 [trainer.py] => No NME accuracy.
2024-08-24 17:35:39,314 [trainer.py] => CNN: {'total': 98.4, '00-09': 98.4, 'old': 0, 'new': 98.4}
2024-08-24 17:35:39,315 [trainer.py] => CNN top1 curve: [98.4]
2024-08-24 17:35:39,315 [trainer.py] => CNN top5 curve: [100.0]

2024-08-24 17:35:39,315 [trainer.py] => Average Accuracy (CNN): 98.4
2024-08-24 17:35:39,316 [trainer.py] => All params: 171608833
2024-08-24 17:35:39,317 [trainer.py] => Trainable params: 85810177
2024-08-24 17:35:39,325 [aper_vpt.py] => Learning on 5-10
2024-08-24 17:36:09,886 [trainer.py] => No NME accuracy.
2024-08-24 17:36:09,886 [trainer.py] => CNN: {'total': 96.2, '00-09': 96.2, 'old': 96.8, 'new': 95.6}
2024-08-24 17:36:09,886 [trainer.py] => CNN top1 curve: [98.4, 96.2]
2024-08-24 17:36:09,886 [trainer.py] => CNN top5 curve: [100.0, 99.9]

2024-08-24 17:36:09,886 [trainer.py] => Average Accuracy (CNN): 97.30000000000001
2024-08-24 17:36:09,887 [trainer.py] => All params: 171616513
2024-08-24 17:36:09,889 [trainer.py] => Trainable params: 85817857
2024-08-24 17:36:09,893 [aper_vpt.py] => Learning on 10-15
2024-08-24 17:36:45,415 [trainer.py] => No NME accuracy.
2024-08-24 17:36:45,415 [trainer.py] => CNN: {'total': 95.2, '00-09': 95.0, '10-19': 95.6, 'old': 95.0, 'new': 95.6}
2024-08-24 17:36:45,415 [trainer.py] => CNN top1 curve: [98.4, 96.2, 95.2]
2024-08-24 17:36:45,415 [trainer.py] => CNN top5 curve: [100.0, 99.9, 99.33]

2024-08-24 17:36:45,415 [trainer.py] => Average Accuracy (CNN): 96.60000000000001
2024-08-24 17:36:45,417 [trainer.py] => All params: 171624193
2024-08-24 17:36:45,418 [trainer.py] => Trainable params: 85825537
2024-08-24 17:36:45,430 [aper_vpt.py] => Learning on 15-20
2024-08-24 17:37:23,063 [trainer.py] => No NME accuracy.
2024-08-24 17:37:23,063 [trainer.py] => CNN: {'total': 93.5, '00-09': 94.4, '10-19': 92.6, 'old': 94.6, 'new': 90.2}
2024-08-24 17:37:23,063 [trainer.py] => CNN top1 curve: [98.4, 96.2, 95.2, 93.5]
2024-08-24 17:37:23,064 [trainer.py] => CNN top5 curve: [100.0, 99.9, 99.33, 99.05]

2024-08-24 17:37:23,064 [trainer.py] => Average Accuracy (CNN): 95.825
2024-08-24 17:37:23,065 [trainer.py] => All params: 171631873
2024-08-24 17:37:23,066 [trainer.py] => Trainable params: 85833217
2024-08-24 17:37:23,068 [aper_vpt.py] => Learning on 20-25
2024-08-24 17:37:47,218 [trainer.py] => No NME accuracy.
2024-08-24 17:37:47,218 [trainer.py] => CNN: {'total': 93.0, '00-09': 94.2, '10-19': 91.7, '20-29': 93.2, 'old': 92.95, 'new': 93.2}
2024-08-24 17:37:47,218 [trainer.py] => CNN top1 curve: [98.4, 96.2, 95.2, 93.5, 93.0]
2024-08-24 17:37:47,218 [trainer.py] => CNN top5 curve: [100.0, 99.9, 99.33, 99.05, 98.8]

2024-08-24 17:37:47,218 [trainer.py] => Average Accuracy (CNN): 95.26
2024-08-24 17:37:47,220 [trainer.py] => All params: 171639553
2024-08-24 17:37:47,221 [trainer.py] => Trainable params: 85840897
2024-08-24 17:37:47,223 [aper_vpt.py] => Learning on 25-30
2024-08-24 17:38:13,609 [trainer.py] => No NME accuracy.
2024-08-24 17:38:13,609 [trainer.py] => CNN: {'total': 92.4, '00-09': 92.4, '10-19': 91.2, '20-29': 93.6, 'old': 92.04, 'new': 94.2}
2024-08-24 17:38:13,609 [trainer.py] => CNN top1 curve: [98.4, 96.2, 95.2, 93.5, 93.0, 92.4]
2024-08-24 17:38:13,609 [trainer.py] => CNN top5 curve: [100.0, 99.9, 99.33, 99.05, 98.8, 98.77]

2024-08-24 17:38:13,609 [trainer.py] => Average Accuracy (CNN): 94.78333333333335
2024-08-24 17:38:13,611 [trainer.py] => All params: 171647233
2024-08-24 17:38:13,612 [trainer.py] => Trainable params: 85848577
2024-08-24 17:38:13,614 [aper_vpt.py] => Learning on 30-35
2024-08-24 17:38:39,554 [trainer.py] => No NME accuracy.
2024-08-24 17:38:39,555 [trainer.py] => CNN: {'total': 90.34, '00-09': 91.4, '10-19': 89.9, '20-29': 92.5, '30-39': 84.8, 'old': 91.27, 'new': 84.8}
2024-08-24 17:38:39,555 [trainer.py] => CNN top1 curve: [98.4, 96.2, 95.2, 93.5, 93.0, 92.4, 90.34]
2024-08-24 17:38:39,555 [trainer.py] => CNN top5 curve: [100.0, 99.9, 99.33, 99.05, 98.8, 98.77, 98.49]

2024-08-24 17:38:39,555 [trainer.py] => Average Accuracy (CNN): 94.14857142857144
2024-08-24 17:38:39,556 [trainer.py] => All params: 171654913
2024-08-24 17:38:39,557 [trainer.py] => Trainable params: 85856257
2024-08-24 17:38:39,559 [aper_vpt.py] => Learning on 35-40
2024-08-24 17:39:08,033 [trainer.py] => No NME accuracy.
2024-08-24 17:39:08,033 [trainer.py] => CNN: {'total': 89.8, '00-09': 89.9, '10-19': 89.3, '20-29': 91.6, '30-39': 88.4, 'old': 89.37, 'new': 92.8}
2024-08-24 17:39:08,033 [trainer.py] => CNN top1 curve: [98.4, 96.2, 95.2, 93.5, 93.0, 92.4, 90.34, 89.8]
2024-08-24 17:39:08,034 [trainer.py] => CNN top5 curve: [100.0, 99.9, 99.33, 99.05, 98.8, 98.77, 98.49, 98.12]

2024-08-24 17:39:08,034 [trainer.py] => Average Accuracy (CNN): 93.605
2024-08-24 17:39:08,035 [trainer.py] => All params: 171662593
2024-08-24 17:39:08,036 [trainer.py] => Trainable params: 85863937
2024-08-24 17:39:08,041 [aper_vpt.py] => Learning on 40-45
2024-08-24 17:39:41,165 [trainer.py] => No NME accuracy.
2024-08-24 17:39:41,165 [trainer.py] => CNN: {'total': 88.58, '00-09': 89.0, '10-19': 88.4, '20-29': 91.5, '30-39': 87.8, '40-49': 83.8, 'old': 89.18, 'new': 83.8}
2024-08-24 17:39:41,166 [trainer.py] => CNN top1 curve: [98.4, 96.2, 95.2, 93.5, 93.0, 92.4, 90.34, 89.8, 88.58]
2024-08-24 17:39:41,166 [trainer.py] => CNN top5 curve: [100.0, 99.9, 99.33, 99.05, 98.8, 98.77, 98.49, 98.12, 97.8]

2024-08-24 17:39:41,166 [trainer.py] => Average Accuracy (CNN): 93.04666666666668
2024-08-24 17:39:41,167 [trainer.py] => All params: 171670273
2024-08-24 17:39:41,168 [trainer.py] => Trainable params: 85871617
2024-08-24 17:39:41,173 [aper_vpt.py] => Learning on 45-50
2024-08-24 17:40:20,406 [trainer.py] => No NME accuracy.
2024-08-24 17:40:20,407 [trainer.py] => CNN: {'total': 87.44, '00-09': 88.1, '10-19': 87.7, '20-29': 90.2, '30-39': 85.2, '40-49': 86.0, 'old': 87.29, 'new': 88.8}
2024-08-24 17:40:20,407 [trainer.py] => CNN top1 curve: [98.4, 96.2, 95.2, 93.5, 93.0, 92.4, 90.34, 89.8, 88.58, 87.44]
2024-08-24 17:40:20,407 [trainer.py] => CNN top5 curve: [100.0, 99.9, 99.33, 99.05, 98.8, 98.77, 98.49, 98.12, 97.8, 97.74]

2024-08-24 17:40:20,407 [trainer.py] => Average Accuracy (CNN): 92.48600000000002
2024-08-24 17:40:20,408 [trainer.py] => All params: 171677953
2024-08-24 17:40:20,409 [trainer.py] => Trainable params: 85879297
2024-08-24 17:40:20,419 [aper_vpt.py] => Learning on 50-55
2024-08-24 17:41:13,773 [trainer.py] => No NME accuracy.
2024-08-24 17:41:13,773 [trainer.py] => CNN: {'total': 86.18, '00-09': 87.1, '10-19': 87.2, '20-29': 89.5, '30-39': 84.5, '40-49': 84.8, '50-59': 81.8, 'old': 86.62, 'new': 81.8}
2024-08-24 17:41:13,773 [trainer.py] => CNN top1 curve: [98.4, 96.2, 95.2, 93.5, 93.0, 92.4, 90.34, 89.8, 88.58, 87.44, 86.18]
2024-08-24 17:41:13,773 [trainer.py] => CNN top5 curve: [100.0, 99.9, 99.33, 99.05, 98.8, 98.77, 98.49, 98.12, 97.8, 97.74, 97.13]

2024-08-24 17:41:13,773 [trainer.py] => Average Accuracy (CNN): 91.9127272727273
2024-08-24 17:41:13,775 [trainer.py] => All params: 171685633
2024-08-24 17:41:13,776 [trainer.py] => Trainable params: 85886977
2024-08-24 17:41:13,780 [aper_vpt.py] => Learning on 55-60
2024-08-24 17:42:19,449 [trainer.py] => No NME accuracy.
2024-08-24 17:42:19,449 [trainer.py] => CNN: {'total': 86.17, '00-09': 86.8, '10-19': 86.9, '20-29': 89.4, '30-39': 84.0, '40-49': 84.6, '50-59': 85.3, 'old': 85.91, 'new': 89.0}
2024-08-24 17:42:19,449 [trainer.py] => CNN top1 curve: [98.4, 96.2, 95.2, 93.5, 93.0, 92.4, 90.34, 89.8, 88.58, 87.44, 86.18, 86.17]
2024-08-24 17:42:19,449 [trainer.py] => CNN top5 curve: [100.0, 99.9, 99.33, 99.05, 98.8, 98.77, 98.49, 98.12, 97.8, 97.74, 97.13, 96.8]

2024-08-24 17:42:19,449 [trainer.py] => Average Accuracy (CNN): 91.43416666666668
2024-08-24 17:42:19,451 [trainer.py] => All params: 171693313
2024-08-24 17:42:19,452 [trainer.py] => Trainable params: 85894657
2024-08-24 17:42:19,462 [aper_vpt.py] => Learning on 60-65
2024-08-24 17:43:00,089 [trainer.py] => No NME accuracy.
2024-08-24 17:43:00,089 [trainer.py] => CNN: {'total': 85.58, '00-09': 86.7, '10-19': 86.3, '20-29': 89.4, '30-39': 83.9, '40-49': 84.4, '50-59': 83.0, '60-69': 85.2, 'old': 85.62, 'new': 85.2}
2024-08-24 17:43:00,089 [trainer.py] => CNN top1 curve: [98.4, 96.2, 95.2, 93.5, 93.0, 92.4, 90.34, 89.8, 88.58, 87.44, 86.18, 86.17, 85.58]
2024-08-24 17:43:00,089 [trainer.py] => CNN top5 curve: [100.0, 99.9, 99.33, 99.05, 98.8, 98.77, 98.49, 98.12, 97.8, 97.74, 97.13, 96.8, 96.66]

2024-08-24 17:43:00,089 [trainer.py] => Average Accuracy (CNN): 90.98384615384617
2024-08-24 17:43:00,091 [trainer.py] => All params: 171700993
2024-08-24 17:43:00,092 [trainer.py] => Trainable params: 85902337
2024-08-24 17:43:00,094 [aper_vpt.py] => Learning on 65-70
2024-08-24 17:43:35,460 [trainer.py] => No NME accuracy.
2024-08-24 17:43:35,460 [trainer.py] => CNN: {'total': 85.6, '00-09': 85.7, '10-19': 86.0, '20-29': 89.4, '30-39': 83.7, '40-49': 84.2, '50-59': 82.9, '60-69': 87.3, 'old': 85.18, 'new': 91.0}
2024-08-24 17:43:35,460 [trainer.py] => CNN top1 curve: [98.4, 96.2, 95.2, 93.5, 93.0, 92.4, 90.34, 89.8, 88.58, 87.44, 86.18, 86.17, 85.58, 85.6]
2024-08-24 17:43:35,460 [trainer.py] => CNN top5 curve: [100.0, 99.9, 99.33, 99.05, 98.8, 98.77, 98.49, 98.12, 97.8, 97.74, 97.13, 96.8, 96.66, 96.66]

2024-08-24 17:43:35,461 [trainer.py] => Average Accuracy (CNN): 90.59928571428573
2024-08-24 17:43:35,462 [trainer.py] => All params: 171708673
2024-08-24 17:43:35,463 [trainer.py] => Trainable params: 85910017
2024-08-24 17:43:35,469 [aper_vpt.py] => Learning on 70-75
2024-08-24 17:44:26,933 [trainer.py] => No NME accuracy.
2024-08-24 17:44:26,933 [trainer.py] => CNN: {'total': 84.31, '00-09': 85.0, '10-19': 84.6, '20-29': 89.3, '30-39': 83.1, '40-49': 83.7, '50-59': 82.2, '60-69': 85.3, '70-79': 78.2, 'old': 84.74, 'new': 78.2}
2024-08-24 17:44:26,933 [trainer.py] => CNN top1 curve: [98.4, 96.2, 95.2, 93.5, 93.0, 92.4, 90.34, 89.8, 88.58, 87.44, 86.18, 86.17, 85.58, 85.6, 84.31]
2024-08-24 17:44:26,933 [trainer.py] => CNN top5 curve: [100.0, 99.9, 99.33, 99.05, 98.8, 98.77, 98.49, 98.12, 97.8, 97.74, 97.13, 96.8, 96.66, 96.66, 96.43]

2024-08-24 17:44:26,933 [trainer.py] => Average Accuracy (CNN): 90.18
2024-08-24 17:44:26,935 [trainer.py] => All params: 171716353
2024-08-24 17:44:26,936 [trainer.py] => Trainable params: 85917697
2024-08-24 17:44:26,942 [aper_vpt.py] => Learning on 75-80
2024-08-24 17:45:32,484 [trainer.py] => No NME accuracy.
2024-08-24 17:45:32,484 [trainer.py] => CNN: {'total': 82.92, '00-09': 84.6, '10-19': 84.6, '20-29': 89.2, '30-39': 83.0, '40-49': 81.6, '50-59': 80.0, '60-69': 84.9, '70-79': 75.5, 'old': 83.51, 'new': 74.2}
2024-08-24 17:45:32,484 [trainer.py] => CNN top1 curve: [98.4, 96.2, 95.2, 93.5, 93.0, 92.4, 90.34, 89.8, 88.58, 87.44, 86.18, 86.17, 85.58, 85.6, 84.31, 82.92]
2024-08-24 17:45:32,484 [trainer.py] => CNN top5 curve: [100.0, 99.9, 99.33, 99.05, 98.8, 98.77, 98.49, 98.12, 97.8, 97.74, 97.13, 96.8, 96.66, 96.66, 96.43, 96.1]

2024-08-24 17:45:32,484 [trainer.py] => Average Accuracy (CNN): 89.72625000000001
2024-08-24 17:45:32,486 [trainer.py] => All params: 171724033
2024-08-24 17:45:32,487 [trainer.py] => Trainable params: 85925377
2024-08-24 17:45:32,495 [aper_vpt.py] => Learning on 80-85
2024-08-24 17:46:43,808 [trainer.py] => No NME accuracy.
2024-08-24 17:46:43,808 [trainer.py] => CNN: {'total': 82.66, '00-09': 84.4, '10-19': 84.1, '20-29': 88.5, '30-39': 82.8, '40-49': 80.6, '50-59': 79.8, '60-69': 84.2, '70-79': 75.5, '80-89': 85.4, 'old': 82.49, 'new': 85.4}
2024-08-24 17:46:43,808 [trainer.py] => CNN top1 curve: [98.4, 96.2, 95.2, 93.5, 93.0, 92.4, 90.34, 89.8, 88.58, 87.44, 86.18, 86.17, 85.58, 85.6, 84.31, 82.92, 82.66]
2024-08-24 17:46:43,808 [trainer.py] => CNN top5 curve: [100.0, 99.9, 99.33, 99.05, 98.8, 98.77, 98.49, 98.12, 97.8, 97.74, 97.13, 96.8, 96.66, 96.66, 96.43, 96.1, 96.02]

2024-08-24 17:46:43,808 [trainer.py] => Average Accuracy (CNN): 89.31058823529413
2024-08-24 17:46:43,810 [trainer.py] => All params: 171731713
2024-08-24 17:46:43,811 [trainer.py] => Trainable params: 85933057
2024-08-24 17:46:43,813 [aper_vpt.py] => Learning on 85-90
2024-08-24 17:47:54,061 [trainer.py] => No NME accuracy.
2024-08-24 17:47:54,061 [trainer.py] => CNN: {'total': 82.24, '00-09': 83.9, '10-19': 83.6, '20-29': 88.4, '30-39': 82.8, '40-49': 80.6, '50-59': 79.8, '60-69': 84.2, '70-79': 75.1, '80-89': 81.8, 'old': 82.48, 'new': 78.2}
2024-08-24 17:47:54,061 [trainer.py] => CNN top1 curve: [98.4, 96.2, 95.2, 93.5, 93.0, 92.4, 90.34, 89.8, 88.58, 87.44, 86.18, 86.17, 85.58, 85.6, 84.31, 82.92, 82.66, 82.24]
2024-08-24 17:47:54,061 [trainer.py] => CNN top5 curve: [100.0, 99.9, 99.33, 99.05, 98.8, 98.77, 98.49, 98.12, 97.8, 97.74, 97.13, 96.8, 96.66, 96.66, 96.43, 96.1, 96.02, 95.7]

2024-08-24 17:47:54,061 [trainer.py] => Average Accuracy (CNN): 88.91777777777779
2024-08-24 17:47:54,062 [trainer.py] => All params: 171739393
2024-08-24 17:47:54,064 [trainer.py] => Trainable params: 85940737
2024-08-24 17:47:54,074 [aper_vpt.py] => Learning on 90-95
2024-08-24 17:48:58,545 [trainer.py] => No NME accuracy.
2024-08-24 17:48:58,545 [trainer.py] => CNN: {'total': 82.36, '00-09': 83.4, '10-19': 83.6, '20-29': 87.9, '30-39': 82.8, '40-49': 80.4, '50-59': 79.3, '60-69': 84.1, '70-79': 74.5, '80-89': 81.7, '90-99': 89.4, 'old': 81.97, 'new': 89.4}
2024-08-24 17:48:58,545 [trainer.py] => CNN top1 curve: [98.4, 96.2, 95.2, 93.5, 93.0, 92.4, 90.34, 89.8, 88.58, 87.44, 86.18, 86.17, 85.58, 85.6, 84.31, 82.92, 82.66, 82.24, 82.36]
2024-08-24 17:48:58,545 [trainer.py] => CNN top5 curve: [100.0, 99.9, 99.33, 99.05, 98.8, 98.77, 98.49, 98.12, 97.8, 97.74, 97.13, 96.8, 96.66, 96.66, 96.43, 96.1, 96.02, 95.7, 95.63]

2024-08-24 17:48:58,545 [trainer.py] => Average Accuracy (CNN): 88.57263157894738
2024-08-24 17:48:58,547 [trainer.py] => All params: 171747073
2024-08-24 17:48:58,548 [trainer.py] => Trainable params: 85948417
2024-08-24 17:48:58,550 [aper_vpt.py] => Learning on 95-100
2024-08-24 17:50:04,361 [trainer.py] => No NME accuracy.
2024-08-24 17:50:04,362 [trainer.py] => CNN: {'total': 81.8, '00-09': 82.9, '10-19': 83.0, '20-29': 87.8, '30-39': 82.2, '40-49': 80.1, '50-59': 78.5, '60-69': 84.0, '70-79': 74.0, '80-89': 80.9, '90-99': 84.6, 'old': 81.85, 'new': 80.8}
2024-08-24 17:50:04,362 [trainer.py] => CNN top1 curve: [98.4, 96.2, 95.2, 93.5, 93.0, 92.4, 90.34, 89.8, 88.58, 87.44, 86.18, 86.17, 85.58, 85.6, 84.31, 82.92, 82.66, 82.24, 82.36, 81.8]
2024-08-24 17:50:04,362 [trainer.py] => CNN top5 curve: [100.0, 99.9, 99.33, 99.05, 98.8, 98.77, 98.49, 98.12, 97.8, 97.74, 97.13, 96.8, 96.66, 96.66, 96.43, 96.1, 96.02, 95.7, 95.63, 95.25]

2024-08-24 17:50:04,362 [trainer.py] => Average Accuracy (CNN): 88.23400000000001
