2024-08-25 14:20:33,997 [trainer.py] => config: exps/aper_vpt-deep/vtab_10_10_vit-b_vpt-deep.json
2024-08-25 14:20:33,997 [trainer.py] => prefix: exp_vpt-deep
2024-08-25 14:20:33,997 [trainer.py] => dataset: vtab
2024-08-25 14:20:33,997 [trainer.py] => memory_size: 2000
2024-08-25 14:20:33,997 [trainer.py] => memory_per_class: 20
2024-08-25 14:20:33,997 [trainer.py] => fixed_memory: False
2024-08-25 14:20:33,997 [trainer.py] => shuffle: False
2024-08-25 14:20:33,997 [trainer.py] => init_cls: 10
2024-08-25 14:20:33,997 [trainer.py] => increment: 10
2024-08-25 14:20:33,997 [trainer.py] => model_name: aper_vpt
2024-08-25 14:20:33,997 [trainer.py] => convnet_type: pretrained_vit_b16_224_in21k_vpt
2024-08-25 14:20:33,997 [trainer.py] => weight_decay: 0.0005
2024-08-25 14:20:33,997 [trainer.py] => vpt_type: deep
2024-08-25 14:20:33,997 [trainer.py] => prompt_token_num: 5
2024-08-25 14:20:33,997 [trainer.py] => ffn_num: 64
2024-08-25 14:20:33,997 [trainer.py] => optimizer: sgd
2024-08-25 14:20:33,997 [trainer.py] => min_lr: 0
2024-08-25 14:20:33,997 [trainer.py] => device: [device(type='cuda', index=0)]
2024-08-25 14:20:33,997 [trainer.py] => seed: 1993
2024-08-25 14:20:33,997 [trainer.py] => tuned_epoch: 5
2024-08-25 14:20:33,998 [trainer.py] => init_lr: 0.05
2024-08-25 14:20:33,998 [trainer.py] => batch_size: 16
2024-08-25 14:20:34,033 [data_manager.py] => [0, 1, 2, 3, 4, 5, 6, 7, 8, 9, 10, 11, 12, 13, 14, 15, 16, 17, 18, 19, 20, 21, 22, 23, 24, 25, 26, 27, 28, 29, 30, 31, 32, 33, 34, 35, 36, 37, 38, 39, 40, 41, 42, 43, 44, 45, 46, 47, 48, 49]
2024-08-25 14:20:38,124 [trainer.py] => All params: 85844736
2024-08-25 14:20:38,125 [trainer.py] => Trainable params: 46080
2024-08-25 14:20:41,699 [aper_vpt.py] => Learning on 0-10
2024-08-25 14:20:57,140 [aper_vpt.py] => Task 0, Epoch 5/5 => Loss 1.126, Train_accy 87.33, Test_accy 92.20
2024-08-25 14:21:06,952 [trainer.py] => No NME accuracy.
2024-08-25 14:21:06,953 [trainer.py] => CNN: {'total': 92.9, '00-09': 92.9, 'old': 0, 'new': 92.9}
2024-08-25 14:21:06,953 [trainer.py] => CNN top1 curve: [92.9]
2024-08-25 14:21:06,953 [trainer.py] => CNN top5 curve: [99.1]

2024-08-25 14:21:06,953 [trainer.py] => Average Accuracy (CNN): 92.9
2024-08-25 14:21:06,954 [trainer.py] => All params: 171658753
2024-08-25 14:21:06,956 [trainer.py] => Trainable params: 85860097
2024-08-25 14:21:06,957 [aper_vpt.py] => Learning on 10-20
2024-08-25 14:21:11,995 [trainer.py] => No NME accuracy.
2024-08-25 14:21:11,995 [trainer.py] => CNN: {'total': 90.71, '00-09': 92.9, '10-19': 85.25, 'old': 92.9, 'new': 85.25}
2024-08-25 14:21:11,995 [trainer.py] => CNN top1 curve: [92.9, 90.71]
2024-08-25 14:21:11,995 [trainer.py] => CNN top5 curve: [99.1, 98.93]

2024-08-25 14:21:11,996 [trainer.py] => Average Accuracy (CNN): 91.805
2024-08-25 14:21:11,997 [trainer.py] => All params: 171674113
2024-08-25 14:21:11,998 [trainer.py] => Trainable params: 85875457
2024-08-25 14:21:12,000 [aper_vpt.py] => Learning on 20-30
2024-08-25 14:21:18,836 [trainer.py] => No NME accuracy.
2024-08-25 14:21:18,836 [trainer.py] => CNN: {'total': 91.78, '00-09': 92.9, '10-19': 84.5, '20-29': 93.6, 'old': 90.5, 'new': 93.6}
2024-08-25 14:21:18,836 [trainer.py] => CNN top1 curve: [92.9, 90.71, 91.78]
2024-08-25 14:21:18,836 [trainer.py] => CNN top5 curve: [99.1, 98.93, 99.16]

2024-08-25 14:21:18,836 [trainer.py] => Average Accuracy (CNN): 91.79666666666667
2024-08-25 14:21:18,838 [trainer.py] => All params: 171689473
2024-08-25 14:21:18,839 [trainer.py] => Trainable params: 85890817
2024-08-25 14:21:18,841 [aper_vpt.py] => Learning on 30-40
2024-08-25 14:21:36,607 [trainer.py] => No NME accuracy.
2024-08-25 14:21:36,607 [trainer.py] => CNN: {'total': 84.41, '00-09': 92.6, '10-19': 84.25, '20-29': 93.6, '30-39': 81.22, 'old': 91.61, 'new': 81.22}
2024-08-25 14:21:36,607 [trainer.py] => CNN top1 curve: [92.9, 90.71, 91.78, 84.41]
2024-08-25 14:21:36,607 [trainer.py] => CNN top5 curve: [99.1, 98.93, 99.16, 98.64]

2024-08-25 14:21:36,607 [trainer.py] => Average Accuracy (CNN): 89.94999999999999
2024-08-25 14:21:36,609 [trainer.py] => All params: 171704833
2024-08-25 14:21:36,610 [trainer.py] => Trainable params: 85906177
2024-08-25 14:21:36,611 [aper_vpt.py] => Learning on 40-50
2024-08-25 14:21:54,717 [trainer.py] => No NME accuracy.
2024-08-25 14:21:54,718 [trainer.py] => CNN: {'total': 85.87, '00-09': 92.6, '10-19': 84.0, '20-29': 93.6, '30-39': 81.22, '40-49': 99.64, 'old': 84.39, 'new': 99.64}
2024-08-25 14:21:54,718 [trainer.py] => CNN top1 curve: [92.9, 90.71, 91.78, 84.41, 85.87]
2024-08-25 14:21:54,718 [trainer.py] => CNN top5 curve: [99.1, 98.93, 99.16, 98.64, 98.76]

2024-08-25 14:21:54,718 [trainer.py] => Average Accuracy (CNN): 89.13399999999999
