2024-08-24 18:48:51,743 [trainer.py] => config: exps/aper_vpt-shallow/vtab_10_10_vit-b_vpt-shallow.json
2024-08-24 18:48:51,743 [trainer.py] => prefix: exp_vpt-shallow
2024-08-24 18:48:51,743 [trainer.py] => dataset: vtab
2024-08-24 18:48:51,743 [trainer.py] => memory_size: 2000
2024-08-24 18:48:51,743 [trainer.py] => memory_per_class: 20
2024-08-24 18:48:51,743 [trainer.py] => fixed_memory: False
2024-08-24 18:48:51,743 [trainer.py] => shuffle: False
2024-08-24 18:48:51,743 [trainer.py] => init_cls: 10
2024-08-24 18:48:51,743 [trainer.py] => increment: 10
2024-08-24 18:48:51,743 [trainer.py] => model_name: aper_vpt
2024-08-24 18:48:51,743 [trainer.py] => convnet_type: pretrained_vit_b16_224_in21k_vpt
2024-08-24 18:48:51,743 [trainer.py] => weight_decay: 0.0005
2024-08-24 18:48:51,743 [trainer.py] => vpt_type: shallow
2024-08-24 18:48:51,743 [trainer.py] => prompt_token_num: 5
2024-08-24 18:48:51,743 [trainer.py] => ffn_num: 64
2024-08-24 18:48:51,743 [trainer.py] => optimizer: sgd
2024-08-24 18:48:51,743 [trainer.py] => min_lr: 0
2024-08-24 18:48:51,743 [trainer.py] => device: [device(type='cuda', index=0)]
2024-08-24 18:48:51,743 [trainer.py] => seed: 1993
2024-08-24 18:48:51,744 [trainer.py] => tuned_epoch: 20
2024-08-24 18:48:51,744 [trainer.py] => init_lr: 0.01
2024-08-24 18:48:51,744 [trainer.py] => batch_size: 48
2024-08-24 18:48:51,786 [data_manager.py] => [0, 1, 2, 3, 4, 5, 6, 7, 8, 9, 10, 11, 12, 13, 14, 15, 16, 17, 18, 19, 20, 21, 22, 23, 24, 25, 26, 27, 28, 29, 30, 31, 32, 33, 34, 35, 36, 37, 38, 39, 40, 41, 42, 43, 44, 45, 46, 47, 48, 49]
2024-08-24 18:48:56,236 [trainer.py] => All params: 85802496
2024-08-24 18:48:56,237 [trainer.py] => Trainable params: 3840
2024-08-24 18:49:02,034 [aper_vpt.py] => Learning on 0-10
2024-08-24 18:51:41,206 [aper_vpt.py] => Task 0, Epoch 20/20 => Loss 2.085, Train_accy 45.25, Test_accy 39.20
2024-08-24 18:51:58,995 [trainer.py] => No NME accuracy.
2024-08-24 18:51:58,996 [trainer.py] => CNN: {'total': 87.0, '00-09': 87.0, 'old': 0, 'new': 87.0}
2024-08-24 18:51:58,996 [trainer.py] => CNN top1 curve: [87.0]
2024-08-24 18:51:58,996 [trainer.py] => CNN top5 curve: [98.9]

2024-08-24 18:51:58,996 [trainer.py] => Average Accuracy (CNN): 87.0
2024-08-24 18:51:58,997 [trainer.py] => All params: 171616513
2024-08-24 18:51:58,998 [trainer.py] => Trainable params: 85817857
2024-08-24 18:51:59,003 [aper_vpt.py] => Learning on 10-20
2024-08-24 18:52:13,632 [trainer.py] => No NME accuracy.
2024-08-24 18:52:13,632 [trainer.py] => CNN: {'total': 86.0, '00-09': 86.8, '10-19': 84.0, 'old': 86.8, 'new': 84.0}
2024-08-24 18:52:13,632 [trainer.py] => CNN top1 curve: [87.0, 86.0]
2024-08-24 18:52:13,632 [trainer.py] => CNN top5 curve: [98.9, 98.57]

2024-08-24 18:52:13,632 [trainer.py] => Average Accuracy (CNN): 86.5
2024-08-24 18:52:13,634 [trainer.py] => All params: 171631873
2024-08-24 18:52:13,635 [trainer.py] => Trainable params: 85833217
2024-08-24 18:52:13,640 [aper_vpt.py] => Learning on 20-30
2024-08-24 18:52:37,732 [trainer.py] => No NME accuracy.
2024-08-24 18:52:37,732 [trainer.py] => CNN: {'total': 89.22, '00-09': 86.8, '10-19': 83.75, '20-29': 93.91, 'old': 85.93, 'new': 93.91}
2024-08-24 18:52:37,732 [trainer.py] => CNN top1 curve: [87.0, 86.0, 89.22]
2024-08-24 18:52:37,732 [trainer.py] => CNN top5 curve: [98.9, 98.57, 99.12]

2024-08-24 18:52:37,733 [trainer.py] => Average Accuracy (CNN): 87.40666666666668
2024-08-24 18:52:37,734 [trainer.py] => All params: 171647233
2024-08-24 18:52:37,735 [trainer.py] => Trainable params: 85848577
2024-08-24 18:52:37,742 [aper_vpt.py] => Learning on 30-40
2024-08-24 18:53:59,246 [trainer.py] => No NME accuracy.
2024-08-24 18:53:59,246 [trainer.py] => CNN: {'total': 81.0, '00-09': 86.5, '10-19': 83.5, '20-29': 93.91, '30-39': 77.44, 'old': 89.06, 'new': 77.44}
2024-08-24 18:53:59,246 [trainer.py] => CNN top1 curve: [87.0, 86.0, 89.22, 81.0]
2024-08-24 18:53:59,246 [trainer.py] => CNN top5 curve: [98.9, 98.57, 99.12, 98.24]

2024-08-24 18:53:59,246 [trainer.py] => Average Accuracy (CNN): 85.805
2024-08-24 18:53:59,247 [trainer.py] => All params: 171662593
2024-08-24 18:53:59,249 [trainer.py] => Trainable params: 85863937
2024-08-24 18:53:59,258 [aper_vpt.py] => Learning on 40-50
2024-08-24 18:55:13,337 [trainer.py] => No NME accuracy.
2024-08-24 18:55:13,337 [trainer.py] => CNN: {'total': 82.78, '00-09': 86.5, '10-19': 83.0, '20-29': 93.91, '30-39': 77.44, '40-49': 99.64, 'old': 80.98, 'new': 99.64}
2024-08-24 18:55:13,337 [trainer.py] => CNN top1 curve: [87.0, 86.0, 89.22, 81.0, 82.78]
2024-08-24 18:55:13,337 [trainer.py] => CNN top5 curve: [98.9, 98.57, 99.12, 98.24, 98.35]

2024-08-24 18:55:13,338 [trainer.py] => Average Accuracy (CNN): 85.2
