2024-08-25 10:22:06,608 [trainer.py] => config: exps/aper_finetune/imagenetr_5_5_vit-b_finetune.json
2024-08-25 10:22:06,608 [trainer.py] => prefix: exp
2024-08-25 10:22:06,608 [trainer.py] => dataset: imagenetr
2024-08-25 10:22:06,608 [trainer.py] => memory_size: 2000
2024-08-25 10:22:06,608 [trainer.py] => memory_per_class: 20
2024-08-25 10:22:06,609 [trainer.py] => fixed_memory: False
2024-08-25 10:22:06,609 [trainer.py] => shuffle: True
2024-08-25 10:22:06,609 [trainer.py] => init_cls: 5
2024-08-25 10:22:06,609 [trainer.py] => increment: 5
2024-08-25 10:22:06,609 [trainer.py] => model_name: aper_finetune
2024-08-25 10:22:06,609 [trainer.py] => convnet_type: pretrained_vit_b16_224_in21k
2024-08-25 10:22:06,609 [trainer.py] => weight_decay: 0.0005
2024-08-25 10:22:06,609 [trainer.py] => optimizer: sgd
2024-08-25 10:22:06,609 [trainer.py] => min_lr: 0
2024-08-25 10:22:06,609 [trainer.py] => device: [device(type='cuda', index=0)]
2024-08-25 10:22:06,609 [trainer.py] => seed: 1993
2024-08-25 10:22:06,609 [trainer.py] => tuned_epoch: 5
2024-08-25 10:22:06,609 [trainer.py] => init_lr: 0.01
2024-08-25 10:22:06,609 [trainer.py] => batch_size: 128
2024-08-25 10:22:06,716 [data_manager.py] => [168, 136, 51, 9, 183, 101, 171, 99, 42, 159, 191, 70, 16, 188, 27, 10, 175, 26, 68, 187, 98, 6, 85, 35, 112, 43, 100, 0, 103, 181, 88, 59, 4, 2, 116, 174, 94, 80, 106, 1, 147, 17, 141, 131, 72, 23, 173, 54, 197, 118, 87, 32, 79, 104, 91, 19, 135, 107, 178, 36, 11, 199, 142, 8, 122, 3, 28, 57, 153, 172, 190, 56, 49, 44, 97, 62, 151, 169, 194, 55, 192, 12, 189, 78, 66, 180, 15, 137, 109, 134, 92, 119, 126, 52, 170, 40, 148, 65, 144, 64, 138, 45, 77, 89, 154, 90, 71, 193, 74, 30, 113, 143, 96, 84, 67, 50, 186, 156, 69, 21, 18, 111, 108, 58, 125, 157, 150, 110, 182, 129, 166, 83, 81, 60, 13, 165, 14, 176, 63, 117, 5, 22, 145, 121, 38, 41, 82, 127, 114, 20, 31, 53, 37, 163, 196, 130, 152, 162, 86, 76, 24, 34, 184, 149, 33, 128, 198, 155, 146, 167, 139, 120, 140, 102, 47, 25, 158, 123, 46, 164, 61, 7, 115, 75, 133, 160, 105, 132, 179, 124, 48, 73, 93, 39, 95, 195, 29, 177, 185, 161]
2024-08-25 10:22:09,291 [trainer.py] => All params: 85798656
2024-08-25 10:22:09,292 [trainer.py] => Trainable params: 85798656
2024-08-25 10:22:14,077 [aper_finetune.py] => Learning on 0-5
2024-08-25 10:22:50,806 [aper_finetune.py] => Task 0, Epoch 5/5 => Loss 1.399, Train_accy 87.35, Test_accy 92.41
2024-08-25 10:23:02,575 [trainer.py] => No NME accuracy.
2024-08-25 10:23:02,576 [trainer.py] => CNN: {'total': 95.17, '00-09': 95.17, 'old': 0, 'new': 95.17}
2024-08-25 10:23:02,576 [trainer.py] => CNN top1 curve: [95.17]
2024-08-25 10:23:02,576 [trainer.py] => CNN top5 curve: [100.0]

2024-08-25 10:23:02,576 [trainer.py] => Average Accuracy (CNN): 95.17
2024-08-25 10:23:02,577 [trainer.py] => All params: 171604993
2024-08-25 10:23:02,578 [trainer.py] => Trainable params: 171604993
2024-08-25 10:23:02,586 [aper_finetune.py] => Learning on 5-10
2024-08-25 10:23:11,052 [trainer.py] => No NME accuracy.
2024-08-25 10:23:11,052 [trainer.py] => CNN: {'total': 87.38, '00-09': 87.38, 'old': 91.72, 'new': 83.72}
2024-08-25 10:23:11,052 [trainer.py] => CNN top1 curve: [95.17, 87.38]
2024-08-25 10:23:11,052 [trainer.py] => CNN top5 curve: [100.0, 99.37]

2024-08-25 10:23:11,052 [trainer.py] => Average Accuracy (CNN): 91.275
2024-08-25 10:23:11,054 [trainer.py] => All params: 171612673
2024-08-25 10:23:11,055 [trainer.py] => Trainable params: 171612673
2024-08-25 10:23:11,056 [aper_finetune.py] => Learning on 10-15
2024-08-25 10:23:20,003 [trainer.py] => No NME accuracy.
2024-08-25 10:23:20,003 [trainer.py] => CNN: {'total': 85.64, '00-09': 83.91, '10-19': 87.85, 'old': 83.91, 'new': 87.85}
2024-08-25 10:23:20,003 [trainer.py] => CNN top1 curve: [95.17, 87.38, 85.64]
2024-08-25 10:23:20,003 [trainer.py] => CNN top5 curve: [100.0, 99.37, 96.81]

2024-08-25 10:23:20,004 [trainer.py] => Average Accuracy (CNN): 89.39666666666666
2024-08-25 10:23:20,005 [trainer.py] => All params: 171620353
2024-08-25 10:23:20,006 [trainer.py] => Trainable params: 171620353
2024-08-25 10:23:20,010 [aper_finetune.py] => Learning on 15-20
2024-08-25 10:23:28,721 [trainer.py] => No NME accuracy.
2024-08-25 10:23:28,721 [trainer.py] => CNN: {'total': 83.02, '00-09': 81.7, '10-19': 84.14, 'old': 82.62, 'new': 84.8}
2024-08-25 10:23:28,722 [trainer.py] => CNN top1 curve: [95.17, 87.38, 85.64, 83.02]
2024-08-25 10:23:28,722 [trainer.py] => CNN top5 curve: [100.0, 99.37, 96.81, 96.23]

2024-08-25 10:23:28,722 [trainer.py] => Average Accuracy (CNN): 87.8025
2024-08-25 10:23:28,723 [trainer.py] => All params: 171628033
2024-08-25 10:23:28,724 [trainer.py] => Trainable params: 171628033
2024-08-25 10:23:28,729 [aper_finetune.py] => Learning on 20-25
2024-08-25 10:23:38,214 [trainer.py] => No NME accuracy.
2024-08-25 10:23:38,214 [trainer.py] => CNN: {'total': 81.83, '00-09': 81.39, '10-19': 82.26, '20-29': 81.69, 'old': 81.86, 'new': 81.69}
2024-08-25 10:23:38,214 [trainer.py] => CNN top1 curve: [95.17, 87.38, 85.64, 83.02, 81.83]
2024-08-25 10:23:38,214 [trainer.py] => CNN top5 curve: [100.0, 99.37, 96.81, 96.23, 95.07]

2024-08-25 10:23:38,215 [trainer.py] => Average Accuracy (CNN): 86.60799999999999
2024-08-25 10:23:38,216 [trainer.py] => All params: 171635713
2024-08-25 10:23:38,217 [trainer.py] => Trainable params: 171635713
2024-08-25 10:23:38,221 [aper_finetune.py] => Learning on 25-30
2024-08-25 10:23:49,075 [trainer.py] => No NME accuracy.
2024-08-25 10:23:49,076 [trainer.py] => CNN: {'total': 79.58, '00-09': 79.81, '10-19': 81.72, '20-29': 76.67, 'old': 80.99, 'new': 72.15}
2024-08-25 10:23:49,076 [trainer.py] => CNN top1 curve: [95.17, 87.38, 85.64, 83.02, 81.83, 79.58]
2024-08-25 10:23:49,076 [trainer.py] => CNN top5 curve: [100.0, 99.37, 96.81, 96.23, 95.07, 94.34]

2024-08-25 10:23:49,076 [trainer.py] => Average Accuracy (CNN): 85.43666666666667
2024-08-25 10:23:49,077 [trainer.py] => All params: 171643393
2024-08-25 10:23:49,078 [trainer.py] => Trainable params: 171643393
2024-08-25 10:23:49,083 [aper_finetune.py] => Learning on 30-35
2024-08-25 10:24:00,616 [trainer.py] => No NME accuracy.
2024-08-25 10:24:00,616 [trainer.py] => CNN: {'total': 78.77, '00-09': 79.18, '10-19': 80.91, '20-29': 75.67, '30-39': 78.81, 'old': 78.77, 'new': 78.81}
2024-08-25 10:24:00,617 [trainer.py] => CNN top1 curve: [95.17, 87.38, 85.64, 83.02, 81.83, 79.58, 78.77]
2024-08-25 10:24:00,617 [trainer.py] => CNN top5 curve: [100.0, 99.37, 96.81, 96.23, 95.07, 94.34, 93.6]

2024-08-25 10:24:00,617 [trainer.py] => Average Accuracy (CNN): 84.48428571428572
2024-08-25 10:24:00,618 [trainer.py] => All params: 171651073
2024-08-25 10:24:00,619 [trainer.py] => Trainable params: 171651073
2024-08-25 10:24:00,624 [aper_finetune.py] => Learning on 35-40
2024-08-25 10:24:14,487 [trainer.py] => No NME accuracy.
2024-08-25 10:24:14,487 [trainer.py] => CNN: {'total': 76.46, '00-09': 78.86, '10-19': 79.57, '20-29': 74.33, '30-39': 72.59, 'old': 76.93, 'new': 73.48}
2024-08-25 10:24:14,487 [trainer.py] => CNN top1 curve: [95.17, 87.38, 85.64, 83.02, 81.83, 79.58, 78.77, 76.46]
2024-08-25 10:24:14,487 [trainer.py] => CNN top5 curve: [100.0, 99.37, 96.81, 96.23, 95.07, 94.34, 93.6, 92.88]

2024-08-25 10:24:14,487 [trainer.py] => Average Accuracy (CNN): 83.48125
2024-08-25 10:24:14,489 [trainer.py] => All params: 171658753
2024-08-25 10:24:14,490 [trainer.py] => Trainable params: 171658753
2024-08-25 10:24:14,494 [aper_finetune.py] => Learning on 40-45
2024-08-25 10:24:27,077 [trainer.py] => No NME accuracy.
2024-08-25 10:24:27,078 [trainer.py] => CNN: {'total': 76.14, '00-09': 77.6, '10-19': 78.49, '20-29': 73.67, '30-39': 72.59, '40-49': 80.14, 'old': 75.7, 'new': 80.14}
2024-08-25 10:24:27,078 [trainer.py] => CNN top1 curve: [95.17, 87.38, 85.64, 83.02, 81.83, 79.58, 78.77, 76.46, 76.14]
2024-08-25 10:24:27,078 [trainer.py] => CNN top5 curve: [100.0, 99.37, 96.81, 96.23, 95.07, 94.34, 93.6, 92.88, 92.3]

2024-08-25 10:24:27,078 [trainer.py] => Average Accuracy (CNN): 82.66555555555556
2024-08-25 10:24:27,079 [trainer.py] => All params: 171666433
2024-08-25 10:24:27,081 [trainer.py] => Trainable params: 171666433
2024-08-25 10:24:27,085 [aper_finetune.py] => Learning on 45-50
2024-08-25 10:24:40,783 [trainer.py] => No NME accuracy.
2024-08-25 10:24:40,783 [trainer.py] => CNN: {'total': 75.42, '00-09': 77.29, '10-19': 78.23, '20-29': 72.0, '30-39': 70.78, '40-49': 78.48, 'old': 74.91, 'new': 80.13}
2024-08-25 10:24:40,783 [trainer.py] => CNN top1 curve: [95.17, 87.38, 85.64, 83.02, 81.83, 79.58, 78.77, 76.46, 76.14, 75.42]
2024-08-25 10:24:40,783 [trainer.py] => CNN top5 curve: [100.0, 99.37, 96.81, 96.23, 95.07, 94.34, 93.6, 92.88, 92.3, 91.07]

2024-08-25 10:24:40,783 [trainer.py] => Average Accuracy (CNN): 81.941
2024-08-25 10:24:40,785 [trainer.py] => All params: 171674113
2024-08-25 10:24:40,786 [trainer.py] => Trainable params: 171674113
2024-08-25 10:24:40,790 [aper_finetune.py] => Learning on 50-55
2024-08-25 10:24:56,250 [trainer.py] => No NME accuracy.
2024-08-25 10:24:56,251 [trainer.py] => CNN: {'total': 74.64, '00-09': 76.66, '10-19': 77.15, '20-29': 71.0, '30-39': 70.48, '40-49': 77.81, '50-59': 74.21, 'old': 74.68, 'new': 74.21}
2024-08-25 10:24:56,251 [trainer.py] => CNN top1 curve: [95.17, 87.38, 85.64, 83.02, 81.83, 79.58, 78.77, 76.46, 76.14, 75.42, 74.64]
2024-08-25 10:24:56,251 [trainer.py] => CNN top5 curve: [100.0, 99.37, 96.81, 96.23, 95.07, 94.34, 93.6, 92.88, 92.3, 91.07, 90.63]

2024-08-25 10:24:56,251 [trainer.py] => Average Accuracy (CNN): 81.27727272727272
2024-08-25 10:24:56,252 [trainer.py] => All params: 171681793
2024-08-25 10:24:56,254 [trainer.py] => Trainable params: 171681793
2024-08-25 10:24:56,259 [aper_finetune.py] => Learning on 55-60
2024-08-25 10:25:13,087 [trainer.py] => No NME accuracy.
2024-08-25 10:25:13,087 [trainer.py] => CNN: {'total': 73.79, '00-09': 76.34, '10-19': 76.08, '20-29': 70.33, '30-39': 70.18, '40-49': 77.81, '50-59': 71.71, 'old': 74.13, 'new': 69.66}
2024-08-25 10:25:13,087 [trainer.py] => CNN top1 curve: [95.17, 87.38, 85.64, 83.02, 81.83, 79.58, 78.77, 76.46, 76.14, 75.42, 74.64, 73.79]
2024-08-25 10:25:13,087 [trainer.py] => CNN top5 curve: [100.0, 99.37, 96.81, 96.23, 95.07, 94.34, 93.6, 92.88, 92.3, 91.07, 90.63, 90.35]

2024-08-25 10:25:13,087 [trainer.py] => Average Accuracy (CNN): 80.65333333333332
2024-08-25 10:25:13,089 [trainer.py] => All params: 171689473
2024-08-25 10:25:13,090 [trainer.py] => Trainable params: 171689473
2024-08-25 10:25:13,095 [aper_finetune.py] => Learning on 60-65
2024-08-25 10:25:30,413 [trainer.py] => No NME accuracy.
2024-08-25 10:25:30,414 [trainer.py] => CNN: {'total': 72.41, '00-09': 75.71, '10-19': 75.54, '20-29': 70.0, '30-39': 68.67, '40-49': 77.48, '50-59': 71.38, '60-69': 62.33, 'old': 73.17, 'new': 62.33}
2024-08-25 10:25:30,414 [trainer.py] => CNN top1 curve: [95.17, 87.38, 85.64, 83.02, 81.83, 79.58, 78.77, 76.46, 76.14, 75.42, 74.64, 73.79, 72.41]
2024-08-25 10:25:30,414 [trainer.py] => CNN top5 curve: [100.0, 99.37, 96.81, 96.23, 95.07, 94.34, 93.6, 92.88, 92.3, 91.07, 90.63, 90.35, 89.24]

2024-08-25 10:25:30,414 [trainer.py] => Average Accuracy (CNN): 80.01923076923077
2024-08-25 10:25:30,415 [trainer.py] => All params: 171697153
2024-08-25 10:25:30,416 [trainer.py] => Trainable params: 171697153
2024-08-25 10:25:30,418 [aper_finetune.py] => Learning on 65-70
2024-08-25 10:25:47,126 [trainer.py] => No NME accuracy.
2024-08-25 10:25:47,127 [trainer.py] => CNN: {'total': 72.31, '00-09': 75.71, '10-19': 75.54, '20-29': 70.0, '30-39': 68.37, '40-49': 76.82, '50-59': 71.38, '60-69': 67.79, 'old': 72.21, 'new': 73.68}
2024-08-25 10:25:47,127 [trainer.py] => CNN top1 curve: [95.17, 87.38, 85.64, 83.02, 81.83, 79.58, 78.77, 76.46, 76.14, 75.42, 74.64, 73.79, 72.41, 72.31]
2024-08-25 10:25:47,127 [trainer.py] => CNN top5 curve: [100.0, 99.37, 96.81, 96.23, 95.07, 94.34, 93.6, 92.88, 92.3, 91.07, 90.63, 90.35, 89.24, 88.85]

2024-08-25 10:25:47,127 [trainer.py] => Average Accuracy (CNN): 79.46857142857142
2024-08-25 10:25:47,128 [trainer.py] => All params: 171704833
2024-08-25 10:25:47,129 [trainer.py] => Trainable params: 171704833
2024-08-25 10:25:47,134 [aper_finetune.py] => Learning on 70-75
2024-08-25 10:26:04,197 [trainer.py] => No NME accuracy.
2024-08-25 10:26:04,198 [trainer.py] => CNN: {'total': 72.17, '00-09': 75.39, '10-19': 75.54, '20-29': 70.0, '30-39': 68.37, '40-49': 76.82, '50-59': 71.05, '60-69': 67.45, '70-79': 72.0, 'old': 72.18, 'new': 72.0}
2024-08-25 10:26:04,198 [trainer.py] => CNN top1 curve: [95.17, 87.38, 85.64, 83.02, 81.83, 79.58, 78.77, 76.46, 76.14, 75.42, 74.64, 73.79, 72.41, 72.31, 72.17]
2024-08-25 10:26:04,198 [trainer.py] => CNN top5 curve: [100.0, 99.37, 96.81, 96.23, 95.07, 94.34, 93.6, 92.88, 92.3, 91.07, 90.63, 90.35, 89.24, 88.85, 88.38]

2024-08-25 10:26:04,198 [trainer.py] => Average Accuracy (CNN): 78.982
2024-08-25 10:26:04,199 [trainer.py] => All params: 171712513
2024-08-25 10:26:04,200 [trainer.py] => Trainable params: 171712513
2024-08-25 10:26:04,205 [aper_finetune.py] => Learning on 75-80
2024-08-25 10:26:22,969 [trainer.py] => No NME accuracy.
2024-08-25 10:26:22,969 [trainer.py] => CNN: {'total': 71.7, '00-09': 74.76, '10-19': 73.92, '20-29': 69.33, '30-39': 68.37, '40-49': 74.83, '50-59': 70.39, '60-69': 66.11, '70-79': 75.82, 'old': 71.23, 'new': 79.05}
2024-08-25 10:26:22,969 [trainer.py] => CNN top1 curve: [95.17, 87.38, 85.64, 83.02, 81.83, 79.58, 78.77, 76.46, 76.14, 75.42, 74.64, 73.79, 72.41, 72.31, 72.17, 71.7]
2024-08-25 10:26:22,970 [trainer.py] => CNN top5 curve: [100.0, 99.37, 96.81, 96.23, 95.07, 94.34, 93.6, 92.88, 92.3, 91.07, 90.63, 90.35, 89.24, 88.85, 88.38, 88.27]

2024-08-25 10:26:22,970 [trainer.py] => Average Accuracy (CNN): 78.526875
2024-08-25 10:26:22,971 [trainer.py] => All params: 171720193
2024-08-25 10:26:22,973 [trainer.py] => Trainable params: 171720193
2024-08-25 10:26:22,979 [aper_finetune.py] => Learning on 80-85
2024-08-25 10:26:41,558 [trainer.py] => No NME accuracy.
2024-08-25 10:26:41,558 [trainer.py] => CNN: {'total': 71.04, '00-09': 74.76, '10-19': 73.66, '20-29': 69.0, '30-39': 67.77, '40-49': 74.83, '50-59': 70.39, '60-69': 65.77, '70-79': 74.73, '80-89': 64.62, 'old': 71.38, 'new': 64.62}
2024-08-25 10:26:41,558 [trainer.py] => CNN top1 curve: [95.17, 87.38, 85.64, 83.02, 81.83, 79.58, 78.77, 76.46, 76.14, 75.42, 74.64, 73.79, 72.41, 72.31, 72.17, 71.7, 71.04]
2024-08-25 10:26:41,558 [trainer.py] => CNN top5 curve: [100.0, 99.37, 96.81, 96.23, 95.07, 94.34, 93.6, 92.88, 92.3, 91.07, 90.63, 90.35, 89.24, 88.85, 88.38, 88.27, 87.67]

2024-08-25 10:26:41,558 [trainer.py] => Average Accuracy (CNN): 78.0864705882353
2024-08-25 10:26:41,560 [trainer.py] => All params: 171727873
2024-08-25 10:26:41,561 [trainer.py] => Trainable params: 171727873
2024-08-25 10:26:41,566 [aper_finetune.py] => Learning on 85-90
2024-08-25 10:27:02,483 [trainer.py] => No NME accuracy.
2024-08-25 10:27:02,484 [trainer.py] => CNN: {'total': 69.73, '00-09': 74.13, '10-19': 73.39, '20-29': 68.33, '30-39': 67.47, '40-49': 73.51, '50-59': 69.08, '60-69': 64.77, '70-79': 73.99, '80-89': 62.58, 'old': 70.32, 'new': 61.11}
2024-08-25 10:27:02,484 [trainer.py] => CNN top1 curve: [95.17, 87.38, 85.64, 83.02, 81.83, 79.58, 78.77, 76.46, 76.14, 75.42, 74.64, 73.79, 72.41, 72.31, 72.17, 71.7, 71.04, 69.73]
2024-08-25 10:27:02,484 [trainer.py] => CNN top5 curve: [100.0, 99.37, 96.81, 96.23, 95.07, 94.34, 93.6, 92.88, 92.3, 91.07, 90.63, 90.35, 89.24, 88.85, 88.38, 88.27, 87.67, 86.54]

2024-08-25 10:27:02,484 [trainer.py] => Average Accuracy (CNN): 77.62222222222222
2024-08-25 10:27:02,485 [trainer.py] => All params: 171735553
2024-08-25 10:27:02,487 [trainer.py] => Trainable params: 171735553
2024-08-25 10:27:02,492 [aper_finetune.py] => Learning on 90-95
2024-08-25 10:27:22,270 [trainer.py] => No NME accuracy.
2024-08-25 10:27:22,271 [trainer.py] => CNN: {'total': 68.86, '00-09': 74.13, '10-19': 73.12, '20-29': 68.0, '30-39': 67.17, '40-49': 72.52, '50-59': 69.08, '60-69': 64.09, '70-79': 72.89, '80-89': 62.58, '90-99': 55.45, 'old': 69.34, 'new': 55.45}
2024-08-25 10:27:22,271 [trainer.py] => CNN top1 curve: [95.17, 87.38, 85.64, 83.02, 81.83, 79.58, 78.77, 76.46, 76.14, 75.42, 74.64, 73.79, 72.41, 72.31, 72.17, 71.7, 71.04, 69.73, 68.86]
2024-08-25 10:27:22,271 [trainer.py] => CNN top5 curve: [100.0, 99.37, 96.81, 96.23, 95.07, 94.34, 93.6, 92.88, 92.3, 91.07, 90.63, 90.35, 89.24, 88.85, 88.38, 88.27, 87.67, 86.54, 86.15]

2024-08-25 10:27:22,271 [trainer.py] => Average Accuracy (CNN): 77.16105263157894
2024-08-25 10:27:22,272 [trainer.py] => All params: 171743233
2024-08-25 10:27:22,273 [trainer.py] => Trainable params: 171743233
2024-08-25 10:27:22,279 [aper_finetune.py] => Learning on 95-100
2024-08-25 10:27:42,002 [trainer.py] => No NME accuracy.
2024-08-25 10:27:42,003 [trainer.py] => CNN: {'total': 68.64, '00-09': 73.82, '10-19': 72.31, '20-29': 68.0, '30-39': 67.17, '40-49': 69.87, '50-59': 69.08, '60-69': 64.09, '70-79': 72.89, '80-89': 62.26, '90-99': 64.97, 'old': 68.41, 'new': 77.63}
2024-08-25 10:27:42,003 [trainer.py] => CNN top1 curve: [95.17, 87.38, 85.64, 83.02, 81.83, 79.58, 78.77, 76.46, 76.14, 75.42, 74.64, 73.79, 72.41, 72.31, 72.17, 71.7, 71.04, 69.73, 68.86, 68.64]
2024-08-25 10:27:42,003 [trainer.py] => CNN top5 curve: [100.0, 99.37, 96.81, 96.23, 95.07, 94.34, 93.6, 92.88, 92.3, 91.07, 90.63, 90.35, 89.24, 88.85, 88.38, 88.27, 87.67, 86.54, 86.15, 86.03]

2024-08-25 10:27:42,003 [trainer.py] => Average Accuracy (CNN): 76.735
2024-08-25 10:27:42,004 [trainer.py] => All params: 171750913
2024-08-25 10:27:42,005 [trainer.py] => Trainable params: 171750913
2024-08-25 10:27:42,011 [aper_finetune.py] => Learning on 100-105
2024-08-25 10:28:04,077 [trainer.py] => No NME accuracy.
2024-08-25 10:28:04,078 [trainer.py] => CNN: {'total': 68.31, '00-09': 72.24, '10-19': 72.31, '20-29': 68.0, '30-39': 67.17, '40-49': 69.87, '50-59': 68.42, '60-69': 63.76, '70-79': 72.53, '80-89': 61.29, '90-99': 64.97, '100-109': 69.74, 'old': 68.24, 'new': 69.74}
2024-08-25 10:28:04,078 [trainer.py] => CNN top1 curve: [95.17, 87.38, 85.64, 83.02, 81.83, 79.58, 78.77, 76.46, 76.14, 75.42, 74.64, 73.79, 72.41, 72.31, 72.17, 71.7, 71.04, 69.73, 68.86, 68.64, 68.31]
2024-08-25 10:28:04,078 [trainer.py] => CNN top5 curve: [100.0, 99.37, 96.81, 96.23, 95.07, 94.34, 93.6, 92.88, 92.3, 91.07, 90.63, 90.35, 89.24, 88.85, 88.38, 88.27, 87.67, 86.54, 86.15, 86.03, 85.91]

2024-08-25 10:28:04,078 [trainer.py] => Average Accuracy (CNN): 76.33380952380952
2024-08-25 10:28:04,079 [trainer.py] => All params: 171758593
2024-08-25 10:28:04,080 [trainer.py] => Trainable params: 171758593
2024-08-25 10:28:04,086 [aper_finetune.py] => Learning on 105-110
2024-08-25 10:28:25,614 [trainer.py] => No NME accuracy.
2024-08-25 10:28:25,614 [trainer.py] => CNN: {'total': 67.85, '00-09': 71.92, '10-19': 71.24, '20-29': 68.0, '30-39': 66.87, '40-49': 68.87, '50-59': 68.42, '60-69': 63.42, '70-79': 72.53, '80-89': 60.65, '90-99': 64.97, '100-109': 67.96, 'old': 67.87, 'new': 67.42}
2024-08-25 10:28:25,614 [trainer.py] => CNN top1 curve: [95.17, 87.38, 85.64, 83.02, 81.83, 79.58, 78.77, 76.46, 76.14, 75.42, 74.64, 73.79, 72.41, 72.31, 72.17, 71.7, 71.04, 69.73, 68.86, 68.64, 68.31, 67.85]
2024-08-25 10:28:25,614 [trainer.py] => CNN top5 curve: [100.0, 99.37, 96.81, 96.23, 95.07, 94.34, 93.6, 92.88, 92.3, 91.07, 90.63, 90.35, 89.24, 88.85, 88.38, 88.27, 87.67, 86.54, 86.15, 86.03, 85.91, 85.35]

2024-08-25 10:28:25,614 [trainer.py] => Average Accuracy (CNN): 75.94818181818181
2024-08-25 10:28:25,616 [trainer.py] => All params: 171766273
2024-08-25 10:28:25,617 [trainer.py] => Trainable params: 171766273
2024-08-25 10:28:25,624 [aper_finetune.py] => Learning on 110-115
2024-08-25 10:28:50,126 [trainer.py] => No NME accuracy.
2024-08-25 10:28:50,127 [trainer.py] => CNN: {'total': 67.15, '00-09': 71.92, '10-19': 70.43, '20-29': 67.0, '30-39': 66.87, '40-49': 68.87, '50-59': 68.09, '60-69': 61.74, '70-79': 71.79, '80-89': 60.65, '90-99': 64.97, '100-109': 67.96, '110-119': 60.71, 'old': 67.42, 'new': 60.71}
2024-08-25 10:28:50,127 [trainer.py] => CNN top1 curve: [95.17, 87.38, 85.64, 83.02, 81.83, 79.58, 78.77, 76.46, 76.14, 75.42, 74.64, 73.79, 72.41, 72.31, 72.17, 71.7, 71.04, 69.73, 68.86, 68.64, 68.31, 67.85, 67.15]
2024-08-25 10:28:50,127 [trainer.py] => CNN top5 curve: [100.0, 99.37, 96.81, 96.23, 95.07, 94.34, 93.6, 92.88, 92.3, 91.07, 90.63, 90.35, 89.24, 88.85, 88.38, 88.27, 87.67, 86.54, 86.15, 86.03, 85.91, 85.35, 84.57]

2024-08-25 10:28:50,127 [trainer.py] => Average Accuracy (CNN): 75.56565217391304
2024-08-25 10:28:50,128 [trainer.py] => All params: 171773953
2024-08-25 10:28:50,129 [trainer.py] => Trainable params: 171773953
2024-08-25 10:28:50,135 [aper_finetune.py] => Learning on 115-120
2024-08-25 10:29:15,091 [trainer.py] => No NME accuracy.
2024-08-25 10:29:15,091 [trainer.py] => CNN: {'total': 66.83, '00-09': 71.92, '10-19': 69.62, '20-29': 66.33, '30-39': 66.57, '40-49': 68.87, '50-59': 67.76, '60-69': 61.07, '70-79': 71.43, '80-89': 60.65, '90-99': 64.97, '100-109': 66.9, '110-119': 65.16, 'old': 66.76, 'new': 67.8}
2024-08-25 10:29:15,091 [trainer.py] => CNN top1 curve: [95.17, 87.38, 85.64, 83.02, 81.83, 79.58, 78.77, 76.46, 76.14, 75.42, 74.64, 73.79, 72.41, 72.31, 72.17, 71.7, 71.04, 69.73, 68.86, 68.64, 68.31, 67.85, 67.15, 66.83]
2024-08-25 10:29:15,091 [trainer.py] => CNN top5 curve: [100.0, 99.37, 96.81, 96.23, 95.07, 94.34, 93.6, 92.88, 92.3, 91.07, 90.63, 90.35, 89.24, 88.85, 88.38, 88.27, 87.67, 86.54, 86.15, 86.03, 85.91, 85.35, 84.57, 83.95]

2024-08-25 10:29:15,091 [trainer.py] => Average Accuracy (CNN): 75.20166666666667
2024-08-25 10:29:15,093 [trainer.py] => All params: 171781633
2024-08-25 10:29:15,094 [trainer.py] => Trainable params: 171781633
2024-08-25 10:29:15,099 [aper_finetune.py] => Learning on 120-125
2024-08-25 10:29:39,758 [trainer.py] => No NME accuracy.
2024-08-25 10:29:39,759 [trainer.py] => CNN: {'total': 66.47, '00-09': 71.29, '10-19': 68.55, '20-29': 66.0, '30-39': 66.27, '40-49': 68.54, '50-59': 66.78, '60-69': 61.07, '70-79': 71.43, '80-89': 60.65, '90-99': 64.97, '100-109': 66.9, '110-119': 64.89, '120-129': 66.25, 'old': 66.47, 'new': 66.25}
2024-08-25 10:29:39,759 [trainer.py] => CNN top1 curve: [95.17, 87.38, 85.64, 83.02, 81.83, 79.58, 78.77, 76.46, 76.14, 75.42, 74.64, 73.79, 72.41, 72.31, 72.17, 71.7, 71.04, 69.73, 68.86, 68.64, 68.31, 67.85, 67.15, 66.83, 66.47]
2024-08-25 10:29:39,759 [trainer.py] => CNN top5 curve: [100.0, 99.37, 96.81, 96.23, 95.07, 94.34, 93.6, 92.88, 92.3, 91.07, 90.63, 90.35, 89.24, 88.85, 88.38, 88.27, 87.67, 86.54, 86.15, 86.03, 85.91, 85.35, 84.57, 83.95, 83.84]

2024-08-25 10:29:39,759 [trainer.py] => Average Accuracy (CNN): 74.8524
2024-08-25 10:29:39,760 [trainer.py] => All params: 171789313
2024-08-25 10:29:39,761 [trainer.py] => Trainable params: 171789313
2024-08-25 10:29:39,768 [aper_finetune.py] => Learning on 125-130
2024-08-25 10:30:05,510 [trainer.py] => No NME accuracy.
2024-08-25 10:30:05,511 [trainer.py] => CNN: {'total': 65.83, '00-09': 70.98, '10-19': 68.28, '20-29': 66.0, '30-39': 66.27, '40-49': 67.22, '50-59': 66.78, '60-69': 60.4, '70-79': 71.06, '80-89': 60.32, '90-99': 63.84, '100-109': 66.9, '110-119': 64.1, '120-129': 62.73, 'old': 66.07, 'new': 57.66}
2024-08-25 10:30:05,511 [trainer.py] => CNN top1 curve: [95.17, 87.38, 85.64, 83.02, 81.83, 79.58, 78.77, 76.46, 76.14, 75.42, 74.64, 73.79, 72.41, 72.31, 72.17, 71.7, 71.04, 69.73, 68.86, 68.64, 68.31, 67.85, 67.15, 66.83, 66.47, 65.83]
2024-08-25 10:30:05,511 [trainer.py] => CNN top5 curve: [100.0, 99.37, 96.81, 96.23, 95.07, 94.34, 93.6, 92.88, 92.3, 91.07, 90.63, 90.35, 89.24, 88.85, 88.38, 88.27, 87.67, 86.54, 86.15, 86.03, 85.91, 85.35, 84.57, 83.95, 83.84, 83.4]

2024-08-25 10:30:05,511 [trainer.py] => Average Accuracy (CNN): 74.50538461538461
2024-08-25 10:30:05,512 [trainer.py] => All params: 171796993
2024-08-25 10:30:05,513 [trainer.py] => Trainable params: 171796993
2024-08-25 10:30:05,519 [aper_finetune.py] => Learning on 130-135
2024-08-25 10:30:30,745 [trainer.py] => No NME accuracy.
2024-08-25 10:30:30,745 [trainer.py] => CNN: {'total': 65.8, '00-09': 70.66, '10-19': 68.28, '20-29': 66.0, '30-39': 66.27, '40-49': 67.22, '50-59': 66.45, '60-69': 60.4, '70-79': 71.06, '80-89': 60.32, '90-99': 63.84, '100-109': 66.9, '110-119': 64.1, '120-129': 62.36, '130-139': 66.91, 'old': 65.76, 'new': 66.91}
2024-08-25 10:30:30,745 [trainer.py] => CNN top1 curve: [95.17, 87.38, 85.64, 83.02, 81.83, 79.58, 78.77, 76.46, 76.14, 75.42, 74.64, 73.79, 72.41, 72.31, 72.17, 71.7, 71.04, 69.73, 68.86, 68.64, 68.31, 67.85, 67.15, 66.83, 66.47, 65.83, 65.8]
2024-08-25 10:30:30,745 [trainer.py] => CNN top5 curve: [100.0, 99.37, 96.81, 96.23, 95.07, 94.34, 93.6, 92.88, 92.3, 91.07, 90.63, 90.35, 89.24, 88.85, 88.38, 88.27, 87.67, 86.54, 86.15, 86.03, 85.91, 85.35, 84.57, 83.95, 83.84, 83.4, 83.18]

2024-08-25 10:30:30,745 [trainer.py] => Average Accuracy (CNN): 74.18296296296296
2024-08-25 10:30:30,747 [trainer.py] => All params: 171804673
2024-08-25 10:30:30,748 [trainer.py] => Trainable params: 171804673
2024-08-25 10:30:30,755 [aper_finetune.py] => Learning on 135-140
2024-08-25 10:30:59,529 [trainer.py] => No NME accuracy.
2024-08-25 10:30:59,529 [trainer.py] => CNN: {'total': 65.78, '00-09': 70.66, '10-19': 68.01, '20-29': 66.0, '30-39': 65.96, '40-49': 67.22, '50-59': 66.45, '60-69': 60.4, '70-79': 70.7, '80-89': 60.0, '90-99': 63.84, '100-109': 66.55, '110-119': 64.1, '120-129': 61.62, '130-139': 68.46, 'old': 65.62, 'new': 69.81}
2024-08-25 10:30:59,529 [trainer.py] => CNN top1 curve: [95.17, 87.38, 85.64, 83.02, 81.83, 79.58, 78.77, 76.46, 76.14, 75.42, 74.64, 73.79, 72.41, 72.31, 72.17, 71.7, 71.04, 69.73, 68.86, 68.64, 68.31, 67.85, 67.15, 66.83, 66.47, 65.83, 65.8, 65.78]
2024-08-25 10:30:59,529 [trainer.py] => CNN top5 curve: [100.0, 99.37, 96.81, 96.23, 95.07, 94.34, 93.6, 92.88, 92.3, 91.07, 90.63, 90.35, 89.24, 88.85, 88.38, 88.27, 87.67, 86.54, 86.15, 86.03, 85.91, 85.35, 84.57, 83.95, 83.84, 83.4, 83.18, 83.2]

2024-08-25 10:30:59,529 [trainer.py] => Average Accuracy (CNN): 73.88285714285713
2024-08-25 10:30:59,530 [trainer.py] => All params: 171812353
2024-08-25 10:30:59,532 [trainer.py] => Trainable params: 171812353
2024-08-25 10:30:59,538 [aper_finetune.py] => Learning on 140-145
2024-08-25 10:31:27,701 [trainer.py] => No NME accuracy.
2024-08-25 10:31:27,702 [trainer.py] => CNN: {'total': 65.91, '00-09': 70.03, '10-19': 68.01, '20-29': 66.0, '30-39': 65.96, '40-49': 67.22, '50-59': 66.45, '60-69': 60.4, '70-79': 70.7, '80-89': 60.0, '90-99': 63.28, '100-109': 65.85, '110-119': 64.1, '120-129': 61.62, '130-139': 68.12, '140-149': 71.57, 'old': 65.64, 'new': 71.57}
2024-08-25 10:31:27,702 [trainer.py] => CNN top1 curve: [95.17, 87.38, 85.64, 83.02, 81.83, 79.58, 78.77, 76.46, 76.14, 75.42, 74.64, 73.79, 72.41, 72.31, 72.17, 71.7, 71.04, 69.73, 68.86, 68.64, 68.31, 67.85, 67.15, 66.83, 66.47, 65.83, 65.8, 65.78, 65.91]
2024-08-25 10:31:27,702 [trainer.py] => CNN top5 curve: [100.0, 99.37, 96.81, 96.23, 95.07, 94.34, 93.6, 92.88, 92.3, 91.07, 90.63, 90.35, 89.24, 88.85, 88.38, 88.27, 87.67, 86.54, 86.15, 86.03, 85.91, 85.35, 84.57, 83.95, 83.84, 83.4, 83.18, 83.2, 83.07]

2024-08-25 10:31:27,702 [trainer.py] => Average Accuracy (CNN): 73.60793103448275
2024-08-25 10:31:27,703 [trainer.py] => All params: 171820033
2024-08-25 10:31:27,704 [trainer.py] => Trainable params: 171820033
2024-08-25 10:31:27,710 [aper_finetune.py] => Learning on 145-150
2024-08-25 10:31:57,632 [trainer.py] => No NME accuracy.
2024-08-25 10:31:57,633 [trainer.py] => CNN: {'total': 65.6, '00-09': 69.72, '10-19': 67.2, '20-29': 65.67, '30-39': 65.66, '40-49': 66.89, '50-59': 66.45, '60-69': 59.73, '70-79': 70.7, '80-89': 60.0, '90-99': 63.28, '100-109': 65.85, '110-119': 63.56, '120-129': 61.62, '130-139': 67.79, '140-149': 68.39, 'old': 65.64, 'new': 64.42}
2024-08-25 10:31:57,633 [trainer.py] => CNN top1 curve: [95.17, 87.38, 85.64, 83.02, 81.83, 79.58, 78.77, 76.46, 76.14, 75.42, 74.64, 73.79, 72.41, 72.31, 72.17, 71.7, 71.04, 69.73, 68.86, 68.64, 68.31, 67.85, 67.15, 66.83, 66.47, 65.83, 65.8, 65.78, 65.91, 65.6]
2024-08-25 10:31:57,633 [trainer.py] => CNN top5 curve: [100.0, 99.37, 96.81, 96.23, 95.07, 94.34, 93.6, 92.88, 92.3, 91.07, 90.63, 90.35, 89.24, 88.85, 88.38, 88.27, 87.67, 86.54, 86.15, 86.03, 85.91, 85.35, 84.57, 83.95, 83.84, 83.4, 83.18, 83.2, 83.07, 82.71]

2024-08-25 10:31:57,633 [trainer.py] => Average Accuracy (CNN): 73.34099999999998
2024-08-25 10:31:57,634 [trainer.py] => All params: 171827713
2024-08-25 10:31:57,635 [trainer.py] => Trainable params: 171827713
2024-08-25 10:31:57,639 [aper_finetune.py] => Learning on 150-155
2024-08-25 10:32:28,979 [trainer.py] => No NME accuracy.
2024-08-25 10:32:28,979 [trainer.py] => CNN: {'total': 65.37, '00-09': 69.09, '10-19': 66.94, '20-29': 65.33, '30-39': 65.66, '40-49': 66.89, '50-59': 66.12, '60-69': 59.06, '70-79': 70.33, '80-89': 60.0, '90-99': 62.71, '100-109': 65.85, '110-119': 63.56, '120-129': 61.62, '130-139': 67.79, '140-149': 68.12, '150-159': 65.08, 'old': 65.38, 'new': 65.08}
2024-08-25 10:32:28,980 [trainer.py] => CNN top1 curve: [95.17, 87.38, 85.64, 83.02, 81.83, 79.58, 78.77, 76.46, 76.14, 75.42, 74.64, 73.79, 72.41, 72.31, 72.17, 71.7, 71.04, 69.73, 68.86, 68.64, 68.31, 67.85, 67.15, 66.83, 66.47, 65.83, 65.8, 65.78, 65.91, 65.6, 65.37]
2024-08-25 10:32:28,980 [trainer.py] => CNN top5 curve: [100.0, 99.37, 96.81, 96.23, 95.07, 94.34, 93.6, 92.88, 92.3, 91.07, 90.63, 90.35, 89.24, 88.85, 88.38, 88.27, 87.67, 86.54, 86.15, 86.03, 85.91, 85.35, 84.57, 83.95, 83.84, 83.4, 83.18, 83.2, 83.07, 82.71, 82.47]

2024-08-25 10:32:28,980 [trainer.py] => Average Accuracy (CNN): 73.08387096774192
2024-08-25 10:32:28,981 [trainer.py] => All params: 171835393
2024-08-25 10:32:28,982 [trainer.py] => Trainable params: 171835393
2024-08-25 10:32:28,988 [aper_finetune.py] => Learning on 155-160
2024-08-25 10:32:59,281 [trainer.py] => No NME accuracy.
2024-08-25 10:32:59,281 [trainer.py] => CNN: {'total': 64.84, '00-09': 68.77, '10-19': 66.94, '20-29': 65.33, '30-39': 65.36, '40-49': 66.89, '50-59': 65.79, '60-69': 58.39, '70-79': 70.33, '80-89': 59.68, '90-99': 62.15, '100-109': 65.49, '110-119': 62.23, '120-129': 59.41, '130-139': 67.11, '140-149': 67.85, '150-159': 64.09, 'old': 64.91, 'new': 63.01}
2024-08-25 10:32:59,281 [trainer.py] => CNN top1 curve: [95.17, 87.38, 85.64, 83.02, 81.83, 79.58, 78.77, 76.46, 76.14, 75.42, 74.64, 73.79, 72.41, 72.31, 72.17, 71.7, 71.04, 69.73, 68.86, 68.64, 68.31, 67.85, 67.15, 66.83, 66.47, 65.83, 65.8, 65.78, 65.91, 65.6, 65.37, 64.84]
2024-08-25 10:32:59,281 [trainer.py] => CNN top5 curve: [100.0, 99.37, 96.81, 96.23, 95.07, 94.34, 93.6, 92.88, 92.3, 91.07, 90.63, 90.35, 89.24, 88.85, 88.38, 88.27, 87.67, 86.54, 86.15, 86.03, 85.91, 85.35, 84.57, 83.95, 83.84, 83.4, 83.18, 83.2, 83.07, 82.71, 82.47, 82.04]

2024-08-25 10:32:59,281 [trainer.py] => Average Accuracy (CNN): 72.82624999999999
2024-08-25 10:32:59,283 [trainer.py] => All params: 171843073
2024-08-25 10:32:59,284 [trainer.py] => Trainable params: 171843073
2024-08-25 10:32:59,291 [aper_finetune.py] => Learning on 160-165
2024-08-25 10:33:31,067 [trainer.py] => No NME accuracy.
2024-08-25 10:33:31,068 [trainer.py] => CNN: {'total': 64.51, '00-09': 68.45, '10-19': 66.4, '20-29': 65.33, '30-39': 65.36, '40-49': 65.89, '50-59': 65.46, '60-69': 58.39, '70-79': 70.33, '80-89': 59.68, '90-99': 61.58, '100-109': 65.49, '110-119': 61.97, '120-129': 59.41, '130-139': 66.78, '140-149': 67.57, '150-159': 64.09, '160-169': 59.41, 'old': 64.62, 'new': 59.41}
2024-08-25 10:33:31,068 [trainer.py] => CNN top1 curve: [95.17, 87.38, 85.64, 83.02, 81.83, 79.58, 78.77, 76.46, 76.14, 75.42, 74.64, 73.79, 72.41, 72.31, 72.17, 71.7, 71.04, 69.73, 68.86, 68.64, 68.31, 67.85, 67.15, 66.83, 66.47, 65.83, 65.8, 65.78, 65.91, 65.6, 65.37, 64.84, 64.51]
2024-08-25 10:33:31,068 [trainer.py] => CNN top5 curve: [100.0, 99.37, 96.81, 96.23, 95.07, 94.34, 93.6, 92.88, 92.3, 91.07, 90.63, 90.35, 89.24, 88.85, 88.38, 88.27, 87.67, 86.54, 86.15, 86.03, 85.91, 85.35, 84.57, 83.95, 83.84, 83.4, 83.18, 83.2, 83.07, 82.71, 82.47, 82.04, 81.58]

2024-08-25 10:33:31,068 [trainer.py] => Average Accuracy (CNN): 72.57424242424241
2024-08-25 10:33:31,069 [trainer.py] => All params: 171850753
2024-08-25 10:33:31,071 [trainer.py] => Trainable params: 171850753
2024-08-25 10:33:31,077 [aper_finetune.py] => Learning on 165-170
2024-08-25 10:34:00,954 [trainer.py] => No NME accuracy.
2024-08-25 10:34:00,954 [trainer.py] => CNN: {'total': 63.68, '00-09': 67.19, '10-19': 66.13, '20-29': 65.33, '30-39': 64.76, '40-49': 65.23, '50-59': 65.13, '60-69': 58.39, '70-79': 70.33, '80-89': 59.03, '90-99': 61.02, '100-109': 64.08, '110-119': 61.7, '120-129': 58.3, '130-139': 66.78, '140-149': 67.03, '150-159': 63.26, '160-169': 54.78, 'old': 63.96, 'new': 52.71}
2024-08-25 10:34:00,954 [trainer.py] => CNN top1 curve: [95.17, 87.38, 85.64, 83.02, 81.83, 79.58, 78.77, 76.46, 76.14, 75.42, 74.64, 73.79, 72.41, 72.31, 72.17, 71.7, 71.04, 69.73, 68.86, 68.64, 68.31, 67.85, 67.15, 66.83, 66.47, 65.83, 65.8, 65.78, 65.91, 65.6, 65.37, 64.84, 64.51, 63.68]
2024-08-25 10:34:00,954 [trainer.py] => CNN top5 curve: [100.0, 99.37, 96.81, 96.23, 95.07, 94.34, 93.6, 92.88, 92.3, 91.07, 90.63, 90.35, 89.24, 88.85, 88.38, 88.27, 87.67, 86.54, 86.15, 86.03, 85.91, 85.35, 84.57, 83.95, 83.84, 83.4, 83.18, 83.2, 83.07, 82.71, 82.47, 82.04, 81.58, 80.82]

2024-08-25 10:34:00,954 [trainer.py] => Average Accuracy (CNN): 72.31264705882352
2024-08-25 10:34:00,956 [trainer.py] => All params: 171858433
2024-08-25 10:34:00,957 [trainer.py] => Trainable params: 171858433
2024-08-25 10:34:00,963 [aper_finetune.py] => Learning on 170-175
2024-08-25 10:34:34,247 [trainer.py] => No NME accuracy.
2024-08-25 10:34:34,247 [trainer.py] => CNN: {'total': 63.88, '00-09': 66.88, '10-19': 65.86, '20-29': 65.0, '30-39': 64.76, '40-49': 65.23, '50-59': 65.13, '60-69': 58.39, '70-79': 69.96, '80-89': 59.03, '90-99': 60.45, '100-109': 64.08, '110-119': 61.7, '120-129': 58.3, '130-139': 66.44, '140-149': 67.03, '150-159': 63.26, '160-169': 54.35, '170-179': 77.1, 'old': 63.54, 'new': 77.1}
2024-08-25 10:34:34,248 [trainer.py] => CNN top1 curve: [95.17, 87.38, 85.64, 83.02, 81.83, 79.58, 78.77, 76.46, 76.14, 75.42, 74.64, 73.79, 72.41, 72.31, 72.17, 71.7, 71.04, 69.73, 68.86, 68.64, 68.31, 67.85, 67.15, 66.83, 66.47, 65.83, 65.8, 65.78, 65.91, 65.6, 65.37, 64.84, 64.51, 63.68, 63.88]
2024-08-25 10:34:34,248 [trainer.py] => CNN top5 curve: [100.0, 99.37, 96.81, 96.23, 95.07, 94.34, 93.6, 92.88, 92.3, 91.07, 90.63, 90.35, 89.24, 88.85, 88.38, 88.27, 87.67, 86.54, 86.15, 86.03, 85.91, 85.35, 84.57, 83.95, 83.84, 83.4, 83.18, 83.2, 83.07, 82.71, 82.47, 82.04, 81.58, 80.82, 80.96]

2024-08-25 10:34:34,248 [trainer.py] => Average Accuracy (CNN): 72.07171428571428
2024-08-25 10:34:34,249 [trainer.py] => All params: 171866113
2024-08-25 10:34:34,250 [trainer.py] => Trainable params: 171866113
2024-08-25 10:34:34,256 [aper_finetune.py] => Learning on 175-180
2024-08-25 10:34:53,758 [trainer.py] => No NME accuracy.
2024-08-25 10:34:53,758 [trainer.py] => CNN: {'total': 63.79, '00-09': 66.88, '10-19': 65.86, '20-29': 65.0, '30-39': 64.76, '40-49': 64.9, '50-59': 65.13, '60-69': 58.39, '70-79': 69.23, '80-89': 59.03, '90-99': 59.32, '100-109': 64.08, '110-119': 61.7, '120-129': 58.3, '130-139': 66.44, '140-149': 67.03, '150-159': 63.26, '160-169': 53.91, '170-179': 71.37, 'old': 63.76, 'new': 64.96}
2024-08-25 10:34:53,759 [trainer.py] => CNN top1 curve: [95.17, 87.38, 85.64, 83.02, 81.83, 79.58, 78.77, 76.46, 76.14, 75.42, 74.64, 73.79, 72.41, 72.31, 72.17, 71.7, 71.04, 69.73, 68.86, 68.64, 68.31, 67.85, 67.15, 66.83, 66.47, 65.83, 65.8, 65.78, 65.91, 65.6, 65.37, 64.84, 64.51, 63.68, 63.88, 63.79]
2024-08-25 10:34:53,759 [trainer.py] => CNN top5 curve: [100.0, 99.37, 96.81, 96.23, 95.07, 94.34, 93.6, 92.88, 92.3, 91.07, 90.63, 90.35, 89.24, 88.85, 88.38, 88.27, 87.67, 86.54, 86.15, 86.03, 85.91, 85.35, 84.57, 83.95, 83.84, 83.4, 83.18, 83.2, 83.07, 82.71, 82.47, 82.04, 81.58, 80.82, 80.96, 80.78]

2024-08-25 10:34:53,759 [trainer.py] => Average Accuracy (CNN): 71.84166666666665
2024-08-25 10:34:53,760 [trainer.py] => All params: 171873793
2024-08-25 10:34:53,761 [trainer.py] => Trainable params: 171873793
2024-08-25 10:34:53,765 [aper_finetune.py] => Learning on 180-185
2024-08-25 10:35:12,833 [trainer.py] => No NME accuracy.
2024-08-25 10:35:12,834 [trainer.py] => CNN: {'total': 63.28, '00-09': 66.88, '10-19': 65.86, '20-29': 62.33, '30-39': 64.76, '40-49': 64.57, '50-59': 64.14, '60-69': 58.05, '70-79': 69.23, '80-89': 59.03, '90-99': 58.76, '100-109': 64.08, '110-119': 61.44, '120-129': 57.56, '130-139': 66.44, '140-149': 66.49, '150-159': 62.98, '160-169': 52.61, '170-179': 69.35, '180-189': 63.45, 'old': 63.27, 'new': 63.45}
2024-08-25 10:35:12,834 [trainer.py] => CNN top1 curve: [95.17, 87.38, 85.64, 83.02, 81.83, 79.58, 78.77, 76.46, 76.14, 75.42, 74.64, 73.79, 72.41, 72.31, 72.17, 71.7, 71.04, 69.73, 68.86, 68.64, 68.31, 67.85, 67.15, 66.83, 66.47, 65.83, 65.8, 65.78, 65.91, 65.6, 65.37, 64.84, 64.51, 63.68, 63.88, 63.79, 63.28]
2024-08-25 10:35:12,834 [trainer.py] => CNN top5 curve: [100.0, 99.37, 96.81, 96.23, 95.07, 94.34, 93.6, 92.88, 92.3, 91.07, 90.63, 90.35, 89.24, 88.85, 88.38, 88.27, 87.67, 86.54, 86.15, 86.03, 85.91, 85.35, 84.57, 83.95, 83.84, 83.4, 83.18, 83.2, 83.07, 82.71, 82.47, 82.04, 81.58, 80.82, 80.96, 80.78, 80.54]

2024-08-25 10:35:12,834 [trainer.py] => Average Accuracy (CNN): 71.61027027027026
2024-08-25 10:35:12,836 [trainer.py] => All params: 171881473
2024-08-25 10:35:12,837 [trainer.py] => Trainable params: 171881473
2024-08-25 10:35:12,840 [aper_finetune.py] => Learning on 185-190
2024-08-25 10:35:32,257 [trainer.py] => No NME accuracy.
2024-08-25 10:35:32,257 [trainer.py] => CNN: {'total': 63.0, '00-09': 66.88, '10-19': 65.86, '20-29': 62.0, '30-39': 64.76, '40-49': 64.57, '50-59': 62.83, '60-69': 58.05, '70-79': 69.23, '80-89': 59.03, '90-99': 58.76, '100-109': 64.08, '110-119': 61.17, '120-129': 57.2, '130-139': 65.77, '140-149': 66.49, '150-159': 62.98, '160-169': 52.17, '170-179': 68.55, '180-189': 62.01, 'old': 63.06, 'new': 60.74}
2024-08-25 10:35:32,257 [trainer.py] => CNN top1 curve: [95.17, 87.38, 85.64, 83.02, 81.83, 79.58, 78.77, 76.46, 76.14, 75.42, 74.64, 73.79, 72.41, 72.31, 72.17, 71.7, 71.04, 69.73, 68.86, 68.64, 68.31, 67.85, 67.15, 66.83, 66.47, 65.83, 65.8, 65.78, 65.91, 65.6, 65.37, 64.84, 64.51, 63.68, 63.88, 63.79, 63.28, 63.0]
2024-08-25 10:35:32,257 [trainer.py] => CNN top5 curve: [100.0, 99.37, 96.81, 96.23, 95.07, 94.34, 93.6, 92.88, 92.3, 91.07, 90.63, 90.35, 89.24, 88.85, 88.38, 88.27, 87.67, 86.54, 86.15, 86.03, 85.91, 85.35, 84.57, 83.95, 83.84, 83.4, 83.18, 83.2, 83.07, 82.71, 82.47, 82.04, 81.58, 80.82, 80.96, 80.78, 80.54, 80.26]

2024-08-25 10:35:32,257 [trainer.py] => Average Accuracy (CNN): 71.38368421052631
2024-08-25 10:35:32,258 [trainer.py] => All params: 171889153
2024-08-25 10:35:32,260 [trainer.py] => Trainable params: 171889153
2024-08-25 10:35:32,264 [aper_finetune.py] => Learning on 190-195
2024-08-25 10:35:51,983 [trainer.py] => No NME accuracy.
2024-08-25 10:35:51,984 [trainer.py] => CNN: {'total': 62.79, '00-09': 66.88, '10-19': 65.59, '20-29': 62.0, '30-39': 63.86, '40-49': 64.24, '50-59': 62.5, '60-69': 58.05, '70-79': 68.86, '80-89': 58.71, '90-99': 58.19, '100-109': 62.68, '110-119': 61.17, '120-129': 57.2, '130-139': 65.77, '140-149': 66.21, '150-159': 62.98, '160-169': 52.17, '170-179': 68.55, '180-189': 62.01, '190-199': 64.29, 'old': 62.75, 'new': 64.29}
2024-08-25 10:35:51,984 [trainer.py] => CNN top1 curve: [95.17, 87.38, 85.64, 83.02, 81.83, 79.58, 78.77, 76.46, 76.14, 75.42, 74.64, 73.79, 72.41, 72.31, 72.17, 71.7, 71.04, 69.73, 68.86, 68.64, 68.31, 67.85, 67.15, 66.83, 66.47, 65.83, 65.8, 65.78, 65.91, 65.6, 65.37, 64.84, 64.51, 63.68, 63.88, 63.79, 63.28, 63.0, 62.79]
2024-08-25 10:35:51,984 [trainer.py] => CNN top5 curve: [100.0, 99.37, 96.81, 96.23, 95.07, 94.34, 93.6, 92.88, 92.3, 91.07, 90.63, 90.35, 89.24, 88.85, 88.38, 88.27, 87.67, 86.54, 86.15, 86.03, 85.91, 85.35, 84.57, 83.95, 83.84, 83.4, 83.18, 83.2, 83.07, 82.71, 82.47, 82.04, 81.58, 80.82, 80.96, 80.78, 80.54, 80.26, 79.98]

2024-08-25 10:35:51,984 [trainer.py] => Average Accuracy (CNN): 71.16333333333333
2024-08-25 10:35:51,985 [trainer.py] => All params: 171896833
2024-08-25 10:35:51,986 [trainer.py] => Trainable params: 171896833
2024-08-25 10:35:51,990 [aper_finetune.py] => Learning on 195-200
2024-08-25 10:36:11,753 [trainer.py] => No NME accuracy.
2024-08-25 10:36:11,753 [trainer.py] => CNN: {'total': 62.77, '00-09': 66.88, '10-19': 65.59, '20-29': 62.0, '30-39': 63.86, '40-49': 64.24, '50-59': 62.5, '60-69': 58.05, '70-79': 68.5, '80-89': 58.06, '90-99': 58.19, '100-109': 62.68, '110-119': 61.17, '120-129': 57.2, '130-139': 65.77, '140-149': 66.21, '150-159': 62.43, '160-169': 50.43, '170-179': 68.55, '180-189': 62.01, '190-199': 66.42, 'old': 62.64, 'new': 69.23}
2024-08-25 10:36:11,754 [trainer.py] => CNN top1 curve: [95.17, 87.38, 85.64, 83.02, 81.83, 79.58, 78.77, 76.46, 76.14, 75.42, 74.64, 73.79, 72.41, 72.31, 72.17, 71.7, 71.04, 69.73, 68.86, 68.64, 68.31, 67.85, 67.15, 66.83, 66.47, 65.83, 65.8, 65.78, 65.91, 65.6, 65.37, 64.84, 64.51, 63.68, 63.88, 63.79, 63.28, 63.0, 62.79, 62.77]
2024-08-25 10:36:11,754 [trainer.py] => CNN top5 curve: [100.0, 99.37, 96.81, 96.23, 95.07, 94.34, 93.6, 92.88, 92.3, 91.07, 90.63, 90.35, 89.24, 88.85, 88.38, 88.27, 87.67, 86.54, 86.15, 86.03, 85.91, 85.35, 84.57, 83.95, 83.84, 83.4, 83.18, 83.2, 83.07, 82.71, 82.47, 82.04, 81.58, 80.82, 80.96, 80.78, 80.54, 80.26, 79.98, 79.92]

2024-08-25 10:36:11,754 [trainer.py] => Average Accuracy (CNN): 70.95349999999999