2024-08-24 15:09:14,056 [trainer.py] => config: exps/aper_ssf/cub_10_10_vit-b_ssf.json
2024-08-24 15:09:14,056 [trainer.py] => prefix: exp
2024-08-24 15:09:14,056 [trainer.py] => dataset: cub
2024-08-24 15:09:14,056 [trainer.py] => memory_size: 2000
2024-08-24 15:09:14,056 [trainer.py] => memory_per_class: 20
2024-08-24 15:09:14,056 [trainer.py] => fixed_memory: False
2024-08-24 15:09:14,056 [trainer.py] => shuffle: True
2024-08-24 15:09:14,056 [trainer.py] => init_cls: 10
2024-08-24 15:09:14,056 [trainer.py] => increment: 10
2024-08-24 15:09:14,056 [trainer.py] => model_name: aper_ssf
2024-08-24 15:09:14,056 [trainer.py] => convnet_type: pretrained_vit_b16_224_in21k_ssf
2024-08-24 15:09:14,056 [trainer.py] => weight_decay: 0.0005
2024-08-24 15:09:14,056 [trainer.py] => prompt_token_num: 30
2024-08-24 15:09:14,056 [trainer.py] => ffn_num: 64
2024-08-24 15:09:14,056 [trainer.py] => optimizer: sgd
2024-08-24 15:09:14,057 [trainer.py] => min_lr: 0
2024-08-24 15:09:14,057 [trainer.py] => device: [device(type='cuda', index=0)]
2024-08-24 15:09:14,057 [trainer.py] => seed: 1993
2024-08-24 15:09:14,057 [trainer.py] => tuned_epoch: 20
2024-08-24 15:09:14,057 [trainer.py] => init_lr: 0.01
2024-08-24 15:09:14,057 [trainer.py] => batch_size: 48
2024-08-24 15:09:14,105 [data_manager.py] => [168, 136, 51, 9, 183, 101, 171, 99, 42, 159, 191, 70, 16, 188, 27, 10, 175, 26, 68, 187, 98, 6, 85, 35, 112, 43, 100, 0, 103, 181, 88, 59, 4, 2, 116, 174, 94, 80, 106, 1, 147, 17, 141, 131, 72, 23, 173, 54, 197, 118, 87, 32, 79, 104, 91, 19, 135, 107, 178, 36, 11, 199, 142, 8, 122, 3, 28, 57, 153, 172, 190, 56, 49, 44, 97, 62, 151, 169, 194, 55, 192, 12, 189, 78, 66, 180, 15, 137, 109, 134, 92, 119, 126, 52, 170, 40, 148, 65, 144, 64, 138, 45, 77, 89, 154, 90, 71, 193, 74, 30, 113, 143, 96, 84, 67, 50, 186, 156, 69, 21, 18, 111, 108, 58, 125, 157, 150, 110, 182, 129, 166, 83, 81, 60, 13, 165, 14, 176, 63, 117, 5, 22, 145, 121, 38, 41, 82, 127, 114, 20, 31, 53, 37, 163, 196, 130, 152, 162, 86, 76, 24, 34, 184, 149, 33, 128, 198, 155, 146, 167, 139, 120, 140, 102, 47, 25, 158, 123, 46, 164, 61, 7, 115, 75, 133, 160, 105, 132, 179, 124, 48, 73, 93, 39, 95, 195, 29, 177, 185, 161]
2024-08-24 15:09:16,772 [trainer.py] => All params: 86004480
2024-08-24 15:09:16,773 [trainer.py] => Trainable params: 86004480
2024-08-24 15:09:21,743 [aper_ssf.py] => Learning on 0-10
2024-08-24 15:11:51,159 [aper_ssf.py] => Task 0, Epoch 20/20 => Loss 0.752, Train_accy 92.07, Test_accy 99.15
2024-08-24 15:12:03,603 [trainer.py] => No NME accuracy.
2024-08-24 15:12:03,603 [trainer.py] => CNN: {'total': 99.15, '00-09': 99.15, 'old': 0, 'new': 99.15}
2024-08-24 15:12:03,603 [trainer.py] => CNN top1 curve: [99.15]
2024-08-24 15:12:03,603 [trainer.py] => CNN top5 curve: [100.0]

2024-08-24 15:12:03,603 [trainer.py] => Average Accuracy (CNN): 99.15
2024-08-24 15:12:03,605 [trainer.py] => All params: 171818497
2024-08-24 15:12:03,607 [trainer.py] => Trainable params: 86019841
2024-08-24 15:12:03,614 [aper_ssf.py] => Learning on 10-20
2024-08-24 15:12:13,058 [trainer.py] => No NME accuracy.
2024-08-24 15:12:13,058 [trainer.py] => CNN: {'total': 97.57, '00-09': 98.31, '10-19': 96.9, 'old': 98.31, 'new': 96.9}
2024-08-24 15:12:13,058 [trainer.py] => CNN top1 curve: [99.15, 97.57]
2024-08-24 15:12:13,059 [trainer.py] => CNN top5 curve: [100.0, 99.6]

2024-08-24 15:12:13,059 [trainer.py] => Average Accuracy (CNN): 98.36
2024-08-24 15:12:13,060 [trainer.py] => All params: 171833857
2024-08-24 15:12:13,062 [trainer.py] => Trainable params: 86035201
2024-08-24 15:12:13,072 [aper_ssf.py] => Learning on 20-30
2024-08-24 15:12:22,731 [trainer.py] => No NME accuracy.
2024-08-24 15:12:22,732 [trainer.py] => CNN: {'total': 97.67, '00-09': 98.31, '10-19': 96.9, '20-29': 97.94, 'old': 97.57, 'new': 97.94}
2024-08-24 15:12:22,732 [trainer.py] => CNN top1 curve: [99.15, 97.57, 97.67]
2024-08-24 15:12:22,732 [trainer.py] => CNN top5 curve: [100.0, 99.6, 99.42]

2024-08-24 15:12:22,732 [trainer.py] => Average Accuracy (CNN): 98.13
2024-08-24 15:12:22,733 [trainer.py] => All params: 171849217
2024-08-24 15:12:22,735 [trainer.py] => Trainable params: 86050561
2024-08-24 15:12:22,742 [aper_ssf.py] => Learning on 30-40
2024-08-24 15:12:32,491 [trainer.py] => No NME accuracy.
2024-08-24 15:12:32,492 [trainer.py] => CNN: {'total': 96.92, '00-09': 98.31, '10-19': 96.12, '20-29': 97.94, '30-39': 95.45, 'old': 97.38, 'new': 95.45}
2024-08-24 15:12:32,492 [trainer.py] => CNN top1 curve: [99.15, 97.57, 97.67, 96.92]
2024-08-24 15:12:32,492 [trainer.py] => CNN top5 curve: [100.0, 99.6, 99.42, 99.56]

2024-08-24 15:12:32,492 [trainer.py] => Average Accuracy (CNN): 97.8275
2024-08-24 15:12:32,494 [trainer.py] => All params: 171864577
2024-08-24 15:12:32,495 [trainer.py] => Trainable params: 86065921
2024-08-24 15:12:32,504 [aper_ssf.py] => Learning on 40-50
2024-08-24 15:12:45,670 [trainer.py] => No NME accuracy.
2024-08-24 15:12:45,670 [trainer.py] => CNN: {'total': 96.43, '00-09': 98.31, '10-19': 96.12, '20-29': 97.94, '30-39': 92.73, '40-49': 97.2, 'old': 96.26, 'new': 97.2}
2024-08-24 15:12:45,671 [trainer.py] => CNN top1 curve: [99.15, 97.57, 97.67, 96.92, 96.43]
2024-08-24 15:12:45,671 [trainer.py] => CNN top5 curve: [100.0, 99.6, 99.42, 99.56, 99.64]

2024-08-24 15:12:45,671 [trainer.py] => Average Accuracy (CNN): 97.548
2024-08-24 15:12:45,672 [trainer.py] => All params: 171879937
2024-08-24 15:12:45,674 [trainer.py] => Trainable params: 86081281
2024-08-24 15:12:45,683 [aper_ssf.py] => Learning on 50-60
2024-08-24 15:12:58,482 [trainer.py] => No NME accuracy.
2024-08-24 15:12:58,482 [trainer.py] => CNN: {'total': 94.05, '00-09': 92.37, '10-19': 96.12, '20-29': 97.94, '30-39': 92.73, '40-49': 96.26, '50-59': 89.19, 'old': 95.01, 'new': 89.19}
2024-08-24 15:12:58,482 [trainer.py] => CNN top1 curve: [99.15, 97.57, 97.67, 96.92, 96.43, 94.05]
2024-08-24 15:12:58,483 [trainer.py] => CNN top5 curve: [100.0, 99.6, 99.42, 99.56, 99.64, 99.11]

2024-08-24 15:12:58,483 [trainer.py] => Average Accuracy (CNN): 96.96499999999999
2024-08-24 15:12:58,484 [trainer.py] => All params: 171895297
2024-08-24 15:12:58,486 [trainer.py] => Trainable params: 86096641
2024-08-24 15:12:58,491 [aper_ssf.py] => Learning on 60-70
2024-08-24 15:13:12,470 [trainer.py] => No NME accuracy.
2024-08-24 15:13:12,471 [trainer.py] => CNN: {'total': 92.29, '00-09': 91.53, '10-19': 93.02, '20-29': 97.94, '30-39': 91.82, '40-49': 95.33, '50-59': 88.29, '60-69': 88.68, 'old': 92.86, 'new': 88.68}
2024-08-24 15:13:12,471 [trainer.py] => CNN top1 curve: [99.15, 97.57, 97.67, 96.92, 96.43, 94.05, 92.29]
2024-08-24 15:13:12,471 [trainer.py] => CNN top5 curve: [100.0, 99.6, 99.42, 99.56, 99.64, 99.11, 99.1]

2024-08-24 15:13:12,471 [trainer.py] => Average Accuracy (CNN): 96.29714285714284
2024-08-24 15:13:12,472 [trainer.py] => All params: 171910657
2024-08-24 15:13:12,474 [trainer.py] => Trainable params: 86112001
2024-08-24 15:13:12,482 [aper_ssf.py] => Learning on 70-80
2024-08-24 15:13:27,946 [trainer.py] => No NME accuracy.
2024-08-24 15:13:27,946 [trainer.py] => CNN: {'total': 92.93, '00-09': 91.53, '10-19': 93.02, '20-29': 97.94, '30-39': 90.91, '40-49': 95.33, '50-59': 88.29, '60-69': 88.68, '70-79': 97.16, 'old': 92.16, 'new': 97.16}
2024-08-24 15:13:27,946 [trainer.py] => CNN top1 curve: [99.15, 97.57, 97.67, 96.92, 96.43, 94.05, 92.29, 92.93]
2024-08-24 15:13:27,946 [trainer.py] => CNN top5 curve: [100.0, 99.6, 99.42, 99.56, 99.64, 99.11, 99.1, 98.91]

2024-08-24 15:13:27,946 [trainer.py] => Average Accuracy (CNN): 95.87625
2024-08-24 15:13:27,948 [trainer.py] => All params: 171926017
2024-08-24 15:13:27,949 [trainer.py] => Trainable params: 86127361
2024-08-24 15:13:27,956 [aper_ssf.py] => Learning on 80-90
2024-08-24 15:13:43,391 [trainer.py] => No NME accuracy.
2024-08-24 15:13:43,392 [trainer.py] => CNN: {'total': 92.87, '00-09': 91.53, '10-19': 91.47, '20-29': 97.94, '30-39': 90.91, '40-49': 95.33, '50-59': 87.39, '60-69': 88.68, '70-79': 97.16, '80-89': 94.74, 'old': 92.6, 'new': 94.74}
2024-08-24 15:13:43,392 [trainer.py] => CNN top1 curve: [99.15, 97.57, 97.67, 96.92, 96.43, 94.05, 92.29, 92.93, 92.87]
2024-08-24 15:13:43,392 [trainer.py] => CNN top5 curve: [100.0, 99.6, 99.42, 99.56, 99.64, 99.11, 99.1, 98.91, 98.95]

2024-08-24 15:13:43,392 [trainer.py] => Average Accuracy (CNN): 95.54222222222222
2024-08-24 15:13:43,394 [trainer.py] => All params: 171941377
2024-08-24 15:13:43,395 [trainer.py] => Trainable params: 86142721
2024-08-24 15:13:43,403 [aper_ssf.py] => Learning on 90-100
2024-08-24 15:14:00,054 [trainer.py] => No NME accuracy.
2024-08-24 15:14:00,054 [trainer.py] => CNN: {'total': 92.0, '00-09': 91.53, '10-19': 91.47, '20-29': 97.94, '30-39': 87.27, '40-49': 95.33, '50-59': 87.39, '60-69': 87.74, '70-79': 97.16, '80-89': 94.74, '90-99': 88.97, 'old': 92.4, 'new': 88.97}
2024-08-24 15:14:00,054 [trainer.py] => CNN top1 curve: [99.15, 97.57, 97.67, 96.92, 96.43, 94.05, 92.29, 92.93, 92.87, 92.0]
2024-08-24 15:14:00,054 [trainer.py] => CNN top5 curve: [100.0, 99.6, 99.42, 99.56, 99.64, 99.11, 99.1, 98.91, 98.95, 98.91]

2024-08-24 15:14:00,054 [trainer.py] => Average Accuracy (CNN): 95.188
2024-08-24 15:14:00,057 [trainer.py] => All params: 171956737
2024-08-24 15:14:00,060 [trainer.py] => Trainable params: 86158081
2024-08-24 15:14:00,064 [aper_ssf.py] => Learning on 100-110
2024-08-24 15:14:19,736 [trainer.py] => No NME accuracy.
2024-08-24 15:14:19,736 [trainer.py] => CNN: {'total': 91.71, '00-09': 91.53, '10-19': 89.15, '20-29': 97.94, '30-39': 87.27, '40-49': 95.33, '50-59': 87.39, '60-69': 86.79, '70-79': 97.16, '80-89': 94.74, '90-99': 88.97, '100-109': 92.17, 'old': 91.67, 'new': 92.17}
2024-08-24 15:14:19,736 [trainer.py] => CNN top1 curve: [99.15, 97.57, 97.67, 96.92, 96.43, 94.05, 92.29, 92.93, 92.87, 92.0, 91.71]
2024-08-24 15:14:19,736 [trainer.py] => CNN top5 curve: [100.0, 99.6, 99.42, 99.56, 99.64, 99.11, 99.1, 98.91, 98.95, 98.91, 98.93]

2024-08-24 15:14:19,737 [trainer.py] => Average Accuracy (CNN): 94.87181818181817
2024-08-24 15:14:19,738 [trainer.py] => All params: 171972097
2024-08-24 15:14:19,740 [trainer.py] => Trainable params: 86173441
2024-08-24 15:14:19,747 [aper_ssf.py] => Learning on 110-120
2024-08-24 15:14:39,330 [trainer.py] => No NME accuracy.
2024-08-24 15:14:39,330 [trainer.py] => CNN: {'total': 89.97, '00-09': 91.53, '10-19': 89.15, '20-29': 97.94, '30-39': 87.27, '40-49': 95.33, '50-59': 87.39, '60-69': 85.85, '70-79': 90.78, '80-89': 93.98, '90-99': 88.24, '100-109': 92.17, '110-119': 80.53, 'old': 90.79, 'new': 80.53}
2024-08-24 15:14:39,330 [trainer.py] => CNN top1 curve: [99.15, 97.57, 97.67, 96.92, 96.43, 94.05, 92.29, 92.93, 92.87, 92.0, 91.71, 89.97]
2024-08-24 15:14:39,330 [trainer.py] => CNN top5 curve: [100.0, 99.6, 99.42, 99.56, 99.64, 99.11, 99.1, 98.91, 98.95, 98.91, 98.93, 98.8]

2024-08-24 15:14:39,330 [trainer.py] => Average Accuracy (CNN): 94.46333333333332
2024-08-24 15:14:39,332 [trainer.py] => All params: 171987457
2024-08-24 15:14:39,333 [trainer.py] => Trainable params: 86188801
2024-08-24 15:14:39,342 [aper_ssf.py] => Learning on 120-130
2024-08-24 15:14:58,563 [trainer.py] => No NME accuracy.
2024-08-24 15:14:58,563 [trainer.py] => CNN: {'total': 89.17, '00-09': 89.83, '10-19': 89.15, '20-29': 97.94, '30-39': 85.45, '40-49': 91.59, '50-59': 87.39, '60-69': 85.85, '70-79': 90.78, '80-89': 93.98, '90-99': 87.5, '100-109': 92.17, '110-119': 80.53, '120-129': 86.92, 'old': 89.34, 'new': 86.92}
2024-08-24 15:14:58,563 [trainer.py] => CNN top1 curve: [99.15, 97.57, 97.67, 96.92, 96.43, 94.05, 92.29, 92.93, 92.87, 92.0, 91.71, 89.97, 89.17]
2024-08-24 15:14:58,563 [trainer.py] => CNN top5 curve: [100.0, 99.6, 99.42, 99.56, 99.64, 99.11, 99.1, 98.91, 98.95, 98.91, 98.93, 98.8, 98.88]

2024-08-24 15:14:58,563 [trainer.py] => Average Accuracy (CNN): 94.05615384615385
2024-08-24 15:14:58,565 [trainer.py] => All params: 172002817
2024-08-24 15:14:58,567 [trainer.py] => Trainable params: 86204161
2024-08-24 15:14:58,587 [aper_ssf.py] => Learning on 130-140
2024-08-24 15:15:20,926 [trainer.py] => No NME accuracy.
2024-08-24 15:15:20,926 [trainer.py] => CNN: {'total': 88.6, '00-09': 89.83, '10-19': 89.15, '20-29': 97.94, '30-39': 85.45, '40-49': 91.59, '50-59': 87.39, '60-69': 85.85, '70-79': 90.78, '80-89': 93.98, '90-99': 87.5, '100-109': 92.17, '110-119': 80.53, '120-129': 81.31, '130-139': 86.44, 'old': 88.77, 'new': 86.44}
2024-08-24 15:15:20,926 [trainer.py] => CNN top1 curve: [99.15, 97.57, 97.67, 96.92, 96.43, 94.05, 92.29, 92.93, 92.87, 92.0, 91.71, 89.97, 89.17, 88.6]
2024-08-24 15:15:20,926 [trainer.py] => CNN top5 curve: [100.0, 99.6, 99.42, 99.56, 99.64, 99.11, 99.1, 98.91, 98.95, 98.91, 98.93, 98.8, 98.88, 98.72]

2024-08-24 15:15:20,926 [trainer.py] => Average Accuracy (CNN): 93.66642857142857
2024-08-24 15:15:20,928 [trainer.py] => All params: 172018177
2024-08-24 15:15:20,930 [trainer.py] => Trainable params: 86219521
2024-08-24 15:15:20,941 [aper_ssf.py] => Learning on 140-150
2024-08-24 15:15:41,851 [trainer.py] => No NME accuracy.
2024-08-24 15:15:41,852 [trainer.py] => CNN: {'total': 87.55, '00-09': 88.14, '10-19': 89.15, '20-29': 97.94, '30-39': 82.73, '40-49': 90.65, '50-59': 87.39, '60-69': 85.85, '70-79': 90.78, '80-89': 93.98, '90-99': 86.76, '100-109': 91.3, '110-119': 77.88, '120-129': 81.31, '130-139': 86.44, '140-149': 82.54, 'old': 87.93, 'new': 82.54}
2024-08-24 15:15:41,852 [trainer.py] => CNN top1 curve: [99.15, 97.57, 97.67, 96.92, 96.43, 94.05, 92.29, 92.93, 92.87, 92.0, 91.71, 89.97, 89.17, 88.6, 87.55]
2024-08-24 15:15:41,852 [trainer.py] => CNN top5 curve: [100.0, 99.6, 99.42, 99.56, 99.64, 99.11, 99.1, 98.91, 98.95, 98.91, 98.93, 98.8, 98.88, 98.72, 98.7]

2024-08-24 15:15:41,852 [trainer.py] => Average Accuracy (CNN): 93.25866666666666
2024-08-24 15:15:41,854 [trainer.py] => All params: 172033537
2024-08-24 15:15:41,855 [trainer.py] => Trainable params: 86234881
2024-08-24 15:15:41,861 [aper_ssf.py] => Learning on 150-160
2024-08-24 15:16:06,362 [trainer.py] => No NME accuracy.
2024-08-24 15:16:06,363 [trainer.py] => CNN: {'total': 87.68, '00-09': 87.29, '10-19': 89.15, '20-29': 97.94, '30-39': 82.73, '40-49': 90.65, '50-59': 87.39, '60-69': 85.85, '70-79': 90.07, '80-89': 93.98, '90-99': 86.76, '100-109': 87.83, '110-119': 77.88, '120-129': 81.31, '130-139': 86.44, '140-149': 82.54, '150-159': 94.35, 'old': 87.21, 'new': 94.35}
2024-08-24 15:16:06,363 [trainer.py] => CNN top1 curve: [99.15, 97.57, 97.67, 96.92, 96.43, 94.05, 92.29, 92.93, 92.87, 92.0, 91.71, 89.97, 89.17, 88.6, 87.55, 87.68]
2024-08-24 15:16:06,363 [trainer.py] => CNN top5 curve: [100.0, 99.6, 99.42, 99.56, 99.64, 99.11, 99.1, 98.91, 98.95, 98.91, 98.93, 98.8, 98.88, 98.72, 98.7, 98.63]

2024-08-24 15:16:06,363 [trainer.py] => Average Accuracy (CNN): 92.91
2024-08-24 15:16:06,365 [trainer.py] => All params: 172048897
2024-08-24 15:16:06,366 [trainer.py] => Trainable params: 86250241
2024-08-24 15:16:06,376 [aper_ssf.py] => Learning on 160-170
2024-08-24 15:16:30,651 [trainer.py] => No NME accuracy.
2024-08-24 15:16:30,651 [trainer.py] => CNN: {'total': 87.46, '00-09': 87.29, '10-19': 89.15, '20-29': 97.94, '30-39': 82.73, '40-49': 89.72, '50-59': 87.39, '60-69': 84.91, '70-79': 90.07, '80-89': 93.98, '90-99': 85.29, '100-109': 87.83, '110-119': 77.88, '120-129': 81.31, '130-139': 86.44, '140-149': 81.75, '150-159': 94.35, '160-169': 88.06, 'old': 87.41, 'new': 88.06}
2024-08-24 15:16:30,651 [trainer.py] => CNN top1 curve: [99.15, 97.57, 97.67, 96.92, 96.43, 94.05, 92.29, 92.93, 92.87, 92.0, 91.71, 89.97, 89.17, 88.6, 87.55, 87.68, 87.46]
2024-08-24 15:16:30,651 [trainer.py] => CNN top5 curve: [100.0, 99.6, 99.42, 99.56, 99.64, 99.11, 99.1, 98.91, 98.95, 98.91, 98.93, 98.8, 98.88, 98.72, 98.7, 98.63, 98.57]

2024-08-24 15:16:30,651 [trainer.py] => Average Accuracy (CNN): 92.58941176470589
2024-08-24 15:16:30,653 [trainer.py] => All params: 172064257
2024-08-24 15:16:30,654 [trainer.py] => Trainable params: 86265601
2024-08-24 15:16:30,666 [aper_ssf.py] => Learning on 170-180
2024-08-24 15:16:57,477 [trainer.py] => No NME accuracy.
2024-08-24 15:16:57,478 [trainer.py] => CNN: {'total': 87.41, '00-09': 86.44, '10-19': 87.6, '20-29': 97.94, '30-39': 82.73, '40-49': 89.72, '50-59': 87.39, '60-69': 84.91, '70-79': 90.07, '80-89': 93.98, '90-99': 85.29, '100-109': 87.83, '110-119': 77.88, '120-129': 80.37, '130-139': 86.44, '140-149': 81.75, '150-159': 93.55, '160-169': 88.06, '170-179': 91.26, 'old': 87.21, 'new': 91.26}
2024-08-24 15:16:57,478 [trainer.py] => CNN top1 curve: [99.15, 97.57, 97.67, 96.92, 96.43, 94.05, 92.29, 92.93, 92.87, 92.0, 91.71, 89.97, 89.17, 88.6, 87.55, 87.68, 87.46, 87.41]
2024-08-24 15:16:57,478 [trainer.py] => CNN top5 curve: [100.0, 99.6, 99.42, 99.56, 99.64, 99.11, 99.1, 98.91, 98.95, 98.91, 98.93, 98.8, 98.88, 98.72, 98.7, 98.63, 98.57, 98.5]

2024-08-24 15:16:57,478 [trainer.py] => Average Accuracy (CNN): 92.30166666666668
2024-08-24 15:16:57,480 [trainer.py] => All params: 172079617
2024-08-24 15:16:57,481 [trainer.py] => Trainable params: 86280961
2024-08-24 15:16:57,489 [aper_ssf.py] => Learning on 180-190
2024-08-24 15:17:25,557 [trainer.py] => No NME accuracy.
2024-08-24 15:17:25,558 [trainer.py] => CNN: {'total': 86.86, '00-09': 86.44, '10-19': 87.6, '20-29': 95.88, '30-39': 80.91, '40-49': 88.79, '50-59': 87.39, '60-69': 84.91, '70-79': 90.07, '80-89': 93.98, '90-99': 85.29, '100-109': 87.83, '110-119': 77.88, '120-129': 78.5, '130-139': 86.44, '140-149': 81.75, '150-159': 93.55, '160-169': 88.06, '170-179': 91.26, '180-189': 83.33, 'old': 87.08, 'new': 83.33}
2024-08-24 15:17:25,558 [trainer.py] => CNN top1 curve: [99.15, 97.57, 97.67, 96.92, 96.43, 94.05, 92.29, 92.93, 92.87, 92.0, 91.71, 89.97, 89.17, 88.6, 87.55, 87.68, 87.46, 87.41, 86.86]
2024-08-24 15:17:25,558 [trainer.py] => CNN top5 curve: [100.0, 99.6, 99.42, 99.56, 99.64, 99.11, 99.1, 98.91, 98.95, 98.91, 98.93, 98.8, 98.88, 98.72, 98.7, 98.63, 98.57, 98.5, 98.23]

2024-08-24 15:17:25,558 [trainer.py] => Average Accuracy (CNN): 92.01526315789474
2024-08-24 15:17:25,559 [trainer.py] => All params: 172094977
2024-08-24 15:17:25,561 [trainer.py] => Trainable params: 86296321
2024-08-24 15:17:25,570 [aper_ssf.py] => Learning on 190-200
2024-08-24 15:17:52,450 [trainer.py] => No NME accuracy.
2024-08-24 15:17:52,450 [trainer.py] => CNN: {'total': 86.26, '00-09': 86.44, '10-19': 86.82, '20-29': 95.88, '30-39': 80.91, '40-49': 88.79, '50-59': 87.39, '60-69': 81.13, '70-79': 89.36, '80-89': 93.23, '90-99': 85.29, '100-109': 87.83, '110-119': 77.88, '120-129': 78.5, '130-139': 86.44, '140-149': 81.75, '150-159': 93.55, '160-169': 86.57, '170-179': 91.26, '180-189': 82.58, '190-199': 82.65, 'old': 86.42, 'new': 82.65}
2024-08-24 15:17:52,450 [trainer.py] => CNN top1 curve: [99.15, 97.57, 97.67, 96.92, 96.43, 94.05, 92.29, 92.93, 92.87, 92.0, 91.71, 89.97, 89.17, 88.6, 87.55, 87.68, 87.46, 87.41, 86.86, 86.26]
2024-08-24 15:17:52,450 [trainer.py] => CNN top5 curve: [100.0, 99.6, 99.42, 99.56, 99.64, 99.11, 99.1, 98.91, 98.95, 98.91, 98.93, 98.8, 98.88, 98.72, 98.7, 98.63, 98.57, 98.5, 98.23, 98.26]

2024-08-24 15:17:52,450 [trainer.py] => Average Accuracy (CNN): 91.72749999999999
