2024-08-24 14:33:14,051 [trainer.py] => config: exps/aper_adapter/imageneta_10_10_vit-b_adapter.json
2024-08-24 14:33:14,051 [trainer.py] => prefix: exp
2024-08-24 14:33:14,051 [trainer.py] => dataset: imageneta
2024-08-24 14:33:14,051 [trainer.py] => memory_size: 2000
2024-08-24 14:33:14,051 [trainer.py] => memory_per_class: 20
2024-08-24 14:33:14,051 [trainer.py] => fixed_memory: False
2024-08-24 14:33:14,051 [trainer.py] => shuffle: True
2024-08-24 14:33:14,051 [trainer.py] => init_cls: 10
2024-08-24 14:33:14,051 [trainer.py] => increment: 10
2024-08-24 14:33:14,051 [trainer.py] => model_name: aper_adapter
2024-08-24 14:33:14,051 [trainer.py] => convnet_type: pretrained_vit_b16_224_in21k_adapter
2024-08-24 14:33:14,051 [trainer.py] => weight_decay: 0.0005
2024-08-24 14:33:14,051 [trainer.py] => prompt_token_num: 30
2024-08-24 14:33:14,051 [trainer.py] => ffn_num: 64
2024-08-24 14:33:14,051 [trainer.py] => optimizer: sgd
2024-08-24 14:33:14,051 [trainer.py] => min_lr: 0
2024-08-24 14:33:14,051 [trainer.py] => device: [device(type='cuda', index=0)]
2024-08-24 14:33:14,051 [trainer.py] => seed: 1993
2024-08-24 14:33:14,051 [trainer.py] => tuned_epoch: 20
2024-08-24 14:33:14,051 [trainer.py] => init_lr: 0.01
2024-08-24 14:33:14,051 [trainer.py] => batch_size: 48
2024-08-24 14:33:14,141 [data_manager.py] => [168, 136, 51, 9, 183, 101, 171, 99, 42, 159, 191, 70, 16, 188, 27, 10, 175, 26, 68, 187, 98, 6, 85, 35, 112, 43, 100, 0, 103, 181, 88, 59, 4, 2, 116, 174, 94, 80, 106, 1, 147, 17, 141, 131, 72, 23, 173, 54, 197, 118, 87, 32, 79, 104, 91, 19, 135, 107, 178, 36, 11, 199, 142, 8, 122, 3, 28, 57, 153, 172, 190, 56, 49, 44, 97, 62, 151, 169, 194, 55, 192, 12, 189, 78, 66, 180, 15, 137, 109, 134, 92, 119, 126, 52, 170, 40, 148, 65, 144, 64, 138, 45, 77, 89, 154, 90, 71, 193, 74, 30, 113, 143, 96, 84, 67, 50, 186, 156, 69, 21, 18, 111, 108, 58, 125, 157, 150, 110, 182, 129, 166, 83, 81, 60, 13, 165, 14, 176, 63, 117, 5, 22, 145, 121, 38, 41, 82, 127, 114, 20, 31, 53, 37, 163, 196, 130, 152, 162, 86, 76, 24, 34, 184, 149, 33, 128, 198, 155, 146, 167, 139, 120, 140, 102, 47, 25, 158, 123, 46, 164, 61, 7, 115, 75, 133, 160, 105, 132, 179, 124, 48, 73, 93, 39, 95, 195, 29, 177, 185, 161]
2024-08-24 14:33:16,902 [_builder.py] => Loading pretrained weights from Hugging Face hub (timm/vit_base_patch16_224.augreg_in21k)
2024-08-24 14:34:15,417 [trainer.py] => config: exps/aper_adapter/imageneta_10_10_vit-b_adapter.json
2024-08-24 14:34:15,417 [trainer.py] => prefix: exp
2024-08-24 14:34:15,417 [trainer.py] => dataset: imageneta
2024-08-24 14:34:15,418 [trainer.py] => memory_size: 2000
2024-08-24 14:34:15,418 [trainer.py] => memory_per_class: 20
2024-08-24 14:34:15,418 [trainer.py] => fixed_memory: False
2024-08-24 14:34:15,418 [trainer.py] => shuffle: True
2024-08-24 14:34:15,418 [trainer.py] => init_cls: 10
2024-08-24 14:34:15,418 [trainer.py] => increment: 10
2024-08-24 14:34:15,418 [trainer.py] => model_name: aper_adapter
2024-08-24 14:34:15,418 [trainer.py] => convnet_type: pretrained_vit_b16_224_in21k_adapter
2024-08-24 14:34:15,418 [trainer.py] => weight_decay: 0.0005
2024-08-24 14:34:15,418 [trainer.py] => prompt_token_num: 30
2024-08-24 14:34:15,418 [trainer.py] => ffn_num: 64
2024-08-24 14:34:15,418 [trainer.py] => optimizer: sgd
2024-08-24 14:34:15,418 [trainer.py] => min_lr: 0
2024-08-24 14:34:15,418 [trainer.py] => device: [device(type='cuda', index=0)]
2024-08-24 14:34:15,418 [trainer.py] => seed: 1993
2024-08-24 14:34:15,418 [trainer.py] => tuned_epoch: 20
2024-08-24 14:34:15,418 [trainer.py] => init_lr: 0.01
2024-08-24 14:34:15,418 [trainer.py] => batch_size: 48
2024-08-24 14:34:15,453 [data_manager.py] => [168, 136, 51, 9, 183, 101, 171, 99, 42, 159, 191, 70, 16, 188, 27, 10, 175, 26, 68, 187, 98, 6, 85, 35, 112, 43, 100, 0, 103, 181, 88, 59, 4, 2, 116, 174, 94, 80, 106, 1, 147, 17, 141, 131, 72, 23, 173, 54, 197, 118, 87, 32, 79, 104, 91, 19, 135, 107, 178, 36, 11, 199, 142, 8, 122, 3, 28, 57, 153, 172, 190, 56, 49, 44, 97, 62, 151, 169, 194, 55, 192, 12, 189, 78, 66, 180, 15, 137, 109, 134, 92, 119, 126, 52, 170, 40, 148, 65, 144, 64, 138, 45, 77, 89, 154, 90, 71, 193, 74, 30, 113, 143, 96, 84, 67, 50, 186, 156, 69, 21, 18, 111, 108, 58, 125, 157, 150, 110, 182, 129, 166, 83, 81, 60, 13, 165, 14, 176, 63, 117, 5, 22, 145, 121, 38, 41, 82, 127, 114, 20, 31, 53, 37, 163, 196, 130, 152, 162, 86, 76, 24, 34, 184, 149, 33, 128, 198, 155, 146, 167, 139, 120, 140, 102, 47, 25, 158, 123, 46, 164, 61, 7, 115, 75, 133, 160, 105, 132, 179, 124, 48, 73, 93, 39, 95, 195, 29, 177, 185, 161]
2024-08-24 14:34:18,766 [trainer.py] => All params: 86988288
2024-08-24 14:34:18,767 [trainer.py] => Trainable params: 1189632
2024-08-24 14:34:24,302 [aper_adapter.py] => Learning on 0-10
2024-08-24 14:36:07,508 [aper_adapter.py] => Task 0, Epoch 20/20 => Loss 1.799, Train_accy 64.45, Test_accy 54.55
2024-08-24 14:36:19,045 [trainer.py] => No NME accuracy.
2024-08-24 14:36:19,045 [trainer.py] => CNN: {'total': 80.52, '00-09': 80.52, 'old': 0, 'new': 80.52}
2024-08-24 14:36:19,045 [trainer.py] => CNN top1 curve: [80.52]
2024-08-24 14:36:19,045 [trainer.py] => CNN top5 curve: [96.1]

2024-08-24 14:36:19,045 [trainer.py] => Average Accuracy (CNN): 80.52
2024-08-24 14:36:19,047 [trainer.py] => All params: 172802305
2024-08-24 14:36:19,048 [trainer.py] => Trainable params: 87003649
2024-08-24 14:36:19,060 [aper_adapter.py] => Learning on 10-20
2024-08-24 14:36:27,284 [trainer.py] => No NME accuracy.
2024-08-24 14:36:27,284 [trainer.py] => CNN: {'total': 78.86, '00-09': 76.62, '10-19': 80.61, 'old': 76.62, 'new': 80.61}
2024-08-24 14:36:27,284 [trainer.py] => CNN top1 curve: [80.52, 78.86]
2024-08-24 14:36:27,284 [trainer.py] => CNN top5 curve: [96.1, 94.86]

2024-08-24 14:36:27,284 [trainer.py] => Average Accuracy (CNN): 79.69
2024-08-24 14:36:27,286 [trainer.py] => All params: 172817665
2024-08-24 14:36:27,287 [trainer.py] => Trainable params: 87019009
2024-08-24 14:36:27,295 [aper_adapter.py] => Learning on 20-30
2024-08-24 14:36:36,870 [trainer.py] => No NME accuracy.
2024-08-24 14:36:36,870 [trainer.py] => CNN: {'total': 75.55, '00-09': 66.23, '10-19': 78.57, '20-29': 79.8, 'old': 73.14, 'new': 79.8}
2024-08-24 14:36:36,871 [trainer.py] => CNN top1 curve: [80.52, 78.86, 75.55]
2024-08-24 14:36:36,871 [trainer.py] => CNN top5 curve: [96.1, 94.86, 93.43]

2024-08-24 14:36:36,871 [trainer.py] => Average Accuracy (CNN): 78.31
2024-08-24 14:36:36,872 [trainer.py] => All params: 172833025
2024-08-24 14:36:36,874 [trainer.py] => Trainable params: 87034369
2024-08-24 14:36:36,882 [aper_adapter.py] => Learning on 30-40
2024-08-24 14:36:47,240 [trainer.py] => No NME accuracy.
2024-08-24 14:36:47,240 [trainer.py] => CNN: {'total': 71.11, '00-09': 61.04, '10-19': 75.51, '20-29': 78.79, '30-39': 66.28, 'old': 72.63, 'new': 66.28}
2024-08-24 14:36:47,240 [trainer.py] => CNN top1 curve: [80.52, 78.86, 75.55, 71.11]
2024-08-24 14:36:47,240 [trainer.py] => CNN top5 curve: [96.1, 94.86, 93.43, 91.94]

2024-08-24 14:36:47,240 [trainer.py] => Average Accuracy (CNN): 76.51
2024-08-24 14:36:47,242 [trainer.py] => All params: 172848385
2024-08-24 14:36:47,244 [trainer.py] => Trainable params: 87049729
2024-08-24 14:36:47,257 [aper_adapter.py] => Learning on 40-50
2024-08-24 14:36:56,824 [trainer.py] => No NME accuracy.
2024-08-24 14:36:56,824 [trainer.py] => CNN: {'total': 68.16, '00-09': 61.04, '10-19': 73.47, '20-29': 71.72, '30-39': 61.63, '40-49': 71.88, 'old': 67.5, 'new': 71.88}
2024-08-24 14:36:56,824 [trainer.py] => CNN top1 curve: [80.52, 78.86, 75.55, 71.11, 68.16]
2024-08-24 14:36:56,824 [trainer.py] => CNN top5 curve: [96.1, 94.86, 93.43, 91.94, 91.27]

2024-08-24 14:36:56,824 [trainer.py] => Average Accuracy (CNN): 74.84
2024-08-24 14:36:56,826 [trainer.py] => All params: 172863745
2024-08-24 14:36:56,827 [trainer.py] => Trainable params: 87065089
2024-08-24 14:36:56,836 [aper_adapter.py] => Learning on 50-60
2024-08-24 14:37:07,172 [trainer.py] => No NME accuracy.
2024-08-24 14:37:07,172 [trainer.py] => CNN: {'total': 65.55, '00-09': 61.04, '10-19': 70.41, '20-29': 64.65, '30-39': 60.47, '40-49': 67.19, '50-59': 71.15, 'old': 64.86, 'new': 71.15}
2024-08-24 14:37:07,173 [trainer.py] => CNN top1 curve: [80.52, 78.86, 75.55, 71.11, 68.16, 65.55]
2024-08-24 14:37:07,173 [trainer.py] => CNN top5 curve: [96.1, 94.86, 93.43, 91.94, 91.27, 90.13]

2024-08-24 14:37:07,173 [trainer.py] => Average Accuracy (CNN): 73.29166666666667
2024-08-24 14:37:07,175 [trainer.py] => All params: 172879105
2024-08-24 14:37:07,177 [trainer.py] => Trainable params: 87080449
2024-08-24 14:37:07,184 [aper_adapter.py] => Learning on 60-70
2024-08-24 14:37:19,058 [trainer.py] => No NME accuracy.
2024-08-24 14:37:19,058 [trainer.py] => CNN: {'total': 63.62, '00-09': 59.74, '10-19': 68.37, '20-29': 62.63, '30-39': 58.14, '40-49': 62.5, '50-59': 71.15, '60-69': 64.29, 'old': 63.45, 'new': 64.29}
2024-08-24 14:37:19,058 [trainer.py] => CNN top1 curve: [80.52, 78.86, 75.55, 71.11, 68.16, 65.55, 63.62]
2024-08-24 14:37:19,058 [trainer.py] => CNN top5 curve: [96.1, 94.86, 93.43, 91.94, 91.27, 90.13, 89.37]

2024-08-24 14:37:19,058 [trainer.py] => Average Accuracy (CNN): 71.91000000000001
2024-08-24 14:37:19,060 [trainer.py] => All params: 172894465
2024-08-24 14:37:19,061 [trainer.py] => Trainable params: 87095809
2024-08-24 14:37:19,071 [aper_adapter.py] => Learning on 70-80
2024-08-24 14:37:33,461 [trainer.py] => No NME accuracy.
2024-08-24 14:37:33,462 [trainer.py] => CNN: {'total': 61.89, '00-09': 55.84, '10-19': 64.29, '20-29': 61.62, '30-39': 58.14, '40-49': 60.94, '50-59': 71.15, '60-69': 64.29, '70-79': 60.42, 'old': 62.13, 'new': 60.42}
2024-08-24 14:37:33,462 [trainer.py] => CNN top1 curve: [80.52, 78.86, 75.55, 71.11, 68.16, 65.55, 63.62, 61.89]
2024-08-24 14:37:33,462 [trainer.py] => CNN top5 curve: [96.1, 94.86, 93.43, 91.94, 91.27, 90.13, 89.37, 88.83]

2024-08-24 14:37:33,462 [trainer.py] => Average Accuracy (CNN): 70.65750000000001
2024-08-24 14:37:33,464 [trainer.py] => All params: 172909825
2024-08-24 14:37:33,465 [trainer.py] => Trainable params: 87111169
2024-08-24 14:37:33,472 [aper_adapter.py] => Learning on 80-90
2024-08-24 14:37:44,846 [trainer.py] => No NME accuracy.
2024-08-24 14:37:44,847 [trainer.py] => CNN: {'total': 60.59, '00-09': 53.25, '10-19': 62.24, '20-29': 60.61, '30-39': 56.98, '40-49': 59.38, '50-59': 69.23, '60-69': 64.29, '70-79': 59.38, '80-89': 60.49, 'old': 60.6, 'new': 60.49}
2024-08-24 14:37:44,847 [trainer.py] => CNN top1 curve: [80.52, 78.86, 75.55, 71.11, 68.16, 65.55, 63.62, 61.89, 60.59]
2024-08-24 14:37:44,847 [trainer.py] => CNN top5 curve: [96.1, 94.86, 93.43, 91.94, 91.27, 90.13, 89.37, 88.83, 87.29]

2024-08-24 14:37:44,847 [trainer.py] => Average Accuracy (CNN): 69.5388888888889
2024-08-24 14:37:44,849 [trainer.py] => All params: 172925185
2024-08-24 14:37:44,850 [trainer.py] => Trainable params: 87126529
2024-08-24 14:37:44,854 [aper_adapter.py] => Learning on 90-100
2024-08-24 14:37:59,198 [trainer.py] => No NME accuracy.
2024-08-24 14:37:59,199 [trainer.py] => CNN: {'total': 58.26, '00-09': 49.35, '10-19': 62.24, '20-29': 59.6, '30-39': 55.81, '40-49': 59.38, '50-59': 67.31, '60-69': 62.7, '70-79': 53.12, '80-89': 58.02, '90-99': 54.84, 'old': 58.54, 'new': 54.84}
2024-08-24 14:37:59,199 [trainer.py] => CNN top1 curve: [80.52, 78.86, 75.55, 71.11, 68.16, 65.55, 63.62, 61.89, 60.59, 58.26]
2024-08-24 14:37:59,199 [trainer.py] => CNN top5 curve: [96.1, 94.86, 93.43, 91.94, 91.27, 90.13, 89.37, 88.83, 87.29, 85.49]

2024-08-24 14:37:59,199 [trainer.py] => Average Accuracy (CNN): 68.41100000000002
2024-08-24 14:37:59,201 [trainer.py] => All params: 172940545
2024-08-24 14:37:59,202 [trainer.py] => Trainable params: 87141889
2024-08-24 14:37:59,213 [aper_adapter.py] => Learning on 100-110
2024-08-24 14:38:11,129 [trainer.py] => No NME accuracy.
2024-08-24 14:38:11,130 [trainer.py] => CNN: {'total': 57.71, '00-09': 48.05, '10-19': 61.22, '20-29': 57.58, '30-39': 55.81, '40-49': 59.38, '50-59': 65.38, '60-69': 58.73, '70-79': 52.08, '80-89': 56.79, '90-99': 54.84, '100-109': 70.0, 'old': 56.84, 'new': 70.0}
2024-08-24 14:38:11,130 [trainer.py] => CNN top1 curve: [80.52, 78.86, 75.55, 71.11, 68.16, 65.55, 63.62, 61.89, 60.59, 58.26, 57.71]
2024-08-24 14:38:11,130 [trainer.py] => CNN top5 curve: [96.1, 94.86, 93.43, 91.94, 91.27, 90.13, 89.37, 88.83, 87.29, 85.49, 84.68]

2024-08-24 14:38:11,130 [trainer.py] => Average Accuracy (CNN): 67.43818181818183
2024-08-24 14:38:11,131 [trainer.py] => All params: 172955905
2024-08-24 14:38:11,133 [trainer.py] => Trainable params: 87157249
2024-08-24 14:38:11,138 [aper_adapter.py] => Learning on 110-120
2024-08-24 14:38:23,152 [trainer.py] => No NME accuracy.
2024-08-24 14:38:23,153 [trainer.py] => CNN: {'total': 57.03, '00-09': 48.05, '10-19': 61.22, '20-29': 56.57, '30-39': 53.49, '40-49': 59.38, '50-59': 63.46, '60-69': 57.94, '70-79': 51.04, '80-89': 56.79, '90-99': 50.0, '100-109': 70.0, '110-119': 60.81, 'old': 56.71, 'new': 60.81}
2024-08-24 14:38:23,153 [trainer.py] => CNN top1 curve: [80.52, 78.86, 75.55, 71.11, 68.16, 65.55, 63.62, 61.89, 60.59, 58.26, 57.71, 57.03]
2024-08-24 14:38:23,153 [trainer.py] => CNN top5 curve: [96.1, 94.86, 93.43, 91.94, 91.27, 90.13, 89.37, 88.83, 87.29, 85.49, 84.68, 84.0]

2024-08-24 14:38:23,153 [trainer.py] => Average Accuracy (CNN): 66.57083333333334
2024-08-24 14:38:23,155 [trainer.py] => All params: 172971265
2024-08-24 14:38:23,156 [trainer.py] => Trainable params: 87172609
2024-08-24 14:38:23,163 [aper_adapter.py] => Learning on 120-130
2024-08-24 14:38:34,301 [trainer.py] => No NME accuracy.
2024-08-24 14:38:34,301 [trainer.py] => CNN: {'total': 55.17, '00-09': 45.45, '10-19': 59.18, '20-29': 54.55, '30-39': 53.49, '40-49': 57.81, '50-59': 63.46, '60-69': 57.94, '70-79': 50.0, '80-89': 56.79, '90-99': 48.39, '100-109': 68.33, '110-119': 60.81, '120-129': 41.67, 'old': 56.0, 'new': 41.67}
2024-08-24 14:38:34,301 [trainer.py] => CNN top1 curve: [80.52, 78.86, 75.55, 71.11, 68.16, 65.55, 63.62, 61.89, 60.59, 58.26, 57.71, 57.03, 55.17]
2024-08-24 14:38:34,302 [trainer.py] => CNN top5 curve: [96.1, 94.86, 93.43, 91.94, 91.27, 90.13, 89.37, 88.83, 87.29, 85.49, 84.68, 84.0, 82.42]

2024-08-24 14:38:34,302 [trainer.py] => Average Accuracy (CNN): 65.69384615384617
2024-08-24 14:38:34,303 [trainer.py] => All params: 172986625
2024-08-24 14:38:34,304 [trainer.py] => Trainable params: 87187969
2024-08-24 14:38:34,308 [aper_adapter.py] => Learning on 130-140
2024-08-24 14:38:46,532 [trainer.py] => No NME accuracy.
2024-08-24 14:38:46,532 [trainer.py] => CNN: {'total': 54.15, '00-09': 45.45, '10-19': 59.18, '20-29': 53.54, '30-39': 53.49, '40-49': 56.25, '50-59': 61.54, '60-69': 52.38, '70-79': 47.92, '80-89': 56.79, '90-99': 48.39, '100-109': 68.33, '110-119': 60.81, '120-129': 41.67, '130-139': 55.81, 'old': 54.01, 'new': 55.81}
2024-08-24 14:38:46,532 [trainer.py] => CNN top1 curve: [80.52, 78.86, 75.55, 71.11, 68.16, 65.55, 63.62, 61.89, 60.59, 58.26, 57.71, 57.03, 55.17, 54.15]
2024-08-24 14:38:46,532 [trainer.py] => CNN top5 curve: [96.1, 94.86, 93.43, 91.94, 91.27, 90.13, 89.37, 88.83, 87.29, 85.49, 84.68, 84.0, 82.42, 82.07]

2024-08-24 14:38:46,533 [trainer.py] => Average Accuracy (CNN): 64.86928571428572
2024-08-24 14:38:46,534 [trainer.py] => All params: 173001985
2024-08-24 14:38:46,535 [trainer.py] => Trainable params: 87203329
2024-08-24 14:38:46,539 [aper_adapter.py] => Learning on 140-150
2024-08-24 14:39:01,009 [trainer.py] => No NME accuracy.
2024-08-24 14:39:01,010 [trainer.py] => CNN: {'total': 53.05, '00-09': 45.45, '10-19': 59.18, '20-29': 50.51, '30-39': 53.49, '40-49': 56.25, '50-59': 57.69, '60-69': 52.38, '70-79': 47.92, '80-89': 55.56, '90-99': 48.39, '100-109': 66.67, '110-119': 60.81, '120-129': 41.67, '130-139': 55.81, '140-149': 46.05, 'old': 53.52, 'new': 46.05}
2024-08-24 14:39:01,010 [trainer.py] => CNN top1 curve: [80.52, 78.86, 75.55, 71.11, 68.16, 65.55, 63.62, 61.89, 60.59, 58.26, 57.71, 57.03, 55.17, 54.15, 53.05]
2024-08-24 14:39:01,010 [trainer.py] => CNN top5 curve: [96.1, 94.86, 93.43, 91.94, 91.27, 90.13, 89.37, 88.83, 87.29, 85.49, 84.68, 84.0, 82.42, 82.07, 80.79]

2024-08-24 14:39:01,010 [trainer.py] => Average Accuracy (CNN): 64.08133333333333
2024-08-24 14:39:01,011 [trainer.py] => All params: 173017345
2024-08-24 14:39:01,013 [trainer.py] => Trainable params: 87218689
2024-08-24 14:39:01,024 [aper_adapter.py] => Learning on 150-160
2024-08-24 14:39:14,521 [trainer.py] => No NME accuracy.
2024-08-24 14:39:14,521 [trainer.py] => CNN: {'total': 52.0, '00-09': 44.16, '10-19': 59.18, '20-29': 50.51, '30-39': 53.49, '40-49': 56.25, '50-59': 55.77, '60-69': 52.38, '70-79': 47.92, '80-89': 54.32, '90-99': 46.77, '100-109': 66.67, '110-119': 60.81, '120-129': 40.0, '130-139': 55.81, '140-149': 46.05, '150-159': 37.25, 'old': 52.63, 'new': 37.25}
2024-08-24 14:39:14,521 [trainer.py] => CNN top1 curve: [80.52, 78.86, 75.55, 71.11, 68.16, 65.55, 63.62, 61.89, 60.59, 58.26, 57.71, 57.03, 55.17, 54.15, 53.05, 52.0]
2024-08-24 14:39:14,521 [trainer.py] => CNN top5 curve: [96.1, 94.86, 93.43, 91.94, 91.27, 90.13, 89.37, 88.83, 87.29, 85.49, 84.68, 84.0, 82.42, 82.07, 80.79, 79.73]

2024-08-24 14:39:14,521 [trainer.py] => Average Accuracy (CNN): 63.32625
2024-08-24 14:39:14,523 [trainer.py] => All params: 173032705
2024-08-24 14:39:14,524 [trainer.py] => Trainable params: 87234049
2024-08-24 14:39:14,534 [aper_adapter.py] => Learning on 160-170
2024-08-24 14:39:28,650 [trainer.py] => No NME accuracy.
2024-08-24 14:39:28,650 [trainer.py] => CNN: {'total': 50.34, '00-09': 41.56, '10-19': 59.18, '20-29': 48.48, '30-39': 53.49, '40-49': 54.69, '50-59': 55.77, '60-69': 52.38, '70-79': 46.88, '80-89': 54.32, '90-99': 46.77, '100-109': 66.67, '110-119': 60.81, '120-129': 38.33, '130-139': 54.65, '140-149': 44.74, '150-159': 37.25, '160-169': 36.47, 'old': 51.28, 'new': 36.47}
2024-08-24 14:39:28,650 [trainer.py] => CNN top1 curve: [80.52, 78.86, 75.55, 71.11, 68.16, 65.55, 63.62, 61.89, 60.59, 58.26, 57.71, 57.03, 55.17, 54.15, 53.05, 52.0, 50.34]
2024-08-24 14:39:28,650 [trainer.py] => CNN top5 curve: [96.1, 94.86, 93.43, 91.94, 91.27, 90.13, 89.37, 88.83, 87.29, 85.49, 84.68, 84.0, 82.42, 82.07, 80.79, 79.73, 78.92]

2024-08-24 14:39:28,650 [trainer.py] => Average Accuracy (CNN): 62.56235294117647
2024-08-24 14:39:28,652 [trainer.py] => All params: 173048065
2024-08-24 14:39:28,653 [trainer.py] => Trainable params: 87249409
2024-08-24 14:39:28,657 [aper_adapter.py] => Learning on 170-180
2024-08-24 14:39:44,008 [trainer.py] => No NME accuracy.
2024-08-24 14:39:44,008 [trainer.py] => CNN: {'total': 49.75, '00-09': 38.96, '10-19': 59.18, '20-29': 48.48, '30-39': 53.49, '40-49': 54.69, '50-59': 55.77, '60-69': 52.38, '70-79': 46.88, '80-89': 54.32, '90-99': 45.16, '100-109': 66.67, '110-119': 59.46, '120-129': 38.33, '130-139': 54.65, '140-149': 44.74, '150-159': 37.25, '160-169': 36.47, '170-179': 43.55, 'old': 50.04, 'new': 43.55}
2024-08-24 14:39:44,008 [trainer.py] => CNN top1 curve: [80.52, 78.86, 75.55, 71.11, 68.16, 65.55, 63.62, 61.89, 60.59, 58.26, 57.71, 57.03, 55.17, 54.15, 53.05, 52.0, 50.34, 49.75]
2024-08-24 14:39:44,008 [trainer.py] => CNN top5 curve: [96.1, 94.86, 93.43, 91.94, 91.27, 90.13, 89.37, 88.83, 87.29, 85.49, 84.68, 84.0, 82.42, 82.07, 80.79, 79.73, 78.92, 77.99]

2024-08-24 14:39:44,008 [trainer.py] => Average Accuracy (CNN): 61.85055555555555
2024-08-24 14:39:44,010 [trainer.py] => All params: 173063425
2024-08-24 14:39:44,011 [trainer.py] => Trainable params: 87264769
2024-08-24 14:39:44,018 [aper_adapter.py] => Learning on 180-190
2024-08-24 14:39:57,621 [trainer.py] => No NME accuracy.
2024-08-24 14:39:57,621 [trainer.py] => CNN: {'total': 49.58, '00-09': 38.96, '10-19': 59.18, '20-29': 48.48, '30-39': 53.49, '40-49': 54.69, '50-59': 55.77, '60-69': 52.38, '70-79': 46.88, '80-89': 54.32, '90-99': 45.16, '100-109': 66.67, '110-119': 59.46, '120-129': 38.33, '130-139': 54.65, '140-149': 44.74, '150-159': 37.25, '160-169': 36.47, '170-179': 43.55, '180-189': 43.59, 'old': 49.75, 'new': 43.59}
2024-08-24 14:39:57,622 [trainer.py] => CNN top1 curve: [80.52, 78.86, 75.55, 71.11, 68.16, 65.55, 63.62, 61.89, 60.59, 58.26, 57.71, 57.03, 55.17, 54.15, 53.05, 52.0, 50.34, 49.75, 49.58]
2024-08-24 14:39:57,622 [trainer.py] => CNN top5 curve: [96.1, 94.86, 93.43, 91.94, 91.27, 90.13, 89.37, 88.83, 87.29, 85.49, 84.68, 84.0, 82.42, 82.07, 80.79, 79.73, 78.92, 77.99, 77.27]

2024-08-24 14:39:57,622 [trainer.py] => Average Accuracy (CNN): 61.204736842105255
2024-08-24 14:39:57,624 [trainer.py] => All params: 173078785
2024-08-24 14:39:57,625 [trainer.py] => Trainable params: 87280129
2024-08-24 14:39:57,636 [aper_adapter.py] => Learning on 190-200
2024-08-24 14:40:13,821 [trainer.py] => No NME accuracy.
2024-08-24 14:40:13,821 [trainer.py] => CNN: {'total': 48.85, '00-09': 37.66, '10-19': 59.18, '20-29': 48.48, '30-39': 53.49, '40-49': 54.69, '50-59': 55.77, '60-69': 51.59, '70-79': 46.88, '80-89': 54.32, '90-99': 43.55, '100-109': 61.67, '110-119': 59.46, '120-129': 36.67, '130-139': 54.65, '140-149': 44.74, '150-159': 37.25, '160-169': 36.47, '170-179': 38.71, '180-189': 43.59, '190-199': 48.24, 'old': 48.88, 'new': 48.24}
2024-08-24 14:40:13,823 [trainer.py] => CNN top1 curve: [80.52, 78.86, 75.55, 71.11, 68.16, 65.55, 63.62, 61.89, 60.59, 58.26, 57.71, 57.03, 55.17, 54.15, 53.05, 52.0, 50.34, 49.75, 49.58, 48.85]
2024-08-24 14:40:13,823 [trainer.py] => CNN top5 curve: [96.1, 94.86, 93.43, 91.94, 91.27, 90.13, 89.37, 88.83, 87.29, 85.49, 84.68, 84.0, 82.42, 82.07, 80.79, 79.73, 78.92, 77.99, 77.27, 75.84]

2024-08-24 14:40:13,823 [trainer.py] => Average Accuracy (CNN): 60.58699999999999
