2024-08-24 16:05:50,641 [trainer.py] => config: exps/simplecil/cub_10_10_vit-b_simplecil.json
2024-08-24 16:05:50,641 [trainer.py] => prefix: exp
2024-08-24 16:05:50,641 [trainer.py] => dataset: cub
2024-08-24 16:05:50,641 [trainer.py] => memory_size: 2000
2024-08-24 16:05:50,641 [trainer.py] => memory_per_class: 20
2024-08-24 16:05:50,641 [trainer.py] => fixed_memory: False
2024-08-24 16:05:50,641 [trainer.py] => shuffle: True
2024-08-24 16:05:50,641 [trainer.py] => init_cls: 10
2024-08-24 16:05:50,641 [trainer.py] => increment: 10
2024-08-24 16:05:50,641 [trainer.py] => model_name: simplecil
2024-08-24 16:05:50,641 [trainer.py] => convnet_type: pretrained_vit_b16_224_in21k
2024-08-24 16:05:50,641 [trainer.py] => weight_decay: 0.0005
2024-08-24 16:05:50,641 [trainer.py] => prompt_token_num: 30
2024-08-24 16:05:50,641 [trainer.py] => ffn_num: 64
2024-08-24 16:05:50,641 [trainer.py] => optimizer: sgd
2024-08-24 16:05:50,641 [trainer.py] => min_lr: 0
2024-08-24 16:05:50,641 [trainer.py] => device: [device(type='cuda', index=0)]
2024-08-24 16:05:50,641 [trainer.py] => seed: 1993
2024-08-24 16:05:50,641 [trainer.py] => tuned_epoch: 20
2024-08-24 16:05:50,641 [trainer.py] => init_lr: 0.01
2024-08-24 16:05:50,642 [trainer.py] => batch_size: 48
2024-08-24 16:05:50,689 [data_manager.py] => [168, 136, 51, 9, 183, 101, 171, 99, 42, 159, 191, 70, 16, 188, 27, 10, 175, 26, 68, 187, 98, 6, 85, 35, 112, 43, 100, 0, 103, 181, 88, 59, 4, 2, 116, 174, 94, 80, 106, 1, 147, 17, 141, 131, 72, 23, 173, 54, 197, 118, 87, 32, 79, 104, 91, 19, 135, 107, 178, 36, 11, 199, 142, 8, 122, 3, 28, 57, 153, 172, 190, 56, 49, 44, 97, 62, 151, 169, 194, 55, 192, 12, 189, 78, 66, 180, 15, 137, 109, 134, 92, 119, 126, 52, 170, 40, 148, 65, 144, 64, 138, 45, 77, 89, 154, 90, 71, 193, 74, 30, 113, 143, 96, 84, 67, 50, 186, 156, 69, 21, 18, 111, 108, 58, 125, 157, 150, 110, 182, 129, 166, 83, 81, 60, 13, 165, 14, 176, 63, 117, 5, 22, 145, 121, 38, 41, 82, 127, 114, 20, 31, 53, 37, 163, 196, 130, 152, 162, 86, 76, 24, 34, 184, 149, 33, 128, 198, 155, 146, 167, 139, 120, 140, 102, 47, 25, 158, 123, 46, 164, 61, 7, 115, 75, 133, 160, 105, 132, 179, 124, 48, 73, 93, 39, 95, 195, 29, 177, 185, 161]
2024-08-24 16:05:53,142 [trainer.py] => All params: 85798656
2024-08-24 16:05:53,143 [trainer.py] => Trainable params: 85798656
2024-08-24 16:06:00,182 [simplecil.py] => Learning on 0-10
2024-08-24 16:06:16,718 [trainer.py] => No NME accuracy.
2024-08-24 16:06:16,719 [trainer.py] => CNN: {'total': 100.0, '00-09': 100.0, 'old': 0, 'new': 100.0}
2024-08-24 16:06:16,719 [trainer.py] => CNN top1 curve: [100.0]
2024-08-24 16:06:16,719 [trainer.py] => CNN top5 curve: [100.0]

2024-08-24 16:06:16,719 [trainer.py] => Average Accuracy (CNN): 100.0
2024-08-24 16:06:16,720 [trainer.py] => All params: 85806337
2024-08-24 16:06:16,720 [trainer.py] => Trainable params: 85806337
2024-08-24 16:06:16,739 [simplecil.py] => Learning on 10-20
2024-08-24 16:06:45,043 [trainer.py] => No NME accuracy.
2024-08-24 16:06:45,043 [trainer.py] => CNN: {'total': 98.38, '00-09': 99.15, '10-19': 97.67, 'old': 99.15, 'new': 97.67}
2024-08-24 16:06:45,043 [trainer.py] => CNN top1 curve: [100.0, 98.38]
2024-08-24 16:06:45,043 [trainer.py] => CNN top5 curve: [100.0, 100.0]

2024-08-24 16:06:45,043 [trainer.py] => Average Accuracy (CNN): 99.19
2024-08-24 16:06:45,044 [trainer.py] => All params: 85814017
2024-08-24 16:06:45,045 [trainer.py] => Trainable params: 85814017
2024-08-24 16:06:45,058 [simplecil.py] => Learning on 20-30
2024-08-24 16:06:59,839 [trainer.py] => No NME accuracy.
2024-08-24 16:06:59,839 [trainer.py] => CNN: {'total': 98.26, '00-09': 99.15, '10-19': 97.67, '20-29': 97.94, 'old': 98.38, 'new': 97.94}
2024-08-24 16:06:59,839 [trainer.py] => CNN top1 curve: [100.0, 98.38, 98.26]
2024-08-24 16:06:59,839 [trainer.py] => CNN top5 curve: [100.0, 100.0, 99.71]

2024-08-24 16:06:59,839 [trainer.py] => Average Accuracy (CNN): 98.88
2024-08-24 16:06:59,840 [trainer.py] => All params: 85821697
2024-08-24 16:06:59,841 [trainer.py] => Trainable params: 85821697
2024-08-24 16:06:59,850 [simplecil.py] => Learning on 30-40
2024-08-24 16:07:08,989 [trainer.py] => No NME accuracy.
2024-08-24 16:07:08,989 [trainer.py] => CNN: {'total': 97.8, '00-09': 99.15, '10-19': 96.9, '20-29': 97.94, '30-39': 97.27, 'old': 97.97, 'new': 97.27}
2024-08-24 16:07:08,989 [trainer.py] => CNN top1 curve: [100.0, 98.38, 98.26, 97.8]
2024-08-24 16:07:08,989 [trainer.py] => CNN top5 curve: [100.0, 100.0, 99.71, 99.78]

2024-08-24 16:07:08,989 [trainer.py] => Average Accuracy (CNN): 98.61
2024-08-24 16:07:08,990 [trainer.py] => All params: 85829377
2024-08-24 16:07:08,991 [trainer.py] => Trainable params: 85829377
2024-08-24 16:07:09,000 [simplecil.py] => Learning on 40-50
2024-08-24 16:07:17,280 [trainer.py] => No NME accuracy.
2024-08-24 16:07:17,280 [trainer.py] => CNN: {'total': 97.5, '00-09': 98.31, '10-19': 96.9, '20-29': 97.94, '30-39': 96.36, '40-49': 98.13, 'old': 97.36, 'new': 98.13}
2024-08-24 16:07:17,280 [trainer.py] => CNN top1 curve: [100.0, 98.38, 98.26, 97.8, 97.5]
2024-08-24 16:07:17,280 [trainer.py] => CNN top5 curve: [100.0, 100.0, 99.71, 99.78, 99.64]

2024-08-24 16:07:17,280 [trainer.py] => Average Accuracy (CNN): 98.388
2024-08-24 16:07:17,281 [trainer.py] => All params: 85837057
2024-08-24 16:07:17,282 [trainer.py] => Trainable params: 85837057
2024-08-24 16:07:17,294 [simplecil.py] => Learning on 50-60
2024-08-24 16:07:26,776 [trainer.py] => No NME accuracy.
2024-08-24 16:07:26,777 [trainer.py] => CNN: {'total': 94.79, '00-09': 91.53, '10-19': 96.9, '20-29': 97.94, '30-39': 96.36, '40-49': 97.2, '50-59': 89.19, 'old': 95.9, 'new': 89.19}
2024-08-24 16:07:26,777 [trainer.py] => CNN top1 curve: [100.0, 98.38, 98.26, 97.8, 97.5, 94.79]
2024-08-24 16:07:26,777 [trainer.py] => CNN top5 curve: [100.0, 100.0, 99.71, 99.78, 99.64, 99.26]

2024-08-24 16:07:26,777 [trainer.py] => Average Accuracy (CNN): 97.78833333333334
2024-08-24 16:07:26,778 [trainer.py] => All params: 85844737
2024-08-24 16:07:26,779 [trainer.py] => Trainable params: 85844737
2024-08-24 16:07:26,788 [simplecil.py] => Learning on 60-70
2024-08-24 16:07:36,887 [trainer.py] => No NME accuracy.
2024-08-24 16:07:36,888 [trainer.py] => CNN: {'total': 92.67, '00-09': 90.68, '10-19': 92.25, '20-29': 97.94, '30-39': 95.45, '40-49': 96.26, '50-59': 87.39, '60-69': 89.62, 'old': 93.15, 'new': 89.62}
2024-08-24 16:07:36,888 [trainer.py] => CNN top1 curve: [100.0, 98.38, 98.26, 97.8, 97.5, 94.79, 92.67]
2024-08-24 16:07:36,888 [trainer.py] => CNN top5 curve: [100.0, 100.0, 99.71, 99.78, 99.64, 99.26, 99.23]

2024-08-24 16:07:36,888 [trainer.py] => Average Accuracy (CNN): 97.05714285714285
2024-08-24 16:07:36,889 [trainer.py] => All params: 85852417
2024-08-24 16:07:36,889 [trainer.py] => Trainable params: 85852417
2024-08-24 16:07:36,903 [simplecil.py] => Learning on 70-80
2024-08-24 16:07:47,452 [trainer.py] => No NME accuracy.
2024-08-24 16:07:47,452 [trainer.py] => CNN: {'total': 93.25, '00-09': 90.68, '10-19': 92.25, '20-29': 97.94, '30-39': 95.45, '40-49': 96.26, '50-59': 87.39, '60-69': 89.62, '70-79': 96.45, 'old': 92.67, 'new': 96.45}
2024-08-24 16:07:47,452 [trainer.py] => CNN top1 curve: [100.0, 98.38, 98.26, 97.8, 97.5, 94.79, 92.67, 93.25]
2024-08-24 16:07:47,452 [trainer.py] => CNN top5 curve: [100.0, 100.0, 99.71, 99.78, 99.64, 99.26, 99.23, 99.02]

2024-08-24 16:07:47,452 [trainer.py] => Average Accuracy (CNN): 96.58125
2024-08-24 16:07:47,453 [trainer.py] => All params: 85860097
2024-08-24 16:07:47,454 [trainer.py] => Trainable params: 85860097
2024-08-24 16:07:47,463 [simplecil.py] => Learning on 80-90
2024-08-24 16:07:57,511 [trainer.py] => No NME accuracy.
2024-08-24 16:07:57,511 [trainer.py] => CNN: {'total': 93.06, '00-09': 90.68, '10-19': 90.7, '20-29': 97.94, '30-39': 95.45, '40-49': 96.26, '50-59': 86.49, '60-69': 89.62, '70-79': 96.45, '80-89': 93.98, 'old': 92.93, 'new': 93.98}
2024-08-24 16:07:57,511 [trainer.py] => CNN top1 curve: [100.0, 98.38, 98.26, 97.8, 97.5, 94.79, 92.67, 93.25, 93.06]
2024-08-24 16:07:57,511 [trainer.py] => CNN top5 curve: [100.0, 100.0, 99.71, 99.78, 99.64, 99.26, 99.23, 99.02, 99.14]

2024-08-24 16:07:57,511 [trainer.py] => Average Accuracy (CNN): 96.19
2024-08-24 16:07:57,512 [trainer.py] => All params: 85867777
2024-08-24 16:07:57,513 [trainer.py] => Trainable params: 85867777
2024-08-24 16:07:57,527 [simplecil.py] => Learning on 90-100
2024-08-24 16:08:09,444 [trainer.py] => No NME accuracy.
2024-08-24 16:08:09,445 [trainer.py] => CNN: {'total': 92.0, '00-09': 90.68, '10-19': 90.7, '20-29': 97.94, '30-39': 90.91, '40-49': 96.26, '50-59': 86.49, '60-69': 88.68, '70-79': 96.45, '80-89': 93.98, '90-99': 88.24, 'old': 92.49, 'new': 88.24}
2024-08-24 16:08:09,445 [trainer.py] => CNN top1 curve: [100.0, 98.38, 98.26, 97.8, 97.5, 94.79, 92.67, 93.25, 93.06, 92.0]
2024-08-24 16:08:09,445 [trainer.py] => CNN top5 curve: [100.0, 100.0, 99.71, 99.78, 99.64, 99.26, 99.23, 99.02, 99.14, 99.07]

2024-08-24 16:08:09,445 [trainer.py] => Average Accuracy (CNN): 95.771
2024-08-24 16:08:09,446 [trainer.py] => All params: 85875457
2024-08-24 16:08:09,446 [trainer.py] => Trainable params: 85875457
2024-08-24 16:08:09,463 [simplecil.py] => Learning on 100-110
2024-08-24 16:08:22,366 [trainer.py] => No NME accuracy.
2024-08-24 16:08:22,366 [trainer.py] => CNN: {'total': 91.79, '00-09': 90.68, '10-19': 89.15, '20-29': 97.94, '30-39': 90.91, '40-49': 96.26, '50-59': 86.49, '60-69': 87.74, '70-79': 96.45, '80-89': 93.98, '90-99': 88.24, '100-109': 92.17, 'old': 91.75, 'new': 92.17}
2024-08-24 16:08:22,366 [trainer.py] => CNN top1 curve: [100.0, 98.38, 98.26, 97.8, 97.5, 94.79, 92.67, 93.25, 93.06, 92.0, 91.79]
2024-08-24 16:08:22,366 [trainer.py] => CNN top5 curve: [100.0, 100.0, 99.71, 99.78, 99.64, 99.26, 99.23, 99.02, 99.14, 99.07, 99.0]

2024-08-24 16:08:22,367 [trainer.py] => Average Accuracy (CNN): 95.4090909090909
2024-08-24 16:08:22,367 [trainer.py] => All params: 85883137
2024-08-24 16:08:22,368 [trainer.py] => Trainable params: 85883137
2024-08-24 16:08:22,378 [simplecil.py] => Learning on 110-120
2024-08-24 16:08:35,699 [trainer.py] => No NME accuracy.
2024-08-24 16:08:35,699 [trainer.py] => CNN: {'total': 90.18, '00-09': 90.68, '10-19': 89.15, '20-29': 97.94, '30-39': 90.91, '40-49': 96.26, '50-59': 86.49, '60-69': 85.85, '70-79': 90.07, '80-89': 93.23, '90-99': 87.5, '100-109': 92.17, '110-119': 83.19, 'old': 90.79, 'new': 83.19}
2024-08-24 16:08:35,699 [trainer.py] => CNN top1 curve: [100.0, 98.38, 98.26, 97.8, 97.5, 94.79, 92.67, 93.25, 93.06, 92.0, 91.79, 90.18]
2024-08-24 16:08:35,699 [trainer.py] => CNN top5 curve: [100.0, 100.0, 99.71, 99.78, 99.64, 99.26, 99.23, 99.02, 99.14, 99.07, 99.0, 98.87]

2024-08-24 16:08:35,699 [trainer.py] => Average Accuracy (CNN): 94.97333333333334
2024-08-24 16:08:35,700 [trainer.py] => All params: 85890817
2024-08-24 16:08:35,701 [trainer.py] => Trainable params: 85890817
2024-08-24 16:08:35,716 [simplecil.py] => Learning on 120-130
2024-08-24 16:08:49,311 [trainer.py] => No NME accuracy.
2024-08-24 16:08:49,311 [trainer.py] => CNN: {'total': 89.3, '00-09': 88.98, '10-19': 89.15, '20-29': 97.94, '30-39': 89.09, '40-49': 92.52, '50-59': 86.49, '60-69': 84.91, '70-79': 90.07, '80-89': 93.23, '90-99': 86.76, '100-109': 92.17, '110-119': 83.19, '120-129': 86.92, 'old': 89.48, 'new': 86.92}
2024-08-24 16:08:49,311 [trainer.py] => CNN top1 curve: [100.0, 98.38, 98.26, 97.8, 97.5, 94.79, 92.67, 93.25, 93.06, 92.0, 91.79, 90.18, 89.3]
2024-08-24 16:08:49,311 [trainer.py] => CNN top5 curve: [100.0, 100.0, 99.71, 99.78, 99.64, 99.26, 99.23, 99.02, 99.14, 99.07, 99.0, 98.87, 98.88]

2024-08-24 16:08:49,311 [trainer.py] => Average Accuracy (CNN): 94.53692307692307
2024-08-24 16:08:49,312 [trainer.py] => All params: 85898497
2024-08-24 16:08:49,312 [trainer.py] => Trainable params: 85898497
2024-08-24 16:08:49,326 [simplecil.py] => Learning on 130-140
2024-08-24 16:09:05,755 [trainer.py] => No NME accuracy.
2024-08-24 16:09:05,755 [trainer.py] => CNN: {'total': 88.97, '00-09': 88.98, '10-19': 89.15, '20-29': 97.94, '30-39': 89.09, '40-49': 92.52, '50-59': 86.49, '60-69': 84.91, '70-79': 90.07, '80-89': 93.23, '90-99': 86.76, '100-109': 92.17, '110-119': 83.19, '120-129': 82.24, '130-139': 88.98, 'old': 88.97, 'new': 88.98}
2024-08-24 16:09:05,755 [trainer.py] => CNN top1 curve: [100.0, 98.38, 98.26, 97.8, 97.5, 94.79, 92.67, 93.25, 93.06, 92.0, 91.79, 90.18, 89.3, 88.97]
2024-08-24 16:09:05,755 [trainer.py] => CNN top5 curve: [100.0, 100.0, 99.71, 99.78, 99.64, 99.26, 99.23, 99.02, 99.14, 99.07, 99.0, 98.87, 98.88, 98.72]

2024-08-24 16:09:05,755 [trainer.py] => Average Accuracy (CNN): 94.13928571428572
2024-08-24 16:09:05,756 [trainer.py] => All params: 85906177
2024-08-24 16:09:05,757 [trainer.py] => Trainable params: 85906177
2024-08-24 16:09:05,759 [simplecil.py] => Learning on 140-150
2024-08-24 16:09:25,006 [trainer.py] => No NME accuracy.
2024-08-24 16:09:25,007 [trainer.py] => CNN: {'total': 88.29, '00-09': 87.29, '10-19': 89.15, '20-29': 97.94, '30-39': 86.36, '40-49': 92.52, '50-59': 86.49, '60-69': 84.91, '70-79': 90.07, '80-89': 93.23, '90-99': 86.03, '100-109': 92.17, '110-119': 82.3, '120-129': 82.24, '130-139': 88.98, '140-149': 84.92, 'old': 88.54, 'new': 84.92}
2024-08-24 16:09:25,007 [trainer.py] => CNN top1 curve: [100.0, 98.38, 98.26, 97.8, 97.5, 94.79, 92.67, 93.25, 93.06, 92.0, 91.79, 90.18, 89.3, 88.97, 88.29]
2024-08-24 16:09:25,007 [trainer.py] => CNN top5 curve: [100.0, 100.0, 99.71, 99.78, 99.64, 99.26, 99.23, 99.02, 99.14, 99.07, 99.0, 98.87, 98.88, 98.72, 98.64]

2024-08-24 16:09:25,007 [trainer.py] => Average Accuracy (CNN): 93.74933333333334
2024-08-24 16:09:25,008 [trainer.py] => All params: 85913857
2024-08-24 16:09:25,008 [trainer.py] => Trainable params: 85913857
2024-08-24 16:09:25,021 [simplecil.py] => Learning on 150-160
2024-08-24 16:09:41,508 [trainer.py] => No NME accuracy.
2024-08-24 16:09:41,509 [trainer.py] => CNN: {'total': 88.47, '00-09': 86.44, '10-19': 89.15, '20-29': 97.94, '30-39': 86.36, '40-49': 92.52, '50-59': 86.49, '60-69': 84.91, '70-79': 89.36, '80-89': 93.23, '90-99': 86.03, '100-109': 89.57, '110-119': 82.3, '120-129': 82.24, '130-139': 88.98, '140-149': 84.92, '150-159': 95.16, 'old': 88.0, 'new': 95.16}
2024-08-24 16:09:41,509 [trainer.py] => CNN top1 curve: [100.0, 98.38, 98.26, 97.8, 97.5, 94.79, 92.67, 93.25, 93.06, 92.0, 91.79, 90.18, 89.3, 88.97, 88.29, 88.47]
2024-08-24 16:09:41,509 [trainer.py] => CNN top5 curve: [100.0, 100.0, 99.71, 99.78, 99.64, 99.26, 99.23, 99.02, 99.14, 99.07, 99.0, 98.87, 98.88, 98.72, 98.64, 98.68]

2024-08-24 16:09:41,509 [trainer.py] => Average Accuracy (CNN): 93.419375
2024-08-24 16:09:41,510 [trainer.py] => All params: 85921537
2024-08-24 16:09:41,510 [trainer.py] => Trainable params: 85921537
2024-08-24 16:09:41,525 [simplecil.py] => Learning on 160-170
2024-08-24 16:10:12,658 [trainer.py] => No NME accuracy.
2024-08-24 16:10:12,659 [trainer.py] => CNN: {'total': 87.95, '00-09': 86.44, '10-19': 89.15, '20-29': 96.91, '30-39': 86.36, '40-49': 88.79, '50-59': 86.49, '60-69': 83.96, '70-79': 89.36, '80-89': 93.23, '90-99': 86.03, '100-109': 89.57, '110-119': 82.3, '120-129': 82.24, '130-139': 88.14, '140-149': 83.33, '150-159': 95.16, '160-169': 87.31, 'old': 88.0, 'new': 87.31}
2024-08-24 16:10:12,659 [trainer.py] => CNN top1 curve: [100.0, 98.38, 98.26, 97.8, 97.5, 94.79, 92.67, 93.25, 93.06, 92.0, 91.79, 90.18, 89.3, 88.97, 88.29, 88.47, 87.95]
2024-08-24 16:10:12,659 [trainer.py] => CNN top5 curve: [100.0, 100.0, 99.71, 99.78, 99.64, 99.26, 99.23, 99.02, 99.14, 99.07, 99.0, 98.87, 98.88, 98.72, 98.64, 98.68, 98.52]

2024-08-24 16:10:12,659 [trainer.py] => Average Accuracy (CNN): 93.09764705882354
2024-08-24 16:10:12,660 [trainer.py] => All params: 85929217
2024-08-24 16:10:12,660 [trainer.py] => Trainable params: 85929217
2024-08-24 16:10:12,671 [simplecil.py] => Learning on 170-180
2024-08-24 16:10:34,679 [trainer.py] => No NME accuracy.
2024-08-24 16:10:34,680 [trainer.py] => CNN: {'total': 87.97, '00-09': 85.59, '10-19': 88.37, '20-29': 96.91, '30-39': 86.36, '40-49': 88.79, '50-59': 86.49, '60-69': 83.96, '70-79': 89.36, '80-89': 93.23, '90-99': 86.03, '100-109': 89.57, '110-119': 82.3, '120-129': 81.31, '130-139': 88.14, '140-149': 83.33, '150-159': 93.55, '160-169': 87.31, '170-179': 93.2, 'old': 87.7, 'new': 93.2}
2024-08-24 16:10:34,680 [trainer.py] => CNN top1 curve: [100.0, 98.38, 98.26, 97.8, 97.5, 94.79, 92.67, 93.25, 93.06, 92.0, 91.79, 90.18, 89.3, 88.97, 88.29, 88.47, 87.95, 87.97]
2024-08-24 16:10:34,680 [trainer.py] => CNN top5 curve: [100.0, 100.0, 99.71, 99.78, 99.64, 99.26, 99.23, 99.02, 99.14, 99.07, 99.0, 98.87, 98.88, 98.72, 98.64, 98.68, 98.52, 98.45]

2024-08-24 16:10:34,680 [trainer.py] => Average Accuracy (CNN): 92.81277777777778
2024-08-24 16:10:34,681 [trainer.py] => All params: 85936897
2024-08-24 16:10:34,681 [trainer.py] => Trainable params: 85936897
2024-08-24 16:10:34,691 [simplecil.py] => Learning on 180-190
2024-08-24 16:11:07,191 [trainer.py] => No NME accuracy.
2024-08-24 16:11:07,191 [trainer.py] => CNN: {'total': 87.35, '00-09': 85.59, '10-19': 88.37, '20-29': 94.85, '30-39': 85.45, '40-49': 87.85, '50-59': 86.49, '60-69': 83.96, '70-79': 89.36, '80-89': 93.23, '90-99': 86.03, '100-109': 89.57, '110-119': 82.3, '120-129': 79.44, '130-139': 88.14, '140-149': 82.54, '150-159': 93.55, '160-169': 87.31, '170-179': 93.2, '180-189': 82.58, 'old': 87.64, 'new': 82.58}
2024-08-24 16:11:07,191 [trainer.py] => CNN top1 curve: [100.0, 98.38, 98.26, 97.8, 97.5, 94.79, 92.67, 93.25, 93.06, 92.0, 91.79, 90.18, 89.3, 88.97, 88.29, 88.47, 87.95, 87.97, 87.35]
2024-08-24 16:11:07,192 [trainer.py] => CNN top5 curve: [100.0, 100.0, 99.71, 99.78, 99.64, 99.26, 99.23, 99.02, 99.14, 99.07, 99.0, 98.87, 98.88, 98.72, 98.64, 98.68, 98.52, 98.45, 98.23]

2024-08-24 16:11:07,192 [trainer.py] => Average Accuracy (CNN): 92.52526315789474
2024-08-24 16:11:07,192 [trainer.py] => All params: 85944577
2024-08-24 16:11:07,193 [trainer.py] => Trainable params: 85944577
2024-08-24 16:11:07,204 [simplecil.py] => Learning on 190-200
2024-08-24 16:11:25,093 [trainer.py] => No NME accuracy.
2024-08-24 16:11:25,093 [trainer.py] => CNN: {'total': 86.77, '00-09': 85.59, '10-19': 88.37, '20-29': 94.85, '30-39': 85.45, '40-49': 87.85, '50-59': 86.49, '60-69': 81.13, '70-79': 87.94, '80-89': 93.23, '90-99': 86.03, '100-109': 89.57, '110-119': 82.3, '120-129': 79.44, '130-139': 88.14, '140-149': 82.54, '150-159': 93.55, '160-169': 85.82, '170-179': 92.23, '180-189': 81.82, '190-199': 82.65, 'old': 86.95, 'new': 82.65}
2024-08-24 16:11:25,093 [trainer.py] => CNN top1 curve: [100.0, 98.38, 98.26, 97.8, 97.5, 94.79, 92.67, 93.25, 93.06, 92.0, 91.79, 90.18, 89.3, 88.97, 88.29, 88.47, 87.95, 87.97, 87.35, 86.77]
2024-08-24 16:11:25,093 [trainer.py] => CNN top5 curve: [100.0, 100.0, 99.71, 99.78, 99.64, 99.26, 99.23, 99.02, 99.14, 99.07, 99.0, 98.87, 98.88, 98.72, 98.64, 98.68, 98.52, 98.45, 98.23, 98.18]

2024-08-24 16:11:25,093 [trainer.py] => Average Accuracy (CNN): 92.2375
