2024-08-24 19:41:56,944 [trainer.py] => config: exps/aper_adapter/imagenetr_5_5_vit-b_adapter.json
2024-08-24 19:41:56,944 [trainer.py] => prefix: exp
2024-08-24 19:41:56,944 [trainer.py] => dataset: imagenetr
2024-08-24 19:41:56,944 [trainer.py] => memory_size: 2000
2024-08-24 19:41:56,944 [trainer.py] => memory_per_class: 20
2024-08-24 19:41:56,944 [trainer.py] => fixed_memory: False
2024-08-24 19:41:56,944 [trainer.py] => shuffle: True
2024-08-24 19:41:56,944 [trainer.py] => init_cls: 5
2024-08-24 19:41:56,944 [trainer.py] => increment: 5
2024-08-24 19:41:56,944 [trainer.py] => model_name: aper_adapter
2024-08-24 19:41:56,944 [trainer.py] => convnet_type: pretrained_vit_b16_224_in21k_adapter
2024-08-24 19:41:56,944 [trainer.py] => weight_decay: 0.005
2024-08-24 19:41:56,945 [trainer.py] => prompt_token_num: 30
2024-08-24 19:41:56,945 [trainer.py] => ffn_num: 64
2024-08-24 19:41:56,945 [trainer.py] => optimizer: sgd
2024-08-24 19:41:56,945 [trainer.py] => min_lr: 0
2024-08-24 19:41:56,945 [trainer.py] => device: [device(type='cuda', index=0)]
2024-08-24 19:41:56,945 [trainer.py] => seed: 1993
2024-08-24 19:41:56,945 [trainer.py] => tuned_epoch: 20
2024-08-24 19:41:56,945 [trainer.py] => init_lr: 0.05
2024-08-24 19:41:56,945 [trainer.py] => batch_size: 24
2024-08-24 19:41:57,051 [data_manager.py] => [168, 136, 51, 9, 183, 101, 171, 99, 42, 159, 191, 70, 16, 188, 27, 10, 175, 26, 68, 187, 98, 6, 85, 35, 112, 43, 100, 0, 103, 181, 88, 59, 4, 2, 116, 174, 94, 80, 106, 1, 147, 17, 141, 131, 72, 23, 173, 54, 197, 118, 87, 32, 79, 104, 91, 19, 135, 107, 178, 36, 11, 199, 142, 8, 122, 3, 28, 57, 153, 172, 190, 56, 49, 44, 97, 62, 151, 169, 194, 55, 192, 12, 189, 78, 66, 180, 15, 137, 109, 134, 92, 119, 126, 52, 170, 40, 148, 65, 144, 64, 138, 45, 77, 89, 154, 90, 71, 193, 74, 30, 113, 143, 96, 84, 67, 50, 186, 156, 69, 21, 18, 111, 108, 58, 125, 157, 150, 110, 182, 129, 166, 83, 81, 60, 13, 165, 14, 176, 63, 117, 5, 22, 145, 121, 38, 41, 82, 127, 114, 20, 31, 53, 37, 163, 196, 130, 152, 162, 86, 76, 24, 34, 184, 149, 33, 128, 198, 155, 146, 167, 139, 120, 140, 102, 47, 25, 158, 123, 46, 164, 61, 7, 115, 75, 133, 160, 105, 132, 179, 124, 48, 73, 93, 39, 95, 195, 29, 177, 185, 161]
2024-08-24 19:42:00,374 [trainer.py] => All params: 86988288
2024-08-24 19:42:00,375 [trainer.py] => Trainable params: 1189632
2024-08-24 19:42:04,396 [aper_adapter.py] => Learning on 0-5
2024-08-24 19:43:20,866 [aper_adapter.py] => Task 0, Epoch 20/20 => Loss 0.187, Train_accy 95.51, Test_accy 97.93
2024-08-24 19:43:30,195 [trainer.py] => No NME accuracy.
2024-08-24 19:43:30,196 [trainer.py] => CNN: {'total': 97.93, '00-09': 97.93, 'old': 0, 'new': 97.93}
2024-08-24 19:43:30,196 [trainer.py] => CNN top1 curve: [97.93]
2024-08-24 19:43:30,196 [trainer.py] => CNN top5 curve: [100.0]

2024-08-24 19:43:30,196 [trainer.py] => Average Accuracy (CNN): 97.93
2024-08-24 19:43:30,197 [trainer.py] => All params: 172794625
2024-08-24 19:43:30,199 [trainer.py] => Trainable params: 86995969
2024-08-24 19:43:30,200 [aper_adapter.py] => Learning on 5-10
2024-08-24 19:43:35,160 [trainer.py] => No NME accuracy.
2024-08-24 19:43:35,161 [trainer.py] => CNN: {'total': 88.33, '00-09': 88.33, 'old': 93.79, 'new': 83.72}
2024-08-24 19:43:35,161 [trainer.py] => CNN top1 curve: [97.93, 88.33]
2024-08-24 19:43:35,161 [trainer.py] => CNN top5 curve: [100.0, 99.68]

2024-08-24 19:43:35,161 [trainer.py] => Average Accuracy (CNN): 93.13
2024-08-24 19:43:35,162 [trainer.py] => All params: 172802305
2024-08-24 19:43:35,164 [trainer.py] => Trainable params: 87003649
2024-08-24 19:43:35,165 [aper_adapter.py] => Learning on 10-15
2024-08-24 19:43:41,191 [trainer.py] => No NME accuracy.
2024-08-24 19:43:41,191 [trainer.py] => CNN: {'total': 86.52, '00-09': 84.86, '10-19': 88.66, 'old': 84.86, 'new': 88.66}
2024-08-24 19:43:41,191 [trainer.py] => CNN top1 curve: [97.93, 88.33, 86.52]
2024-08-24 19:43:41,191 [trainer.py] => CNN top5 curve: [100.0, 99.68, 98.23]

2024-08-24 19:43:41,191 [trainer.py] => Average Accuracy (CNN): 90.92666666666666
2024-08-24 19:43:41,193 [trainer.py] => All params: 172809985
2024-08-24 19:43:41,194 [trainer.py] => Trainable params: 87011329
2024-08-24 19:43:41,196 [aper_adapter.py] => Learning on 15-20
2024-08-24 19:43:46,524 [trainer.py] => No NME accuracy.
2024-08-24 19:43:46,524 [trainer.py] => CNN: {'total': 84.62, '00-09': 83.91, '10-19': 85.22, 'old': 85.28, 'new': 81.6}
2024-08-24 19:43:46,525 [trainer.py] => CNN top1 curve: [97.93, 88.33, 86.52, 84.62]
2024-08-24 19:43:46,525 [trainer.py] => CNN top5 curve: [100.0, 99.68, 98.23, 97.1]

2024-08-24 19:43:46,525 [trainer.py] => Average Accuracy (CNN): 89.35
2024-08-24 19:43:46,527 [trainer.py] => All params: 172817665
2024-08-24 19:43:46,528 [trainer.py] => Trainable params: 87019009
2024-08-24 19:43:46,530 [aper_adapter.py] => Learning on 20-25
2024-08-24 19:43:52,146 [trainer.py] => No NME accuracy.
2024-08-24 19:43:52,147 [trainer.py] => CNN: {'total': 83.27, '00-09': 83.28, '10-19': 83.87, '20-29': 81.69, 'old': 83.6, 'new': 81.69}
2024-08-24 19:43:52,147 [trainer.py] => CNN top1 curve: [97.93, 88.33, 86.52, 84.62, 83.27]
2024-08-24 19:43:52,147 [trainer.py] => CNN top5 curve: [100.0, 99.68, 98.23, 97.1, 96.03]

2024-08-24 19:43:52,147 [trainer.py] => Average Accuracy (CNN): 88.13399999999999
2024-08-24 19:43:52,148 [trainer.py] => All params: 172825345
2024-08-24 19:43:52,150 [trainer.py] => Trainable params: 87026689
2024-08-24 19:43:52,151 [aper_adapter.py] => Learning on 25-30
2024-08-24 19:43:58,256 [trainer.py] => No NME accuracy.
2024-08-24 19:43:58,256 [trainer.py] => CNN: {'total': 80.69, '00-09': 80.44, '10-19': 83.06, '20-29': 78.0, 'old': 81.71, 'new': 75.32}
2024-08-24 19:43:58,256 [trainer.py] => CNN top1 curve: [97.93, 88.33, 86.52, 84.62, 83.27, 80.69]
2024-08-24 19:43:58,256 [trainer.py] => CNN top5 curve: [100.0, 99.68, 98.23, 97.1, 96.03, 94.94]

2024-08-24 19:43:58,256 [trainer.py] => Average Accuracy (CNN): 86.89333333333332
2024-08-24 19:43:58,258 [trainer.py] => All params: 172833025
2024-08-24 19:43:58,259 [trainer.py] => Trainable params: 87034369
2024-08-24 19:43:58,261 [aper_adapter.py] => Learning on 30-35
2024-08-24 19:44:04,751 [trainer.py] => No NME accuracy.
2024-08-24 19:44:04,752 [trainer.py] => CNN: {'total': 80.18, '00-09': 79.5, '10-19': 81.99, '20-29': 78.0, '30-39': 81.46, 'old': 79.98, 'new': 81.46}
2024-08-24 19:44:04,752 [trainer.py] => CNN top1 curve: [97.93, 88.33, 86.52, 84.62, 83.27, 80.69, 80.18]
2024-08-24 19:44:04,752 [trainer.py] => CNN top5 curve: [100.0, 99.68, 98.23, 97.1, 96.03, 94.94, 94.39]

2024-08-24 19:44:04,752 [trainer.py] => Average Accuracy (CNN): 85.9342857142857
2024-08-24 19:44:04,753 [trainer.py] => All params: 172840705
2024-08-24 19:44:04,755 [trainer.py] => Trainable params: 87042049
2024-08-24 19:44:04,756 [aper_adapter.py] => Learning on 35-40
2024-08-24 19:44:11,802 [trainer.py] => No NME accuracy.
2024-08-24 19:44:11,803 [trainer.py] => CNN: {'total': 78.5, '00-09': 79.5, '10-19': 80.38, '20-29': 77.33, '30-39': 76.51, 'old': 78.77, 'new': 76.8}
2024-08-24 19:44:11,803 [trainer.py] => CNN top1 curve: [97.93, 88.33, 86.52, 84.62, 83.27, 80.69, 80.18, 78.5]
2024-08-24 19:44:11,803 [trainer.py] => CNN top5 curve: [100.0, 99.68, 98.23, 97.1, 96.03, 94.94, 94.39, 93.26]

2024-08-24 19:44:11,803 [trainer.py] => Average Accuracy (CNN): 85.005
2024-08-24 19:44:11,805 [trainer.py] => All params: 172848385
2024-08-24 19:44:11,806 [trainer.py] => Trainable params: 87049729
2024-08-24 19:44:11,808 [aper_adapter.py] => Learning on 40-45
2024-08-24 19:44:18,653 [trainer.py] => No NME accuracy.
2024-08-24 19:44:18,653 [trainer.py] => CNN: {'total': 78.05, '00-09': 78.55, '10-19': 80.11, '20-29': 77.0, '30-39': 75.9, '40-49': 78.77, 'old': 77.97, 'new': 78.77}
2024-08-24 19:44:18,653 [trainer.py] => CNN top1 curve: [97.93, 88.33, 86.52, 84.62, 83.27, 80.69, 80.18, 78.5, 78.05]
2024-08-24 19:44:18,653 [trainer.py] => CNN top5 curve: [100.0, 99.68, 98.23, 97.1, 96.03, 94.94, 94.39, 93.26, 92.5]

2024-08-24 19:44:18,653 [trainer.py] => Average Accuracy (CNN): 84.23222222222222
2024-08-24 19:44:18,655 [trainer.py] => All params: 172856065
2024-08-24 19:44:18,657 [trainer.py] => Trainable params: 87057409
2024-08-24 19:44:18,659 [aper_adapter.py] => Learning on 45-50
2024-08-24 19:44:26,229 [trainer.py] => No NME accuracy.
2024-08-24 19:44:26,229 [trainer.py] => CNN: {'total': 76.83, '00-09': 76.34, '10-19': 80.11, '20-29': 74.67, '30-39': 74.7, '40-49': 77.81, 'old': 76.41, 'new': 80.77}
2024-08-24 19:44:26,229 [trainer.py] => CNN top1 curve: [97.93, 88.33, 86.52, 84.62, 83.27, 80.69, 80.18, 78.5, 78.05, 76.83]
2024-08-24 19:44:26,230 [trainer.py] => CNN top5 curve: [100.0, 99.68, 98.23, 97.1, 96.03, 94.94, 94.39, 93.26, 92.5, 91.56]

2024-08-24 19:44:26,230 [trainer.py] => Average Accuracy (CNN): 83.49199999999999
2024-08-24 19:44:26,231 [trainer.py] => All params: 172863745
2024-08-24 19:44:26,233 [trainer.py] => Trainable params: 87065089
2024-08-24 19:44:26,235 [aper_adapter.py] => Learning on 50-55
2024-08-24 19:44:34,508 [trainer.py] => No NME accuracy.
2024-08-24 19:44:34,508 [trainer.py] => CNN: {'total': 76.09, '00-09': 76.34, '10-19': 79.3, '20-29': 73.67, '30-39': 74.1, '40-49': 77.48, '50-59': 74.21, 'old': 76.28, 'new': 74.21}
2024-08-24 19:44:34,508 [trainer.py] => CNN top1 curve: [97.93, 88.33, 86.52, 84.62, 83.27, 80.69, 80.18, 78.5, 78.05, 76.83, 76.09]
2024-08-24 19:44:34,508 [trainer.py] => CNN top5 curve: [100.0, 99.68, 98.23, 97.1, 96.03, 94.94, 94.39, 93.26, 92.5, 91.56, 91.13]

2024-08-24 19:44:34,508 [trainer.py] => Average Accuracy (CNN): 82.8190909090909
2024-08-24 19:44:34,510 [trainer.py] => All params: 172871425
2024-08-24 19:44:34,511 [trainer.py] => Trainable params: 87072769
2024-08-24 19:44:34,513 [aper_adapter.py] => Learning on 55-60
2024-08-24 19:44:42,823 [trainer.py] => No NME accuracy.
2024-08-24 19:44:42,823 [trainer.py] => CNN: {'total': 75.09, '00-09': 75.71, '10-19': 79.03, '20-29': 72.67, '30-39': 73.19, '40-49': 77.48, '50-59': 71.71, 'old': 75.59, 'new': 68.97}
2024-08-24 19:44:42,823 [trainer.py] => CNN top1 curve: [97.93, 88.33, 86.52, 84.62, 83.27, 80.69, 80.18, 78.5, 78.05, 76.83, 76.09, 75.09]
2024-08-24 19:44:42,823 [trainer.py] => CNN top5 curve: [100.0, 99.68, 98.23, 97.1, 96.03, 94.94, 94.39, 93.26, 92.5, 91.56, 91.13, 90.87]

2024-08-24 19:44:42,823 [trainer.py] => Average Accuracy (CNN): 82.175
2024-08-24 19:44:42,825 [trainer.py] => All params: 172879105
2024-08-24 19:44:42,826 [trainer.py] => Trainable params: 87080449
2024-08-24 19:44:42,828 [aper_adapter.py] => Learning on 60-65
2024-08-24 19:44:51,701 [trainer.py] => No NME accuracy.
2024-08-24 19:44:51,702 [trainer.py] => CNN: {'total': 73.66, '00-09': 75.39, '10-19': 78.49, '20-29': 72.0, '30-39': 72.89, '40-49': 76.82, '50-59': 71.05, '60-69': 61.64, 'old': 74.57, 'new': 61.64}
2024-08-24 19:44:51,702 [trainer.py] => CNN top1 curve: [97.93, 88.33, 86.52, 84.62, 83.27, 80.69, 80.18, 78.5, 78.05, 76.83, 76.09, 75.09, 73.66]
2024-08-24 19:44:51,702 [trainer.py] => CNN top5 curve: [100.0, 99.68, 98.23, 97.1, 96.03, 94.94, 94.39, 93.26, 92.5, 91.56, 91.13, 90.87, 89.97]

2024-08-24 19:44:51,702 [trainer.py] => Average Accuracy (CNN): 81.52
2024-08-24 19:44:51,704 [trainer.py] => All params: 172886785
2024-08-24 19:44:51,705 [trainer.py] => Trainable params: 87088129
2024-08-24 19:44:51,707 [aper_adapter.py] => Learning on 65-70
2024-08-24 19:45:00,810 [trainer.py] => No NME accuracy.
2024-08-24 19:45:00,810 [trainer.py] => CNN: {'total': 72.99, '00-09': 75.08, '10-19': 77.69, '20-29': 71.33, '30-39': 72.59, '40-49': 76.49, '50-59': 70.72, '60-69': 65.77, 'old': 73.18, 'new': 70.39}
2024-08-24 19:45:00,811 [trainer.py] => CNN top1 curve: [97.93, 88.33, 86.52, 84.62, 83.27, 80.69, 80.18, 78.5, 78.05, 76.83, 76.09, 75.09, 73.66, 72.99]
2024-08-24 19:45:00,811 [trainer.py] => CNN top5 curve: [100.0, 99.68, 98.23, 97.1, 96.03, 94.94, 94.39, 93.26, 92.5, 91.56, 91.13, 90.87, 89.97, 89.3]

2024-08-24 19:45:00,811 [trainer.py] => Average Accuracy (CNN): 80.91071428571429
2024-08-24 19:45:00,812 [trainer.py] => All params: 172894465
2024-08-24 19:45:00,814 [trainer.py] => Trainable params: 87095809
2024-08-24 19:45:00,816 [aper_adapter.py] => Learning on 70-75
2024-08-24 19:45:13,168 [trainer.py] => No NME accuracy.
2024-08-24 19:45:13,168 [trainer.py] => CNN: {'total': 72.72, '00-09': 74.45, '10-19': 77.15, '20-29': 71.0, '30-39': 72.59, '40-49': 76.49, '50-59': 70.72, '60-69': 65.44, '70-79': 72.8, 'old': 72.72, 'new': 72.8}
2024-08-24 19:45:13,169 [trainer.py] => CNN top1 curve: [97.93, 88.33, 86.52, 84.62, 83.27, 80.69, 80.18, 78.5, 78.05, 76.83, 76.09, 75.09, 73.66, 72.99, 72.72]
2024-08-24 19:45:13,169 [trainer.py] => CNN top5 curve: [100.0, 99.68, 98.23, 97.1, 96.03, 94.94, 94.39, 93.26, 92.5, 91.56, 91.13, 90.87, 89.97, 89.3, 88.94]

2024-08-24 19:45:13,169 [trainer.py] => Average Accuracy (CNN): 80.36466666666666
2024-08-24 19:45:13,170 [trainer.py] => All params: 172902145
2024-08-24 19:45:13,172 [trainer.py] => Trainable params: 87103489
2024-08-24 19:45:13,176 [aper_adapter.py] => Learning on 75-80
2024-08-24 19:45:25,822 [trainer.py] => No NME accuracy.
2024-08-24 19:45:25,822 [trainer.py] => CNN: {'total': 72.3, '00-09': 73.19, '10-19': 76.08, '20-29': 70.67, '30-39': 72.59, '40-49': 74.83, '50-59': 70.39, '60-69': 64.09, '70-79': 75.82, 'old': 71.91, 'new': 78.38}
2024-08-24 19:45:25,823 [trainer.py] => CNN top1 curve: [97.93, 88.33, 86.52, 84.62, 83.27, 80.69, 80.18, 78.5, 78.05, 76.83, 76.09, 75.09, 73.66, 72.99, 72.72, 72.3]
2024-08-24 19:45:25,823 [trainer.py] => CNN top5 curve: [100.0, 99.68, 98.23, 97.1, 96.03, 94.94, 94.39, 93.26, 92.5, 91.56, 91.13, 90.87, 89.97, 89.3, 88.94, 88.83]

2024-08-24 19:45:25,823 [trainer.py] => Average Accuracy (CNN): 79.860625
2024-08-24 19:45:25,824 [trainer.py] => All params: 172909825
2024-08-24 19:45:25,826 [trainer.py] => Trainable params: 87111169
2024-08-24 19:45:25,832 [aper_adapter.py] => Learning on 80-85
2024-08-24 19:45:39,265 [trainer.py] => No NME accuracy.
2024-08-24 19:45:39,265 [trainer.py] => CNN: {'total': 71.88, '00-09': 73.19, '10-19': 75.81, '20-29': 70.33, '30-39': 71.99, '40-49': 74.5, '50-59': 70.07, '60-69': 63.76, '70-79': 75.82, '80-89': 69.23, 'old': 72.02, 'new': 69.23}
2024-08-24 19:45:39,266 [trainer.py] => CNN top1 curve: [97.93, 88.33, 86.52, 84.62, 83.27, 80.69, 80.18, 78.5, 78.05, 76.83, 76.09, 75.09, 73.66, 72.99, 72.72, 72.3, 71.88]
2024-08-24 19:45:39,266 [trainer.py] => CNN top5 curve: [100.0, 99.68, 98.23, 97.1, 96.03, 94.94, 94.39, 93.26, 92.5, 91.56, 91.13, 90.87, 89.97, 89.3, 88.94, 88.83, 88.51]

2024-08-24 19:45:39,266 [trainer.py] => Average Accuracy (CNN): 79.39117647058823
2024-08-24 19:45:39,267 [trainer.py] => All params: 172917505
2024-08-24 19:45:39,269 [trainer.py] => Trainable params: 87118849
2024-08-24 19:45:39,273 [aper_adapter.py] => Learning on 85-90
2024-08-24 19:45:55,278 [trainer.py] => No NME accuracy.
2024-08-24 19:45:55,278 [trainer.py] => CNN: {'total': 70.37, '00-09': 72.24, '10-19': 75.27, '20-29': 70.0, '30-39': 71.39, '40-49': 73.84, '50-59': 68.09, '60-69': 62.08, '70-79': 75.46, '80-89': 64.19, 'old': 71.0, 'new': 61.11}
2024-08-24 19:45:55,278 [trainer.py] => CNN top1 curve: [97.93, 88.33, 86.52, 84.62, 83.27, 80.69, 80.18, 78.5, 78.05, 76.83, 76.09, 75.09, 73.66, 72.99, 72.72, 72.3, 71.88, 70.37]
2024-08-24 19:45:55,278 [trainer.py] => CNN top5 curve: [100.0, 99.68, 98.23, 97.1, 96.03, 94.94, 94.39, 93.26, 92.5, 91.56, 91.13, 90.87, 89.97, 89.3, 88.94, 88.83, 88.51, 87.68]

2024-08-24 19:45:55,278 [trainer.py] => Average Accuracy (CNN): 78.89
2024-08-24 19:45:55,280 [trainer.py] => All params: 172925185
2024-08-24 19:45:55,281 [trainer.py] => Trainable params: 87126529
2024-08-24 19:45:55,286 [aper_adapter.py] => Learning on 90-95
2024-08-24 19:46:17,862 [trainer.py] => No NME accuracy.
2024-08-24 19:46:17,862 [trainer.py] => CNN: {'total': 69.16, '00-09': 71.29, '10-19': 75.0, '20-29': 70.0, '30-39': 71.39, '40-49': 72.19, '50-59': 67.76, '60-69': 61.41, '70-79': 74.36, '80-89': 62.9, '90-99': 54.46, 'old': 69.69, 'new': 54.46}
2024-08-24 19:46:17,863 [trainer.py] => CNN top1 curve: [97.93, 88.33, 86.52, 84.62, 83.27, 80.69, 80.18, 78.5, 78.05, 76.83, 76.09, 75.09, 73.66, 72.99, 72.72, 72.3, 71.88, 70.37, 69.16]
2024-08-24 19:46:17,863 [trainer.py] => CNN top5 curve: [100.0, 99.68, 98.23, 97.1, 96.03, 94.94, 94.39, 93.26, 92.5, 91.56, 91.13, 90.87, 89.97, 89.3, 88.94, 88.83, 88.51, 87.68, 86.9]

2024-08-24 19:46:17,863 [trainer.py] => Average Accuracy (CNN): 78.37789473684211
2024-08-24 19:46:17,864 [trainer.py] => All params: 172932865
2024-08-24 19:46:17,865 [trainer.py] => Trainable params: 87134209
2024-08-24 19:46:17,880 [aper_adapter.py] => Learning on 95-100
2024-08-24 19:46:41,431 [trainer.py] => No NME accuracy.
2024-08-24 19:46:41,431 [trainer.py] => CNN: {'total': 69.05, '00-09': 71.29, '10-19': 74.73, '20-29': 70.0, '30-39': 71.39, '40-49': 70.53, '50-59': 67.43, '60-69': 61.41, '70-79': 74.36, '80-89': 62.26, '90-99': 63.84, 'old': 68.86, 'new': 76.32}
2024-08-24 19:46:41,431 [trainer.py] => CNN top1 curve: [97.93, 88.33, 86.52, 84.62, 83.27, 80.69, 80.18, 78.5, 78.05, 76.83, 76.09, 75.09, 73.66, 72.99, 72.72, 72.3, 71.88, 70.37, 69.16, 69.05]
2024-08-24 19:46:41,431 [trainer.py] => CNN top5 curve: [100.0, 99.68, 98.23, 97.1, 96.03, 94.94, 94.39, 93.26, 92.5, 91.56, 91.13, 90.87, 89.97, 89.3, 88.94, 88.83, 88.51, 87.68, 86.9, 86.77]

2024-08-24 19:46:41,431 [trainer.py] => Average Accuracy (CNN): 77.9115
2024-08-24 19:46:41,433 [trainer.py] => All params: 172940545
2024-08-24 19:46:41,434 [trainer.py] => Trainable params: 87141889
2024-08-24 19:46:41,445 [aper_adapter.py] => Learning on 100-105
2024-08-24 19:47:08,312 [trainer.py] => No NME accuracy.
2024-08-24 19:47:08,313 [trainer.py] => CNN: {'total': 68.7, '00-09': 69.72, '10-19': 74.46, '20-29': 70.0, '30-39': 71.39, '40-49': 70.53, '50-59': 66.78, '60-69': 60.74, '70-79': 73.99, '80-89': 61.94, '90-99': 63.84, '100-109': 69.74, 'old': 68.64, 'new': 69.74}
2024-08-24 19:47:08,313 [trainer.py] => CNN top1 curve: [97.93, 88.33, 86.52, 84.62, 83.27, 80.69, 80.18, 78.5, 78.05, 76.83, 76.09, 75.09, 73.66, 72.99, 72.72, 72.3, 71.88, 70.37, 69.16, 69.05, 68.7]
2024-08-24 19:47:08,313 [trainer.py] => CNN top5 curve: [100.0, 99.68, 98.23, 97.1, 96.03, 94.94, 94.39, 93.26, 92.5, 91.56, 91.13, 90.87, 89.97, 89.3, 88.94, 88.83, 88.51, 87.68, 86.9, 86.77, 86.61]

2024-08-24 19:47:08,313 [trainer.py] => Average Accuracy (CNN): 77.47285714285715
2024-08-24 19:47:08,315 [trainer.py] => All params: 172948225
2024-08-24 19:47:08,316 [trainer.py] => Trainable params: 87149569
2024-08-24 19:47:08,319 [aper_adapter.py] => Learning on 105-110
2024-08-24 19:47:37,364 [trainer.py] => No NME accuracy.
2024-08-24 19:47:37,365 [trainer.py] => CNN: {'total': 68.12, '00-09': 69.72, '10-19': 73.92, '20-29': 69.33, '30-39': 71.08, '40-49': 69.21, '50-59': 66.45, '60-69': 60.74, '70-79': 73.99, '80-89': 61.61, '90-99': 63.84, '100-109': 66.55, 'old': 68.28, 'new': 64.39}
2024-08-24 19:47:37,365 [trainer.py] => CNN top1 curve: [97.93, 88.33, 86.52, 84.62, 83.27, 80.69, 80.18, 78.5, 78.05, 76.83, 76.09, 75.09, 73.66, 72.99, 72.72, 72.3, 71.88, 70.37, 69.16, 69.05, 68.7, 68.12]
2024-08-24 19:47:37,365 [trainer.py] => CNN top5 curve: [100.0, 99.68, 98.23, 97.1, 96.03, 94.94, 94.39, 93.26, 92.5, 91.56, 91.13, 90.87, 89.97, 89.3, 88.94, 88.83, 88.51, 87.68, 86.9, 86.77, 86.61, 86.17]

2024-08-24 19:47:37,365 [trainer.py] => Average Accuracy (CNN): 77.04772727272729
2024-08-24 19:47:37,367 [trainer.py] => All params: 172955905
2024-08-24 19:47:37,368 [trainer.py] => Trainable params: 87157249
2024-08-24 19:47:37,370 [aper_adapter.py] => Learning on 110-115
2024-08-24 19:48:03,044 [trainer.py] => No NME accuracy.
2024-08-24 19:48:03,044 [trainer.py] => CNN: {'total': 67.47, '00-09': 69.72, '10-19': 73.12, '20-29': 68.67, '30-39': 70.78, '40-49': 68.87, '50-59': 66.45, '60-69': 60.07, '70-79': 73.99, '80-89': 61.61, '90-99': 63.84, '100-109': 66.55, '110-119': 58.57, 'old': 67.85, 'new': 58.57}
2024-08-24 19:48:03,044 [trainer.py] => CNN top1 curve: [97.93, 88.33, 86.52, 84.62, 83.27, 80.69, 80.18, 78.5, 78.05, 76.83, 76.09, 75.09, 73.66, 72.99, 72.72, 72.3, 71.88, 70.37, 69.16, 69.05, 68.7, 68.12, 67.47]
2024-08-24 19:48:03,044 [trainer.py] => CNN top5 curve: [100.0, 99.68, 98.23, 97.1, 96.03, 94.94, 94.39, 93.26, 92.5, 91.56, 91.13, 90.87, 89.97, 89.3, 88.94, 88.83, 88.51, 87.68, 86.9, 86.77, 86.61, 86.17, 85.54]

2024-08-24 19:48:03,044 [trainer.py] => Average Accuracy (CNN): 76.6313043478261
2024-08-24 19:48:03,046 [trainer.py] => All params: 172963585
2024-08-24 19:48:03,047 [trainer.py] => Trainable params: 87164929
2024-08-24 19:48:03,057 [aper_adapter.py] => Learning on 115-120
2024-08-24 19:48:39,077 [trainer.py] => No NME accuracy.
2024-08-24 19:48:39,077 [trainer.py] => CNN: {'total': 67.52, '00-09': 69.72, '10-19': 72.58, '20-29': 67.67, '30-39': 70.78, '40-49': 68.87, '50-59': 66.45, '60-69': 60.4, '70-79': 73.63, '80-89': 61.61, '90-99': 63.84, '100-109': 65.85, '110-119': 66.49, 'old': 67.23, 'new': 71.61}
2024-08-24 19:48:39,077 [trainer.py] => CNN top1 curve: [97.93, 88.33, 86.52, 84.62, 83.27, 80.69, 80.18, 78.5, 78.05, 76.83, 76.09, 75.09, 73.66, 72.99, 72.72, 72.3, 71.88, 70.37, 69.16, 69.05, 68.7, 68.12, 67.47, 67.52]
2024-08-24 19:48:39,077 [trainer.py] => CNN top5 curve: [100.0, 99.68, 98.23, 97.1, 96.03, 94.94, 94.39, 93.26, 92.5, 91.56, 91.13, 90.87, 89.97, 89.3, 88.94, 88.83, 88.51, 87.68, 86.9, 86.77, 86.61, 86.17, 85.54, 85.1]

2024-08-24 19:48:39,077 [trainer.py] => Average Accuracy (CNN): 76.25166666666668
2024-08-24 19:48:39,079 [trainer.py] => All params: 172971265
2024-08-24 19:48:39,081 [trainer.py] => Trainable params: 87172609
2024-08-24 19:48:39,089 [aper_adapter.py] => Learning on 120-125
2024-08-24 19:49:15,055 [trainer.py] => No NME accuracy.
2024-08-24 19:49:15,055 [trainer.py] => CNN: {'total': 66.99, '00-09': 69.4, '10-19': 70.97, '20-29': 67.67, '30-39': 70.48, '40-49': 68.54, '50-59': 66.12, '60-69': 60.07, '70-79': 73.63, '80-89': 60.97, '90-99': 63.28, '100-109': 65.49, '110-119': 66.22, '120-129': 65.0, 'old': 67.08, 'new': 65.0}
2024-08-24 19:49:15,055 [trainer.py] => CNN top1 curve: [97.93, 88.33, 86.52, 84.62, 83.27, 80.69, 80.18, 78.5, 78.05, 76.83, 76.09, 75.09, 73.66, 72.99, 72.72, 72.3, 71.88, 70.37, 69.16, 69.05, 68.7, 68.12, 67.47, 67.52, 66.99]
2024-08-24 19:49:15,055 [trainer.py] => CNN top5 curve: [100.0, 99.68, 98.23, 97.1, 96.03, 94.94, 94.39, 93.26, 92.5, 91.56, 91.13, 90.87, 89.97, 89.3, 88.94, 88.83, 88.51, 87.68, 86.9, 86.77, 86.61, 86.17, 85.54, 85.1, 84.81]

2024-08-24 19:49:15,055 [trainer.py] => Average Accuracy (CNN): 75.8812
2024-08-24 19:49:15,057 [trainer.py] => All params: 172978945
2024-08-24 19:49:15,058 [trainer.py] => Trainable params: 87180289
2024-08-24 19:49:15,061 [aper_adapter.py] => Learning on 125-130
2024-08-24 19:49:56,637 [trainer.py] => No NME accuracy.
2024-08-24 19:49:56,637 [trainer.py] => CNN: {'total': 66.47, '00-09': 69.4, '10-19': 70.97, '20-29': 67.33, '30-39': 70.48, '40-49': 68.21, '50-59': 66.12, '60-69': 59.4, '70-79': 73.26, '80-89': 60.97, '90-99': 61.58, '100-109': 65.49, '110-119': 65.96, '120-129': 61.62, 'old': 66.75, 'new': 56.76}
2024-08-24 19:49:56,637 [trainer.py] => CNN top1 curve: [97.93, 88.33, 86.52, 84.62, 83.27, 80.69, 80.18, 78.5, 78.05, 76.83, 76.09, 75.09, 73.66, 72.99, 72.72, 72.3, 71.88, 70.37, 69.16, 69.05, 68.7, 68.12, 67.47, 67.52, 66.99, 66.47]
2024-08-24 19:49:56,637 [trainer.py] => CNN top5 curve: [100.0, 99.68, 98.23, 97.1, 96.03, 94.94, 94.39, 93.26, 92.5, 91.56, 91.13, 90.87, 89.97, 89.3, 88.94, 88.83, 88.51, 87.68, 86.9, 86.77, 86.61, 86.17, 85.54, 85.1, 84.81, 84.53]

2024-08-24 19:49:56,637 [trainer.py] => Average Accuracy (CNN): 75.51923076923077
2024-08-24 19:49:56,639 [trainer.py] => All params: 172986625
2024-08-24 19:49:56,641 [trainer.py] => Trainable params: 87187969
2024-08-24 19:49:56,648 [aper_adapter.py] => Learning on 130-135
2024-08-24 19:50:42,035 [trainer.py] => No NME accuracy.
2024-08-24 19:50:42,036 [trainer.py] => CNN: {'total': 66.36, '00-09': 69.4, '10-19': 70.97, '20-29': 67.0, '30-39': 70.48, '40-49': 68.21, '50-59': 65.79, '60-69': 59.4, '70-79': 73.26, '80-89': 60.97, '90-99': 61.58, '100-109': 65.49, '110-119': 65.96, '120-129': 61.25, '130-139': 65.47, 'old': 66.39, 'new': 65.47}
2024-08-24 19:50:42,036 [trainer.py] => CNN top1 curve: [97.93, 88.33, 86.52, 84.62, 83.27, 80.69, 80.18, 78.5, 78.05, 76.83, 76.09, 75.09, 73.66, 72.99, 72.72, 72.3, 71.88, 70.37, 69.16, 69.05, 68.7, 68.12, 67.47, 67.52, 66.99, 66.47, 66.36]
2024-08-24 19:50:42,036 [trainer.py] => CNN top5 curve: [100.0, 99.68, 98.23, 97.1, 96.03, 94.94, 94.39, 93.26, 92.5, 91.56, 91.13, 90.87, 89.97, 89.3, 88.94, 88.83, 88.51, 87.68, 86.9, 86.77, 86.61, 86.17, 85.54, 85.1, 84.81, 84.53, 84.36]

2024-08-24 19:50:42,036 [trainer.py] => Average Accuracy (CNN): 75.18
2024-08-24 19:50:42,037 [trainer.py] => All params: 172994305
2024-08-24 19:50:42,039 [trainer.py] => Trainable params: 87195649
2024-08-24 19:50:42,049 [aper_adapter.py] => Learning on 135-140
2024-08-24 19:51:30,386 [trainer.py] => No NME accuracy.
2024-08-24 19:51:30,386 [trainer.py] => CNN: {'total': 66.26, '00-09': 69.4, '10-19': 70.7, '20-29': 67.0, '30-39': 70.48, '40-49': 67.88, '50-59': 65.46, '60-69': 59.73, '70-79': 73.26, '80-89': 60.65, '90-99': 61.58, '100-109': 64.79, '110-119': 65.69, '120-129': 61.25, '130-139': 66.44, 'old': 66.21, 'new': 67.3}
2024-08-24 19:51:30,386 [trainer.py] => CNN top1 curve: [97.93, 88.33, 86.52, 84.62, 83.27, 80.69, 80.18, 78.5, 78.05, 76.83, 76.09, 75.09, 73.66, 72.99, 72.72, 72.3, 71.88, 70.37, 69.16, 69.05, 68.7, 68.12, 67.47, 67.52, 66.99, 66.47, 66.36, 66.26]
2024-08-24 19:51:30,386 [trainer.py] => CNN top5 curve: [100.0, 99.68, 98.23, 97.1, 96.03, 94.94, 94.39, 93.26, 92.5, 91.56, 91.13, 90.87, 89.97, 89.3, 88.94, 88.83, 88.51, 87.68, 86.9, 86.77, 86.61, 86.17, 85.54, 85.1, 84.81, 84.53, 84.36, 84.27]

2024-08-24 19:51:30,386 [trainer.py] => Average Accuracy (CNN): 74.86142857142859
2024-08-24 19:51:30,388 [trainer.py] => All params: 173001985
2024-08-24 19:51:30,389 [trainer.py] => Trainable params: 87203329
2024-08-24 19:51:30,405 [aper_adapter.py] => Learning on 140-145
2024-08-24 19:52:22,237 [trainer.py] => No NME accuracy.
2024-08-24 19:52:22,237 [trainer.py] => CNN: {'total': 66.66, '00-09': 68.45, '10-19': 70.7, '20-29': 67.0, '30-39': 70.18, '40-49': 67.88, '50-59': 65.13, '60-69': 59.4, '70-79': 73.26, '80-89': 60.65, '90-99': 61.02, '100-109': 64.44, '110-119': 65.43, '120-129': 61.25, '130-139': 66.44, '140-149': 79.41, 'old': 66.04, 'new': 79.41}
2024-08-24 19:52:22,237 [trainer.py] => CNN top1 curve: [97.93, 88.33, 86.52, 84.62, 83.27, 80.69, 80.18, 78.5, 78.05, 76.83, 76.09, 75.09, 73.66, 72.99, 72.72, 72.3, 71.88, 70.37, 69.16, 69.05, 68.7, 68.12, 67.47, 67.52, 66.99, 66.47, 66.36, 66.26, 66.66]
2024-08-24 19:52:22,237 [trainer.py] => CNN top5 curve: [100.0, 99.68, 98.23, 97.1, 96.03, 94.94, 94.39, 93.26, 92.5, 91.56, 91.13, 90.87, 89.97, 89.3, 88.94, 88.83, 88.51, 87.68, 86.9, 86.77, 86.61, 86.17, 85.54, 85.1, 84.81, 84.53, 84.36, 84.27, 84.34]

2024-08-24 19:52:22,237 [trainer.py] => Average Accuracy (CNN): 74.57862068965518
2024-08-24 19:52:22,239 [trainer.py] => All params: 173009665
2024-08-24 19:52:22,240 [trainer.py] => Trainable params: 87211009
2024-08-24 19:52:22,250 [aper_adapter.py] => Learning on 145-150
2024-08-24 19:52:54,861 [trainer.py] => No NME accuracy.
2024-08-24 19:52:54,861 [trainer.py] => CNN: {'total': 66.36, '00-09': 67.82, '10-19': 70.43, '20-29': 67.0, '30-39': 69.88, '40-49': 67.22, '50-59': 65.13, '60-69': 59.06, '70-79': 73.26, '80-89': 60.65, '90-99': 61.02, '100-109': 64.44, '110-119': 65.16, '120-129': 61.25, '130-139': 66.44, '140-149': 72.21, 'old': 66.48, 'new': 63.19}
2024-08-24 19:52:54,861 [trainer.py] => CNN top1 curve: [97.93, 88.33, 86.52, 84.62, 83.27, 80.69, 80.18, 78.5, 78.05, 76.83, 76.09, 75.09, 73.66, 72.99, 72.72, 72.3, 71.88, 70.37, 69.16, 69.05, 68.7, 68.12, 67.47, 67.52, 66.99, 66.47, 66.36, 66.26, 66.66, 66.36]
2024-08-24 19:52:54,861 [trainer.py] => CNN top5 curve: [100.0, 99.68, 98.23, 97.1, 96.03, 94.94, 94.39, 93.26, 92.5, 91.56, 91.13, 90.87, 89.97, 89.3, 88.94, 88.83, 88.51, 87.68, 86.9, 86.77, 86.61, 86.17, 85.54, 85.1, 84.81, 84.53, 84.36, 84.27, 84.34, 83.85]

2024-08-24 19:52:54,861 [trainer.py] => Average Accuracy (CNN): 74.30466666666668
2024-08-24 19:52:54,863 [trainer.py] => All params: 173017345
2024-08-24 19:52:54,864 [trainer.py] => Trainable params: 87218689
2024-08-24 19:52:54,870 [aper_adapter.py] => Learning on 150-155
2024-08-24 19:53:21,770 [trainer.py] => No NME accuracy.
2024-08-24 19:53:21,771 [trainer.py] => CNN: {'total': 66.18, '00-09': 67.82, '10-19': 70.16, '20-29': 67.0, '30-39': 69.88, '40-49': 66.89, '50-59': 65.13, '60-69': 58.72, '70-79': 72.53, '80-89': 60.65, '90-99': 61.02, '100-109': 64.44, '110-119': 65.16, '120-129': 61.25, '130-139': 66.44, '140-149': 71.93, '150-159': 65.08, 'old': 66.23, 'new': 65.08}
2024-08-24 19:53:21,771 [trainer.py] => CNN top1 curve: [97.93, 88.33, 86.52, 84.62, 83.27, 80.69, 80.18, 78.5, 78.05, 76.83, 76.09, 75.09, 73.66, 72.99, 72.72, 72.3, 71.88, 70.37, 69.16, 69.05, 68.7, 68.12, 67.47, 67.52, 66.99, 66.47, 66.36, 66.26, 66.66, 66.36, 66.18]
2024-08-24 19:53:21,771 [trainer.py] => CNN top5 curve: [100.0, 99.68, 98.23, 97.1, 96.03, 94.94, 94.39, 93.26, 92.5, 91.56, 91.13, 90.87, 89.97, 89.3, 88.94, 88.83, 88.51, 87.68, 86.9, 86.77, 86.61, 86.17, 85.54, 85.1, 84.81, 84.53, 84.36, 84.27, 84.34, 83.85, 83.67]

2024-08-24 19:53:21,771 [trainer.py] => Average Accuracy (CNN): 74.0425806451613
2024-08-24 19:53:21,773 [trainer.py] => All params: 173025025
2024-08-24 19:53:21,774 [trainer.py] => Trainable params: 87226369
2024-08-24 19:53:21,777 [aper_adapter.py] => Learning on 155-160
2024-08-24 19:53:49,600 [trainer.py] => No NME accuracy.
2024-08-24 19:53:49,600 [trainer.py] => CNN: {'total': 65.77, '00-09': 67.82, '10-19': 70.16, '20-29': 67.0, '30-39': 69.88, '40-49': 66.89, '50-59': 65.13, '60-69': 58.39, '70-79': 72.16, '80-89': 60.32, '90-99': 60.45, '100-109': 63.73, '110-119': 64.1, '120-129': 59.41, '130-139': 66.11, '140-149': 71.93, '150-159': 64.36, 'old': 65.85, 'new': 63.58}
2024-08-24 19:53:49,600 [trainer.py] => CNN top1 curve: [97.93, 88.33, 86.52, 84.62, 83.27, 80.69, 80.18, 78.5, 78.05, 76.83, 76.09, 75.09, 73.66, 72.99, 72.72, 72.3, 71.88, 70.37, 69.16, 69.05, 68.7, 68.12, 67.47, 67.52, 66.99, 66.47, 66.36, 66.26, 66.66, 66.36, 66.18, 65.77]
2024-08-24 19:53:49,600 [trainer.py] => CNN top5 curve: [100.0, 99.68, 98.23, 97.1, 96.03, 94.94, 94.39, 93.26, 92.5, 91.56, 91.13, 90.87, 89.97, 89.3, 88.94, 88.83, 88.51, 87.68, 86.9, 86.77, 86.61, 86.17, 85.54, 85.1, 84.81, 84.53, 84.36, 84.27, 84.34, 83.85, 83.67, 83.25]

2024-08-24 19:53:49,600 [trainer.py] => Average Accuracy (CNN): 73.7840625
2024-08-24 19:53:49,602 [trainer.py] => All params: 173032705
2024-08-24 19:53:49,603 [trainer.py] => Trainable params: 87234049
2024-08-24 19:53:49,607 [aper_adapter.py] => Learning on 160-165
2024-08-24 19:54:16,344 [trainer.py] => No NME accuracy.
2024-08-24 19:54:16,344 [trainer.py] => CNN: {'total': 65.44, '00-09': 67.19, '10-19': 69.62, '20-29': 67.0, '30-39': 69.88, '40-49': 65.56, '50-59': 64.8, '60-69': 58.39, '70-79': 72.16, '80-89': 60.32, '90-99': 60.45, '100-109': 63.73, '110-119': 63.56, '120-129': 59.41, '130-139': 65.77, '140-149': 71.66, '150-159': 64.36, '160-169': 62.38, 'old': 65.51, 'new': 62.38}
2024-08-24 19:54:16,344 [trainer.py] => CNN top1 curve: [97.93, 88.33, 86.52, 84.62, 83.27, 80.69, 80.18, 78.5, 78.05, 76.83, 76.09, 75.09, 73.66, 72.99, 72.72, 72.3, 71.88, 70.37, 69.16, 69.05, 68.7, 68.12, 67.47, 67.52, 66.99, 66.47, 66.36, 66.26, 66.66, 66.36, 66.18, 65.77, 65.44]
2024-08-24 19:54:16,345 [trainer.py] => CNN top5 curve: [100.0, 99.68, 98.23, 97.1, 96.03, 94.94, 94.39, 93.26, 92.5, 91.56, 91.13, 90.87, 89.97, 89.3, 88.94, 88.83, 88.51, 87.68, 86.9, 86.77, 86.61, 86.17, 85.54, 85.1, 84.81, 84.53, 84.36, 84.27, 84.34, 83.85, 83.67, 83.25, 83.01]

2024-08-24 19:54:16,345 [trainer.py] => Average Accuracy (CNN): 73.53121212121212
2024-08-24 19:54:16,347 [trainer.py] => All params: 173040385
2024-08-24 19:54:16,348 [trainer.py] => Trainable params: 87241729
2024-08-24 19:54:16,353 [aper_adapter.py] => Learning on 165-170
2024-08-24 19:54:43,744 [trainer.py] => No NME accuracy.
2024-08-24 19:54:43,744 [trainer.py] => CNN: {'total': 64.59, '00-09': 66.56, '10-19': 69.09, '20-29': 66.0, '30-39': 69.58, '40-49': 64.24, '50-59': 64.47, '60-69': 57.72, '70-79': 72.16, '80-89': 60.0, '90-99': 59.89, '100-109': 62.68, '110-119': 63.56, '120-129': 59.04, '130-139': 65.77, '140-149': 70.57, '150-159': 63.26, '160-169': 57.39, 'old': 64.87, 'new': 53.49}
2024-08-24 19:54:43,744 [trainer.py] => CNN top1 curve: [97.93, 88.33, 86.52, 84.62, 83.27, 80.69, 80.18, 78.5, 78.05, 76.83, 76.09, 75.09, 73.66, 72.99, 72.72, 72.3, 71.88, 70.37, 69.16, 69.05, 68.7, 68.12, 67.47, 67.52, 66.99, 66.47, 66.36, 66.26, 66.66, 66.36, 66.18, 65.77, 65.44, 64.59]
2024-08-24 19:54:43,744 [trainer.py] => CNN top5 curve: [100.0, 99.68, 98.23, 97.1, 96.03, 94.94, 94.39, 93.26, 92.5, 91.56, 91.13, 90.87, 89.97, 89.3, 88.94, 88.83, 88.51, 87.68, 86.9, 86.77, 86.61, 86.17, 85.54, 85.1, 84.81, 84.53, 84.36, 84.27, 84.34, 83.85, 83.67, 83.25, 83.01, 82.31]

2024-08-24 19:54:43,745 [trainer.py] => Average Accuracy (CNN): 73.26823529411766
2024-08-24 19:54:43,746 [trainer.py] => All params: 173048065
2024-08-24 19:54:43,747 [trainer.py] => Trainable params: 87249409
2024-08-24 19:54:43,754 [aper_adapter.py] => Learning on 170-175
2024-08-24 19:55:12,889 [trainer.py] => No NME accuracy.
2024-08-24 19:55:12,889 [trainer.py] => CNN: {'total': 64.78, '00-09': 66.25, '10-19': 69.09, '20-29': 65.67, '30-39': 69.58, '40-49': 64.24, '50-59': 64.47, '60-69': 57.72, '70-79': 71.79, '80-89': 60.0, '90-99': 59.32, '100-109': 62.68, '110-119': 63.56, '120-129': 58.67, '130-139': 65.1, '140-149': 70.57, '150-159': 63.26, '160-169': 56.96, '170-179': 78.63, 'old': 64.43, 'new': 78.63}
2024-08-24 19:55:12,889 [trainer.py] => CNN top1 curve: [97.93, 88.33, 86.52, 84.62, 83.27, 80.69, 80.18, 78.5, 78.05, 76.83, 76.09, 75.09, 73.66, 72.99, 72.72, 72.3, 71.88, 70.37, 69.16, 69.05, 68.7, 68.12, 67.47, 67.52, 66.99, 66.47, 66.36, 66.26, 66.66, 66.36, 66.18, 65.77, 65.44, 64.59, 64.78]
2024-08-24 19:55:12,889 [trainer.py] => CNN top5 curve: [100.0, 99.68, 98.23, 97.1, 96.03, 94.94, 94.39, 93.26, 92.5, 91.56, 91.13, 90.87, 89.97, 89.3, 88.94, 88.83, 88.51, 87.68, 86.9, 86.77, 86.61, 86.17, 85.54, 85.1, 84.81, 84.53, 84.36, 84.27, 84.34, 83.85, 83.67, 83.25, 83.01, 82.31, 82.41]

2024-08-24 19:55:12,889 [trainer.py] => Average Accuracy (CNN): 73.0257142857143
2024-08-24 19:55:12,891 [trainer.py] => All params: 173055745
2024-08-24 19:55:12,892 [trainer.py] => Trainable params: 87257089
2024-08-24 19:55:12,898 [aper_adapter.py] => Learning on 175-180
2024-08-24 19:55:42,818 [trainer.py] => No NME accuracy.
2024-08-24 19:55:42,819 [trainer.py] => CNN: {'total': 64.62, '00-09': 66.25, '10-19': 69.09, '20-29': 65.67, '30-39': 69.28, '40-49': 64.24, '50-59': 64.47, '60-69': 57.72, '70-79': 71.43, '80-89': 60.0, '90-99': 58.76, '100-109': 62.68, '110-119': 63.3, '120-129': 58.67, '130-139': 65.1, '140-149': 70.03, '150-159': 63.26, '160-169': 56.52, '170-179': 71.37, 'old': 64.65, 'new': 63.25}
2024-08-24 19:55:42,819 [trainer.py] => CNN top1 curve: [97.93, 88.33, 86.52, 84.62, 83.27, 80.69, 80.18, 78.5, 78.05, 76.83, 76.09, 75.09, 73.66, 72.99, 72.72, 72.3, 71.88, 70.37, 69.16, 69.05, 68.7, 68.12, 67.47, 67.52, 66.99, 66.47, 66.36, 66.26, 66.66, 66.36, 66.18, 65.77, 65.44, 64.59, 64.78, 64.62]
2024-08-24 19:55:42,819 [trainer.py] => CNN top5 curve: [100.0, 99.68, 98.23, 97.1, 96.03, 94.94, 94.39, 93.26, 92.5, 91.56, 91.13, 90.87, 89.97, 89.3, 88.94, 88.83, 88.51, 87.68, 86.9, 86.77, 86.61, 86.17, 85.54, 85.1, 84.81, 84.53, 84.36, 84.27, 84.34, 83.85, 83.67, 83.25, 83.01, 82.31, 82.41, 82.24]

2024-08-24 19:55:42,819 [trainer.py] => Average Accuracy (CNN): 72.79222222222224
2024-08-24 19:55:42,821 [trainer.py] => All params: 173063425
2024-08-24 19:55:42,822 [trainer.py] => Trainable params: 87264769
2024-08-24 19:55:42,828 [aper_adapter.py] => Learning on 180-185
2024-08-24 19:56:12,629 [trainer.py] => No NME accuracy.
2024-08-24 19:56:12,629 [trainer.py] => CNN: {'total': 64.14, '00-09': 65.93, '10-19': 68.82, '20-29': 64.0, '30-39': 69.28, '40-49': 64.24, '50-59': 63.82, '60-69': 57.72, '70-79': 71.43, '80-89': 59.35, '90-99': 57.63, '100-109': 62.32, '110-119': 63.03, '120-129': 58.67, '130-139': 65.1, '140-149': 69.48, '150-159': 63.26, '160-169': 56.52, '170-179': 70.16, '180-189': 60.0, 'old': 64.25, 'new': 60.0}
2024-08-24 19:56:12,629 [trainer.py] => CNN top1 curve: [97.93, 88.33, 86.52, 84.62, 83.27, 80.69, 80.18, 78.5, 78.05, 76.83, 76.09, 75.09, 73.66, 72.99, 72.72, 72.3, 71.88, 70.37, 69.16, 69.05, 68.7, 68.12, 67.47, 67.52, 66.99, 66.47, 66.36, 66.26, 66.66, 66.36, 66.18, 65.77, 65.44, 64.59, 64.78, 64.62, 64.14]
2024-08-24 19:56:12,629 [trainer.py] => CNN top5 curve: [100.0, 99.68, 98.23, 97.1, 96.03, 94.94, 94.39, 93.26, 92.5, 91.56, 91.13, 90.87, 89.97, 89.3, 88.94, 88.83, 88.51, 87.68, 86.9, 86.77, 86.61, 86.17, 85.54, 85.1, 84.81, 84.53, 84.36, 84.27, 84.34, 83.85, 83.67, 83.25, 83.01, 82.31, 82.41, 82.24, 81.87]

2024-08-24 19:56:12,629 [trainer.py] => Average Accuracy (CNN): 72.55837837837839
2024-08-24 19:56:12,631 [trainer.py] => All params: 173071105
2024-08-24 19:56:12,632 [trainer.py] => Trainable params: 87272449
2024-08-24 19:56:12,640 [aper_adapter.py] => Learning on 185-190
2024-08-24 19:56:44,675 [trainer.py] => No NME accuracy.
2024-08-24 19:56:44,675 [trainer.py] => CNN: {'total': 63.89, '00-09': 65.93, '10-19': 68.55, '20-29': 63.0, '30-39': 69.28, '40-49': 64.24, '50-59': 62.5, '60-69': 57.38, '70-79': 71.06, '80-89': 59.35, '90-99': 57.63, '100-109': 62.32, '110-119': 63.03, '120-129': 58.67, '130-139': 64.77, '140-149': 69.48, '150-159': 63.26, '160-169': 56.52, '170-179': 69.35, '180-189': 61.69, 'old': 63.89, 'new': 63.8}
2024-08-24 19:56:44,675 [trainer.py] => CNN top1 curve: [97.93, 88.33, 86.52, 84.62, 83.27, 80.69, 80.18, 78.5, 78.05, 76.83, 76.09, 75.09, 73.66, 72.99, 72.72, 72.3, 71.88, 70.37, 69.16, 69.05, 68.7, 68.12, 67.47, 67.52, 66.99, 66.47, 66.36, 66.26, 66.66, 66.36, 66.18, 65.77, 65.44, 64.59, 64.78, 64.62, 64.14, 63.89]
2024-08-24 19:56:44,675 [trainer.py] => CNN top5 curve: [100.0, 99.68, 98.23, 97.1, 96.03, 94.94, 94.39, 93.26, 92.5, 91.56, 91.13, 90.87, 89.97, 89.3, 88.94, 88.83, 88.51, 87.68, 86.9, 86.77, 86.61, 86.17, 85.54, 85.1, 84.81, 84.53, 84.36, 84.27, 84.34, 83.85, 83.67, 83.25, 83.01, 82.31, 82.41, 82.24, 81.87, 81.57]

2024-08-24 19:56:44,675 [trainer.py] => Average Accuracy (CNN): 72.33026315789475
2024-08-24 19:56:44,677 [trainer.py] => All params: 173078785
2024-08-24 19:56:44,678 [trainer.py] => Trainable params: 87280129
2024-08-24 19:56:44,686 [aper_adapter.py] => Learning on 190-195
2024-08-24 19:57:17,296 [trainer.py] => No NME accuracy.
2024-08-24 19:57:17,296 [trainer.py] => CNN: {'total': 63.61, '00-09': 65.93, '10-19': 68.55, '20-29': 63.0, '30-39': 68.37, '40-49': 64.24, '50-59': 62.5, '60-69': 57.05, '70-79': 71.06, '80-89': 58.71, '90-99': 57.63, '100-109': 61.62, '110-119': 63.03, '120-129': 58.3, '130-139': 64.43, '140-149': 68.94, '150-159': 63.26, '160-169': 56.52, '170-179': 69.35, '180-189': 61.69, '190-199': 61.04, 'old': 63.68, 'new': 61.04}
2024-08-24 19:57:17,296 [trainer.py] => CNN top1 curve: [97.93, 88.33, 86.52, 84.62, 83.27, 80.69, 80.18, 78.5, 78.05, 76.83, 76.09, 75.09, 73.66, 72.99, 72.72, 72.3, 71.88, 70.37, 69.16, 69.05, 68.7, 68.12, 67.47, 67.52, 66.99, 66.47, 66.36, 66.26, 66.66, 66.36, 66.18, 65.77, 65.44, 64.59, 64.78, 64.62, 64.14, 63.89, 63.61]
2024-08-24 19:57:17,296 [trainer.py] => CNN top5 curve: [100.0, 99.68, 98.23, 97.1, 96.03, 94.94, 94.39, 93.26, 92.5, 91.56, 91.13, 90.87, 89.97, 89.3, 88.94, 88.83, 88.51, 87.68, 86.9, 86.77, 86.61, 86.17, 85.54, 85.1, 84.81, 84.53, 84.36, 84.27, 84.34, 83.85, 83.67, 83.25, 83.01, 82.31, 82.41, 82.24, 81.87, 81.57, 81.47]

2024-08-24 19:57:17,297 [trainer.py] => Average Accuracy (CNN): 72.10666666666667
2024-08-24 19:57:17,298 [trainer.py] => All params: 173086465
2024-08-24 19:57:17,299 [trainer.py] => Trainable params: 87287809
2024-08-24 19:57:17,307 [aper_adapter.py] => Learning on 195-200
2024-08-24 19:57:49,325 [trainer.py] => No NME accuracy.
2024-08-24 19:57:49,326 [trainer.py] => CNN: {'total': 63.73, '00-09': 65.93, '10-19': 68.55, '20-29': 63.0, '30-39': 68.37, '40-49': 64.24, '50-59': 62.5, '60-69': 57.05, '70-79': 71.06, '80-89': 58.39, '90-99': 57.63, '100-109': 61.62, '110-119': 63.03, '120-129': 58.3, '130-139': 64.43, '140-149': 68.66, '150-159': 63.26, '160-169': 54.35, '170-179': 69.35, '180-189': 61.69, '190-199': 67.53, 'old': 63.49, 'new': 76.07}
2024-08-24 19:57:49,326 [trainer.py] => CNN top1 curve: [97.93, 88.33, 86.52, 84.62, 83.27, 80.69, 80.18, 78.5, 78.05, 76.83, 76.09, 75.09, 73.66, 72.99, 72.72, 72.3, 71.88, 70.37, 69.16, 69.05, 68.7, 68.12, 67.47, 67.52, 66.99, 66.47, 66.36, 66.26, 66.66, 66.36, 66.18, 65.77, 65.44, 64.59, 64.78, 64.62, 64.14, 63.89, 63.61, 63.73]
2024-08-24 19:57:49,326 [trainer.py] => CNN top5 curve: [100.0, 99.68, 98.23, 97.1, 96.03, 94.94, 94.39, 93.26, 92.5, 91.56, 91.13, 90.87, 89.97, 89.3, 88.94, 88.83, 88.51, 87.68, 86.9, 86.77, 86.61, 86.17, 85.54, 85.1, 84.81, 84.53, 84.36, 84.27, 84.34, 83.85, 83.67, 83.25, 83.01, 82.31, 82.41, 82.24, 81.87, 81.57, 81.47, 81.45]

2024-08-24 19:57:49,326 [trainer.py] => Average Accuracy (CNN): 71.89725000000001
