2024-08-24 18:49:01,238 [trainer.py] => config: exps/simplecil/vtab_10_10_vit-b_simplecil.json
2024-08-24 18:49:01,238 [trainer.py] => prefix: exp
2024-08-24 18:49:01,238 [trainer.py] => dataset: vtab
2024-08-24 18:49:01,238 [trainer.py] => memory_size: 2000
2024-08-24 18:49:01,238 [trainer.py] => memory_per_class: 20
2024-08-24 18:49:01,238 [trainer.py] => fixed_memory: False
2024-08-24 18:49:01,238 [trainer.py] => shuffle: False
2024-08-24 18:49:01,238 [trainer.py] => init_cls: 10
2024-08-24 18:49:01,238 [trainer.py] => increment: 10
2024-08-24 18:49:01,238 [trainer.py] => model_name: simplecil
2024-08-24 18:49:01,238 [trainer.py] => convnet_type: pretrained_vit_b16_224_in21k
2024-08-24 18:49:01,238 [trainer.py] => weight_decay: 0.0005
2024-08-24 18:49:01,238 [trainer.py] => prompt_token_num: 30
2024-08-24 18:49:01,238 [trainer.py] => ffn_num: 64
2024-08-24 18:49:01,238 [trainer.py] => optimizer: sgd
2024-08-24 18:49:01,238 [trainer.py] => min_lr: 0
2024-08-24 18:49:01,238 [trainer.py] => device: [device(type='cuda', index=0)]
2024-08-24 18:49:01,238 [trainer.py] => seed: 1993
2024-08-24 18:49:01,238 [trainer.py] => tuned_epoch: 20
2024-08-24 18:49:01,238 [trainer.py] => init_lr: 0.01
2024-08-24 18:49:01,238 [trainer.py] => batch_size: 48
2024-08-24 18:49:01,274 [data_manager.py] => [0, 1, 2, 3, 4, 5, 6, 7, 8, 9, 10, 11, 12, 13, 14, 15, 16, 17, 18, 19, 20, 21, 22, 23, 24, 25, 26, 27, 28, 29, 30, 31, 32, 33, 34, 35, 36, 37, 38, 39, 40, 41, 42, 43, 44, 45, 46, 47, 48, 49]
2024-08-24 18:49:03,943 [trainer.py] => All params: 85798656
2024-08-24 18:49:03,944 [trainer.py] => Trainable params: 85798656
2024-08-24 18:49:11,419 [simplecil.py] => Learning on 0-10
2024-08-24 18:49:23,686 [trainer.py] => No NME accuracy.
2024-08-24 18:49:23,686 [trainer.py] => CNN: {'total': 87.5, '00-09': 87.5, 'old': 0, 'new': 87.5}
2024-08-24 18:49:23,686 [trainer.py] => CNN top1 curve: [87.5]
2024-08-24 18:49:23,686 [trainer.py] => CNN top5 curve: [98.8]

2024-08-24 18:49:23,686 [trainer.py] => Average Accuracy (CNN): 87.5
2024-08-24 18:49:23,687 [trainer.py] => All params: 85806337
2024-08-24 18:49:23,688 [trainer.py] => Trainable params: 85806337
2024-08-24 18:49:23,695 [simplecil.py] => Learning on 10-20
2024-08-24 18:49:33,839 [trainer.py] => No NME accuracy.
2024-08-24 18:49:33,840 [trainer.py] => CNN: {'total': 86.0, '00-09': 87.5, '10-19': 82.25, 'old': 87.5, 'new': 82.25}
2024-08-24 18:49:33,840 [trainer.py] => CNN top1 curve: [87.5, 86.0]
2024-08-24 18:49:33,840 [trainer.py] => CNN top5 curve: [98.8, 98.07]

2024-08-24 18:49:33,840 [trainer.py] => Average Accuracy (CNN): 86.75
2024-08-24 18:49:33,841 [trainer.py] => All params: 85814017
2024-08-24 18:49:33,841 [trainer.py] => Trainable params: 85814017
2024-08-24 18:49:33,854 [simplecil.py] => Learning on 20-30
2024-08-24 18:49:51,071 [trainer.py] => No NME accuracy.
2024-08-24 18:49:51,071 [trainer.py] => CNN: {'total': 89.1, '00-09': 87.5, '10-19': 81.0, '20-29': 94.01, 'old': 85.64, 'new': 94.01}
2024-08-24 18:49:51,071 [trainer.py] => CNN top1 curve: [87.5, 86.0, 89.1]
2024-08-24 18:49:51,071 [trainer.py] => CNN top5 curve: [98.8, 98.07, 98.62]

2024-08-24 18:49:51,071 [trainer.py] => Average Accuracy (CNN): 87.53333333333335
2024-08-24 18:49:51,072 [trainer.py] => All params: 85821697
2024-08-24 18:49:51,073 [trainer.py] => Trainable params: 85821697
2024-08-24 18:49:51,082 [simplecil.py] => Learning on 30-40
2024-08-24 18:50:39,528 [trainer.py] => No NME accuracy.
2024-08-24 18:50:39,528 [trainer.py] => CNN: {'total': 82.74, '00-09': 87.4, '10-19': 80.75, '20-29': 94.01, '30-39': 79.96, 'old': 89.01, 'new': 79.96}
2024-08-24 18:50:39,528 [trainer.py] => CNN top1 curve: [87.5, 86.0, 89.1, 82.74]
2024-08-24 18:50:39,528 [trainer.py] => CNN top5 curve: [98.8, 98.07, 98.62, 98.18]

2024-08-24 18:50:39,529 [trainer.py] => Average Accuracy (CNN): 86.33500000000001
2024-08-24 18:50:39,530 [trainer.py] => All params: 85829377
2024-08-24 18:50:39,531 [trainer.py] => Trainable params: 85829377
2024-08-24 18:50:39,542 [simplecil.py] => Learning on 40-50
2024-08-24 18:51:21,815 [trainer.py] => No NME accuracy.
2024-08-24 18:51:21,816 [trainer.py] => CNN: {'total': 84.37, '00-09': 87.3, '10-19': 80.25, '20-29': 94.01, '30-39': 80.0, '40-49': 99.76, 'old': 82.72, 'new': 99.76}
2024-08-24 18:51:21,816 [trainer.py] => CNN top1 curve: [87.5, 86.0, 89.1, 82.74, 84.37]
2024-08-24 18:51:21,816 [trainer.py] => CNN top5 curve: [98.8, 98.07, 98.62, 98.18, 98.33]

2024-08-24 18:51:21,816 [trainer.py] => Average Accuracy (CNN): 85.94200000000001
