2024-08-24 15:49:11,512 [trainer.py] => config: exps/simplecil/cifar224_5_5_vit-b_simplecil.json
2024-08-24 15:49:11,513 [trainer.py] => prefix: exp
2024-08-24 15:49:11,513 [trainer.py] => dataset: cifar224
2024-08-24 15:49:11,513 [trainer.py] => memory_size: 2000
2024-08-24 15:49:11,513 [trainer.py] => memory_per_class: 20
2024-08-24 15:49:11,513 [trainer.py] => fixed_memory: False
2024-08-24 15:49:11,513 [trainer.py] => shuffle: True
2024-08-24 15:49:11,513 [trainer.py] => init_cls: 5
2024-08-24 15:49:11,513 [trainer.py] => increment: 5
2024-08-24 15:49:11,513 [trainer.py] => model_name: simplecil
2024-08-24 15:49:11,513 [trainer.py] => convnet_type: pretrained_vit_b16_224_in21k
2024-08-24 15:49:11,513 [trainer.py] => weight_decay: 0.0005
2024-08-24 15:49:11,513 [trainer.py] => prompt_token_num: 30
2024-08-24 15:49:11,513 [trainer.py] => ffn_num: 64
2024-08-24 15:49:11,513 [trainer.py] => optimizer: sgd
2024-08-24 15:49:11,513 [trainer.py] => min_lr: 0
2024-08-24 15:49:11,513 [trainer.py] => device: [device(type='cuda', index=0)]
2024-08-24 15:49:11,513 [trainer.py] => seed: 1993
2024-08-24 15:49:11,513 [trainer.py] => tuned_epoch: 20
2024-08-24 15:49:11,513 [trainer.py] => init_lr: 0.01
2024-08-24 15:49:11,513 [trainer.py] => batch_size: 48
2024-08-24 15:49:13,534 [data_manager.py] => [68, 56, 78, 8, 23, 84, 90, 65, 74, 76, 40, 89, 3, 92, 55, 9, 26, 80, 43, 38, 58, 70, 77, 1, 85, 19, 17, 50, 28, 53, 13, 81, 45, 82, 6, 59, 83, 16, 15, 44, 91, 41, 72, 60, 79, 52, 20, 10, 31, 54, 37, 95, 14, 71, 96, 98, 97, 2, 64, 66, 42, 22, 35, 86, 24, 34, 87, 21, 99, 0, 88, 27, 18, 94, 11, 12, 47, 25, 30, 46, 62, 69, 36, 61, 7, 63, 75, 5, 32, 4, 51, 48, 73, 93, 39, 67, 29, 49, 57, 33]
2024-08-24 15:49:16,319 [trainer.py] => All params: 85798656
2024-08-24 15:49:16,320 [trainer.py] => Trainable params: 85798656
2024-08-24 15:49:22,592 [simplecil.py] => Learning on 0-5
2024-08-24 15:49:40,951 [trainer.py] => No NME accuracy.
2024-08-24 15:49:40,951 [trainer.py] => CNN: {'total': 97.8, '00-09': 97.8, 'old': 0, 'new': 97.8}
2024-08-24 15:49:40,951 [trainer.py] => CNN top1 curve: [97.8]
2024-08-24 15:49:40,951 [trainer.py] => CNN top5 curve: [100.0]

2024-08-24 15:49:40,951 [trainer.py] => Average Accuracy (CNN): 97.8
2024-08-24 15:49:40,952 [trainer.py] => All params: 85802497
2024-08-24 15:49:40,952 [trainer.py] => Trainable params: 85802497
2024-08-24 15:49:40,968 [simplecil.py] => Learning on 5-10
2024-08-24 15:49:57,348 [trainer.py] => No NME accuracy.
2024-08-24 15:49:57,349 [trainer.py] => CNN: {'total': 95.0, '00-09': 95.0, 'old': 95.2, 'new': 94.8}
2024-08-24 15:49:57,349 [trainer.py] => CNN top1 curve: [97.8, 95.0]
2024-08-24 15:49:57,349 [trainer.py] => CNN top5 curve: [100.0, 99.7]

2024-08-24 15:49:57,349 [trainer.py] => Average Accuracy (CNN): 96.4
2024-08-24 15:49:57,349 [trainer.py] => All params: 85806337
2024-08-24 15:49:57,350 [trainer.py] => Trainable params: 85806337
2024-08-24 15:49:57,368 [simplecil.py] => Learning on 10-15
2024-08-24 15:50:15,555 [trainer.py] => No NME accuracy.
2024-08-24 15:50:15,555 [trainer.py] => CNN: {'total': 94.0, '00-09': 94.0, '10-19': 94.0, 'old': 94.0, 'new': 94.0}
2024-08-24 15:50:15,555 [trainer.py] => CNN top1 curve: [97.8, 95.0, 94.0]
2024-08-24 15:50:15,555 [trainer.py] => CNN top5 curve: [100.0, 99.7, 99.33]

2024-08-24 15:50:15,555 [trainer.py] => Average Accuracy (CNN): 95.60000000000001
2024-08-24 15:50:15,556 [trainer.py] => All params: 85810177
2024-08-24 15:50:15,557 [trainer.py] => Trainable params: 85810177
2024-08-24 15:50:15,574 [simplecil.py] => Learning on 15-20
2024-08-24 15:50:36,229 [trainer.py] => No NME accuracy.
2024-08-24 15:50:36,230 [trainer.py] => CNN: {'total': 92.2, '00-09': 93.3, '10-19': 91.1, 'old': 93.33, 'new': 88.8}
2024-08-24 15:50:36,230 [trainer.py] => CNN top1 curve: [97.8, 95.0, 94.0, 92.2]
2024-08-24 15:50:36,230 [trainer.py] => CNN top5 curve: [100.0, 99.7, 99.33, 98.7]

2024-08-24 15:50:36,230 [trainer.py] => Average Accuracy (CNN): 94.75
2024-08-24 15:50:36,231 [trainer.py] => All params: 85814017
2024-08-24 15:50:36,232 [trainer.py] => Trainable params: 85814017
2024-08-24 15:50:36,240 [simplecil.py] => Learning on 20-25
2024-08-24 15:51:02,244 [trainer.py] => No NME accuracy.
2024-08-24 15:51:02,245 [trainer.py] => CNN: {'total': 92.08, '00-09': 93.2, '10-19': 90.1, '20-29': 93.8, 'old': 91.65, 'new': 93.8}
2024-08-24 15:51:02,245 [trainer.py] => CNN top1 curve: [97.8, 95.0, 94.0, 92.2, 92.08]
2024-08-24 15:51:02,245 [trainer.py] => CNN top5 curve: [100.0, 99.7, 99.33, 98.7, 98.36]

2024-08-24 15:51:02,245 [trainer.py] => Average Accuracy (CNN): 94.216
2024-08-24 15:51:02,246 [trainer.py] => All params: 85817857
2024-08-24 15:51:02,246 [trainer.py] => Trainable params: 85817857
2024-08-24 15:51:02,253 [simplecil.py] => Learning on 25-30
2024-08-24 15:51:30,443 [trainer.py] => No NME accuracy.
2024-08-24 15:51:30,443 [trainer.py] => CNN: {'total': 91.77, '00-09': 92.0, '10-19': 89.6, '20-29': 93.7, 'old': 91.36, 'new': 93.8}
2024-08-24 15:51:30,444 [trainer.py] => CNN top1 curve: [97.8, 95.0, 94.0, 92.2, 92.08, 91.77]
2024-08-24 15:51:30,444 [trainer.py] => CNN top5 curve: [100.0, 99.7, 99.33, 98.7, 98.36, 98.4]

2024-08-24 15:51:30,444 [trainer.py] => Average Accuracy (CNN): 93.80833333333334
2024-08-24 15:51:30,444 [trainer.py] => All params: 85821697
2024-08-24 15:51:30,445 [trainer.py] => Trainable params: 85821697
2024-08-24 15:51:30,457 [simplecil.py] => Learning on 30-35
2024-08-24 15:52:00,485 [trainer.py] => No NME accuracy.
2024-08-24 15:52:00,485 [trainer.py] => CNN: {'total': 89.74, '00-09': 91.0, '10-19': 88.4, '20-29': 92.9, '30-39': 83.6, 'old': 90.77, 'new': 83.6}
2024-08-24 15:52:00,485 [trainer.py] => CNN top1 curve: [97.8, 95.0, 94.0, 92.2, 92.08, 91.77, 89.74]
2024-08-24 15:52:00,485 [trainer.py] => CNN top5 curve: [100.0, 99.7, 99.33, 98.7, 98.36, 98.4, 98.37]

2024-08-24 15:52:00,485 [trainer.py] => Average Accuracy (CNN): 93.22714285714287
2024-08-24 15:52:00,486 [trainer.py] => All params: 85825537
2024-08-24 15:52:00,487 [trainer.py] => Trainable params: 85825537
2024-08-24 15:52:00,497 [simplecil.py] => Learning on 35-40
2024-08-24 15:52:31,012 [trainer.py] => No NME accuracy.
2024-08-24 15:52:31,012 [trainer.py] => CNN: {'total': 89.1, '00-09': 89.6, '10-19': 87.6, '20-29': 91.8, '30-39': 87.4, 'old': 88.71, 'new': 91.8}
2024-08-24 15:52:31,012 [trainer.py] => CNN top1 curve: [97.8, 95.0, 94.0, 92.2, 92.08, 91.77, 89.74, 89.1]
2024-08-24 15:52:31,012 [trainer.py] => CNN top5 curve: [100.0, 99.7, 99.33, 98.7, 98.36, 98.4, 98.37, 97.92]

2024-08-24 15:52:31,012 [trainer.py] => Average Accuracy (CNN): 92.71125
2024-08-24 15:52:31,013 [trainer.py] => All params: 85829377
2024-08-24 15:52:31,014 [trainer.py] => Trainable params: 85829377
2024-08-24 15:52:31,024 [simplecil.py] => Learning on 40-45
2024-08-24 15:53:01,964 [trainer.py] => No NME accuracy.
2024-08-24 15:53:01,964 [trainer.py] => CNN: {'total': 88.16, '00-09': 88.7, '10-19': 87.0, '20-29': 91.5, '30-39': 87.1, '40-49': 84.8, 'old': 88.58, 'new': 84.8}
2024-08-24 15:53:01,964 [trainer.py] => CNN top1 curve: [97.8, 95.0, 94.0, 92.2, 92.08, 91.77, 89.74, 89.1, 88.16]
2024-08-24 15:53:01,965 [trainer.py] => CNN top5 curve: [100.0, 99.7, 99.33, 98.7, 98.36, 98.4, 98.37, 97.92, 97.6]

2024-08-24 15:53:01,965 [trainer.py] => Average Accuracy (CNN): 92.20555555555556
2024-08-24 15:53:01,965 [trainer.py] => All params: 85833217
2024-08-24 15:53:01,966 [trainer.py] => Trainable params: 85833217
2024-08-24 15:53:01,975 [simplecil.py] => Learning on 45-50
2024-08-24 15:53:36,208 [trainer.py] => No NME accuracy.
2024-08-24 15:53:36,209 [trainer.py] => CNN: {'total': 87.18, '00-09': 87.5, '10-19': 86.5, '20-29': 90.2, '30-39': 85.1, '40-49': 86.6, 'old': 87.02, 'new': 88.6}
2024-08-24 15:53:36,209 [trainer.py] => CNN top1 curve: [97.8, 95.0, 94.0, 92.2, 92.08, 91.77, 89.74, 89.1, 88.16, 87.18]
2024-08-24 15:53:36,209 [trainer.py] => CNN top5 curve: [100.0, 99.7, 99.33, 98.7, 98.36, 98.4, 98.37, 97.92, 97.6, 97.48]

2024-08-24 15:53:36,209 [trainer.py] => Average Accuracy (CNN): 91.703
2024-08-24 15:53:36,210 [trainer.py] => All params: 85837057
2024-08-24 15:53:36,210 [trainer.py] => Trainable params: 85837057
2024-08-24 15:53:36,217 [simplecil.py] => Learning on 50-55
2024-08-24 15:54:10,944 [trainer.py] => No NME accuracy.
2024-08-24 15:54:10,944 [trainer.py] => CNN: {'total': 85.45, '00-09': 86.2, '10-19': 86.2, '20-29': 89.0, '30-39': 84.6, '40-49': 83.6, '50-59': 80.8, 'old': 85.92, 'new': 80.8}
2024-08-24 15:54:10,944 [trainer.py] => CNN top1 curve: [97.8, 95.0, 94.0, 92.2, 92.08, 91.77, 89.74, 89.1, 88.16, 87.18, 85.45]
2024-08-24 15:54:10,944 [trainer.py] => CNN top5 curve: [100.0, 99.7, 99.33, 98.7, 98.36, 98.4, 98.37, 97.92, 97.6, 97.48, 96.95]

2024-08-24 15:54:10,944 [trainer.py] => Average Accuracy (CNN): 91.13454545454546
2024-08-24 15:54:10,945 [trainer.py] => All params: 85840897
2024-08-24 15:54:10,946 [trainer.py] => Trainable params: 85840897
2024-08-24 15:54:10,953 [simplecil.py] => Learning on 55-60
2024-08-24 15:54:50,389 [trainer.py] => No NME accuracy.
2024-08-24 15:54:50,390 [trainer.py] => CNN: {'total': 85.42, '00-09': 86.0, '10-19': 85.9, '20-29': 88.5, '30-39': 84.3, '40-49': 83.5, '50-59': 84.3, 'old': 85.2, 'new': 87.8}
2024-08-24 15:54:50,390 [trainer.py] => CNN top1 curve: [97.8, 95.0, 94.0, 92.2, 92.08, 91.77, 89.74, 89.1, 88.16, 87.18, 85.45, 85.42]
2024-08-24 15:54:50,390 [trainer.py] => CNN top5 curve: [100.0, 99.7, 99.33, 98.7, 98.36, 98.4, 98.37, 97.92, 97.6, 97.48, 96.95, 96.63]

2024-08-24 15:54:50,390 [trainer.py] => Average Accuracy (CNN): 90.65833333333335
2024-08-24 15:54:50,391 [trainer.py] => All params: 85844737
2024-08-24 15:54:50,391 [trainer.py] => Trainable params: 85844737
2024-08-24 15:54:50,403 [simplecil.py] => Learning on 60-65
2024-08-24 15:55:36,383 [trainer.py] => No NME accuracy.
2024-08-24 15:55:36,384 [trainer.py] => CNN: {'total': 84.98, '00-09': 85.9, '10-19': 85.7, '20-29': 88.5, '30-39': 84.2, '40-49': 83.5, '50-59': 82.2, '60-69': 84.8, 'old': 85.0, 'new': 84.8}
2024-08-24 15:55:36,384 [trainer.py] => CNN top1 curve: [97.8, 95.0, 94.0, 92.2, 92.08, 91.77, 89.74, 89.1, 88.16, 87.18, 85.45, 85.42, 84.98]
2024-08-24 15:55:36,384 [trainer.py] => CNN top5 curve: [100.0, 99.7, 99.33, 98.7, 98.36, 98.4, 98.37, 97.92, 97.6, 97.48, 96.95, 96.63, 96.57]

2024-08-24 15:55:36,384 [trainer.py] => Average Accuracy (CNN): 90.22153846153847
2024-08-24 15:55:36,385 [trainer.py] => All params: 85848577
2024-08-24 15:55:36,385 [trainer.py] => Trainable params: 85848577
2024-08-24 15:55:36,399 [simplecil.py] => Learning on 65-70
2024-08-24 15:56:19,121 [trainer.py] => No NME accuracy.
2024-08-24 15:56:19,122 [trainer.py] => CNN: {'total': 85.04, '00-09': 84.7, '10-19': 85.1, '20-29': 88.5, '30-39': 84.1, '40-49': 83.4, '50-59': 81.9, '60-69': 87.6, 'old': 84.58, 'new': 91.0}
2024-08-24 15:56:19,122 [trainer.py] => CNN top1 curve: [97.8, 95.0, 94.0, 92.2, 92.08, 91.77, 89.74, 89.1, 88.16, 87.18, 85.45, 85.42, 84.98, 85.04]
2024-08-24 15:56:19,122 [trainer.py] => CNN top5 curve: [100.0, 99.7, 99.33, 98.7, 98.36, 98.4, 98.37, 97.92, 97.6, 97.48, 96.95, 96.63, 96.57, 96.54]

2024-08-24 15:56:19,122 [trainer.py] => Average Accuracy (CNN): 89.85142857142857
2024-08-24 15:56:19,123 [trainer.py] => All params: 85852417
2024-08-24 15:56:19,123 [trainer.py] => Trainable params: 85852417
2024-08-24 15:56:19,135 [simplecil.py] => Learning on 70-75
2024-08-24 15:57:01,327 [trainer.py] => No NME accuracy.
2024-08-24 15:57:01,328 [trainer.py] => CNN: {'total': 83.81, '00-09': 84.0, '10-19': 84.2, '20-29': 88.5, '30-39': 83.6, '40-49': 82.9, '50-59': 81.1, '60-69': 85.4, '70-79': 77.8, 'old': 84.24, 'new': 77.8}
2024-08-24 15:57:01,328 [trainer.py] => CNN top1 curve: [97.8, 95.0, 94.0, 92.2, 92.08, 91.77, 89.74, 89.1, 88.16, 87.18, 85.45, 85.42, 84.98, 85.04, 83.81]
2024-08-24 15:57:01,328 [trainer.py] => CNN top5 curve: [100.0, 99.7, 99.33, 98.7, 98.36, 98.4, 98.37, 97.92, 97.6, 97.48, 96.95, 96.63, 96.57, 96.54, 96.15]

2024-08-24 15:57:01,328 [trainer.py] => Average Accuracy (CNN): 89.44866666666667
2024-08-24 15:57:01,329 [trainer.py] => All params: 85856257
2024-08-24 15:57:01,329 [trainer.py] => Trainable params: 85856257
2024-08-24 15:57:01,337 [simplecil.py] => Learning on 75-80
2024-08-24 15:57:47,245 [trainer.py] => No NME accuracy.
2024-08-24 15:57:47,245 [trainer.py] => CNN: {'total': 82.52, '00-09': 83.3, '10-19': 84.2, '20-29': 88.4, '30-39': 83.3, '40-49': 81.1, '50-59': 78.9, '60-69': 84.7, '70-79': 76.3, 'old': 82.96, 'new': 76.0}
2024-08-24 15:57:47,245 [trainer.py] => CNN top1 curve: [97.8, 95.0, 94.0, 92.2, 92.08, 91.77, 89.74, 89.1, 88.16, 87.18, 85.45, 85.42, 84.98, 85.04, 83.81, 82.52]
2024-08-24 15:57:47,245 [trainer.py] => CNN top5 curve: [100.0, 99.7, 99.33, 98.7, 98.36, 98.4, 98.37, 97.92, 97.6, 97.48, 96.95, 96.63, 96.57, 96.54, 96.15, 95.8]

2024-08-24 15:57:47,245 [trainer.py] => Average Accuracy (CNN): 89.015625
2024-08-24 15:57:47,246 [trainer.py] => All params: 85860097
2024-08-24 15:57:47,247 [trainer.py] => Trainable params: 85860097
2024-08-24 15:57:47,252 [simplecil.py] => Learning on 80-85
2024-08-24 15:58:36,807 [trainer.py] => No NME accuracy.
2024-08-24 15:58:36,808 [trainer.py] => CNN: {'total': 82.14, '00-09': 82.8, '10-19': 83.5, '20-29': 87.8, '30-39': 83.0, '40-49': 79.9, '50-59': 78.4, '60-69': 84.1, '70-79': 75.9, '80-89': 85.6, 'old': 81.92, 'new': 85.6}
2024-08-24 15:58:36,808 [trainer.py] => CNN top1 curve: [97.8, 95.0, 94.0, 92.2, 92.08, 91.77, 89.74, 89.1, 88.16, 87.18, 85.45, 85.42, 84.98, 85.04, 83.81, 82.52, 82.14]
2024-08-24 15:58:36,808 [trainer.py] => CNN top5 curve: [100.0, 99.7, 99.33, 98.7, 98.36, 98.4, 98.37, 97.92, 97.6, 97.48, 96.95, 96.63, 96.57, 96.54, 96.15, 95.8, 95.74]

2024-08-24 15:58:36,808 [trainer.py] => Average Accuracy (CNN): 88.61117647058825
2024-08-24 15:58:36,809 [trainer.py] => All params: 85863937
2024-08-24 15:58:36,809 [trainer.py] => Trainable params: 85863937
2024-08-24 15:58:36,821 [simplecil.py] => Learning on 85-90
2024-08-24 15:59:28,339 [trainer.py] => No NME accuracy.
2024-08-24 15:59:28,340 [trainer.py] => CNN: {'total': 81.76, '00-09': 82.5, '10-19': 83.1, '20-29': 87.7, '30-39': 83.0, '40-49': 79.8, '50-59': 78.4, '60-69': 84.0, '70-79': 75.6, '80-89': 81.7, 'old': 81.99, 'new': 77.8}
2024-08-24 15:59:28,340 [trainer.py] => CNN top1 curve: [97.8, 95.0, 94.0, 92.2, 92.08, 91.77, 89.74, 89.1, 88.16, 87.18, 85.45, 85.42, 84.98, 85.04, 83.81, 82.52, 82.14, 81.76]
2024-08-24 15:59:28,340 [trainer.py] => CNN top5 curve: [100.0, 99.7, 99.33, 98.7, 98.36, 98.4, 98.37, 97.92, 97.6, 97.48, 96.95, 96.63, 96.57, 96.54, 96.15, 95.8, 95.74, 95.42]

2024-08-24 15:59:28,340 [trainer.py] => Average Accuracy (CNN): 88.23055555555555
2024-08-24 15:59:28,341 [trainer.py] => All params: 85867777
2024-08-24 15:59:28,342 [trainer.py] => Trainable params: 85867777
2024-08-24 15:59:28,356 [simplecil.py] => Learning on 90-95
2024-08-24 16:00:31,591 [trainer.py] => No NME accuracy.
2024-08-24 16:00:31,592 [trainer.py] => CNN: {'total': 81.91, '00-09': 81.7, '10-19': 83.0, '20-29': 87.3, '30-39': 82.8, '40-49': 79.6, '50-59': 78.0, '60-69': 84.0, '70-79': 74.9, '80-89': 81.7, '90-99': 90.2, 'old': 81.44, 'new': 90.2}
2024-08-24 16:00:31,592 [trainer.py] => CNN top1 curve: [97.8, 95.0, 94.0, 92.2, 92.08, 91.77, 89.74, 89.1, 88.16, 87.18, 85.45, 85.42, 84.98, 85.04, 83.81, 82.52, 82.14, 81.76, 81.91]
2024-08-24 16:00:31,592 [trainer.py] => CNN top5 curve: [100.0, 99.7, 99.33, 98.7, 98.36, 98.4, 98.37, 97.92, 97.6, 97.48, 96.95, 96.63, 96.57, 96.54, 96.15, 95.8, 95.74, 95.42, 95.38]

2024-08-24 16:00:31,592 [trainer.py] => Average Accuracy (CNN): 87.89789473684212
2024-08-24 16:00:31,593 [trainer.py] => All params: 85871617
2024-08-24 16:00:31,594 [trainer.py] => Trainable params: 85871617
2024-08-24 16:00:31,601 [simplecil.py] => Learning on 95-100
2024-08-24 16:01:24,909 [trainer.py] => No NME accuracy.
2024-08-24 16:01:24,909 [trainer.py] => CNN: {'total': 81.28, '00-09': 81.0, '10-19': 82.4, '20-29': 87.1, '30-39': 82.1, '40-49': 79.4, '50-59': 77.3, '60-69': 83.7, '70-79': 74.7, '80-89': 81.3, '90-99': 83.8, 'old': 81.45, 'new': 78.0}
2024-08-24 16:01:24,909 [trainer.py] => CNN top1 curve: [97.8, 95.0, 94.0, 92.2, 92.08, 91.77, 89.74, 89.1, 88.16, 87.18, 85.45, 85.42, 84.98, 85.04, 83.81, 82.52, 82.14, 81.76, 81.91, 81.28]
2024-08-24 16:01:24,910 [trainer.py] => CNN top5 curve: [100.0, 99.7, 99.33, 98.7, 98.36, 98.4, 98.37, 97.92, 97.6, 97.48, 96.95, 96.63, 96.57, 96.54, 96.15, 95.8, 95.74, 95.42, 95.38, 94.98]

2024-08-24 16:01:24,910 [trainer.py] => Average Accuracy (CNN): 87.56700000000001
