2024-08-24 14:58:07,350 [trainer.py] => config: exps/aper_adapter/objectnet_10_10_vit-b_adapter.json
2024-08-24 14:58:07,351 [trainer.py] => prefix: exp
2024-08-24 14:58:07,351 [trainer.py] => dataset: objectnet
2024-08-24 14:58:07,351 [trainer.py] => memory_size: 2000
2024-08-24 14:58:07,351 [trainer.py] => memory_per_class: 20
2024-08-24 14:58:07,351 [trainer.py] => fixed_memory: False
2024-08-24 14:58:07,351 [trainer.py] => shuffle: True
2024-08-24 14:58:07,351 [trainer.py] => init_cls: 10
2024-08-24 14:58:07,351 [trainer.py] => increment: 10
2024-08-24 14:58:07,351 [trainer.py] => model_name: aper_adapter
2024-08-24 14:58:07,351 [trainer.py] => convnet_type: pretrained_vit_b16_224_in21k_adapter
2024-08-24 14:58:07,351 [trainer.py] => weight_decay: 0.0005
2024-08-24 14:58:07,351 [trainer.py] => prompt_token_num: 30
2024-08-24 14:58:07,351 [trainer.py] => ffn_num: 64
2024-08-24 14:58:07,351 [trainer.py] => optimizer: sgd
2024-08-24 14:58:07,351 [trainer.py] => min_lr: 0
2024-08-24 14:58:07,351 [trainer.py] => device: [device(type='cuda', index=0)]
2024-08-24 14:58:07,351 [trainer.py] => seed: 1993
2024-08-24 14:58:07,351 [trainer.py] => tuned_epoch: 20
2024-08-24 14:58:07,351 [trainer.py] => init_lr: 0.01
2024-08-24 14:58:07,351 [trainer.py] => batch_size: 48
2024-08-24 14:58:07,828 [data_manager.py] => [168, 136, 51, 9, 183, 101, 171, 99, 42, 159, 191, 70, 16, 188, 27, 10, 175, 26, 68, 187, 98, 6, 85, 35, 112, 43, 100, 0, 103, 181, 88, 59, 4, 2, 116, 174, 94, 80, 106, 1, 147, 17, 141, 131, 72, 23, 173, 54, 197, 118, 87, 32, 79, 104, 91, 19, 135, 107, 178, 36, 11, 199, 142, 8, 122, 3, 28, 57, 153, 172, 190, 56, 49, 44, 97, 62, 151, 169, 194, 55, 192, 12, 189, 78, 66, 180, 15, 137, 109, 134, 92, 119, 126, 52, 170, 40, 148, 65, 144, 64, 138, 45, 77, 89, 154, 90, 71, 193, 74, 30, 113, 143, 96, 84, 67, 50, 186, 156, 69, 21, 18, 111, 108, 58, 125, 157, 150, 110, 182, 129, 166, 83, 81, 60, 13, 165, 14, 176, 63, 117, 5, 22, 145, 121, 38, 41, 82, 127, 114, 20, 31, 53, 37, 163, 196, 130, 152, 162, 86, 76, 24, 34, 184, 149, 33, 128, 198, 155, 146, 167, 139, 120, 140, 102, 47, 25, 158, 123, 46, 164, 61, 7, 115, 75, 133, 160, 105, 132, 179, 124, 48, 73, 93, 39, 95, 195, 29, 177, 185, 161]
2024-08-24 14:58:11,240 [trainer.py] => All params: 86988288
2024-08-24 14:58:11,241 [trainer.py] => Trainable params: 1189632
2024-08-24 14:58:14,961 [aper_adapter.py] => Learning on 0-10
2024-08-24 15:01:17,765 [trainer.py] => config: exps/aper_vpt-deep/objectnet_10_10_vit-b_vpt-deep.json
2024-08-24 15:01:17,765 [trainer.py] => prefix: exp
2024-08-24 15:01:17,765 [trainer.py] => dataset: objectnet
2024-08-24 15:01:17,765 [trainer.py] => memory_size: 2000
2024-08-24 15:01:17,765 [trainer.py] => memory_per_class: 20
2024-08-24 15:01:17,765 [trainer.py] => fixed_memory: False
2024-08-24 15:01:17,765 [trainer.py] => shuffle: True
2024-08-24 15:01:17,765 [trainer.py] => init_cls: 10
2024-08-24 15:01:17,765 [trainer.py] => increment: 10
2024-08-24 15:01:17,766 [trainer.py] => model_name: aper_adapter
2024-08-24 15:01:17,766 [trainer.py] => convnet_type: pretrained_vit_b16_224_in21k_adapter
2024-08-24 15:01:17,766 [trainer.py] => weight_decay: 0.0005
2024-08-24 15:01:17,766 [trainer.py] => prompt_token_num: 30
2024-08-24 15:01:17,766 [trainer.py] => ffn_num: 64
2024-08-24 15:01:17,766 [trainer.py] => optimizer: sgd
2024-08-24 15:01:17,766 [trainer.py] => min_lr: 0
2024-08-24 15:01:17,766 [trainer.py] => device: [device(type='cuda', index=0)]
2024-08-24 15:01:17,766 [trainer.py] => seed: 1993
2024-08-24 15:01:17,766 [trainer.py] => tuned_epoch: 20
2024-08-24 15:01:17,766 [trainer.py] => init_lr: 0.01
2024-08-24 15:01:17,766 [trainer.py] => batch_size: 48
2024-08-24 15:01:17,893 [data_manager.py] => [168, 136, 51, 9, 183, 101, 171, 99, 42, 159, 191, 70, 16, 188, 27, 10, 175, 26, 68, 187, 98, 6, 85, 35, 112, 43, 100, 0, 103, 181, 88, 59, 4, 2, 116, 174, 94, 80, 106, 1, 147, 17, 141, 131, 72, 23, 173, 54, 197, 118, 87, 32, 79, 104, 91, 19, 135, 107, 178, 36, 11, 199, 142, 8, 122, 3, 28, 57, 153, 172, 190, 56, 49, 44, 97, 62, 151, 169, 194, 55, 192, 12, 189, 78, 66, 180, 15, 137, 109, 134, 92, 119, 126, 52, 170, 40, 148, 65, 144, 64, 138, 45, 77, 89, 154, 90, 71, 193, 74, 30, 113, 143, 96, 84, 67, 50, 186, 156, 69, 21, 18, 111, 108, 58, 125, 157, 150, 110, 182, 129, 166, 83, 81, 60, 13, 165, 14, 176, 63, 117, 5, 22, 145, 121, 38, 41, 82, 127, 114, 20, 31, 53, 37, 163, 196, 130, 152, 162, 86, 76, 24, 34, 184, 149, 33, 128, 198, 155, 146, 167, 139, 120, 140, 102, 47, 25, 158, 123, 46, 164, 61, 7, 115, 75, 133, 160, 105, 132, 179, 124, 48, 73, 93, 39, 95, 195, 29, 177, 185, 161]
2024-08-24 15:01:21,581 [trainer.py] => All params: 86988288
2024-08-24 15:01:21,581 [trainer.py] => Trainable params: 1189632
2024-08-24 15:01:28,173 [aper_adapter.py] => Learning on 0-10
2024-08-24 15:16:27,793 [aper_adapter.py] => Task 0, Epoch 20/20 => Loss 1.044, Train_accy 77.51, Test_accy 88.21
2024-08-24 15:17:27,353 [trainer.py] => No NME accuracy.
2024-08-24 15:17:27,353 [trainer.py] => CNN: {'total': 85.61, '00-09': 85.61, 'old': 0, 'new': 85.61}
2024-08-24 15:17:27,353 [trainer.py] => CNN top1 curve: [85.61]
2024-08-24 15:17:27,353 [trainer.py] => CNN top5 curve: [99.06]

2024-08-24 15:17:27,353 [trainer.py] => Average Accuracy (CNN): 85.61
2024-08-24 15:17:27,355 [trainer.py] => All params: 172802305
2024-08-24 15:17:27,356 [trainer.py] => Trainable params: 87003649
2024-08-24 15:17:27,363 [aper_adapter.py] => Learning on 10-20
2024-08-24 15:20:01,057 [trainer.py] => No NME accuracy.
2024-08-24 15:20:01,057 [trainer.py] => CNN: {'total': 81.97, '00-09': 80.42, '10-19': 84.27, 'old': 80.42, 'new': 84.27}
2024-08-24 15:20:01,057 [trainer.py] => CNN top1 curve: [85.61, 81.97]
2024-08-24 15:20:01,057 [trainer.py] => CNN top5 curve: [99.06, 96.34]

2024-08-24 15:20:01,057 [trainer.py] => Average Accuracy (CNN): 83.78999999999999
2024-08-24 15:20:01,059 [trainer.py] => All params: 172817665
2024-08-24 15:20:01,060 [trainer.py] => Trainable params: 87019009
2024-08-24 15:20:01,065 [aper_adapter.py] => Learning on 20-30
2024-08-24 15:22:52,736 [trainer.py] => No NME accuracy.
2024-08-24 15:22:52,736 [trainer.py] => CNN: {'total': 79.46, '00-09': 77.12, '10-19': 83.57, '20-29': 78.88, 'old': 79.72, 'new': 78.88}
2024-08-24 15:22:52,736 [trainer.py] => CNN top1 curve: [85.61, 81.97, 79.46]
2024-08-24 15:22:52,737 [trainer.py] => CNN top5 curve: [99.06, 96.34, 94.19]

2024-08-24 15:22:52,737 [trainer.py] => Average Accuracy (CNN): 82.34666666666665
2024-08-24 15:22:52,738 [trainer.py] => All params: 172833025
2024-08-24 15:22:52,739 [trainer.py] => Trainable params: 87034369
2024-08-24 15:22:52,749 [aper_adapter.py] => Learning on 30-40
2024-08-24 15:25:40,806 [trainer.py] => No NME accuracy.
2024-08-24 15:25:40,807 [trainer.py] => CNN: {'total': 77.76, '00-09': 72.88, '10-19': 82.52, '20-29': 77.33, '30-39': 80.44, 'old': 76.94, 'new': 80.44}
2024-08-24 15:25:40,807 [trainer.py] => CNN top1 curve: [85.61, 81.97, 79.46, 77.76]
2024-08-24 15:25:40,807 [trainer.py] => CNN top5 curve: [99.06, 96.34, 94.19, 92.81]

2024-08-24 15:25:40,807 [trainer.py] => Average Accuracy (CNN): 81.19999999999999
2024-08-24 15:25:40,808 [trainer.py] => All params: 172848385
2024-08-24 15:25:40,810 [trainer.py] => Trainable params: 87049729
2024-08-24 15:25:40,818 [aper_adapter.py] => Learning on 40-50
2024-08-24 15:28:50,321 [trainer.py] => No NME accuracy.
2024-08-24 15:28:50,321 [trainer.py] => CNN: {'total': 75.0, '00-09': 69.81, '10-19': 80.77, '20-29': 75.78, '30-39': 77.92, '40-49': 73.09, 'old': 75.46, 'new': 73.09}
2024-08-24 15:28:50,321 [trainer.py] => CNN top1 curve: [85.61, 81.97, 79.46, 77.76, 75.0]
2024-08-24 15:28:50,321 [trainer.py] => CNN top5 curve: [99.06, 96.34, 94.19, 92.81, 91.71]

2024-08-24 15:28:50,321 [trainer.py] => Average Accuracy (CNN): 79.96
2024-08-24 15:28:50,324 [trainer.py] => All params: 172863745
2024-08-24 15:28:50,325 [trainer.py] => Trainable params: 87065089
2024-08-24 15:28:50,333 [aper_adapter.py] => Learning on 50-60
2024-08-24 15:32:09,114 [trainer.py] => No NME accuracy.
2024-08-24 15:32:09,115 [trainer.py] => CNN: {'total': 73.26, '00-09': 67.22, '10-19': 79.02, '20-29': 73.91, '30-39': 77.29, '40-49': 70.03, '50-59': 74.84, 'old': 72.97, 'new': 74.84}
2024-08-24 15:32:09,115 [trainer.py] => CNN top1 curve: [85.61, 81.97, 79.46, 77.76, 75.0, 73.26]
2024-08-24 15:32:09,115 [trainer.py] => CNN top5 curve: [99.06, 96.34, 94.19, 92.81, 91.71, 90.92]

2024-08-24 15:32:09,115 [trainer.py] => Average Accuracy (CNN): 78.84333333333332
2024-08-24 15:32:09,117 [trainer.py] => All params: 172879105
2024-08-24 15:32:09,118 [trainer.py] => Trainable params: 87080449
2024-08-24 15:32:09,129 [aper_adapter.py] => Learning on 60-70
2024-08-24 15:36:06,764 [trainer.py] => No NME accuracy.
2024-08-24 15:36:06,765 [trainer.py] => CNN: {'total': 71.65, '00-09': 66.98, '10-19': 76.22, '20-29': 73.6, '30-39': 72.87, '40-49': 69.42, '50-59': 73.86, '60-69': 70.88, 'old': 71.8, 'new': 70.88}
2024-08-24 15:36:06,766 [trainer.py] => CNN top1 curve: [85.61, 81.97, 79.46, 77.76, 75.0, 73.26, 71.65]
2024-08-24 15:36:06,766 [trainer.py] => CNN top5 curve: [99.06, 96.34, 94.19, 92.81, 91.71, 90.92, 89.98]

2024-08-24 15:36:06,767 [trainer.py] => Average Accuracy (CNN): 77.81571428571428
2024-08-24 15:36:06,770 [trainer.py] => All params: 172894465
2024-08-24 15:36:06,772 [trainer.py] => Trainable params: 87095809
2024-08-24 15:36:06,776 [aper_adapter.py] => Learning on 70-80
2024-08-24 15:41:11,036 [trainer.py] => No NME accuracy.
2024-08-24 15:41:11,036 [trainer.py] => CNN: {'total': 68.14, '00-09': 64.86, '10-19': 72.73, '20-29': 72.36, '30-39': 71.29, '40-49': 67.89, '50-59': 70.59, '60-69': 66.48, '70-79': 61.03, 'old': 69.14, 'new': 61.03}
2024-08-24 15:41:11,036 [trainer.py] => CNN top1 curve: [85.61, 81.97, 79.46, 77.76, 75.0, 73.26, 71.65, 68.14]
2024-08-24 15:41:11,036 [trainer.py] => CNN top5 curve: [99.06, 96.34, 94.19, 92.81, 91.71, 90.92, 89.98, 88.27]

2024-08-24 15:41:11,037 [trainer.py] => Average Accuracy (CNN): 76.60624999999999
2024-08-24 15:41:11,038 [trainer.py] => All params: 172909825
2024-08-24 15:41:11,040 [trainer.py] => Trainable params: 87111169
2024-08-24 15:41:11,046 [aper_adapter.py] => Learning on 80-90
2024-08-24 15:44:52,298 [trainer.py] => No NME accuracy.
2024-08-24 15:44:52,298 [trainer.py] => CNN: {'total': 66.58, '00-09': 62.97, '10-19': 71.68, '20-29': 71.74, '30-39': 70.66, '40-49': 66.67, '50-59': 69.93, '60-69': 64.84, '70-79': 58.01, '80-89': 64.71, 'old': 66.75, 'new': 64.71}
2024-08-24 15:44:52,298 [trainer.py] => CNN top1 curve: [85.61, 81.97, 79.46, 77.76, 75.0, 73.26, 71.65, 68.14, 66.58]
2024-08-24 15:44:52,298 [trainer.py] => CNN top5 curve: [99.06, 96.34, 94.19, 92.81, 91.71, 90.92, 89.98, 88.27, 87.38]

2024-08-24 15:44:52,298 [trainer.py] => Average Accuracy (CNN): 75.49222222222221
2024-08-24 15:44:52,300 [trainer.py] => All params: 172925185
2024-08-24 15:44:52,301 [trainer.py] => Trainable params: 87126529
2024-08-24 15:44:52,307 [aper_adapter.py] => Learning on 90-100
2024-08-24 15:48:32,163 [trainer.py] => No NME accuracy.
2024-08-24 15:48:32,163 [trainer.py] => CNN: {'total': 66.27, '00-09': 62.5, '10-19': 70.98, '20-29': 71.43, '30-39': 69.4, '40-49': 66.67, '50-59': 68.63, '60-69': 64.84, '70-79': 56.5, '80-89': 63.92, '90-99': 69.53, 'old': 65.89, 'new': 69.53}
2024-08-24 15:48:32,163 [trainer.py] => CNN top1 curve: [85.61, 81.97, 79.46, 77.76, 75.0, 73.26, 71.65, 68.14, 66.58, 66.27]
2024-08-24 15:48:32,163 [trainer.py] => CNN top5 curve: [99.06, 96.34, 94.19, 92.81, 91.71, 90.92, 89.98, 88.27, 87.38, 86.91]

2024-08-24 15:48:32,163 [trainer.py] => Average Accuracy (CNN): 74.57
2024-08-24 15:48:32,165 [trainer.py] => All params: 172940545
2024-08-24 15:48:32,166 [trainer.py] => Trainable params: 87141889
2024-08-24 15:48:32,173 [aper_adapter.py] => Learning on 100-110
2024-08-24 15:52:11,552 [trainer.py] => No NME accuracy.
2024-08-24 15:52:11,552 [trainer.py] => CNN: {'total': 65.01, '00-09': 60.38, '10-19': 69.58, '20-29': 70.81, '30-39': 67.82, '40-49': 66.36, '50-59': 66.34, '60-69': 62.91, '70-79': 55.29, '80-89': 62.75, '90-99': 69.23, '100-109': 65.57, 'old': 64.95, 'new': 65.57}
2024-08-24 15:52:11,553 [trainer.py] => CNN top1 curve: [85.61, 81.97, 79.46, 77.76, 75.0, 73.26, 71.65, 68.14, 66.58, 66.27, 65.01]
2024-08-24 15:52:11,553 [trainer.py] => CNN top5 curve: [99.06, 96.34, 94.19, 92.81, 91.71, 90.92, 89.98, 88.27, 87.38, 86.91, 85.31]

2024-08-24 15:52:11,553 [trainer.py] => Average Accuracy (CNN): 73.70090909090908
2024-08-24 15:52:11,555 [trainer.py] => All params: 172955905
2024-08-24 15:52:11,556 [trainer.py] => Trainable params: 87157249
2024-08-24 15:52:11,571 [aper_adapter.py] => Learning on 110-120
2024-08-24 15:56:20,434 [trainer.py] => No NME accuracy.
2024-08-24 15:56:20,434 [trainer.py] => CNN: {'total': 63.42, '00-09': 59.67, '10-19': 68.53, '20-29': 70.19, '30-39': 67.51, '40-49': 65.14, '50-59': 64.38, '60-69': 62.09, '70-79': 54.08, '80-89': 61.18, '90-99': 67.16, '100-109': 62.95, '110-119': 60.32, 'old': 63.75, 'new': 60.32}
2024-08-24 15:56:20,434 [trainer.py] => CNN top1 curve: [85.61, 81.97, 79.46, 77.76, 75.0, 73.26, 71.65, 68.14, 66.58, 66.27, 65.01, 63.42]
2024-08-24 15:56:20,435 [trainer.py] => CNN top5 curve: [99.06, 96.34, 94.19, 92.81, 91.71, 90.92, 89.98, 88.27, 87.38, 86.91, 85.31, 84.25]

2024-08-24 15:56:20,435 [trainer.py] => Average Accuracy (CNN): 72.84416666666665
2024-08-24 15:56:20,436 [trainer.py] => All params: 172971265
2024-08-24 15:56:20,438 [trainer.py] => Trainable params: 87172609
2024-08-24 15:56:20,452 [aper_adapter.py] => Learning on 120-130
2024-08-24 16:00:31,751 [trainer.py] => No NME accuracy.
2024-08-24 16:00:31,752 [trainer.py] => CNN: {'total': 62.21, '00-09': 58.96, '10-19': 66.78, '20-29': 69.57, '30-39': 66.56, '40-49': 64.83, '50-59': 63.73, '60-69': 60.71, '70-79': 52.57, '80-89': 60.39, '90-99': 65.98, '100-109': 61.97, '110-119': 59.79, '120-129': 59.06, 'old': 62.49, 'new': 59.06}
2024-08-24 16:00:31,753 [trainer.py] => CNN top1 curve: [85.61, 81.97, 79.46, 77.76, 75.0, 73.26, 71.65, 68.14, 66.58, 66.27, 65.01, 63.42, 62.21]
2024-08-24 16:00:31,753 [trainer.py] => CNN top5 curve: [99.06, 96.34, 94.19, 92.81, 91.71, 90.92, 89.98, 88.27, 87.38, 86.91, 85.31, 84.25, 83.5]

2024-08-24 16:00:31,754 [trainer.py] => Average Accuracy (CNN): 72.02615384615385
2024-08-24 16:00:31,756 [trainer.py] => All params: 172986625
2024-08-24 16:00:31,758 [trainer.py] => Trainable params: 87187969
2024-08-24 16:00:31,767 [aper_adapter.py] => Learning on 130-140
2024-08-24 16:04:38,583 [trainer.py] => No NME accuracy.
2024-08-24 16:04:38,583 [trainer.py] => CNN: {'total': 60.89, '00-09': 57.08, '10-19': 63.64, '20-29': 68.94, '30-39': 65.3, '40-49': 64.22, '50-59': 63.4, '60-69': 60.44, '70-79': 50.76, '80-89': 58.82, '90-99': 65.98, '100-109': 61.64, '110-119': 56.84, '120-129': 57.6, '130-139': 60.06, 'old': 60.96, 'new': 60.06}
2024-08-24 16:04:38,584 [trainer.py] => CNN top1 curve: [85.61, 81.97, 79.46, 77.76, 75.0, 73.26, 71.65, 68.14, 66.58, 66.27, 65.01, 63.42, 62.21, 60.89]
2024-08-24 16:04:38,584 [trainer.py] => CNN top5 curve: [99.06, 96.34, 94.19, 92.81, 91.71, 90.92, 89.98, 88.27, 87.38, 86.91, 85.31, 84.25, 83.5, 82.85]

2024-08-24 16:04:38,584 [trainer.py] => Average Accuracy (CNN): 71.23071428571428
2024-08-24 16:04:38,586 [trainer.py] => All params: 173001985
2024-08-24 16:04:38,587 [trainer.py] => Trainable params: 87203329
2024-08-24 16:04:38,593 [aper_adapter.py] => Learning on 140-150
2024-08-24 16:09:03,157 [trainer.py] => No NME accuracy.
2024-08-24 16:09:03,157 [trainer.py] => CNN: {'total': 59.73, '00-09': 57.08, '10-19': 62.94, '20-29': 68.94, '30-39': 64.67, '40-49': 63.61, '50-59': 63.4, '60-69': 59.89, '70-79': 48.64, '80-89': 58.43, '90-99': 65.09, '100-109': 61.31, '110-119': 56.3, '120-129': 57.31, '130-139': 59.13, '140-149': 52.28, 'old': 60.33, 'new': 52.28}
2024-08-24 16:09:03,157 [trainer.py] => CNN top1 curve: [85.61, 81.97, 79.46, 77.76, 75.0, 73.26, 71.65, 68.14, 66.58, 66.27, 65.01, 63.42, 62.21, 60.89, 59.73]
2024-08-24 16:09:03,157 [trainer.py] => CNN top5 curve: [99.06, 96.34, 94.19, 92.81, 91.71, 90.92, 89.98, 88.27, 87.38, 86.91, 85.31, 84.25, 83.5, 82.85, 81.71]

2024-08-24 16:09:03,157 [trainer.py] => Average Accuracy (CNN): 70.46399999999998
2024-08-24 16:09:03,159 [trainer.py] => All params: 173017345
2024-08-24 16:09:03,160 [trainer.py] => Trainable params: 87218689
2024-08-24 16:09:03,175 [aper_adapter.py] => Learning on 150-160
2024-08-24 16:13:41,016 [trainer.py] => No NME accuracy.
2024-08-24 16:13:41,016 [trainer.py] => CNN: {'total': 58.99, '00-09': 57.08, '10-19': 62.59, '20-29': 68.94, '30-39': 64.04, '40-49': 63.61, '50-59': 62.09, '60-69': 59.89, '70-79': 48.04, '80-89': 57.25, '90-99': 64.5, '100-109': 60.0, '110-119': 55.23, '120-129': 56.73, '130-139': 58.82, '140-149': 51.74, '150-159': 56.35, 'old': 59.19, 'new': 56.35}
2024-08-24 16:13:41,016 [trainer.py] => CNN top1 curve: [85.61, 81.97, 79.46, 77.76, 75.0, 73.26, 71.65, 68.14, 66.58, 66.27, 65.01, 63.42, 62.21, 60.89, 59.73, 58.99]
2024-08-24 16:13:41,016 [trainer.py] => CNN top5 curve: [99.06, 96.34, 94.19, 92.81, 91.71, 90.92, 89.98, 88.27, 87.38, 86.91, 85.31, 84.25, 83.5, 82.85, 81.71, 81.0]

2024-08-24 16:13:41,016 [trainer.py] => Average Accuracy (CNN): 69.74687499999999
2024-08-24 16:13:41,018 [trainer.py] => All params: 173032705
2024-08-24 16:13:41,019 [trainer.py] => Trainable params: 87234049
2024-08-24 16:13:41,035 [aper_adapter.py] => Learning on 160-170
2024-08-24 16:18:31,167 [trainer.py] => No NME accuracy.
2024-08-24 16:18:31,167 [trainer.py] => CNN: {'total': 58.34, '00-09': 56.6, '10-19': 62.24, '20-29': 67.7, '30-39': 63.72, '40-49': 63.3, '50-59': 61.44, '60-69': 59.89, '70-79': 48.04, '80-89': 56.86, '90-99': 63.91, '100-109': 59.67, '110-119': 54.16, '120-129': 55.85, '130-139': 58.82, '140-149': 50.67, '150-159': 56.08, '160-169': 55.93, 'old': 58.49, 'new': 55.93}
2024-08-24 16:18:31,168 [trainer.py] => CNN top1 curve: [85.61, 81.97, 79.46, 77.76, 75.0, 73.26, 71.65, 68.14, 66.58, 66.27, 65.01, 63.42, 62.21, 60.89, 59.73, 58.99, 58.34]
2024-08-24 16:18:31,168 [trainer.py] => CNN top5 curve: [99.06, 96.34, 94.19, 92.81, 91.71, 90.92, 89.98, 88.27, 87.38, 86.91, 85.31, 84.25, 83.5, 82.85, 81.71, 81.0, 80.25]

2024-08-24 16:18:31,168 [trainer.py] => Average Accuracy (CNN): 69.07588235294116
2024-08-24 16:18:31,169 [trainer.py] => All params: 173048065
2024-08-24 16:18:31,170 [trainer.py] => Trainable params: 87249409
2024-08-24 16:18:31,182 [aper_adapter.py] => Learning on 170-180
2024-08-24 16:24:03,505 [trainer.py] => No NME accuracy.
2024-08-24 16:24:03,505 [trainer.py] => CNN: {'total': 57.27, '00-09': 56.6, '10-19': 62.24, '20-29': 66.77, '30-39': 62.78, '40-49': 63.0, '50-59': 59.15, '60-69': 59.89, '70-79': 47.73, '80-89': 56.08, '90-99': 63.02, '100-109': 59.34, '110-119': 54.16, '120-129': 55.26, '130-139': 58.82, '140-149': 50.13, '150-159': 55.8, '160-169': 54.1, '170-179': 47.67, 'old': 57.78, 'new': 47.67}
2024-08-24 16:24:03,505 [trainer.py] => CNN top1 curve: [85.61, 81.97, 79.46, 77.76, 75.0, 73.26, 71.65, 68.14, 66.58, 66.27, 65.01, 63.42, 62.21, 60.89, 59.73, 58.99, 58.34, 57.27]
2024-08-24 16:24:03,505 [trainer.py] => CNN top5 curve: [99.06, 96.34, 94.19, 92.81, 91.71, 90.92, 89.98, 88.27, 87.38, 86.91, 85.31, 84.25, 83.5, 82.85, 81.71, 81.0, 80.25, 79.34]

2024-08-24 16:24:03,505 [trainer.py] => Average Accuracy (CNN): 68.41999999999999
2024-08-24 16:24:03,507 [trainer.py] => All params: 173063425
2024-08-24 16:24:03,508 [trainer.py] => Trainable params: 87264769
2024-08-24 16:24:03,525 [aper_adapter.py] => Learning on 180-190
2024-08-24 16:29:27,261 [trainer.py] => No NME accuracy.
2024-08-24 16:29:27,261 [trainer.py] => CNN: {'total': 56.83, '00-09': 55.66, '10-19': 62.24, '20-29': 66.46, '30-39': 62.46, '40-49': 62.39, '50-59': 58.82, '60-69': 59.62, '70-79': 46.83, '80-89': 56.08, '90-99': 62.13, '100-109': 58.36, '110-119': 52.28, '120-129': 54.39, '130-139': 57.89, '140-149': 48.26, '150-159': 54.7, '160-169': 54.1, '170-179': 47.0, '180-189': 63.41, 'old': 56.52, 'new': 63.41}
2024-08-24 16:29:27,261 [trainer.py] => CNN top1 curve: [85.61, 81.97, 79.46, 77.76, 75.0, 73.26, 71.65, 68.14, 66.58, 66.27, 65.01, 63.42, 62.21, 60.89, 59.73, 58.99, 58.34, 57.27, 56.83]
2024-08-24 16:29:27,261 [trainer.py] => CNN top5 curve: [99.06, 96.34, 94.19, 92.81, 91.71, 90.92, 89.98, 88.27, 87.38, 86.91, 85.31, 84.25, 83.5, 82.85, 81.71, 81.0, 80.25, 79.34, 78.77]

2024-08-24 16:29:27,261 [trainer.py] => Average Accuracy (CNN): 67.80999999999999
2024-08-24 16:29:27,263 [trainer.py] => All params: 173078785
2024-08-24 16:29:27,265 [trainer.py] => Trainable params: 87280129
2024-08-24 16:29:27,273 [aper_adapter.py] => Learning on 190-200
2024-08-24 16:34:19,963 [trainer.py] => No NME accuracy.
2024-08-24 16:34:19,963 [trainer.py] => CNN: {'total': 55.25, '00-09': 55.42, '10-19': 62.24, '20-29': 63.98, '30-39': 62.46, '40-49': 62.08, '50-59': 58.17, '60-69': 59.62, '70-79': 46.83, '80-89': 55.69, '90-99': 61.83, '100-109': 57.38, '110-119': 51.74, '120-129': 54.39, '130-139': 57.89, '140-149': 48.26, '150-159': 53.31, '160-169': 51.67, '170-179': 45.0, '180-189': 61.67, '190-199': 39.84, 'old': 56.15, 'new': 39.84}
2024-08-24 16:34:19,963 [trainer.py] => CNN top1 curve: [85.61, 81.97, 79.46, 77.76, 75.0, 73.26, 71.65, 68.14, 66.58, 66.27, 65.01, 63.42, 62.21, 60.89, 59.73, 58.99, 58.34, 57.27, 56.83, 55.25]
2024-08-24 16:34:19,963 [trainer.py] => CNN top5 curve: [99.06, 96.34, 94.19, 92.81, 91.71, 90.92, 89.98, 88.27, 87.38, 86.91, 85.31, 84.25, 83.5, 82.85, 81.71, 81.0, 80.25, 79.34, 78.77, 77.73]

2024-08-24 16:34:19,963 [trainer.py] => Average Accuracy (CNN): 67.18199999999999
