2024-08-24 18:10:11,155 [trainer.py] => config: exps/aper_vpt-shallow/cub_10_10_vit-b_vpt-shallow.json
2024-08-24 18:10:11,155 [trainer.py] => prefix: exp_vpt-shallow
2024-08-24 18:10:11,155 [trainer.py] => dataset: cub
2024-08-24 18:10:11,155 [trainer.py] => memory_size: 2000
2024-08-24 18:10:11,155 [trainer.py] => memory_per_class: 20
2024-08-24 18:10:11,155 [trainer.py] => fixed_memory: False
2024-08-24 18:10:11,155 [trainer.py] => shuffle: True
2024-08-24 18:10:11,155 [trainer.py] => init_cls: 10
2024-08-24 18:10:11,155 [trainer.py] => increment: 10
2024-08-24 18:10:11,155 [trainer.py] => model_name: aper_vpt
2024-08-24 18:10:11,155 [trainer.py] => convnet_type: pretrained_vit_b16_224_in21k_vpt
2024-08-24 18:10:11,155 [trainer.py] => weight_decay: 0.0005
2024-08-24 18:10:11,155 [trainer.py] => vpt_type: shallow
2024-08-24 18:10:11,155 [trainer.py] => prompt_token_num: 5
2024-08-24 18:10:11,155 [trainer.py] => optimizer: sgd
2024-08-24 18:10:11,155 [trainer.py] => min_lr: 0
2024-08-24 18:10:11,155 [trainer.py] => device: [device(type='cuda', index=0)]
2024-08-24 18:10:11,156 [trainer.py] => seed: 1993
2024-08-24 18:10:11,156 [trainer.py] => tuned_epoch: 20
2024-08-24 18:10:11,156 [trainer.py] => init_lr: 0.01
2024-08-24 18:10:11,156 [trainer.py] => batch_size: 48
2024-08-24 18:10:11,203 [data_manager.py] => [168, 136, 51, 9, 183, 101, 171, 99, 42, 159, 191, 70, 16, 188, 27, 10, 175, 26, 68, 187, 98, 6, 85, 35, 112, 43, 100, 0, 103, 181, 88, 59, 4, 2, 116, 174, 94, 80, 106, 1, 147, 17, 141, 131, 72, 23, 173, 54, 197, 118, 87, 32, 79, 104, 91, 19, 135, 107, 178, 36, 11, 199, 142, 8, 122, 3, 28, 57, 153, 172, 190, 56, 49, 44, 97, 62, 151, 169, 194, 55, 192, 12, 189, 78, 66, 180, 15, 137, 109, 134, 92, 119, 126, 52, 170, 40, 148, 65, 144, 64, 138, 45, 77, 89, 154, 90, 71, 193, 74, 30, 113, 143, 96, 84, 67, 50, 186, 156, 69, 21, 18, 111, 108, 58, 125, 157, 150, 110, 182, 129, 166, 83, 81, 60, 13, 165, 14, 176, 63, 117, 5, 22, 145, 121, 38, 41, 82, 127, 114, 20, 31, 53, 37, 163, 196, 130, 152, 162, 86, 76, 24, 34, 184, 149, 33, 128, 198, 155, 146, 167, 139, 120, 140, 102, 47, 25, 158, 123, 46, 164, 61, 7, 115, 75, 133, 160, 105, 132, 179, 124, 48, 73, 93, 39, 95, 195, 29, 177, 185, 161]
2024-08-24 18:10:15,667 [trainer.py] => All params: 85802496
2024-08-24 18:10:15,668 [trainer.py] => Trainable params: 3840
2024-08-24 18:10:21,042 [aper_vpt.py] => Learning on 0-10
2024-08-24 18:12:05,339 [aper_vpt.py] => Task 0, Epoch 20/20 => Loss 1.482, Train_accy 91.86, Test_accy 95.76
2024-08-24 18:12:17,601 [trainer.py] => No NME accuracy.
2024-08-24 18:12:17,602 [trainer.py] => CNN: {'total': 100.0, '00-09': 100.0, 'old': 0, 'new': 100.0}
2024-08-24 18:12:17,602 [trainer.py] => CNN top1 curve: [100.0]
2024-08-24 18:12:17,602 [trainer.py] => CNN top5 curve: [100.0]

2024-08-24 18:12:17,602 [trainer.py] => Average Accuracy (CNN): 100.0
2024-08-24 18:12:17,603 [trainer.py] => All params: 171616513
2024-08-24 18:12:17,604 [trainer.py] => Trainable params: 85817857
2024-08-24 18:12:17,610 [aper_vpt.py] => Learning on 10-20
2024-08-24 18:12:24,624 [trainer.py] => No NME accuracy.
2024-08-24 18:12:24,624 [trainer.py] => CNN: {'total': 98.38, '00-09': 99.15, '10-19': 97.67, 'old': 99.15, 'new': 97.67}
2024-08-24 18:12:24,625 [trainer.py] => CNN top1 curve: [100.0, 98.38]
2024-08-24 18:12:24,625 [trainer.py] => CNN top5 curve: [100.0, 100.0]

2024-08-24 18:12:24,625 [trainer.py] => Average Accuracy (CNN): 99.19
2024-08-24 18:12:24,626 [trainer.py] => All params: 171631873
2024-08-24 18:12:24,627 [trainer.py] => Trainable params: 85833217
2024-08-24 18:12:24,633 [aper_vpt.py] => Learning on 20-30
2024-08-24 18:12:32,388 [trainer.py] => No NME accuracy.
2024-08-24 18:12:32,388 [trainer.py] => CNN: {'total': 98.26, '00-09': 99.15, '10-19': 97.67, '20-29': 97.94, 'old': 98.38, 'new': 97.94}
2024-08-24 18:12:32,388 [trainer.py] => CNN top1 curve: [100.0, 98.38, 98.26]
2024-08-24 18:12:32,389 [trainer.py] => CNN top5 curve: [100.0, 100.0, 99.71]

2024-08-24 18:12:32,389 [trainer.py] => Average Accuracy (CNN): 98.88
2024-08-24 18:12:32,390 [trainer.py] => All params: 171647233
2024-08-24 18:12:32,391 [trainer.py] => Trainable params: 85848577
2024-08-24 18:12:32,397 [aper_vpt.py] => Learning on 30-40
2024-08-24 18:12:38,876 [trainer.py] => No NME accuracy.
2024-08-24 18:12:38,876 [trainer.py] => CNN: {'total': 97.8, '00-09': 99.15, '10-19': 96.9, '20-29': 97.94, '30-39': 97.27, 'old': 97.97, 'new': 97.27}
2024-08-24 18:12:38,876 [trainer.py] => CNN top1 curve: [100.0, 98.38, 98.26, 97.8]
2024-08-24 18:12:38,876 [trainer.py] => CNN top5 curve: [100.0, 100.0, 99.71, 99.78]

2024-08-24 18:12:38,876 [trainer.py] => Average Accuracy (CNN): 98.61
2024-08-24 18:12:38,878 [trainer.py] => All params: 171662593
2024-08-24 18:12:38,879 [trainer.py] => Trainable params: 85863937
2024-08-24 18:12:38,881 [aper_vpt.py] => Learning on 40-50
2024-08-24 18:12:47,599 [trainer.py] => No NME accuracy.
2024-08-24 18:12:47,599 [trainer.py] => CNN: {'total': 97.33, '00-09': 98.31, '10-19': 96.9, '20-29': 97.94, '30-39': 95.45, '40-49': 98.13, 'old': 97.14, 'new': 98.13}
2024-08-24 18:12:47,599 [trainer.py] => CNN top1 curve: [100.0, 98.38, 98.26, 97.8, 97.33]
2024-08-24 18:12:47,599 [trainer.py] => CNN top5 curve: [100.0, 100.0, 99.71, 99.78, 99.64]

2024-08-24 18:12:47,599 [trainer.py] => Average Accuracy (CNN): 98.354
2024-08-24 18:12:47,601 [trainer.py] => All params: 171677953
2024-08-24 18:12:47,602 [trainer.py] => Trainable params: 85879297
2024-08-24 18:12:47,608 [aper_vpt.py] => Learning on 50-60
2024-08-24 18:12:56,951 [trainer.py] => No NME accuracy.
2024-08-24 18:12:56,952 [trainer.py] => CNN: {'total': 94.49, '00-09': 91.53, '10-19': 96.9, '20-29': 97.94, '30-39': 95.45, '40-49': 97.2, '50-59': 88.29, 'old': 95.72, 'new': 88.29}
2024-08-24 18:12:56,952 [trainer.py] => CNN top1 curve: [100.0, 98.38, 98.26, 97.8, 97.33, 94.49]
2024-08-24 18:12:56,952 [trainer.py] => CNN top5 curve: [100.0, 100.0, 99.71, 99.78, 99.64, 99.26]

2024-08-24 18:12:56,952 [trainer.py] => Average Accuracy (CNN): 97.71
2024-08-24 18:12:56,953 [trainer.py] => All params: 171693313
2024-08-24 18:12:56,954 [trainer.py] => Trainable params: 85894657
2024-08-24 18:12:56,959 [aper_vpt.py] => Learning on 60-70
2024-08-24 18:13:05,603 [trainer.py] => No NME accuracy.
2024-08-24 18:13:05,603 [trainer.py] => CNN: {'total': 92.42, '00-09': 90.68, '10-19': 93.02, '20-29': 97.94, '30-39': 94.55, '40-49': 96.26, '50-59': 86.49, '60-69': 88.68, 'old': 93.01, 'new': 88.68}
2024-08-24 18:13:05,603 [trainer.py] => CNN top1 curve: [100.0, 98.38, 98.26, 97.8, 97.33, 94.49, 92.42]
2024-08-24 18:13:05,603 [trainer.py] => CNN top5 curve: [100.0, 100.0, 99.71, 99.78, 99.64, 99.26, 99.23]

2024-08-24 18:13:05,603 [trainer.py] => Average Accuracy (CNN): 96.9542857142857
2024-08-24 18:13:05,604 [trainer.py] => All params: 171708673
2024-08-24 18:13:05,606 [trainer.py] => Trainable params: 85910017
2024-08-24 18:13:05,612 [aper_vpt.py] => Learning on 70-80
2024-08-24 18:13:15,363 [trainer.py] => No NME accuracy.
2024-08-24 18:13:15,363 [trainer.py] => CNN: {'total': 93.04, '00-09': 90.68, '10-19': 93.02, '20-29': 97.94, '30-39': 94.55, '40-49': 96.26, '50-59': 86.49, '60-69': 88.68, '70-79': 96.45, 'old': 92.42, 'new': 96.45}
2024-08-24 18:13:15,364 [trainer.py] => CNN top1 curve: [100.0, 98.38, 98.26, 97.8, 97.33, 94.49, 92.42, 93.04]
2024-08-24 18:13:15,364 [trainer.py] => CNN top5 curve: [100.0, 100.0, 99.71, 99.78, 99.64, 99.26, 99.23, 99.02]

2024-08-24 18:13:15,364 [trainer.py] => Average Accuracy (CNN): 96.46499999999999
2024-08-24 18:13:15,365 [trainer.py] => All params: 171724033
2024-08-24 18:13:15,366 [trainer.py] => Trainable params: 85925377
2024-08-24 18:13:15,372 [aper_vpt.py] => Learning on 80-90
2024-08-24 18:13:27,052 [trainer.py] => No NME accuracy.
2024-08-24 18:13:27,052 [trainer.py] => CNN: {'total': 92.97, '00-09': 90.68, '10-19': 91.47, '20-29': 97.94, '30-39': 94.55, '40-49': 96.26, '50-59': 85.59, '60-69': 88.68, '70-79': 96.45, '80-89': 94.74, 'old': 92.71, 'new': 94.74}
2024-08-24 18:13:27,052 [trainer.py] => CNN top1 curve: [100.0, 98.38, 98.26, 97.8, 97.33, 94.49, 92.42, 93.04, 92.97]
2024-08-24 18:13:27,052 [trainer.py] => CNN top5 curve: [100.0, 100.0, 99.71, 99.78, 99.64, 99.26, 99.23, 99.02, 99.14]

2024-08-24 18:13:27,052 [trainer.py] => Average Accuracy (CNN): 96.07666666666665
2024-08-24 18:13:27,054 [trainer.py] => All params: 171739393
2024-08-24 18:13:27,055 [trainer.py] => Trainable params: 85940737
2024-08-24 18:13:27,061 [aper_vpt.py] => Learning on 90-100
2024-08-24 18:13:37,744 [trainer.py] => No NME accuracy.
2024-08-24 18:13:37,744 [trainer.py] => CNN: {'total': 91.92, '00-09': 90.68, '10-19': 91.47, '20-29': 97.94, '30-39': 90.91, '40-49': 96.26, '50-59': 85.59, '60-69': 87.74, '70-79': 96.45, '80-89': 94.74, '90-99': 87.5, 'old': 92.49, 'new': 87.5}
2024-08-24 18:13:37,744 [trainer.py] => CNN top1 curve: [100.0, 98.38, 98.26, 97.8, 97.33, 94.49, 92.42, 93.04, 92.97, 91.92]
2024-08-24 18:13:37,744 [trainer.py] => CNN top5 curve: [100.0, 100.0, 99.71, 99.78, 99.64, 99.26, 99.23, 99.02, 99.14, 99.07]

2024-08-24 18:13:37,744 [trainer.py] => Average Accuracy (CNN): 95.66099999999999
2024-08-24 18:13:37,746 [trainer.py] => All params: 171754753
2024-08-24 18:13:37,747 [trainer.py] => Trainable params: 85956097
2024-08-24 18:13:37,754 [aper_vpt.py] => Learning on 100-110
2024-08-24 18:13:49,516 [trainer.py] => No NME accuracy.
2024-08-24 18:13:49,516 [trainer.py] => CNN: {'total': 91.71, '00-09': 90.68, '10-19': 89.92, '20-29': 97.94, '30-39': 90.91, '40-49': 96.26, '50-59': 85.59, '60-69': 86.79, '70-79': 96.45, '80-89': 94.74, '90-99': 87.5, '100-109': 92.17, 'old': 91.67, 'new': 92.17}
2024-08-24 18:13:49,517 [trainer.py] => CNN top1 curve: [100.0, 98.38, 98.26, 97.8, 97.33, 94.49, 92.42, 93.04, 92.97, 91.92, 91.71]
2024-08-24 18:13:49,517 [trainer.py] => CNN top5 curve: [100.0, 100.0, 99.71, 99.78, 99.64, 99.26, 99.23, 99.02, 99.14, 99.07, 99.0]

2024-08-24 18:13:49,517 [trainer.py] => Average Accuracy (CNN): 95.30181818181818
2024-08-24 18:13:49,518 [trainer.py] => All params: 171770113
2024-08-24 18:13:49,519 [trainer.py] => Trainable params: 85971457
2024-08-24 18:13:49,526 [aper_vpt.py] => Learning on 110-120
2024-08-24 18:14:03,184 [trainer.py] => No NME accuracy.
2024-08-24 18:14:03,185 [trainer.py] => CNN: {'total': 89.97, '00-09': 90.68, '10-19': 89.92, '20-29': 97.94, '30-39': 90.91, '40-49': 96.26, '50-59': 85.59, '60-69': 84.91, '70-79': 90.07, '80-89': 93.98, '90-99': 86.03, '100-109': 92.17, '110-119': 82.3, 'old': 90.64, 'new': 82.3}
2024-08-24 18:14:03,185 [trainer.py] => CNN top1 curve: [100.0, 98.38, 98.26, 97.8, 97.33, 94.49, 92.42, 93.04, 92.97, 91.92, 91.71, 89.97]
2024-08-24 18:14:03,185 [trainer.py] => CNN top5 curve: [100.0, 100.0, 99.71, 99.78, 99.64, 99.26, 99.23, 99.02, 99.14, 99.07, 99.0, 98.87]

2024-08-24 18:14:03,185 [trainer.py] => Average Accuracy (CNN): 94.8575
2024-08-24 18:14:03,187 [trainer.py] => All params: 171785473
2024-08-24 18:14:03,188 [trainer.py] => Trainable params: 85986817
2024-08-24 18:14:03,194 [aper_vpt.py] => Learning on 120-130
2024-08-24 18:14:13,116 [trainer.py] => No NME accuracy.
2024-08-24 18:14:13,116 [trainer.py] => CNN: {'total': 89.03, '00-09': 88.98, '10-19': 89.92, '20-29': 97.94, '30-39': 89.09, '40-49': 92.52, '50-59': 85.59, '60-69': 83.96, '70-79': 90.07, '80-89': 93.98, '90-99': 85.29, '100-109': 92.17, '110-119': 82.3, '120-129': 85.98, 'old': 89.27, 'new': 85.98}
2024-08-24 18:14:13,116 [trainer.py] => CNN top1 curve: [100.0, 98.38, 98.26, 97.8, 97.33, 94.49, 92.42, 93.04, 92.97, 91.92, 91.71, 89.97, 89.03]
2024-08-24 18:14:13,116 [trainer.py] => CNN top5 curve: [100.0, 100.0, 99.71, 99.78, 99.64, 99.26, 99.23, 99.02, 99.14, 99.07, 99.0, 98.87, 98.88]

2024-08-24 18:14:13,116 [trainer.py] => Average Accuracy (CNN): 94.40923076923076
2024-08-24 18:14:13,118 [trainer.py] => All params: 171800833
2024-08-24 18:14:13,119 [trainer.py] => Trainable params: 86002177
2024-08-24 18:14:13,122 [aper_vpt.py] => Learning on 130-140
2024-08-24 18:14:21,650 [trainer.py] => No NME accuracy.
2024-08-24 18:14:21,650 [trainer.py] => CNN: {'total': 88.67, '00-09': 88.98, '10-19': 89.92, '20-29': 97.94, '30-39': 89.09, '40-49': 92.52, '50-59': 85.59, '60-69': 83.96, '70-79': 90.07, '80-89': 93.98, '90-99': 85.29, '100-109': 92.17, '110-119': 82.3, '120-129': 81.31, '130-139': 88.14, 'old': 88.71, 'new': 88.14}
2024-08-24 18:14:21,650 [trainer.py] => CNN top1 curve: [100.0, 98.38, 98.26, 97.8, 97.33, 94.49, 92.42, 93.04, 92.97, 91.92, 91.71, 89.97, 89.03, 88.67]
2024-08-24 18:14:21,650 [trainer.py] => CNN top5 curve: [100.0, 100.0, 99.71, 99.78, 99.64, 99.26, 99.23, 99.02, 99.14, 99.07, 99.0, 98.87, 98.88, 98.72]

2024-08-24 18:14:21,651 [trainer.py] => Average Accuracy (CNN): 93.99928571428572
2024-08-24 18:14:21,652 [trainer.py] => All params: 171816193
2024-08-24 18:14:21,653 [trainer.py] => Trainable params: 86017537
2024-08-24 18:14:21,656 [aper_vpt.py] => Learning on 140-150
2024-08-24 18:14:30,518 [trainer.py] => No NME accuracy.
2024-08-24 18:14:30,518 [trainer.py] => CNN: {'total': 88.17, '00-09': 88.14, '10-19': 89.92, '20-29': 97.94, '30-39': 86.36, '40-49': 92.52, '50-59': 85.59, '60-69': 83.96, '70-79': 90.07, '80-89': 93.98, '90-99': 85.29, '100-109': 92.17, '110-119': 81.42, '120-129': 81.31, '130-139': 88.14, '140-149': 85.71, 'old': 88.36, 'new': 85.71}
2024-08-24 18:14:30,518 [trainer.py] => CNN top1 curve: [100.0, 98.38, 98.26, 97.8, 97.33, 94.49, 92.42, 93.04, 92.97, 91.92, 91.71, 89.97, 89.03, 88.67, 88.17]
2024-08-24 18:14:30,518 [trainer.py] => CNN top5 curve: [100.0, 100.0, 99.71, 99.78, 99.64, 99.26, 99.23, 99.02, 99.14, 99.07, 99.0, 98.87, 98.88, 98.72, 98.7]

2024-08-24 18:14:30,519 [trainer.py] => Average Accuracy (CNN): 93.61066666666667
2024-08-24 18:14:30,520 [trainer.py] => All params: 171831553
2024-08-24 18:14:30,521 [trainer.py] => Trainable params: 86032897
2024-08-24 18:14:30,524 [aper_vpt.py] => Learning on 150-160
2024-08-24 18:14:39,664 [trainer.py] => No NME accuracy.
2024-08-24 18:14:39,664 [trainer.py] => CNN: {'total': 88.31, '00-09': 87.29, '10-19': 89.92, '20-29': 97.94, '30-39': 86.36, '40-49': 92.52, '50-59': 85.59, '60-69': 83.96, '70-79': 89.36, '80-89': 93.98, '90-99': 85.29, '100-109': 88.7, '110-119': 81.42, '120-129': 81.31, '130-139': 88.14, '140-149': 85.71, '150-159': 95.16, 'old': 87.83, 'new': 95.16}
2024-08-24 18:14:39,665 [trainer.py] => CNN top1 curve: [100.0, 98.38, 98.26, 97.8, 97.33, 94.49, 92.42, 93.04, 92.97, 91.92, 91.71, 89.97, 89.03, 88.67, 88.17, 88.31]
2024-08-24 18:14:39,665 [trainer.py] => CNN top5 curve: [100.0, 100.0, 99.71, 99.78, 99.64, 99.26, 99.23, 99.02, 99.14, 99.07, 99.0, 98.87, 98.88, 98.72, 98.7, 98.68]

2024-08-24 18:14:39,665 [trainer.py] => Average Accuracy (CNN): 93.279375
2024-08-24 18:14:39,666 [trainer.py] => All params: 171846913
2024-08-24 18:14:39,667 [trainer.py] => Trainable params: 86048257
2024-08-24 18:14:39,671 [aper_vpt.py] => Learning on 160-170
2024-08-24 18:14:49,241 [trainer.py] => No NME accuracy.
2024-08-24 18:14:49,241 [trainer.py] => CNN: {'total': 87.7, '00-09': 87.29, '10-19': 89.92, '20-29': 96.91, '30-39': 86.36, '40-49': 88.79, '50-59': 85.59, '60-69': 83.02, '70-79': 89.36, '80-89': 93.98, '90-99': 84.56, '100-109': 88.7, '110-119': 81.42, '120-129': 81.31, '130-139': 87.29, '140-149': 84.13, '150-159': 95.16, '160-169': 86.57, 'old': 87.78, 'new': 86.57}
2024-08-24 18:14:49,241 [trainer.py] => CNN top1 curve: [100.0, 98.38, 98.26, 97.8, 97.33, 94.49, 92.42, 93.04, 92.97, 91.92, 91.71, 89.97, 89.03, 88.67, 88.17, 88.31, 87.7]
2024-08-24 18:14:49,241 [trainer.py] => CNN top5 curve: [100.0, 100.0, 99.71, 99.78, 99.64, 99.26, 99.23, 99.02, 99.14, 99.07, 99.0, 98.87, 98.88, 98.72, 98.7, 98.68, 98.57]

2024-08-24 18:14:49,241 [trainer.py] => Average Accuracy (CNN): 92.95117647058824
2024-08-24 18:14:49,243 [trainer.py] => All params: 171862273
2024-08-24 18:14:49,244 [trainer.py] => Trainable params: 86063617
2024-08-24 18:14:49,247 [aper_vpt.py] => Learning on 170-180
2024-08-24 18:14:59,197 [trainer.py] => No NME accuracy.
2024-08-24 18:14:59,197 [trainer.py] => CNN: {'total': 87.69, '00-09': 86.44, '10-19': 88.37, '20-29': 96.91, '30-39': 86.36, '40-49': 88.79, '50-59': 85.59, '60-69': 83.02, '70-79': 89.36, '80-89': 93.98, '90-99': 84.56, '100-109': 88.7, '110-119': 81.42, '120-129': 80.37, '130-139': 87.29, '140-149': 84.13, '150-159': 93.55, '160-169': 86.57, '170-179': 93.2, 'old': 87.41, 'new': 93.2}
2024-08-24 18:14:59,197 [trainer.py] => CNN top1 curve: [100.0, 98.38, 98.26, 97.8, 97.33, 94.49, 92.42, 93.04, 92.97, 91.92, 91.71, 89.97, 89.03, 88.67, 88.17, 88.31, 87.7, 87.69]
2024-08-24 18:14:59,197 [trainer.py] => CNN top5 curve: [100.0, 100.0, 99.71, 99.78, 99.64, 99.26, 99.23, 99.02, 99.14, 99.07, 99.0, 98.87, 98.88, 98.72, 98.7, 98.68, 98.57, 98.45]

2024-08-24 18:14:59,197 [trainer.py] => Average Accuracy (CNN): 92.6588888888889
2024-08-24 18:14:59,198 [trainer.py] => All params: 171877633
2024-08-24 18:14:59,200 [trainer.py] => Trainable params: 86078977
2024-08-24 18:14:59,203 [aper_vpt.py] => Learning on 180-190
2024-08-24 18:15:09,360 [trainer.py] => No NME accuracy.
2024-08-24 18:15:09,360 [trainer.py] => CNN: {'total': 87.21, '00-09': 86.44, '10-19': 88.37, '20-29': 94.85, '30-39': 85.45, '40-49': 87.85, '50-59': 85.59, '60-69': 83.02, '70-79': 89.36, '80-89': 93.98, '90-99': 84.56, '100-109': 88.7, '110-119': 81.42, '120-129': 78.5, '130-139': 87.29, '140-149': 83.33, '150-159': 93.55, '160-169': 86.57, '170-179': 93.2, '180-189': 84.85, 'old': 87.36, 'new': 84.85}
2024-08-24 18:15:09,361 [trainer.py] => CNN top1 curve: [100.0, 98.38, 98.26, 97.8, 97.33, 94.49, 92.42, 93.04, 92.97, 91.92, 91.71, 89.97, 89.03, 88.67, 88.17, 88.31, 87.7, 87.69, 87.21]
2024-08-24 18:15:09,361 [trainer.py] => CNN top5 curve: [100.0, 100.0, 99.71, 99.78, 99.64, 99.26, 99.23, 99.02, 99.14, 99.07, 99.0, 98.87, 98.88, 98.72, 98.7, 98.68, 98.57, 98.45, 98.23]

2024-08-24 18:15:09,361 [trainer.py] => Average Accuracy (CNN): 92.3721052631579
2024-08-24 18:15:09,362 [trainer.py] => All params: 171892993
2024-08-24 18:15:09,363 [trainer.py] => Trainable params: 86094337
2024-08-24 18:15:09,367 [aper_vpt.py] => Learning on 190-200
2024-08-24 18:15:19,920 [trainer.py] => No NME accuracy.
2024-08-24 18:15:19,920 [trainer.py] => CNN: {'total': 86.73, '00-09': 86.44, '10-19': 88.37, '20-29': 94.85, '30-39': 85.45, '40-49': 87.85, '50-59': 85.59, '60-69': 79.25, '70-79': 88.65, '80-89': 93.98, '90-99': 84.56, '100-109': 88.7, '110-119': 81.42, '120-129': 78.5, '130-139': 87.29, '140-149': 83.33, '150-159': 93.55, '160-169': 85.07, '170-179': 93.2, '180-189': 84.09, '190-199': 83.67, 'old': 86.86, 'new': 83.67}
2024-08-24 18:15:19,920 [trainer.py] => CNN top1 curve: [100.0, 98.38, 98.26, 97.8, 97.33, 94.49, 92.42, 93.04, 92.97, 91.92, 91.71, 89.97, 89.03, 88.67, 88.17, 88.31, 87.7, 87.69, 87.21, 86.73]
2024-08-24 18:15:19,920 [trainer.py] => CNN top5 curve: [100.0, 100.0, 99.71, 99.78, 99.64, 99.26, 99.23, 99.02, 99.14, 99.07, 99.0, 98.87, 98.88, 98.72, 98.7, 98.68, 98.57, 98.45, 98.23, 98.22]

2024-08-24 18:15:19,921 [trainer.py] => Average Accuracy (CNN): 92.09
