2024-08-25 14:13:59,134 [trainer.py] => config: exps/aper_vpt-deep/cub_10_10_vit-b_vpt-deep.json
2024-08-25 14:13:59,135 [trainer.py] => prefix: exp_vpt-deep
2024-08-25 14:13:59,135 [trainer.py] => dataset: cub
2024-08-25 14:13:59,135 [trainer.py] => memory_size: 2000
2024-08-25 14:13:59,135 [trainer.py] => memory_per_class: 20
2024-08-25 14:13:59,135 [trainer.py] => fixed_memory: False
2024-08-25 14:13:59,135 [trainer.py] => shuffle: True
2024-08-25 14:13:59,135 [trainer.py] => init_cls: 10
2024-08-25 14:13:59,135 [trainer.py] => increment: 10
2024-08-25 14:13:59,135 [trainer.py] => model_name: aper_vpt
2024-08-25 14:13:59,135 [trainer.py] => convnet_type: pretrained_vit_b16_224_in21k_vpt
2024-08-25 14:13:59,135 [trainer.py] => weight_decay: 0.0005
2024-08-25 14:13:59,135 [trainer.py] => vpt_type: deep
2024-08-25 14:13:59,135 [trainer.py] => prompt_token_num: 5
2024-08-25 14:13:59,135 [trainer.py] => ffn_num: 64
2024-08-25 14:13:59,135 [trainer.py] => optimizer: sgd
2024-08-25 14:13:59,135 [trainer.py] => min_lr: 0
2024-08-25 14:13:59,135 [trainer.py] => device: [device(type='cuda', index=0)]
2024-08-25 14:13:59,135 [trainer.py] => seed: 1993
2024-08-25 14:13:59,135 [trainer.py] => tuned_epoch: 5
2024-08-25 14:13:59,135 [trainer.py] => init_lr: 0.05
2024-08-25 14:13:59,135 [trainer.py] => batch_size: 16
2024-08-25 14:13:59,184 [data_manager.py] => [168, 136, 51, 9, 183, 101, 171, 99, 42, 159, 191, 70, 16, 188, 27, 10, 175, 26, 68, 187, 98, 6, 85, 35, 112, 43, 100, 0, 103, 181, 88, 59, 4, 2, 116, 174, 94, 80, 106, 1, 147, 17, 141, 131, 72, 23, 173, 54, 197, 118, 87, 32, 79, 104, 91, 19, 135, 107, 178, 36, 11, 199, 142, 8, 122, 3, 28, 57, 153, 172, 190, 56, 49, 44, 97, 62, 151, 169, 194, 55, 192, 12, 189, 78, 66, 180, 15, 137, 109, 134, 92, 119, 126, 52, 170, 40, 148, 65, 144, 64, 138, 45, 77, 89, 154, 90, 71, 193, 74, 30, 113, 143, 96, 84, 67, 50, 186, 156, 69, 21, 18, 111, 108, 58, 125, 157, 150, 110, 182, 129, 166, 83, 81, 60, 13, 165, 14, 176, 63, 117, 5, 22, 145, 121, 38, 41, 82, 127, 114, 20, 31, 53, 37, 163, 196, 130, 152, 162, 86, 76, 24, 34, 184, 149, 33, 128, 198, 155, 146, 167, 139, 120, 140, 102, 47, 25, 158, 123, 46, 164, 61, 7, 115, 75, 133, 160, 105, 132, 179, 124, 48, 73, 93, 39, 95, 195, 29, 177, 185, 161]
2024-08-25 14:14:03,597 [trainer.py] => All params: 85844736
2024-08-25 14:14:03,598 [trainer.py] => Trainable params: 46080
2024-08-25 14:14:09,073 [aper_vpt.py] => Learning on 0-10
2024-08-25 14:14:35,717 [aper_vpt.py] => Task 0, Epoch 5/5 => Loss 0.288, Train_accy 95.41, Test_accy 96.61
2024-08-25 14:14:46,597 [trainer.py] => No NME accuracy.
2024-08-25 14:14:46,598 [trainer.py] => CNN: {'total': 96.61, '00-09': 96.61, 'old': 0, 'new': 96.61}
2024-08-25 14:14:46,598 [trainer.py] => CNN top1 curve: [96.61]
2024-08-25 14:14:46,598 [trainer.py] => CNN top5 curve: [100.0]

2024-08-25 14:14:46,598 [trainer.py] => Average Accuracy (CNN): 96.61
2024-08-25 14:14:46,599 [trainer.py] => All params: 171658753
2024-08-25 14:14:46,600 [trainer.py] => Trainable params: 85860097
2024-08-25 14:14:46,607 [aper_vpt.py] => Learning on 10-20
2024-08-25 14:14:52,099 [trainer.py] => No NME accuracy.
2024-08-25 14:14:52,099 [trainer.py] => CNN: {'total': 97.17, '00-09': 96.61, '10-19': 97.67, 'old': 96.61, 'new': 97.67}
2024-08-25 14:14:52,100 [trainer.py] => CNN top1 curve: [96.61, 97.17]
2024-08-25 14:14:52,100 [trainer.py] => CNN top5 curve: [100.0, 100.0]

2024-08-25 14:14:52,100 [trainer.py] => Average Accuracy (CNN): 96.89
2024-08-25 14:14:52,102 [trainer.py] => All params: 171674113
2024-08-25 14:14:52,103 [trainer.py] => Trainable params: 85875457
2024-08-25 14:14:52,106 [aper_vpt.py] => Learning on 20-30
2024-08-25 14:14:58,764 [trainer.py] => No NME accuracy.
2024-08-25 14:14:58,764 [trainer.py] => CNN: {'total': 97.09, '00-09': 95.76, '10-19': 97.67, '20-29': 97.94, 'old': 96.76, 'new': 97.94}
2024-08-25 14:14:58,764 [trainer.py] => CNN top1 curve: [96.61, 97.17, 97.09]
2024-08-25 14:14:58,764 [trainer.py] => CNN top5 curve: [100.0, 100.0, 99.71]

2024-08-25 14:14:58,764 [trainer.py] => Average Accuracy (CNN): 96.95666666666666
2024-08-25 14:14:58,766 [trainer.py] => All params: 171689473
2024-08-25 14:14:58,767 [trainer.py] => Trainable params: 85890817
2024-08-25 14:14:58,771 [aper_vpt.py] => Learning on 30-40
2024-08-25 14:15:05,519 [trainer.py] => No NME accuracy.
2024-08-25 14:15:05,520 [trainer.py] => CNN: {'total': 96.26, '00-09': 95.76, '10-19': 96.9, '20-29': 97.94, '30-39': 94.55, 'old': 96.8, 'new': 94.55}
2024-08-25 14:15:05,520 [trainer.py] => CNN top1 curve: [96.61, 97.17, 97.09, 96.26]
2024-08-25 14:15:05,520 [trainer.py] => CNN top5 curve: [100.0, 100.0, 99.71, 99.78]

2024-08-25 14:15:05,520 [trainer.py] => Average Accuracy (CNN): 96.7825
2024-08-25 14:15:05,522 [trainer.py] => All params: 171704833
2024-08-25 14:15:05,523 [trainer.py] => Trainable params: 85906177
2024-08-25 14:15:05,533 [aper_vpt.py] => Learning on 40-50
2024-08-25 14:15:12,944 [trainer.py] => No NME accuracy.
2024-08-25 14:15:12,944 [trainer.py] => CNN: {'total': 96.08, '00-09': 95.76, '10-19': 96.9, '20-29': 97.94, '30-39': 92.73, '40-49': 97.2, 'old': 95.81, 'new': 97.2}
2024-08-25 14:15:12,944 [trainer.py] => CNN top1 curve: [96.61, 97.17, 97.09, 96.26, 96.08]
2024-08-25 14:15:12,944 [trainer.py] => CNN top5 curve: [100.0, 100.0, 99.71, 99.78, 99.64]

2024-08-25 14:15:12,944 [trainer.py] => Average Accuracy (CNN): 96.642
2024-08-25 14:15:12,945 [trainer.py] => All params: 171720193
2024-08-25 14:15:12,947 [trainer.py] => Trainable params: 85921537
2024-08-25 14:15:12,952 [aper_vpt.py] => Learning on 50-60
2024-08-25 14:15:21,558 [trainer.py] => No NME accuracy.
2024-08-25 14:15:21,558 [trainer.py] => CNN: {'total': 93.9, '00-09': 90.68, '10-19': 96.9, '20-29': 97.94, '30-39': 92.73, '40-49': 97.2, '50-59': 88.29, 'old': 95.01, 'new': 88.29}
2024-08-25 14:15:21,559 [trainer.py] => CNN top1 curve: [96.61, 97.17, 97.09, 96.26, 96.08, 93.9]
2024-08-25 14:15:21,559 [trainer.py] => CNN top5 curve: [100.0, 100.0, 99.71, 99.78, 99.64, 98.81]

2024-08-25 14:15:21,559 [trainer.py] => Average Accuracy (CNN): 96.185
2024-08-25 14:15:21,560 [trainer.py] => All params: 171735553
2024-08-25 14:15:21,561 [trainer.py] => Trainable params: 85936897
2024-08-25 14:15:21,572 [aper_vpt.py] => Learning on 60-70
2024-08-25 14:15:30,704 [trainer.py] => No NME accuracy.
2024-08-25 14:15:30,705 [trainer.py] => CNN: {'total': 91.77, '00-09': 90.68, '10-19': 93.02, '20-29': 97.94, '30-39': 90.91, '40-49': 96.26, '50-59': 86.49, '60-69': 87.74, 'old': 92.41, 'new': 87.74}
2024-08-25 14:15:30,705 [trainer.py] => CNN top1 curve: [96.61, 97.17, 97.09, 96.26, 96.08, 93.9, 91.77]
2024-08-25 14:15:30,705 [trainer.py] => CNN top5 curve: [100.0, 100.0, 99.71, 99.78, 99.64, 98.81, 98.84]

2024-08-25 14:15:30,705 [trainer.py] => Average Accuracy (CNN): 95.55428571428571
2024-08-25 14:15:30,706 [trainer.py] => All params: 171750913
2024-08-25 14:15:30,707 [trainer.py] => Trainable params: 85952257
2024-08-25 14:15:30,710 [aper_vpt.py] => Learning on 70-80
2024-08-25 14:15:36,379 [trainer.py] => No NME accuracy.
2024-08-25 14:15:36,380 [trainer.py] => CNN: {'total': 92.38, '00-09': 90.68, '10-19': 93.02, '20-29': 97.94, '30-39': 90.91, '40-49': 96.26, '50-59': 86.49, '60-69': 87.74, '70-79': 95.74, 'old': 91.77, 'new': 95.74}
2024-08-25 14:15:36,380 [trainer.py] => CNN top1 curve: [96.61, 97.17, 97.09, 96.26, 96.08, 93.9, 91.77, 92.38]
2024-08-25 14:15:36,380 [trainer.py] => CNN top5 curve: [100.0, 100.0, 99.71, 99.78, 99.64, 98.81, 98.84, 98.8]

2024-08-25 14:15:36,380 [trainer.py] => Average Accuracy (CNN): 95.1575
2024-08-25 14:15:36,381 [trainer.py] => All params: 171766273
2024-08-25 14:15:36,382 [trainer.py] => Trainable params: 85967617
2024-08-25 14:15:36,384 [aper_vpt.py] => Learning on 80-90
2024-08-25 14:15:41,035 [trainer.py] => No NME accuracy.
2024-08-25 14:15:41,035 [trainer.py] => CNN: {'total': 92.02, '00-09': 90.68, '10-19': 90.7, '20-29': 97.94, '30-39': 90.91, '40-49': 96.26, '50-59': 85.59, '60-69': 87.74, '70-79': 95.74, '80-89': 92.48, 'old': 91.95, 'new': 92.48}
2024-08-25 14:15:41,035 [trainer.py] => CNN top1 curve: [96.61, 97.17, 97.09, 96.26, 96.08, 93.9, 91.77, 92.38, 92.02]
2024-08-25 14:15:41,035 [trainer.py] => CNN top5 curve: [100.0, 100.0, 99.71, 99.78, 99.64, 98.81, 98.84, 98.8, 98.95]

2024-08-25 14:15:41,035 [trainer.py] => Average Accuracy (CNN): 94.80888888888889
2024-08-25 14:15:41,037 [trainer.py] => All params: 171781633
2024-08-25 14:15:41,038 [trainer.py] => Trainable params: 85982977
2024-08-25 14:15:41,041 [aper_vpt.py] => Learning on 90-100
2024-08-25 14:15:45,987 [trainer.py] => No NME accuracy.
2024-08-25 14:15:45,987 [trainer.py] => CNN: {'total': 91.5, '00-09': 90.68, '10-19': 90.7, '20-29': 97.94, '30-39': 87.27, '40-49': 96.26, '50-59': 85.59, '60-69': 86.79, '70-79': 95.04, '80-89': 92.48, '90-99': 91.91, 'old': 91.44, 'new': 91.91}
2024-08-25 14:15:45,987 [trainer.py] => CNN top1 curve: [96.61, 97.17, 97.09, 96.26, 96.08, 93.9, 91.77, 92.38, 92.02, 91.5]
2024-08-25 14:15:45,987 [trainer.py] => CNN top5 curve: [100.0, 100.0, 99.71, 99.78, 99.64, 98.81, 98.84, 98.8, 98.95, 98.91]

2024-08-25 14:15:45,987 [trainer.py] => Average Accuracy (CNN): 94.478
2024-08-25 14:15:45,989 [trainer.py] => All params: 171796993
2024-08-25 14:15:45,990 [trainer.py] => Trainable params: 85998337
2024-08-25 14:15:45,993 [aper_vpt.py] => Learning on 100-110
2024-08-25 14:15:51,181 [trainer.py] => No NME accuracy.
2024-08-25 14:15:51,181 [trainer.py] => CNN: {'total': 91.1, '00-09': 90.68, '10-19': 89.15, '20-29': 97.94, '30-39': 87.27, '40-49': 96.26, '50-59': 85.59, '60-69': 85.85, '70-79': 95.04, '80-89': 92.48, '90-99': 91.91, '100-109': 89.57, 'old': 91.25, 'new': 89.57}
2024-08-25 14:15:51,181 [trainer.py] => CNN top1 curve: [96.61, 97.17, 97.09, 96.26, 96.08, 93.9, 91.77, 92.38, 92.02, 91.5, 91.1]
2024-08-25 14:15:51,181 [trainer.py] => CNN top5 curve: [100.0, 100.0, 99.71, 99.78, 99.64, 98.81, 98.84, 98.8, 98.95, 98.91, 98.62]

2024-08-25 14:15:51,182 [trainer.py] => Average Accuracy (CNN): 94.17090909090908
2024-08-25 14:15:51,183 [trainer.py] => All params: 171812353
2024-08-25 14:15:51,184 [trainer.py] => Trainable params: 86013697
2024-08-25 14:15:51,186 [aper_vpt.py] => Learning on 110-120
2024-08-25 14:15:56,521 [trainer.py] => No NME accuracy.
2024-08-25 14:15:56,521 [trainer.py] => CNN: {'total': 89.41, '00-09': 90.68, '10-19': 88.37, '20-29': 96.91, '30-39': 87.27, '40-49': 96.26, '50-59': 83.78, '60-69': 84.91, '70-79': 88.65, '80-89': 90.98, '90-99': 91.18, '100-109': 89.57, '110-119': 84.96, 'old': 89.79, 'new': 84.96}
2024-08-25 14:15:56,522 [trainer.py] => CNN top1 curve: [96.61, 97.17, 97.09, 96.26, 96.08, 93.9, 91.77, 92.38, 92.02, 91.5, 91.1, 89.41]
2024-08-25 14:15:56,522 [trainer.py] => CNN top5 curve: [100.0, 100.0, 99.71, 99.78, 99.64, 98.81, 98.84, 98.8, 98.95, 98.91, 98.62, 98.52]

2024-08-25 14:15:56,522 [trainer.py] => Average Accuracy (CNN): 93.77416666666666
2024-08-25 14:15:56,523 [trainer.py] => All params: 171827713
2024-08-25 14:15:56,524 [trainer.py] => Trainable params: 86029057
2024-08-25 14:15:56,527 [aper_vpt.py] => Learning on 120-130
2024-08-25 14:16:02,172 [trainer.py] => No NME accuracy.
2024-08-25 14:16:02,172 [trainer.py] => CNN: {'total': 88.58, '00-09': 88.98, '10-19': 88.37, '20-29': 96.91, '30-39': 86.36, '40-49': 92.52, '50-59': 82.88, '60-69': 84.91, '70-79': 88.65, '80-89': 90.98, '90-99': 89.71, '100-109': 89.57, '110-119': 84.96, '120-129': 86.92, 'old': 88.7, 'new': 86.92}
2024-08-25 14:16:02,172 [trainer.py] => CNN top1 curve: [96.61, 97.17, 97.09, 96.26, 96.08, 93.9, 91.77, 92.38, 92.02, 91.5, 91.1, 89.41, 88.58]
2024-08-25 14:16:02,172 [trainer.py] => CNN top5 curve: [100.0, 100.0, 99.71, 99.78, 99.64, 98.81, 98.84, 98.8, 98.95, 98.91, 98.62, 98.52, 98.56]

2024-08-25 14:16:02,172 [trainer.py] => Average Accuracy (CNN): 93.37461538461538
2024-08-25 14:16:02,173 [trainer.py] => All params: 171843073
2024-08-25 14:16:02,174 [trainer.py] => Trainable params: 86044417
2024-08-25 14:16:02,177 [aper_vpt.py] => Learning on 130-140
2024-08-25 14:16:08,184 [trainer.py] => No NME accuracy.
2024-08-25 14:16:08,184 [trainer.py] => CNN: {'total': 88.18, '00-09': 88.98, '10-19': 88.37, '20-29': 96.91, '30-39': 86.36, '40-49': 92.52, '50-59': 82.88, '60-69': 84.91, '70-79': 88.65, '80-89': 90.98, '90-99': 88.97, '100-109': 89.57, '110-119': 84.96, '120-129': 81.31, '130-139': 88.98, 'old': 88.12, 'new': 88.98}
2024-08-25 14:16:08,184 [trainer.py] => CNN top1 curve: [96.61, 97.17, 97.09, 96.26, 96.08, 93.9, 91.77, 92.38, 92.02, 91.5, 91.1, 89.41, 88.58, 88.18]
2024-08-25 14:16:08,184 [trainer.py] => CNN top5 curve: [100.0, 100.0, 99.71, 99.78, 99.64, 98.81, 98.84, 98.8, 98.95, 98.91, 98.62, 98.52, 98.56, 98.48]

2024-08-25 14:16:08,185 [trainer.py] => Average Accuracy (CNN): 93.00357142857142
2024-08-25 14:16:08,186 [trainer.py] => All params: 171858433
2024-08-25 14:16:08,187 [trainer.py] => Trainable params: 86059777
2024-08-25 14:16:08,190 [aper_vpt.py] => Learning on 140-150
2024-08-25 14:16:14,914 [trainer.py] => No NME accuracy.
2024-08-25 14:16:14,915 [trainer.py] => CNN: {'total': 87.66, '00-09': 88.98, '10-19': 88.37, '20-29': 96.91, '30-39': 84.55, '40-49': 90.65, '50-59': 82.88, '60-69': 84.91, '70-79': 88.65, '80-89': 90.98, '90-99': 88.24, '100-109': 89.57, '110-119': 84.07, '120-129': 81.31, '130-139': 88.98, '140-149': 85.71, 'old': 87.81, 'new': 85.71}
2024-08-25 14:16:14,915 [trainer.py] => CNN top1 curve: [96.61, 97.17, 97.09, 96.26, 96.08, 93.9, 91.77, 92.38, 92.02, 91.5, 91.1, 89.41, 88.58, 88.18, 87.66]
2024-08-25 14:16:14,915 [trainer.py] => CNN top5 curve: [100.0, 100.0, 99.71, 99.78, 99.64, 98.81, 98.84, 98.8, 98.95, 98.91, 98.62, 98.52, 98.56, 98.48, 98.3]

2024-08-25 14:16:14,915 [trainer.py] => Average Accuracy (CNN): 92.64733333333334
2024-08-25 14:16:14,916 [trainer.py] => All params: 171873793
2024-08-25 14:16:14,918 [trainer.py] => Trainable params: 86075137
2024-08-25 14:16:14,924 [aper_vpt.py] => Learning on 150-160
2024-08-25 14:16:22,754 [trainer.py] => No NME accuracy.
2024-08-25 14:16:22,754 [trainer.py] => CNN: {'total': 87.94, '00-09': 88.98, '10-19': 88.37, '20-29': 96.91, '30-39': 84.55, '40-49': 90.65, '50-59': 82.88, '60-69': 84.91, '70-79': 87.94, '80-89': 90.98, '90-99': 87.5, '100-109': 86.96, '110-119': 84.07, '120-129': 81.31, '130-139': 88.98, '140-149': 85.71, '150-159': 95.97, 'old': 87.38, 'new': 95.97}
2024-08-25 14:16:22,755 [trainer.py] => CNN top1 curve: [96.61, 97.17, 97.09, 96.26, 96.08, 93.9, 91.77, 92.38, 92.02, 91.5, 91.1, 89.41, 88.58, 88.18, 87.66, 87.94]
2024-08-25 14:16:22,755 [trainer.py] => CNN top5 curve: [100.0, 100.0, 99.71, 99.78, 99.64, 98.81, 98.84, 98.8, 98.95, 98.91, 98.62, 98.52, 98.56, 98.48, 98.3, 98.2]

2024-08-25 14:16:22,755 [trainer.py] => Average Accuracy (CNN): 92.353125
2024-08-25 14:16:22,756 [trainer.py] => All params: 171889153
2024-08-25 14:16:22,757 [trainer.py] => Trainable params: 86090497
2024-08-25 14:16:22,763 [aper_vpt.py] => Learning on 160-170
2024-08-25 14:16:30,894 [trainer.py] => No NME accuracy.
2024-08-25 14:16:30,894 [trainer.py] => CNN: {'total': 87.51, '00-09': 88.98, '10-19': 88.37, '20-29': 95.88, '30-39': 84.55, '40-49': 90.65, '50-59': 82.88, '60-69': 83.02, '70-79': 87.94, '80-89': 90.98, '90-99': 84.56, '100-109': 86.96, '110-119': 84.07, '120-129': 81.31, '130-139': 88.98, '140-149': 85.71, '150-159': 95.97, '160-169': 86.57, 'old': 87.57, 'new': 86.57}
2024-08-25 14:16:30,894 [trainer.py] => CNN top1 curve: [96.61, 97.17, 97.09, 96.26, 96.08, 93.9, 91.77, 92.38, 92.02, 91.5, 91.1, 89.41, 88.58, 88.18, 87.66, 87.94, 87.51]
2024-08-25 14:16:30,894 [trainer.py] => CNN top5 curve: [100.0, 100.0, 99.71, 99.78, 99.64, 98.81, 98.84, 98.8, 98.95, 98.91, 98.62, 98.52, 98.56, 98.48, 98.3, 98.2, 98.02]

2024-08-25 14:16:30,895 [trainer.py] => Average Accuracy (CNN): 92.06823529411766
2024-08-25 14:16:30,896 [trainer.py] => All params: 171904513
2024-08-25 14:16:30,897 [trainer.py] => Trainable params: 86105857
2024-08-25 14:16:30,901 [aper_vpt.py] => Learning on 170-180
2024-08-25 14:16:38,346 [trainer.py] => No NME accuracy.
2024-08-25 14:16:38,346 [trainer.py] => CNN: {'total': 87.12, '00-09': 88.14, '10-19': 87.6, '20-29': 94.85, '30-39': 84.55, '40-49': 90.65, '50-59': 82.88, '60-69': 83.02, '70-79': 87.94, '80-89': 90.98, '90-99': 84.56, '100-109': 86.96, '110-119': 82.3, '120-129': 78.5, '130-139': 88.98, '140-149': 85.71, '150-159': 95.16, '160-169': 86.57, '170-179': 88.35, 'old': 87.06, 'new': 88.35}
2024-08-25 14:16:38,346 [trainer.py] => CNN top1 curve: [96.61, 97.17, 97.09, 96.26, 96.08, 93.9, 91.77, 92.38, 92.02, 91.5, 91.1, 89.41, 88.58, 88.18, 87.66, 87.94, 87.51, 87.12]
2024-08-25 14:16:38,346 [trainer.py] => CNN top5 curve: [100.0, 100.0, 99.71, 99.78, 99.64, 98.81, 98.84, 98.8, 98.95, 98.91, 98.62, 98.52, 98.56, 98.48, 98.3, 98.2, 98.02, 97.79]

2024-08-25 14:16:38,347 [trainer.py] => Average Accuracy (CNN): 91.79333333333335
2024-08-25 14:16:38,348 [trainer.py] => All params: 171919873
2024-08-25 14:16:38,349 [trainer.py] => Trainable params: 86121217
2024-08-25 14:16:38,352 [aper_vpt.py] => Learning on 180-190
2024-08-25 14:16:48,392 [trainer.py] => No NME accuracy.
2024-08-25 14:16:48,392 [trainer.py] => CNN: {'total': 86.37, '00-09': 88.14, '10-19': 87.6, '20-29': 92.78, '30-39': 82.73, '40-49': 89.72, '50-59': 82.88, '60-69': 82.08, '70-79': 87.94, '80-89': 90.98, '90-99': 84.56, '100-109': 86.96, '110-119': 82.3, '120-129': 77.57, '130-139': 85.59, '140-149': 85.71, '150-159': 95.16, '160-169': 86.57, '170-179': 88.35, '180-189': 82.58, 'old': 86.61, 'new': 82.58}
2024-08-25 14:16:48,392 [trainer.py] => CNN top1 curve: [96.61, 97.17, 97.09, 96.26, 96.08, 93.9, 91.77, 92.38, 92.02, 91.5, 91.1, 89.41, 88.58, 88.18, 87.66, 87.94, 87.51, 87.12, 86.37]
2024-08-25 14:16:48,392 [trainer.py] => CNN top5 curve: [100.0, 100.0, 99.71, 99.78, 99.64, 98.81, 98.84, 98.8, 98.95, 98.91, 98.62, 98.52, 98.56, 98.48, 98.3, 98.2, 98.02, 97.79, 97.39]

2024-08-25 14:16:48,392 [trainer.py] => Average Accuracy (CNN): 91.5078947368421
2024-08-25 14:16:48,393 [trainer.py] => All params: 171935233
2024-08-25 14:16:48,395 [trainer.py] => Trainable params: 86136577
2024-08-25 14:16:48,398 [aper_vpt.py] => Learning on 190-200
2024-08-25 14:16:59,479 [trainer.py] => No NME accuracy.
2024-08-25 14:16:59,479 [trainer.py] => CNN: {'total': 85.96, '00-09': 88.14, '10-19': 86.82, '20-29': 92.78, '30-39': 82.73, '40-49': 89.72, '50-59': 82.88, '60-69': 79.25, '70-79': 87.23, '80-89': 90.98, '90-99': 84.56, '100-109': 86.96, '110-119': 82.3, '120-129': 77.57, '130-139': 85.59, '140-149': 85.71, '150-159': 95.16, '160-169': 85.82, '170-179': 88.35, '180-189': 81.82, '190-199': 83.67, 'old': 86.06, 'new': 83.67}
2024-08-25 14:16:59,479 [trainer.py] => CNN top1 curve: [96.61, 97.17, 97.09, 96.26, 96.08, 93.9, 91.77, 92.38, 92.02, 91.5, 91.1, 89.41, 88.58, 88.18, 87.66, 87.94, 87.51, 87.12, 86.37, 85.96]
2024-08-25 14:16:59,480 [trainer.py] => CNN top5 curve: [100.0, 100.0, 99.71, 99.78, 99.64, 98.81, 98.84, 98.8, 98.95, 98.91, 98.62, 98.52, 98.56, 98.48, 98.3, 98.2, 98.02, 97.79, 97.39, 97.41]

2024-08-25 14:16:59,480 [trainer.py] => Average Accuracy (CNN): 91.2305