2024-08-25 10:18:05,417 [trainer.py] => config: exps/aper_finetune/imageneta_10_10_vit-b_finetune.json
2024-08-25 10:18:05,417 [trainer.py] => prefix: exp
2024-08-25 10:18:05,417 [trainer.py] => dataset: imageneta
2024-08-25 10:18:05,417 [trainer.py] => memory_size: 2000
2024-08-25 10:18:05,417 [trainer.py] => memory_per_class: 20
2024-08-25 10:18:05,417 [trainer.py] => fixed_memory: False
2024-08-25 10:18:05,417 [trainer.py] => shuffle: True
2024-08-25 10:18:05,417 [trainer.py] => init_cls: 10
2024-08-25 10:18:05,417 [trainer.py] => increment: 10
2024-08-25 10:18:05,417 [trainer.py] => model_name: aper_finetune
2024-08-25 10:18:05,417 [trainer.py] => convnet_type: pretrained_vit_b16_224_in21k
2024-08-25 10:18:05,417 [trainer.py] => weight_decay: 0.0005
2024-08-25 10:18:05,417 [trainer.py] => optimizer: sgd
2024-08-25 10:18:05,417 [trainer.py] => min_lr: 0
2024-08-25 10:18:05,417 [trainer.py] => device: [device(type='cuda', index=0)]
2024-08-25 10:18:05,417 [trainer.py] => seed: 1993
2024-08-25 10:18:05,417 [trainer.py] => tuned_epoch: 5
2024-08-25 10:18:05,417 [trainer.py] => init_lr: 0.01
2024-08-25 10:18:05,417 [trainer.py] => batch_size: 128
2024-08-25 10:18:05,451 [data_manager.py] => [168, 136, 51, 9, 183, 101, 171, 99, 42, 159, 191, 70, 16, 188, 27, 10, 175, 26, 68, 187, 98, 6, 85, 35, 112, 43, 100, 0, 103, 181, 88, 59, 4, 2, 116, 174, 94, 80, 106, 1, 147, 17, 141, 131, 72, 23, 173, 54, 197, 118, 87, 32, 79, 104, 91, 19, 135, 107, 178, 36, 11, 199, 142, 8, 122, 3, 28, 57, 153, 172, 190, 56, 49, 44, 97, 62, 151, 169, 194, 55, 192, 12, 189, 78, 66, 180, 15, 137, 109, 134, 92, 119, 126, 52, 170, 40, 148, 65, 144, 64, 138, 45, 77, 89, 154, 90, 71, 193, 74, 30, 113, 143, 96, 84, 67, 50, 186, 156, 69, 21, 18, 111, 108, 58, 125, 157, 150, 110, 182, 129, 166, 83, 81, 60, 13, 165, 14, 176, 63, 117, 5, 22, 145, 121, 38, 41, 82, 127, 114, 20, 31, 53, 37, 163, 196, 130, 152, 162, 86, 76, 24, 34, 184, 149, 33, 128, 198, 155, 146, 167, 139, 120, 140, 102, 47, 25, 158, 123, 46, 164, 61, 7, 115, 75, 133, 160, 105, 132, 179, 124, 48, 73, 93, 39, 95, 195, 29, 177, 185, 161]
2024-08-25 10:18:07,837 [trainer.py] => All params: 85798656
2024-08-25 10:18:07,838 [trainer.py] => Trainable params: 85798656
2024-08-25 10:18:12,180 [aper_finetune.py] => Learning on 0-10
2024-08-25 10:18:34,129 [aper_finetune.py] => Task 0, Epoch 5/5 => Loss 2.161, Train_accy 27.57, Test_accy 20.78
2024-08-25 10:18:43,288 [trainer.py] => No NME accuracy.
2024-08-25 10:18:43,288 [trainer.py] => CNN: {'total': 81.82, '00-09': 81.82, 'old': 0, 'new': 81.82}
2024-08-25 10:18:43,288 [trainer.py] => CNN top1 curve: [81.82]
2024-08-25 10:18:43,288 [trainer.py] => CNN top5 curve: [94.81]

2024-08-25 10:18:43,289 [trainer.py] => Average Accuracy (CNN): 81.82
2024-08-25 10:18:43,290 [trainer.py] => All params: 171612673
2024-08-25 10:18:43,291 [trainer.py] => Trainable params: 171612673
2024-08-25 10:18:43,295 [aper_finetune.py] => Learning on 10-20
2024-08-25 10:18:49,537 [trainer.py] => No NME accuracy.
2024-08-25 10:18:49,537 [trainer.py] => CNN: {'total': 80.0, '00-09': 76.62, '10-19': 82.65, 'old': 76.62, 'new': 82.65}
2024-08-25 10:18:49,538 [trainer.py] => CNN top1 curve: [81.82, 80.0]
2024-08-25 10:18:49,538 [trainer.py] => CNN top5 curve: [94.81, 96.0]

2024-08-25 10:18:49,538 [trainer.py] => Average Accuracy (CNN): 80.91
2024-08-25 10:18:49,539 [trainer.py] => All params: 171628033
2024-08-25 10:18:49,540 [trainer.py] => Trainable params: 171628033
2024-08-25 10:18:49,546 [aper_finetune.py] => Learning on 20-30
2024-08-25 10:18:55,898 [trainer.py] => No NME accuracy.
2024-08-25 10:18:55,898 [trainer.py] => CNN: {'total': 74.82, '00-09': 63.64, '10-19': 79.59, '20-29': 78.79, 'old': 72.57, 'new': 78.79}
2024-08-25 10:18:55,898 [trainer.py] => CNN top1 curve: [81.82, 80.0, 74.82]
2024-08-25 10:18:55,898 [trainer.py] => CNN top5 curve: [94.81, 96.0, 93.07]

2024-08-25 10:18:55,899 [trainer.py] => Average Accuracy (CNN): 78.88
2024-08-25 10:18:55,900 [trainer.py] => All params: 171643393
2024-08-25 10:18:55,901 [trainer.py] => Trainable params: 171643393
2024-08-25 10:18:55,906 [aper_finetune.py] => Learning on 30-40
2024-08-25 10:19:01,704 [trainer.py] => No NME accuracy.
2024-08-25 10:19:01,704 [trainer.py] => CNN: {'total': 71.39, '00-09': 57.14, '10-19': 76.53, '20-29': 77.78, '30-39': 70.93, 'old': 71.53, 'new': 70.93}
2024-08-25 10:19:01,704 [trainer.py] => CNN top1 curve: [81.82, 80.0, 74.82, 71.39]
2024-08-25 10:19:01,704 [trainer.py] => CNN top5 curve: [94.81, 96.0, 93.07, 92.22]

2024-08-25 10:19:01,704 [trainer.py] => Average Accuracy (CNN): 77.0075
2024-08-25 10:19:01,706 [trainer.py] => All params: 171658753
2024-08-25 10:19:01,707 [trainer.py] => Trainable params: 171658753
2024-08-25 10:19:01,711 [aper_finetune.py] => Learning on 40-50
2024-08-25 10:19:07,234 [trainer.py] => No NME accuracy.
2024-08-25 10:19:07,235 [trainer.py] => CNN: {'total': 69.58, '00-09': 55.84, '10-19': 73.47, '20-29': 72.73, '30-39': 68.6, '40-49': 76.56, 'old': 68.33, 'new': 76.56}
2024-08-25 10:19:07,235 [trainer.py] => CNN top1 curve: [81.82, 80.0, 74.82, 71.39, 69.58]
2024-08-25 10:19:07,235 [trainer.py] => CNN top5 curve: [94.81, 96.0, 93.07, 92.22, 92.22]

2024-08-25 10:19:07,235 [trainer.py] => Average Accuracy (CNN): 75.52199999999999
2024-08-25 10:19:07,236 [trainer.py] => All params: 171674113
2024-08-25 10:19:07,237 [trainer.py] => Trainable params: 171674113
2024-08-25 10:19:07,239 [aper_finetune.py] => Learning on 50-60
2024-08-25 10:19:13,659 [trainer.py] => No NME accuracy.
2024-08-25 10:19:13,660 [trainer.py] => CNN: {'total': 66.18, '00-09': 54.55, '10-19': 71.43, '20-29': 65.66, '30-39': 66.28, '40-49': 70.31, '50-59': 69.23, 'old': 65.8, 'new': 69.23}
2024-08-25 10:19:13,660 [trainer.py] => CNN top1 curve: [81.82, 80.0, 74.82, 71.39, 69.58, 66.18]
2024-08-25 10:19:13,660 [trainer.py] => CNN top5 curve: [94.81, 96.0, 93.07, 92.22, 92.22, 89.92]

2024-08-25 10:19:13,660 [trainer.py] => Average Accuracy (CNN): 73.96499999999999
2024-08-25 10:19:13,661 [trainer.py] => All params: 171689473
2024-08-25 10:19:13,663 [trainer.py] => Trainable params: 171689473
2024-08-25 10:19:13,665 [aper_finetune.py] => Learning on 60-70
2024-08-25 10:19:22,227 [trainer.py] => No NME accuracy.
2024-08-25 10:19:22,227 [trainer.py] => CNN: {'total': 64.45, '00-09': 51.95, '10-19': 70.41, '20-29': 65.66, '30-39': 61.63, '40-49': 67.19, '50-59': 69.23, '60-69': 65.08, 'old': 64.29, 'new': 65.08}
2024-08-25 10:19:22,227 [trainer.py] => CNN top1 curve: [81.82, 80.0, 74.82, 71.39, 69.58, 66.18, 64.45]
2024-08-25 10:19:22,227 [trainer.py] => CNN top5 curve: [94.81, 96.0, 93.07, 92.22, 92.22, 89.92, 89.04]

2024-08-25 10:19:22,227 [trainer.py] => Average Accuracy (CNN): 72.60571428571428
2024-08-25 10:19:22,230 [trainer.py] => All params: 171704833
2024-08-25 10:19:22,231 [trainer.py] => Trainable params: 171704833
2024-08-25 10:19:22,238 [aper_finetune.py] => Learning on 70-80
2024-08-25 10:19:29,618 [trainer.py] => No NME accuracy.
2024-08-25 10:19:29,618 [trainer.py] => CNN: {'total': 63.18, '00-09': 50.65, '10-19': 68.37, '20-29': 64.65, '30-39': 61.63, '40-49': 67.19, '50-59': 69.23, '60-69': 65.08, '70-79': 59.38, 'old': 63.79, 'new': 59.38}
2024-08-25 10:19:29,618 [trainer.py] => CNN top1 curve: [81.82, 80.0, 74.82, 71.39, 69.58, 66.18, 64.45, 63.18]
2024-08-25 10:19:29,620 [trainer.py] => CNN top5 curve: [94.81, 96.0, 93.07, 92.22, 92.22, 89.92, 89.04, 88.54]

2024-08-25 10:19:29,620 [trainer.py] => Average Accuracy (CNN): 71.4275
2024-08-25 10:19:29,622 [trainer.py] => All params: 171720193
2024-08-25 10:19:29,623 [trainer.py] => Trainable params: 171720193
2024-08-25 10:19:29,627 [aper_finetune.py] => Learning on 80-90
2024-08-25 10:19:36,167 [trainer.py] => No NME accuracy.
2024-08-25 10:19:36,168 [trainer.py] => CNN: {'total': 61.75, '00-09': 49.35, '10-19': 66.33, '20-29': 61.62, '30-39': 60.47, '40-49': 67.19, '50-59': 67.31, '60-69': 65.08, '70-79': 58.33, '80-89': 60.49, 'old': 61.89, 'new': 60.49}
2024-08-25 10:19:36,168 [trainer.py] => CNN top1 curve: [81.82, 80.0, 74.82, 71.39, 69.58, 66.18, 64.45, 63.18, 61.75]
2024-08-25 10:19:36,168 [trainer.py] => CNN top5 curve: [94.81, 96.0, 93.07, 92.22, 92.22, 89.92, 89.04, 88.54, 86.52]

2024-08-25 10:19:36,168 [trainer.py] => Average Accuracy (CNN): 70.35222222222222
2024-08-25 10:19:36,169 [trainer.py] => All params: 171735553
2024-08-25 10:19:36,171 [trainer.py] => Trainable params: 171735553
2024-08-25 10:19:36,173 [aper_finetune.py] => Learning on 90-100
2024-08-25 10:19:43,673 [trainer.py] => No NME accuracy.
2024-08-25 10:19:43,673 [trainer.py] => CNN: {'total': 58.38, '00-09': 46.75, '10-19': 63.27, '20-29': 60.61, '30-39': 59.3, '40-49': 64.06, '50-59': 65.38, '60-69': 64.29, '70-79': 51.04, '80-89': 59.26, '90-99': 46.77, 'old': 59.31, 'new': 46.77}
2024-08-25 10:19:43,673 [trainer.py] => CNN top1 curve: [81.82, 80.0, 74.82, 71.39, 69.58, 66.18, 64.45, 63.18, 61.75, 58.38]
2024-08-25 10:19:43,674 [trainer.py] => CNN top5 curve: [94.81, 96.0, 93.07, 92.22, 92.22, 89.92, 89.04, 88.54, 86.52, 85.37]

2024-08-25 10:19:43,674 [trainer.py] => Average Accuracy (CNN): 69.155
2024-08-25 10:19:43,677 [trainer.py] => All params: 171750913
2024-08-25 10:19:43,678 [trainer.py] => Trainable params: 171750913
2024-08-25 10:19:43,680 [aper_finetune.py] => Learning on 100-110
2024-08-25 10:19:51,732 [trainer.py] => No NME accuracy.
2024-08-25 10:19:51,733 [trainer.py] => CNN: {'total': 57.82, '00-09': 44.16, '10-19': 62.24, '20-29': 59.6, '30-39': 59.3, '40-49': 64.06, '50-59': 63.46, '60-69': 61.9, '70-79': 47.92, '80-89': 59.26, '90-99': 46.77, '100-109': 68.33, 'old': 57.07, 'new': 68.33}
2024-08-25 10:19:51,733 [trainer.py] => CNN top1 curve: [81.82, 80.0, 74.82, 71.39, 69.58, 66.18, 64.45, 63.18, 61.75, 58.38, 57.82]
2024-08-25 10:19:51,733 [trainer.py] => CNN top5 curve: [94.81, 96.0, 93.07, 92.22, 92.22, 89.92, 89.04, 88.54, 86.52, 85.37, 84.46]

2024-08-25 10:19:51,733 [trainer.py] => Average Accuracy (CNN): 68.12454545454545
2024-08-25 10:19:51,734 [trainer.py] => All params: 171766273
2024-08-25 10:19:51,736 [trainer.py] => Trainable params: 171766273
2024-08-25 10:19:51,741 [aper_finetune.py] => Learning on 110-120
2024-08-25 10:19:59,627 [trainer.py] => No NME accuracy.
2024-08-25 10:19:59,628 [trainer.py] => CNN: {'total': 57.13, '00-09': 44.16, '10-19': 62.24, '20-29': 57.58, '30-39': 58.14, '40-49': 64.06, '50-59': 61.54, '60-69': 61.11, '70-79': 47.92, '80-89': 58.02, '90-99': 41.94, '100-109': 68.33, '110-119': 60.81, 'old': 56.83, 'new': 60.81}
2024-08-25 10:19:59,628 [trainer.py] => CNN top1 curve: [81.82, 80.0, 74.82, 71.39, 69.58, 66.18, 64.45, 63.18, 61.75, 58.38, 57.82, 57.13]
2024-08-25 10:19:59,628 [trainer.py] => CNN top5 curve: [94.81, 96.0, 93.07, 92.22, 92.22, 89.92, 89.04, 88.54, 86.52, 85.37, 84.46, 83.28]

2024-08-25 10:19:59,628 [trainer.py] => Average Accuracy (CNN): 67.20833333333333
2024-08-25 10:19:59,629 [trainer.py] => All params: 171781633
2024-08-25 10:19:59,631 [trainer.py] => Trainable params: 171781633
2024-08-25 10:19:59,634 [aper_finetune.py] => Learning on 120-130
2024-08-25 10:20:08,706 [trainer.py] => No NME accuracy.
2024-08-25 10:20:08,707 [trainer.py] => CNN: {'total': 55.65, '00-09': 42.86, '10-19': 60.2, '20-29': 56.57, '30-39': 56.98, '40-49': 62.5, '50-59': 59.62, '60-69': 61.11, '70-79': 47.92, '80-89': 58.02, '90-99': 41.94, '100-109': 66.67, '110-119': 60.81, '120-129': 45.0, 'old': 56.31, 'new': 45.0}
2024-08-25 10:20:08,707 [trainer.py] => CNN top1 curve: [81.82, 80.0, 74.82, 71.39, 69.58, 66.18, 64.45, 63.18, 61.75, 58.38, 57.82, 57.13, 55.65]
2024-08-25 10:20:08,707 [trainer.py] => CNN top5 curve: [94.81, 96.0, 93.07, 92.22, 92.22, 89.92, 89.04, 88.54, 86.52, 85.37, 84.46, 83.28, 82.32]

2024-08-25 10:20:08,707 [trainer.py] => Average Accuracy (CNN): 66.31923076923077
2024-08-25 10:20:08,708 [trainer.py] => All params: 171796993
2024-08-25 10:20:08,710 [trainer.py] => Trainable params: 171796993
2024-08-25 10:20:08,713 [aper_finetune.py] => Learning on 130-140
2024-08-25 10:20:19,567 [trainer.py] => No NME accuracy.
2024-08-25 10:20:19,568 [trainer.py] => CNN: {'total': 54.59, '00-09': 42.86, '10-19': 59.18, '20-29': 55.56, '30-39': 56.98, '40-49': 60.94, '50-59': 57.69, '60-69': 57.14, '70-79': 46.88, '80-89': 58.02, '90-99': 40.32, '100-109': 65.0, '110-119': 60.81, '120-129': 43.33, '130-139': 56.98, 'old': 54.4, 'new': 56.98}
2024-08-25 10:20:19,568 [trainer.py] => CNN top1 curve: [81.82, 80.0, 74.82, 71.39, 69.58, 66.18, 64.45, 63.18, 61.75, 58.38, 57.82, 57.13, 55.65, 54.59]
2024-08-25 10:20:19,568 [trainer.py] => CNN top5 curve: [94.81, 96.0, 93.07, 92.22, 92.22, 89.92, 89.04, 88.54, 86.52, 85.37, 84.46, 83.28, 82.32, 81.62]

2024-08-25 10:20:19,568 [trainer.py] => Average Accuracy (CNN): 65.48142857142857
2024-08-25 10:20:19,569 [trainer.py] => All params: 171812353
2024-08-25 10:20:19,571 [trainer.py] => Trainable params: 171812353
2024-08-25 10:20:19,577 [aper_finetune.py] => Learning on 140-150
2024-08-25 10:20:28,821 [trainer.py] => No NME accuracy.
2024-08-25 10:20:28,821 [trainer.py] => CNN: {'total': 52.97, '00-09': 42.86, '10-19': 59.18, '20-29': 52.53, '30-39': 56.98, '40-49': 59.38, '50-59': 53.85, '60-69': 57.14, '70-79': 46.88, '80-89': 55.56, '90-99': 40.32, '100-109': 63.33, '110-119': 60.81, '120-129': 43.33, '130-139': 56.98, '140-149': 40.79, 'old': 53.79, 'new': 40.79}
2024-08-25 10:20:28,821 [trainer.py] => CNN top1 curve: [81.82, 80.0, 74.82, 71.39, 69.58, 66.18, 64.45, 63.18, 61.75, 58.38, 57.82, 57.13, 55.65, 54.59, 52.97]
2024-08-25 10:20:28,821 [trainer.py] => CNN top5 curve: [94.81, 96.0, 93.07, 92.22, 92.22, 89.92, 89.04, 88.54, 86.52, 85.37, 84.46, 83.28, 82.32, 81.62, 80.45]

2024-08-25 10:20:28,821 [trainer.py] => Average Accuracy (CNN): 64.64733333333334
2024-08-25 10:20:28,823 [trainer.py] => All params: 171827713
2024-08-25 10:20:28,824 [trainer.py] => Trainable params: 171827713
2024-08-25 10:20:28,829 [aper_finetune.py] => Learning on 150-160
2024-08-25 10:20:37,061 [trainer.py] => No NME accuracy.
2024-08-25 10:20:37,061 [trainer.py] => CNN: {'total': 52.24, '00-09': 41.56, '10-19': 59.18, '20-29': 52.53, '30-39': 56.98, '40-49': 59.38, '50-59': 51.92, '60-69': 57.14, '70-79': 46.88, '80-89': 54.32, '90-99': 40.32, '100-109': 63.33, '110-119': 60.81, '120-129': 41.67, '130-139': 56.98, '140-149': 40.79, '150-159': 43.14, 'old': 52.63, 'new': 43.14}
2024-08-25 10:20:37,061 [trainer.py] => CNN top1 curve: [81.82, 80.0, 74.82, 71.39, 69.58, 66.18, 64.45, 63.18, 61.75, 58.38, 57.82, 57.13, 55.65, 54.59, 52.97, 52.24]
2024-08-25 10:20:37,061 [trainer.py] => CNN top5 curve: [94.81, 96.0, 93.07, 92.22, 92.22, 89.92, 89.04, 88.54, 86.52, 85.37, 84.46, 83.28, 82.32, 81.62, 80.45, 79.81]

2024-08-25 10:20:37,061 [trainer.py] => Average Accuracy (CNN): 63.871875
2024-08-25 10:20:37,063 [trainer.py] => All params: 171843073
2024-08-25 10:20:37,064 [trainer.py] => Trainable params: 171843073
2024-08-25 10:20:37,070 [aper_finetune.py] => Learning on 160-170
2024-08-25 10:20:46,862 [trainer.py] => No NME accuracy.
2024-08-25 10:20:46,863 [trainer.py] => CNN: {'total': 50.64, '00-09': 41.56, '10-19': 59.18, '20-29': 48.48, '30-39': 56.98, '40-49': 57.81, '50-59': 51.92, '60-69': 55.56, '70-79': 45.83, '80-89': 54.32, '90-99': 40.32, '100-109': 63.33, '110-119': 60.81, '120-129': 41.67, '130-139': 55.81, '140-149': 39.47, '150-159': 43.14, '160-169': 38.82, 'old': 51.44, 'new': 38.82}
2024-08-25 10:20:46,863 [trainer.py] => CNN top1 curve: [81.82, 80.0, 74.82, 71.39, 69.58, 66.18, 64.45, 63.18, 61.75, 58.38, 57.82, 57.13, 55.65, 54.59, 52.97, 52.24, 50.64]
2024-08-25 10:20:46,863 [trainer.py] => CNN top5 curve: [94.81, 96.0, 93.07, 92.22, 92.22, 89.92, 89.04, 88.54, 86.52, 85.37, 84.46, 83.28, 82.32, 81.62, 80.45, 79.81, 78.02]

2024-08-25 10:20:46,863 [trainer.py] => Average Accuracy (CNN): 63.09352941176471
2024-08-25 10:20:46,865 [trainer.py] => All params: 171858433
2024-08-25 10:20:46,866 [trainer.py] => Trainable params: 171858433
2024-08-25 10:20:46,870 [aper_finetune.py] => Learning on 170-180
2024-08-25 10:20:56,571 [trainer.py] => No NME accuracy.
2024-08-25 10:20:56,572 [trainer.py] => CNN: {'total': 49.89, '00-09': 38.96, '10-19': 59.18, '20-29': 47.47, '30-39': 56.98, '40-49': 57.81, '50-59': 51.92, '60-69': 55.56, '70-79': 44.79, '80-89': 54.32, '90-99': 38.71, '100-109': 61.67, '110-119': 59.46, '120-129': 41.67, '130-139': 55.81, '140-149': 39.47, '150-159': 43.14, '160-169': 38.82, '170-179': 45.16, 'old': 50.11, 'new': 45.16}
2024-08-25 10:20:56,572 [trainer.py] => CNN top1 curve: [81.82, 80.0, 74.82, 71.39, 69.58, 66.18, 64.45, 63.18, 61.75, 58.38, 57.82, 57.13, 55.65, 54.59, 52.97, 52.24, 50.64, 49.89]
2024-08-25 10:20:56,572 [trainer.py] => CNN top5 curve: [94.81, 96.0, 93.07, 92.22, 92.22, 89.92, 89.04, 88.54, 86.52, 85.37, 84.46, 83.28, 82.32, 81.62, 80.45, 79.81, 78.02, 76.85]

2024-08-25 10:20:56,572 [trainer.py] => Average Accuracy (CNN): 62.360000000000014
2024-08-25 10:20:56,573 [trainer.py] => All params: 171873793
2024-08-25 10:20:56,574 [trainer.py] => Trainable params: 171873793
2024-08-25 10:20:56,578 [aper_finetune.py] => Learning on 180-190
2024-08-25 10:21:07,799 [trainer.py] => No NME accuracy.
2024-08-25 10:21:07,799 [trainer.py] => CNN: {'total': 49.58, '00-09': 38.96, '10-19': 59.18, '20-29': 47.47, '30-39': 56.98, '40-49': 57.81, '50-59': 51.92, '60-69': 55.56, '70-79': 44.79, '80-89': 54.32, '90-99': 38.71, '100-109': 61.67, '110-119': 59.46, '120-129': 40.0, '130-139': 55.81, '140-149': 39.47, '150-159': 43.14, '160-169': 38.82, '170-179': 45.16, '180-189': 41.03, 'old': 49.82, 'new': 41.03}
2024-08-25 10:21:07,799 [trainer.py] => CNN top1 curve: [81.82, 80.0, 74.82, 71.39, 69.58, 66.18, 64.45, 63.18, 61.75, 58.38, 57.82, 57.13, 55.65, 54.59, 52.97, 52.24, 50.64, 49.89, 49.58]
2024-08-25 10:21:07,799 [trainer.py] => CNN top5 curve: [94.81, 96.0, 93.07, 92.22, 92.22, 89.92, 89.04, 88.54, 86.52, 85.37, 84.46, 83.28, 82.32, 81.62, 80.45, 79.81, 78.02, 76.85, 76.36]

2024-08-25 10:21:07,799 [trainer.py] => Average Accuracy (CNN): 61.68736842105264
2024-08-25 10:21:07,801 [trainer.py] => All params: 171889153
2024-08-25 10:21:07,802 [trainer.py] => Trainable params: 171889153
2024-08-25 10:21:07,809 [aper_finetune.py] => Learning on 190-200
2024-08-25 10:21:19,635 [trainer.py] => No NME accuracy.
2024-08-25 10:21:19,635 [trainer.py] => CNN: {'total': 49.11, '00-09': 38.96, '10-19': 59.18, '20-29': 46.46, '30-39': 56.98, '40-49': 57.81, '50-59': 51.92, '60-69': 54.76, '70-79': 44.79, '80-89': 54.32, '90-99': 38.71, '100-109': 58.33, '110-119': 58.11, '120-129': 40.0, '130-139': 55.81, '140-149': 39.47, '150-159': 41.18, '160-169': 38.82, '170-179': 40.32, '180-189': 41.03, '190-199': 51.76, 'old': 48.95, 'new': 51.76}
2024-08-25 10:21:19,636 [trainer.py] => CNN top1 curve: [81.82, 80.0, 74.82, 71.39, 69.58, 66.18, 64.45, 63.18, 61.75, 58.38, 57.82, 57.13, 55.65, 54.59, 52.97, 52.24, 50.64, 49.89, 49.58, 49.11]
2024-08-25 10:21:19,636 [trainer.py] => CNN top5 curve: [94.81, 96.0, 93.07, 92.22, 92.22, 89.92, 89.04, 88.54, 86.52, 85.37, 84.46, 83.28, 82.32, 81.62, 80.45, 79.81, 78.02, 76.85, 76.36, 75.44]

2024-08-25 10:21:19,636 [trainer.py] => Average Accuracy (CNN): 61.0585
