2024-08-24 17:55:35,222 [trainer.py] => config: exps/simplecil/imagenetr_5_5_vit-b_simplecil.json
2024-08-24 17:55:35,222 [trainer.py] => prefix: exp
2024-08-24 17:55:35,222 [trainer.py] => dataset: imagenetr
2024-08-24 17:55:35,222 [trainer.py] => memory_size: 2000
2024-08-24 17:55:35,222 [trainer.py] => memory_per_class: 20
2024-08-24 17:55:35,222 [trainer.py] => fixed_memory: False
2024-08-24 17:55:35,222 [trainer.py] => shuffle: True
2024-08-24 17:55:35,222 [trainer.py] => init_cls: 5
2024-08-24 17:55:35,223 [trainer.py] => increment: 5
2024-08-24 17:55:35,223 [trainer.py] => model_name: simplecil
2024-08-24 17:55:35,223 [trainer.py] => convnet_type: pretrained_vit_b16_224_in21k
2024-08-24 17:55:35,223 [trainer.py] => weight_decay: 0.0005
2024-08-24 17:55:35,223 [trainer.py] => prompt_token_num: 30
2024-08-24 17:55:35,223 [trainer.py] => ffn_num: 64
2024-08-24 17:55:35,223 [trainer.py] => optimizer: sgd
2024-08-24 17:55:35,223 [trainer.py] => min_lr: 0
2024-08-24 17:55:35,223 [trainer.py] => device: [device(type='cuda', index=0)]
2024-08-24 17:55:35,223 [trainer.py] => seed: 1993
2024-08-24 17:55:35,223 [trainer.py] => tuned_epoch: 20
2024-08-24 17:55:35,223 [trainer.py] => init_lr: 0.01
2024-08-24 17:55:35,223 [trainer.py] => batch_size: 48
2024-08-24 17:55:35,331 [data_manager.py] => [168, 136, 51, 9, 183, 101, 171, 99, 42, 159, 191, 70, 16, 188, 27, 10, 175, 26, 68, 187, 98, 6, 85, 35, 112, 43, 100, 0, 103, 181, 88, 59, 4, 2, 116, 174, 94, 80, 106, 1, 147, 17, 141, 131, 72, 23, 173, 54, 197, 118, 87, 32, 79, 104, 91, 19, 135, 107, 178, 36, 11, 199, 142, 8, 122, 3, 28, 57, 153, 172, 190, 56, 49, 44, 97, 62, 151, 169, 194, 55, 192, 12, 189, 78, 66, 180, 15, 137, 109, 134, 92, 119, 126, 52, 170, 40, 148, 65, 144, 64, 138, 45, 77, 89, 154, 90, 71, 193, 74, 30, 113, 143, 96, 84, 67, 50, 186, 156, 69, 21, 18, 111, 108, 58, 125, 157, 150, 110, 182, 129, 166, 83, 81, 60, 13, 165, 14, 176, 63, 117, 5, 22, 145, 121, 38, 41, 82, 127, 114, 20, 31, 53, 37, 163, 196, 130, 152, 162, 86, 76, 24, 34, 184, 149, 33, 128, 198, 155, 146, 167, 139, 120, 140, 102, 47, 25, 158, 123, 46, 164, 61, 7, 115, 75, 133, 160, 105, 132, 179, 124, 48, 73, 93, 39, 95, 195, 29, 177, 185, 161]
2024-08-24 17:55:38,191 [trainer.py] => All params: 85798656
2024-08-24 17:55:38,192 [trainer.py] => Trainable params: 85798656
2024-08-24 17:55:42,225 [simplecil.py] => Learning on 0-5
2024-08-24 17:55:49,185 [trainer.py] => No NME accuracy.
2024-08-24 17:55:49,185 [trainer.py] => CNN: {'total': 90.34, '00-09': 90.34, 'old': 0, 'new': 90.34}
2024-08-24 17:55:49,185 [trainer.py] => CNN top1 curve: [90.34]
2024-08-24 17:55:49,186 [trainer.py] => CNN top5 curve: [100.0]

2024-08-24 17:55:49,186 [trainer.py] => Average Accuracy (CNN): 90.34
2024-08-24 17:55:49,186 [trainer.py] => All params: 85802497
2024-08-24 17:55:49,187 [trainer.py] => Trainable params: 85802497
2024-08-24 17:55:49,194 [simplecil.py] => Learning on 5-10
2024-08-24 17:55:56,017 [trainer.py] => No NME accuracy.
2024-08-24 17:55:56,017 [trainer.py] => CNN: {'total': 81.7, '00-09': 81.7, 'old': 88.28, 'new': 76.16}
2024-08-24 17:55:56,017 [trainer.py] => CNN top1 curve: [90.34, 81.7]
2024-08-24 17:55:56,017 [trainer.py] => CNN top5 curve: [100.0, 97.48]

2024-08-24 17:55:56,017 [trainer.py] => Average Accuracy (CNN): 86.02000000000001
2024-08-24 17:55:56,018 [trainer.py] => All params: 85806337
2024-08-24 17:55:56,019 [trainer.py] => Trainable params: 85806337
2024-08-24 17:55:56,026 [simplecil.py] => Learning on 10-15
2024-08-24 17:56:02,970 [trainer.py] => No NME accuracy.
2024-08-24 17:56:02,971 [trainer.py] => CNN: {'total': 77.66, '00-09': 75.71, '10-19': 80.16, 'old': 75.71, 'new': 80.16}
2024-08-24 17:56:02,971 [trainer.py] => CNN top1 curve: [90.34, 81.7, 77.66]
2024-08-24 17:56:02,971 [trainer.py] => CNN top5 curve: [100.0, 97.48, 95.74]

2024-08-24 17:56:02,971 [trainer.py] => Average Accuracy (CNN): 83.23333333333333
2024-08-24 17:56:02,972 [trainer.py] => All params: 85810177
2024-08-24 17:56:02,972 [trainer.py] => Trainable params: 85810177
2024-08-24 17:56:02,974 [simplecil.py] => Learning on 15-20
2024-08-24 17:56:10,012 [trainer.py] => No NME accuracy.
2024-08-24 17:56:10,012 [trainer.py] => CNN: {'total': 75.18, '00-09': 73.82, '10-19': 76.34, 'old': 75.53, 'new': 73.6}
2024-08-24 17:56:10,012 [trainer.py] => CNN top1 curve: [90.34, 81.7, 77.66, 75.18]
2024-08-24 17:56:10,012 [trainer.py] => CNN top5 curve: [100.0, 97.48, 95.74, 93.61]

2024-08-24 17:56:10,012 [trainer.py] => Average Accuracy (CNN): 81.22
2024-08-24 17:56:10,013 [trainer.py] => All params: 85814017
2024-08-24 17:56:10,013 [trainer.py] => Trainable params: 85814017
2024-08-24 17:56:10,015 [simplecil.py] => Learning on 20-25
2024-08-24 17:56:17,121 [trainer.py] => No NME accuracy.
2024-08-24 17:56:17,122 [trainer.py] => CNN: {'total': 73.53, '00-09': 72.24, '10-19': 74.73, '20-29': 73.24, 'old': 73.58, 'new': 73.24}
2024-08-24 17:56:17,122 [trainer.py] => CNN top1 curve: [90.34, 81.7, 77.66, 75.18, 73.53]
2024-08-24 17:56:17,122 [trainer.py] => CNN top5 curve: [100.0, 97.48, 95.74, 93.61, 91.82]

2024-08-24 17:56:17,122 [trainer.py] => Average Accuracy (CNN): 79.68199999999999
2024-08-24 17:56:17,123 [trainer.py] => All params: 85817857
2024-08-24 17:56:17,123 [trainer.py] => Trainable params: 85817857
2024-08-24 17:56:17,125 [simplecil.py] => Learning on 25-30
2024-08-24 17:56:24,284 [trainer.py] => No NME accuracy.
2024-08-24 17:56:24,285 [trainer.py] => CNN: {'total': 70.48, '00-09': 70.03, '10-19': 71.77, '20-29': 69.33, 'old': 71.12, 'new': 67.09}
2024-08-24 17:56:24,285 [trainer.py] => CNN top1 curve: [90.34, 81.7, 77.66, 75.18, 73.53, 70.48]
2024-08-24 17:56:24,285 [trainer.py] => CNN top5 curve: [100.0, 97.48, 95.74, 93.61, 91.82, 90.7]

2024-08-24 17:56:24,285 [trainer.py] => Average Accuracy (CNN): 78.14833333333333
2024-08-24 17:56:24,286 [trainer.py] => All params: 85821697
2024-08-24 17:56:24,286 [trainer.py] => Trainable params: 85821697
2024-08-24 17:56:24,288 [simplecil.py] => Learning on 30-35
2024-08-24 17:56:32,478 [trainer.py] => No NME accuracy.
2024-08-24 17:56:32,478 [trainer.py] => CNN: {'total': 70.09, '00-09': 69.4, '10-19': 71.24, '20-29': 69.33, '30-39': 70.2, 'old': 70.07, 'new': 70.2}
2024-08-24 17:56:32,478 [trainer.py] => CNN top1 curve: [90.34, 81.7, 77.66, 75.18, 73.53, 70.48, 70.09]
2024-08-24 17:56:32,478 [trainer.py] => CNN top5 curve: [100.0, 97.48, 95.74, 93.61, 91.82, 90.7, 89.82]

2024-08-24 17:56:32,478 [trainer.py] => Average Accuracy (CNN): 76.99714285714286
2024-08-24 17:56:32,479 [trainer.py] => All params: 85825537
2024-08-24 17:56:32,480 [trainer.py] => Trainable params: 85825537
2024-08-24 17:56:32,483 [simplecil.py] => Learning on 35-40
2024-08-24 17:56:40,562 [trainer.py] => No NME accuracy.
2024-08-24 17:56:40,563 [trainer.py] => CNN: {'total': 67.37, '00-09': 68.77, '10-19': 69.35, '20-29': 67.0, '30-39': 64.16, 'old': 67.72, 'new': 65.19}
2024-08-24 17:56:40,563 [trainer.py] => CNN top1 curve: [90.34, 81.7, 77.66, 75.18, 73.53, 70.48, 70.09, 67.37]
2024-08-24 17:56:40,563 [trainer.py] => CNN top5 curve: [100.0, 97.48, 95.74, 93.61, 91.82, 90.7, 89.82, 88.04]

2024-08-24 17:56:40,563 [trainer.py] => Average Accuracy (CNN): 75.79375
2024-08-24 17:56:40,564 [trainer.py] => All params: 85829377
2024-08-24 17:56:40,564 [trainer.py] => Trainable params: 85829377
2024-08-24 17:56:40,569 [simplecil.py] => Learning on 40-45
2024-08-24 17:56:49,075 [trainer.py] => No NME accuracy.
2024-08-24 17:56:49,075 [trainer.py] => CNN: {'total': 67.69, '00-09': 68.14, '10-19': 68.82, '20-29': 66.67, '30-39': 63.55, '40-49': 75.34, 'old': 66.84, 'new': 75.34}
2024-08-24 17:56:49,075 [trainer.py] => CNN top1 curve: [90.34, 81.7, 77.66, 75.18, 73.53, 70.48, 70.09, 67.37, 67.69]
2024-08-24 17:56:49,075 [trainer.py] => CNN top5 curve: [100.0, 97.48, 95.74, 93.61, 91.82, 90.7, 89.82, 88.04, 87.53]

2024-08-24 17:56:49,075 [trainer.py] => Average Accuracy (CNN): 74.89333333333333
2024-08-24 17:56:49,076 [trainer.py] => All params: 85833217
2024-08-24 17:56:49,077 [trainer.py] => Trainable params: 85833217
2024-08-24 17:56:49,078 [simplecil.py] => Learning on 45-50
2024-08-24 17:56:59,727 [trainer.py] => No NME accuracy.
2024-08-24 17:56:59,727 [trainer.py] => CNN: {'total': 66.85, '00-09': 67.51, '10-19': 68.28, '20-29': 65.33, '30-39': 62.95, '40-49': 70.2, 'old': 66.53, 'new': 69.87}
2024-08-24 17:56:59,727 [trainer.py] => CNN top1 curve: [90.34, 81.7, 77.66, 75.18, 73.53, 70.48, 70.09, 67.37, 67.69, 66.85]
2024-08-24 17:56:59,727 [trainer.py] => CNN top5 curve: [100.0, 97.48, 95.74, 93.61, 91.82, 90.7, 89.82, 88.04, 87.53, 86.44]

2024-08-24 17:56:59,727 [trainer.py] => Average Accuracy (CNN): 74.089
2024-08-24 17:56:59,728 [trainer.py] => All params: 85837057
2024-08-24 17:56:59,728 [trainer.py] => Trainable params: 85837057
2024-08-24 17:56:59,730 [simplecil.py] => Learning on 50-55
2024-08-24 17:57:09,784 [trainer.py] => No NME accuracy.
2024-08-24 17:57:09,785 [trainer.py] => CNN: {'total': 65.94, '00-09': 66.88, '10-19': 67.47, '20-29': 64.0, '30-39': 62.35, '40-49': 69.87, '50-59': 64.15, 'old': 66.11, 'new': 64.15}
2024-08-24 17:57:09,785 [trainer.py] => CNN top1 curve: [90.34, 81.7, 77.66, 75.18, 73.53, 70.48, 70.09, 67.37, 67.69, 66.85, 65.94]
2024-08-24 17:57:09,785 [trainer.py] => CNN top5 curve: [100.0, 97.48, 95.74, 93.61, 91.82, 90.7, 89.82, 88.04, 87.53, 86.44, 85.75]

2024-08-24 17:57:09,785 [trainer.py] => Average Accuracy (CNN): 73.34818181818181
2024-08-24 17:57:09,786 [trainer.py] => All params: 85840897
2024-08-24 17:57:09,786 [trainer.py] => Trainable params: 85840897
2024-08-24 17:57:09,791 [simplecil.py] => Learning on 55-60
2024-08-24 17:57:20,196 [trainer.py] => No NME accuracy.
2024-08-24 17:57:20,196 [trainer.py] => CNN: {'total': 65.33, '00-09': 66.88, '10-19': 67.2, '20-29': 63.67, '30-39': 62.05, '40-49': 69.54, '50-59': 62.5, 'old': 65.66, 'new': 61.38}
2024-08-24 17:57:20,197 [trainer.py] => CNN top1 curve: [90.34, 81.7, 77.66, 75.18, 73.53, 70.48, 70.09, 67.37, 67.69, 66.85, 65.94, 65.33]
2024-08-24 17:57:20,197 [trainer.py] => CNN top5 curve: [100.0, 97.48, 95.74, 93.61, 91.82, 90.7, 89.82, 88.04, 87.53, 86.44, 85.75, 85.21]

2024-08-24 17:57:20,197 [trainer.py] => Average Accuracy (CNN): 72.67999999999999
2024-08-24 17:57:20,198 [trainer.py] => All params: 85844737
2024-08-24 17:57:20,198 [trainer.py] => Trainable params: 85844737
2024-08-24 17:57:20,200 [simplecil.py] => Learning on 60-65
2024-08-24 17:57:31,658 [trainer.py] => No NME accuracy.
2024-08-24 17:57:31,658 [trainer.py] => CNN: {'total': 63.53, '00-09': 65.62, '10-19': 65.59, '20-29': 62.33, '30-39': 60.84, '40-49': 68.54, '50-59': 62.17, '60-69': 54.79, 'old': 64.19, 'new': 54.79}
2024-08-24 17:57:31,658 [trainer.py] => CNN top1 curve: [90.34, 81.7, 77.66, 75.18, 73.53, 70.48, 70.09, 67.37, 67.69, 66.85, 65.94, 65.33, 63.53]
2024-08-24 17:57:31,658 [trainer.py] => CNN top5 curve: [100.0, 97.48, 95.74, 93.61, 91.82, 90.7, 89.82, 88.04, 87.53, 86.44, 85.75, 85.21, 84.13]

2024-08-24 17:57:31,658 [trainer.py] => Average Accuracy (CNN): 71.97615384615384
2024-08-24 17:57:31,659 [trainer.py] => All params: 85848577
2024-08-24 17:57:31,660 [trainer.py] => Trainable params: 85848577
2024-08-24 17:57:31,663 [simplecil.py] => Learning on 65-70
2024-08-24 17:57:42,489 [trainer.py] => No NME accuracy.
2024-08-24 17:57:42,489 [trainer.py] => CNN: {'total': 63.19, '00-09': 65.3, '10-19': 65.05, '20-29': 62.33, '30-39': 60.24, '40-49': 67.88, '50-59': 62.17, '60-69': 59.06, 'old': 63.19, 'new': 63.16}
2024-08-24 17:57:42,489 [trainer.py] => CNN top1 curve: [90.34, 81.7, 77.66, 75.18, 73.53, 70.48, 70.09, 67.37, 67.69, 66.85, 65.94, 65.33, 63.53, 63.19]
2024-08-24 17:57:42,489 [trainer.py] => CNN top5 curve: [100.0, 97.48, 95.74, 93.61, 91.82, 90.7, 89.82, 88.04, 87.53, 86.44, 85.75, 85.21, 84.13, 83.37]

2024-08-24 17:57:42,489 [trainer.py] => Average Accuracy (CNN): 71.34857142857142
2024-08-24 17:57:42,491 [trainer.py] => All params: 85852417
2024-08-24 17:57:42,491 [trainer.py] => Trainable params: 85852417
2024-08-24 17:57:42,493 [simplecil.py] => Learning on 70-75
2024-08-24 17:57:53,954 [trainer.py] => No NME accuracy.
2024-08-24 17:57:53,955 [trainer.py] => CNN: {'total': 63.02, '00-09': 65.3, '10-19': 65.05, '20-29': 62.0, '30-39': 60.24, '40-49': 67.55, '50-59': 61.84, '60-69': 59.06, '70-79': 62.4, 'old': 63.06, 'new': 62.4}
2024-08-24 17:57:53,955 [trainer.py] => CNN top1 curve: [90.34, 81.7, 77.66, 75.18, 73.53, 70.48, 70.09, 67.37, 67.69, 66.85, 65.94, 65.33, 63.53, 63.19, 63.02]
2024-08-24 17:57:53,955 [trainer.py] => CNN top5 curve: [100.0, 97.48, 95.74, 93.61, 91.82, 90.7, 89.82, 88.04, 87.53, 86.44, 85.75, 85.21, 84.13, 83.37, 82.55]

2024-08-24 17:57:53,955 [trainer.py] => Average Accuracy (CNN): 70.79333333333332
2024-08-24 17:57:53,956 [trainer.py] => All params: 85856257
2024-08-24 17:57:53,956 [trainer.py] => Trainable params: 85856257
2024-08-24 17:57:53,958 [simplecil.py] => Learning on 75-80
2024-08-24 17:58:02,870 [trainer.py] => No NME accuracy.
2024-08-24 17:58:02,871 [trainer.py] => CNN: {'total': 62.61, '00-09': 63.72, '10-19': 63.44, '20-29': 61.33, '30-39': 60.24, '40-49': 65.89, '50-59': 60.86, '60-69': 58.39, '70-79': 67.4, 'old': 62.0, 'new': 72.3}
2024-08-24 17:58:02,871 [trainer.py] => CNN top1 curve: [90.34, 81.7, 77.66, 75.18, 73.53, 70.48, 70.09, 67.37, 67.69, 66.85, 65.94, 65.33, 63.53, 63.19, 63.02, 62.61]
2024-08-24 17:58:02,871 [trainer.py] => CNN top5 curve: [100.0, 97.48, 95.74, 93.61, 91.82, 90.7, 89.82, 88.04, 87.53, 86.44, 85.75, 85.21, 84.13, 83.37, 82.55, 82.23]

2024-08-24 17:58:02,871 [trainer.py] => Average Accuracy (CNN): 70.28187499999999
2024-08-24 17:58:02,872 [trainer.py] => All params: 85860097
2024-08-24 17:58:02,873 [trainer.py] => Trainable params: 85860097
2024-08-24 17:58:02,875 [simplecil.py] => Learning on 80-85
2024-08-24 17:58:13,737 [trainer.py] => No NME accuracy.
2024-08-24 17:58:13,737 [trainer.py] => CNN: {'total': 62.1, '00-09': 63.41, '10-19': 63.17, '20-29': 61.33, '30-39': 59.94, '40-49': 65.89, '50-59': 60.86, '60-69': 57.72, '70-79': 67.03, '80-89': 56.92, 'old': 62.37, 'new': 56.92}
2024-08-24 17:58:13,737 [trainer.py] => CNN top1 curve: [90.34, 81.7, 77.66, 75.18, 73.53, 70.48, 70.09, 67.37, 67.69, 66.85, 65.94, 65.33, 63.53, 63.19, 63.02, 62.61, 62.1]
2024-08-24 17:58:13,737 [trainer.py] => CNN top5 curve: [100.0, 97.48, 95.74, 93.61, 91.82, 90.7, 89.82, 88.04, 87.53, 86.44, 85.75, 85.21, 84.13, 83.37, 82.55, 82.23, 81.74]

2024-08-24 17:58:13,738 [trainer.py] => Average Accuracy (CNN): 69.8005882352941
2024-08-24 17:58:13,738 [trainer.py] => All params: 85863937
2024-08-24 17:58:13,739 [trainer.py] => Trainable params: 85863937
2024-08-24 17:58:13,743 [simplecil.py] => Learning on 85-90
2024-08-24 17:58:25,896 [trainer.py] => No NME accuracy.
2024-08-24 17:58:25,896 [trainer.py] => CNN: {'total': 61.15, '00-09': 62.78, '10-19': 62.63, '20-29': 61.0, '30-39': 59.94, '40-49': 65.23, '50-59': 59.54, '60-69': 57.05, '70-79': 66.67, '80-89': 55.81, 'old': 61.57, 'new': 55.0}
2024-08-24 17:58:25,897 [trainer.py] => CNN top1 curve: [90.34, 81.7, 77.66, 75.18, 73.53, 70.48, 70.09, 67.37, 67.69, 66.85, 65.94, 65.33, 63.53, 63.19, 63.02, 62.61, 62.1, 61.15]
2024-08-24 17:58:25,897 [trainer.py] => CNN top5 curve: [100.0, 97.48, 95.74, 93.61, 91.82, 90.7, 89.82, 88.04, 87.53, 86.44, 85.75, 85.21, 84.13, 83.37, 82.55, 82.23, 81.74, 80.7]

2024-08-24 17:58:25,897 [trainer.py] => Average Accuracy (CNN): 69.32
2024-08-24 17:58:25,898 [trainer.py] => All params: 85867777
2024-08-24 17:58:25,898 [trainer.py] => Trainable params: 85867777
2024-08-24 17:58:25,904 [simplecil.py] => Learning on 90-95
2024-08-24 17:58:36,854 [trainer.py] => No NME accuracy.
2024-08-24 17:58:36,855 [trainer.py] => CNN: {'total': 60.33, '00-09': 62.15, '10-19': 62.37, '20-29': 61.0, '30-39': 59.34, '40-49': 64.57, '50-59': 59.21, '60-69': 56.71, '70-79': 65.2, '80-89': 55.48, '90-99': 51.49, 'old': 60.65, 'new': 51.49}
2024-08-24 17:58:36,855 [trainer.py] => CNN top1 curve: [90.34, 81.7, 77.66, 75.18, 73.53, 70.48, 70.09, 67.37, 67.69, 66.85, 65.94, 65.33, 63.53, 63.19, 63.02, 62.61, 62.1, 61.15, 60.33]
2024-08-24 17:58:36,855 [trainer.py] => CNN top5 curve: [100.0, 97.48, 95.74, 93.61, 91.82, 90.7, 89.82, 88.04, 87.53, 86.44, 85.75, 85.21, 84.13, 83.37, 82.55, 82.23, 81.74, 80.7, 79.86]

2024-08-24 17:58:36,855 [trainer.py] => Average Accuracy (CNN): 68.84684210526314
2024-08-24 17:58:36,855 [trainer.py] => All params: 85871617
2024-08-24 17:58:36,856 [trainer.py] => Trainable params: 85871617
2024-08-24 17:58:36,858 [simplecil.py] => Learning on 95-100
2024-08-24 17:58:48,189 [trainer.py] => No NME accuracy.
2024-08-24 17:58:48,189 [trainer.py] => CNN: {'total': 59.87, '00-09': 61.83, '10-19': 62.1, '20-29': 60.67, '30-39': 59.34, '40-49': 61.59, '50-59': 59.21, '60-69': 56.71, '70-79': 65.2, '80-89': 54.84, '90-99': 55.37, 'old': 59.85, 'new': 60.53}
2024-08-24 17:58:48,189 [trainer.py] => CNN top1 curve: [90.34, 81.7, 77.66, 75.18, 73.53, 70.48, 70.09, 67.37, 67.69, 66.85, 65.94, 65.33, 63.53, 63.19, 63.02, 62.61, 62.1, 61.15, 60.33, 59.87]
2024-08-24 17:58:48,189 [trainer.py] => CNN top5 curve: [100.0, 97.48, 95.74, 93.61, 91.82, 90.7, 89.82, 88.04, 87.53, 86.44, 85.75, 85.21, 84.13, 83.37, 82.55, 82.23, 81.74, 80.7, 79.86, 79.73]

2024-08-24 17:58:48,189 [trainer.py] => Average Accuracy (CNN): 68.39799999999998
2024-08-24 17:58:48,190 [trainer.py] => All params: 85875457
2024-08-24 17:58:48,191 [trainer.py] => Trainable params: 85875457
2024-08-24 17:58:48,193 [simplecil.py] => Learning on 100-105
2024-08-24 17:59:00,464 [trainer.py] => No NME accuracy.
2024-08-24 17:59:00,464 [trainer.py] => CNN: {'total': 59.87, '00-09': 60.25, '10-19': 61.83, '20-29': 60.67, '30-39': 59.34, '40-49': 61.59, '50-59': 58.55, '60-69': 56.71, '70-79': 65.2, '80-89': 54.19, '90-99': 55.37, '100-109': 66.45, 'old': 59.53, 'new': 66.45}
2024-08-24 17:59:00,464 [trainer.py] => CNN top1 curve: [90.34, 81.7, 77.66, 75.18, 73.53, 70.48, 70.09, 67.37, 67.69, 66.85, 65.94, 65.33, 63.53, 63.19, 63.02, 62.61, 62.1, 61.15, 60.33, 59.87, 59.87]
2024-08-24 17:59:00,464 [trainer.py] => CNN top5 curve: [100.0, 97.48, 95.74, 93.61, 91.82, 90.7, 89.82, 88.04, 87.53, 86.44, 85.75, 85.21, 84.13, 83.37, 82.55, 82.23, 81.74, 80.7, 79.86, 79.73, 79.73]

2024-08-24 17:59:00,464 [trainer.py] => Average Accuracy (CNN): 67.99190476190473
2024-08-24 17:59:00,465 [trainer.py] => All params: 85879297
2024-08-24 17:59:00,465 [trainer.py] => Trainable params: 85879297
2024-08-24 17:59:00,467 [simplecil.py] => Learning on 105-110
2024-08-24 17:59:13,635 [trainer.py] => No NME accuracy.
2024-08-24 17:59:13,635 [trainer.py] => CNN: {'total': 59.19, '00-09': 60.25, '10-19': 61.83, '20-29': 60.0, '30-39': 58.43, '40-49': 60.93, '50-59': 58.22, '60-69': 56.38, '70-79': 65.2, '80-89': 53.87, '90-99': 55.37, '100-109': 59.15, 'old': 59.45, 'new': 53.03}
2024-08-24 17:59:13,636 [trainer.py] => CNN top1 curve: [90.34, 81.7, 77.66, 75.18, 73.53, 70.48, 70.09, 67.37, 67.69, 66.85, 65.94, 65.33, 63.53, 63.19, 63.02, 62.61, 62.1, 61.15, 60.33, 59.87, 59.87, 59.19]
2024-08-24 17:59:13,636 [trainer.py] => CNN top5 curve: [100.0, 97.48, 95.74, 93.61, 91.82, 90.7, 89.82, 88.04, 87.53, 86.44, 85.75, 85.21, 84.13, 83.37, 82.55, 82.23, 81.74, 80.7, 79.86, 79.73, 79.73, 78.95]

2024-08-24 17:59:13,637 [trainer.py] => Average Accuracy (CNN): 67.59181818181816
2024-08-24 17:59:13,637 [trainer.py] => All params: 85883137
2024-08-24 17:59:13,638 [trainer.py] => Trainable params: 85883137
2024-08-24 17:59:13,643 [simplecil.py] => Learning on 110-115
2024-08-24 17:59:26,298 [trainer.py] => No NME accuracy.
2024-08-24 17:59:26,298 [trainer.py] => CNN: {'total': 58.43, '00-09': 60.25, '10-19': 61.02, '20-29': 59.0, '30-39': 58.13, '40-49': 59.93, '50-59': 57.89, '60-69': 55.03, '70-79': 64.1, '80-89': 53.87, '90-99': 55.37, '100-109': 57.75, '110-119': 56.43, 'old': 58.52, 'new': 56.43}
2024-08-24 17:59:26,298 [trainer.py] => CNN top1 curve: [90.34, 81.7, 77.66, 75.18, 73.53, 70.48, 70.09, 67.37, 67.69, 66.85, 65.94, 65.33, 63.53, 63.19, 63.02, 62.61, 62.1, 61.15, 60.33, 59.87, 59.87, 59.19, 58.43]
2024-08-24 17:59:26,299 [trainer.py] => CNN top5 curve: [100.0, 97.48, 95.74, 93.61, 91.82, 90.7, 89.82, 88.04, 87.53, 86.44, 85.75, 85.21, 84.13, 83.37, 82.55, 82.23, 81.74, 80.7, 79.86, 79.73, 79.73, 78.95, 78.06]

2024-08-24 17:59:26,299 [trainer.py] => Average Accuracy (CNN): 67.19347826086955
2024-08-24 17:59:26,299 [trainer.py] => All params: 85886977
2024-08-24 17:59:26,300 [trainer.py] => Trainable params: 85886977
2024-08-24 17:59:26,310 [simplecil.py] => Learning on 115-120
2024-08-24 17:59:43,779 [trainer.py] => No NME accuracy.
2024-08-24 17:59:43,780 [trainer.py] => CNN: {'total': 58.11, '00-09': 59.94, '10-19': 60.22, '20-29': 59.0, '30-39': 58.13, '40-49': 59.93, '50-59': 57.24, '60-69': 54.7, '70-79': 64.1, '80-89': 53.55, '90-99': 55.37, '100-109': 57.39, '110-119': 56.91, 'old': 58.14, 'new': 57.63}
2024-08-24 17:59:43,780 [trainer.py] => CNN top1 curve: [90.34, 81.7, 77.66, 75.18, 73.53, 70.48, 70.09, 67.37, 67.69, 66.85, 65.94, 65.33, 63.53, 63.19, 63.02, 62.61, 62.1, 61.15, 60.33, 59.87, 59.87, 59.19, 58.43, 58.11]
2024-08-24 17:59:43,780 [trainer.py] => CNN top5 curve: [100.0, 97.48, 95.74, 93.61, 91.82, 90.7, 89.82, 88.04, 87.53, 86.44, 85.75, 85.21, 84.13, 83.37, 82.55, 82.23, 81.74, 80.7, 79.86, 79.73, 79.73, 78.95, 78.06, 77.28]

2024-08-24 17:59:43,780 [trainer.py] => Average Accuracy (CNN): 66.81499999999998
2024-08-24 17:59:43,780 [trainer.py] => All params: 85890817
2024-08-24 17:59:43,781 [trainer.py] => Trainable params: 85890817
2024-08-24 17:59:43,791 [simplecil.py] => Learning on 120-125
2024-08-24 18:00:01,303 [trainer.py] => No NME accuracy.
2024-08-24 18:00:01,304 [trainer.py] => CNN: {'total': 57.82, '00-09': 59.94, '10-19': 58.33, '20-29': 58.67, '30-39': 57.83, '40-49': 59.6, '50-59': 57.24, '60-69': 54.7, '70-79': 63.74, '80-89': 52.9, '90-99': 54.8, '100-109': 56.69, '110-119': 56.91, '120-129': 61.25, 'old': 57.67, 'new': 61.25}
2024-08-24 18:00:01,304 [trainer.py] => CNN top1 curve: [90.34, 81.7, 77.66, 75.18, 73.53, 70.48, 70.09, 67.37, 67.69, 66.85, 65.94, 65.33, 63.53, 63.19, 63.02, 62.61, 62.1, 61.15, 60.33, 59.87, 59.87, 59.19, 58.43, 58.11, 57.82]
2024-08-24 18:00:01,304 [trainer.py] => CNN top5 curve: [100.0, 97.48, 95.74, 93.61, 91.82, 90.7, 89.82, 88.04, 87.53, 86.44, 85.75, 85.21, 84.13, 83.37, 82.55, 82.23, 81.74, 80.7, 79.86, 79.73, 79.73, 78.95, 78.06, 77.28, 76.64]

2024-08-24 18:00:01,304 [trainer.py] => Average Accuracy (CNN): 66.45519999999998
2024-08-24 18:00:01,305 [trainer.py] => All params: 85894657
2024-08-24 18:00:01,306 [trainer.py] => Trainable params: 85894657
2024-08-24 18:00:01,311 [simplecil.py] => Learning on 125-130
2024-08-24 18:00:21,489 [trainer.py] => No NME accuracy.
2024-08-24 18:00:21,490 [trainer.py] => CNN: {'total': 57.33, '00-09': 59.62, '10-19': 58.33, '20-29': 58.0, '30-39': 57.23, '40-49': 58.94, '50-59': 57.24, '60-69': 54.7, '70-79': 62.64, '80-89': 52.9, '90-99': 54.8, '100-109': 56.69, '110-119': 56.38, '120-129': 57.2, 'old': 57.5, 'new': 51.35}
2024-08-24 18:00:21,490 [trainer.py] => CNN top1 curve: [90.34, 81.7, 77.66, 75.18, 73.53, 70.48, 70.09, 67.37, 67.69, 66.85, 65.94, 65.33, 63.53, 63.19, 63.02, 62.61, 62.1, 61.15, 60.33, 59.87, 59.87, 59.19, 58.43, 58.11, 57.82, 57.33]
2024-08-24 18:00:21,490 [trainer.py] => CNN top5 curve: [100.0, 97.48, 95.74, 93.61, 91.82, 90.7, 89.82, 88.04, 87.53, 86.44, 85.75, 85.21, 84.13, 83.37, 82.55, 82.23, 81.74, 80.7, 79.86, 79.73, 79.73, 78.95, 78.06, 77.28, 76.64, 76.25]

2024-08-24 18:00:21,490 [trainer.py] => Average Accuracy (CNN): 66.10423076923074
2024-08-24 18:00:21,491 [trainer.py] => All params: 85898497
2024-08-24 18:00:21,492 [trainer.py] => Trainable params: 85898497
2024-08-24 18:00:21,502 [simplecil.py] => Learning on 130-135
2024-08-24 18:00:36,768 [trainer.py] => No NME accuracy.
2024-08-24 18:00:36,768 [trainer.py] => CNN: {'total': 57.36, '00-09': 59.62, '10-19': 57.8, '20-29': 57.67, '30-39': 57.23, '40-49': 58.94, '50-59': 56.58, '60-69': 54.7, '70-79': 62.64, '80-89': 52.9, '90-99': 54.8, '100-109': 56.69, '110-119': 56.38, '120-129': 56.83, '130-139': 62.59, 'old': 57.18, 'new': 62.59}
2024-08-24 18:00:36,768 [trainer.py] => CNN top1 curve: [90.34, 81.7, 77.66, 75.18, 73.53, 70.48, 70.09, 67.37, 67.69, 66.85, 65.94, 65.33, 63.53, 63.19, 63.02, 62.61, 62.1, 61.15, 60.33, 59.87, 59.87, 59.19, 58.43, 58.11, 57.82, 57.33, 57.36]
2024-08-24 18:00:36,768 [trainer.py] => CNN top5 curve: [100.0, 97.48, 95.74, 93.61, 91.82, 90.7, 89.82, 88.04, 87.53, 86.44, 85.75, 85.21, 84.13, 83.37, 82.55, 82.23, 81.74, 80.7, 79.86, 79.73, 79.73, 78.95, 78.06, 77.28, 76.64, 76.25, 76.13]

2024-08-24 18:00:36,769 [trainer.py] => Average Accuracy (CNN): 65.78037037037035
2024-08-24 18:00:36,769 [trainer.py] => All params: 85902337
2024-08-24 18:00:36,770 [trainer.py] => Trainable params: 85902337
2024-08-24 18:00:36,777 [simplecil.py] => Learning on 135-140
2024-08-24 18:00:51,700 [trainer.py] => No NME accuracy.
2024-08-24 18:00:51,700 [trainer.py] => CNN: {'total': 57.43, '00-09': 59.62, '10-19': 57.8, '20-29': 57.67, '30-39': 57.23, '40-49': 58.94, '50-59': 56.25, '60-69': 54.7, '70-79': 62.27, '80-89': 52.58, '90-99': 54.24, '100-109': 56.69, '110-119': 56.38, '120-129': 56.46, '130-139': 62.42, 'old': 57.21, 'new': 62.89}
2024-08-24 18:00:51,700 [trainer.py] => CNN top1 curve: [90.34, 81.7, 77.66, 75.18, 73.53, 70.48, 70.09, 67.37, 67.69, 66.85, 65.94, 65.33, 63.53, 63.19, 63.02, 62.61, 62.1, 61.15, 60.33, 59.87, 59.87, 59.19, 58.43, 58.11, 57.82, 57.33, 57.36, 57.43]
2024-08-24 18:00:51,700 [trainer.py] => CNN top5 curve: [100.0, 97.48, 95.74, 93.61, 91.82, 90.7, 89.82, 88.04, 87.53, 86.44, 85.75, 85.21, 84.13, 83.37, 82.55, 82.23, 81.74, 80.7, 79.86, 79.73, 79.73, 78.95, 78.06, 77.28, 76.64, 76.25, 76.13, 75.89]

2024-08-24 18:00:51,700 [trainer.py] => Average Accuracy (CNN): 65.48214285714283
2024-08-24 18:00:51,701 [trainer.py] => All params: 85906177
2024-08-24 18:00:51,701 [trainer.py] => Trainable params: 85906177
2024-08-24 18:00:51,706 [simplecil.py] => Learning on 140-145
2024-08-24 18:01:07,155 [trainer.py] => No NME accuracy.
2024-08-24 18:01:07,155 [trainer.py] => CNN: {'total': 57.45, '00-09': 59.31, '10-19': 57.8, '20-29': 57.67, '30-39': 56.93, '40-49': 58.61, '50-59': 56.25, '60-69': 54.36, '70-79': 62.27, '80-89': 52.58, '90-99': 54.24, '100-109': 55.99, '110-119': 56.38, '120-129': 56.46, '130-139': 62.08, '140-149': 61.27, 'old': 57.26, 'new': 61.27}
2024-08-24 18:01:07,155 [trainer.py] => CNN top1 curve: [90.34, 81.7, 77.66, 75.18, 73.53, 70.48, 70.09, 67.37, 67.69, 66.85, 65.94, 65.33, 63.53, 63.19, 63.02, 62.61, 62.1, 61.15, 60.33, 59.87, 59.87, 59.19, 58.43, 58.11, 57.82, 57.33, 57.36, 57.43, 57.45]
2024-08-24 18:01:07,155 [trainer.py] => CNN top5 curve: [100.0, 97.48, 95.74, 93.61, 91.82, 90.7, 89.82, 88.04, 87.53, 86.44, 85.75, 85.21, 84.13, 83.37, 82.55, 82.23, 81.74, 80.7, 79.86, 79.73, 79.73, 78.95, 78.06, 77.28, 76.64, 76.25, 76.13, 75.89, 75.8]

2024-08-24 18:01:07,155 [trainer.py] => Average Accuracy (CNN): 65.20517241379308
2024-08-24 18:01:07,156 [trainer.py] => All params: 85910017
2024-08-24 18:01:07,156 [trainer.py] => Trainable params: 85910017
2024-08-24 18:01:07,159 [simplecil.py] => Learning on 145-150
2024-08-24 18:01:22,167 [trainer.py] => No NME accuracy.
2024-08-24 18:01:22,168 [trainer.py] => CNN: {'total': 57.0, '00-09': 58.36, '10-19': 57.26, '20-29': 57.0, '30-39': 56.02, '40-49': 57.95, '50-59': 56.25, '60-69': 53.36, '70-79': 61.9, '80-89': 51.94, '90-99': 54.24, '100-109': 55.28, '110-119': 55.32, '120-129': 56.09, '130-139': 61.41, '140-149': 61.31, 'old': 56.81, 'new': 61.96}
2024-08-24 18:01:22,168 [trainer.py] => CNN top1 curve: [90.34, 81.7, 77.66, 75.18, 73.53, 70.48, 70.09, 67.37, 67.69, 66.85, 65.94, 65.33, 63.53, 63.19, 63.02, 62.61, 62.1, 61.15, 60.33, 59.87, 59.87, 59.19, 58.43, 58.11, 57.82, 57.33, 57.36, 57.43, 57.45, 57.0]
2024-08-24 18:01:22,168 [trainer.py] => CNN top5 curve: [100.0, 97.48, 95.74, 93.61, 91.82, 90.7, 89.82, 88.04, 87.53, 86.44, 85.75, 85.21, 84.13, 83.37, 82.55, 82.23, 81.74, 80.7, 79.86, 79.73, 79.73, 78.95, 78.06, 77.28, 76.64, 76.25, 76.13, 75.89, 75.8, 75.38]

2024-08-24 18:01:22,168 [trainer.py] => Average Accuracy (CNN): 64.93166666666664
2024-08-24 18:01:22,169 [trainer.py] => All params: 85913857
2024-08-24 18:01:22,170 [trainer.py] => Trainable params: 85913857
2024-08-24 18:01:22,172 [simplecil.py] => Learning on 150-155
2024-08-24 18:01:37,569 [trainer.py] => No NME accuracy.
2024-08-24 18:01:37,569 [trainer.py] => CNN: {'total': 56.9, '00-09': 58.04, '10-19': 56.99, '20-29': 56.67, '30-39': 55.12, '40-49': 57.95, '50-59': 55.59, '60-69': 53.02, '70-79': 61.54, '80-89': 51.94, '90-99': 54.24, '100-109': 55.28, '110-119': 55.32, '120-129': 55.35, '130-139': 61.41, '140-149': 61.04, '150-159': 61.38, 'old': 56.71, 'new': 61.38}
2024-08-24 18:01:37,569 [trainer.py] => CNN top1 curve: [90.34, 81.7, 77.66, 75.18, 73.53, 70.48, 70.09, 67.37, 67.69, 66.85, 65.94, 65.33, 63.53, 63.19, 63.02, 62.61, 62.1, 61.15, 60.33, 59.87, 59.87, 59.19, 58.43, 58.11, 57.82, 57.33, 57.36, 57.43, 57.45, 57.0, 56.9]
2024-08-24 18:01:37,570 [trainer.py] => CNN top5 curve: [100.0, 97.48, 95.74, 93.61, 91.82, 90.7, 89.82, 88.04, 87.53, 86.44, 85.75, 85.21, 84.13, 83.37, 82.55, 82.23, 81.74, 80.7, 79.86, 79.73, 79.73, 78.95, 78.06, 77.28, 76.64, 76.25, 76.13, 75.89, 75.8, 75.38, 75.2]

2024-08-24 18:01:37,570 [trainer.py] => Average Accuracy (CNN): 64.67258064516128
2024-08-24 18:01:37,570 [trainer.py] => All params: 85917697
2024-08-24 18:01:37,571 [trainer.py] => Trainable params: 85917697
2024-08-24 18:01:37,573 [simplecil.py] => Learning on 155-160
2024-08-24 18:01:58,671 [trainer.py] => No NME accuracy.
2024-08-24 18:01:58,671 [trainer.py] => CNN: {'total': 56.4, '00-09': 57.41, '10-19': 55.91, '20-29': 56.33, '30-39': 55.12, '40-49': 57.62, '50-59': 55.26, '60-69': 52.01, '70-79': 61.54, '80-89': 51.94, '90-99': 53.67, '100-109': 55.28, '110-119': 54.52, '120-129': 53.51, '130-139': 61.07, '140-149': 60.49, '150-159': 59.12, 'old': 56.37, 'new': 57.23}
2024-08-24 18:01:58,671 [trainer.py] => CNN top1 curve: [90.34, 81.7, 77.66, 75.18, 73.53, 70.48, 70.09, 67.37, 67.69, 66.85, 65.94, 65.33, 63.53, 63.19, 63.02, 62.61, 62.1, 61.15, 60.33, 59.87, 59.87, 59.19, 58.43, 58.11, 57.82, 57.33, 57.36, 57.43, 57.45, 57.0, 56.9, 56.4]
2024-08-24 18:01:58,672 [trainer.py] => CNN top5 curve: [100.0, 97.48, 95.74, 93.61, 91.82, 90.7, 89.82, 88.04, 87.53, 86.44, 85.75, 85.21, 84.13, 83.37, 82.55, 82.23, 81.74, 80.7, 79.86, 79.73, 79.73, 78.95, 78.06, 77.28, 76.64, 76.25, 76.13, 75.89, 75.8, 75.38, 75.2, 74.59]

2024-08-24 18:01:58,672 [trainer.py] => Average Accuracy (CNN): 64.41406249999999
2024-08-24 18:01:58,672 [trainer.py] => All params: 85921537
2024-08-24 18:01:58,673 [trainer.py] => Trainable params: 85921537
2024-08-24 18:01:58,682 [simplecil.py] => Learning on 160-165
2024-08-24 18:02:24,064 [trainer.py] => No NME accuracy.
2024-08-24 18:02:24,065 [trainer.py] => CNN: {'total': 56.09, '00-09': 56.78, '10-19': 55.65, '20-29': 56.33, '30-39': 55.12, '40-49': 56.62, '50-59': 55.26, '60-69': 51.68, '70-79': 61.54, '80-89': 51.94, '90-99': 53.11, '100-109': 55.28, '110-119': 54.52, '120-129': 53.51, '130-139': 61.07, '140-149': 60.22, '150-159': 59.12, '160-169': 49.5, 'old': 56.22, 'new': 49.5}
2024-08-24 18:02:24,065 [trainer.py] => CNN top1 curve: [90.34, 81.7, 77.66, 75.18, 73.53, 70.48, 70.09, 67.37, 67.69, 66.85, 65.94, 65.33, 63.53, 63.19, 63.02, 62.61, 62.1, 61.15, 60.33, 59.87, 59.87, 59.19, 58.43, 58.11, 57.82, 57.33, 57.36, 57.43, 57.45, 57.0, 56.9, 56.4, 56.09]
2024-08-24 18:02:24,065 [trainer.py] => CNN top5 curve: [100.0, 97.48, 95.74, 93.61, 91.82, 90.7, 89.82, 88.04, 87.53, 86.44, 85.75, 85.21, 84.13, 83.37, 82.55, 82.23, 81.74, 80.7, 79.86, 79.73, 79.73, 78.95, 78.06, 77.28, 76.64, 76.25, 76.13, 75.89, 75.8, 75.38, 75.2, 74.59, 74.19]

2024-08-24 18:02:24,065 [trainer.py] => Average Accuracy (CNN): 64.16181818181818
2024-08-24 18:02:24,065 [trainer.py] => All params: 85925377
2024-08-24 18:02:24,066 [trainer.py] => Trainable params: 85925377
2024-08-24 18:02:24,073 [simplecil.py] => Learning on 165-170
2024-08-24 18:02:46,787 [trainer.py] => No NME accuracy.
2024-08-24 18:02:46,787 [trainer.py] => CNN: {'total': 55.4, '00-09': 56.47, '10-19': 55.11, '20-29': 56.0, '30-39': 54.82, '40-49': 55.96, '50-59': 55.26, '60-69': 51.68, '70-79': 61.17, '80-89': 51.29, '90-99': 53.11, '100-109': 53.87, '110-119': 54.52, '120-129': 53.51, '130-139': 61.07, '140-149': 60.22, '150-159': 58.56, '160-169': 44.78, 'old': 55.75, 'new': 41.86}
2024-08-24 18:02:46,787 [trainer.py] => CNN top1 curve: [90.34, 81.7, 77.66, 75.18, 73.53, 70.48, 70.09, 67.37, 67.69, 66.85, 65.94, 65.33, 63.53, 63.19, 63.02, 62.61, 62.1, 61.15, 60.33, 59.87, 59.87, 59.19, 58.43, 58.11, 57.82, 57.33, 57.36, 57.43, 57.45, 57.0, 56.9, 56.4, 56.09, 55.4]
2024-08-24 18:02:46,787 [trainer.py] => CNN top5 curve: [100.0, 97.48, 95.74, 93.61, 91.82, 90.7, 89.82, 88.04, 87.53, 86.44, 85.75, 85.21, 84.13, 83.37, 82.55, 82.23, 81.74, 80.7, 79.86, 79.73, 79.73, 78.95, 78.06, 77.28, 76.64, 76.25, 76.13, 75.89, 75.8, 75.38, 75.2, 74.59, 74.19, 73.44]

2024-08-24 18:02:46,787 [trainer.py] => Average Accuracy (CNN): 63.90411764705882
2024-08-24 18:02:46,788 [trainer.py] => All params: 85929217
2024-08-24 18:02:46,789 [trainer.py] => Trainable params: 85929217
2024-08-24 18:02:46,797 [simplecil.py] => Learning on 170-175
2024-08-24 18:03:14,467 [trainer.py] => No NME accuracy.
2024-08-24 18:03:14,468 [trainer.py] => CNN: {'total': 55.69, '00-09': 56.15, '10-19': 55.11, '20-29': 56.0, '30-39': 54.52, '40-49': 55.96, '50-59': 55.26, '60-69': 51.68, '70-79': 60.81, '80-89': 51.29, '90-99': 53.11, '100-109': 53.87, '110-119': 54.52, '120-129': 53.51, '130-139': 60.74, '140-149': 60.22, '150-159': 58.56, '160-169': 44.35, '170-179': 70.99, 'old': 55.31, 'new': 70.99}
2024-08-24 18:03:14,468 [trainer.py] => CNN top1 curve: [90.34, 81.7, 77.66, 75.18, 73.53, 70.48, 70.09, 67.37, 67.69, 66.85, 65.94, 65.33, 63.53, 63.19, 63.02, 62.61, 62.1, 61.15, 60.33, 59.87, 59.87, 59.19, 58.43, 58.11, 57.82, 57.33, 57.36, 57.43, 57.45, 57.0, 56.9, 56.4, 56.09, 55.4, 55.69]
2024-08-24 18:03:14,468 [trainer.py] => CNN top5 curve: [100.0, 97.48, 95.74, 93.61, 91.82, 90.7, 89.82, 88.04, 87.53, 86.44, 85.75, 85.21, 84.13, 83.37, 82.55, 82.23, 81.74, 80.7, 79.86, 79.73, 79.73, 78.95, 78.06, 77.28, 76.64, 76.25, 76.13, 75.89, 75.8, 75.38, 75.2, 74.59, 74.19, 73.44, 73.6]

2024-08-24 18:03:14,468 [trainer.py] => Average Accuracy (CNN): 63.66942857142857
2024-08-24 18:03:14,469 [trainer.py] => All params: 85933057
2024-08-24 18:03:14,470 [trainer.py] => Trainable params: 85933057
2024-08-24 18:03:14,477 [simplecil.py] => Learning on 175-180
2024-08-24 18:03:43,966 [trainer.py] => No NME accuracy.
2024-08-24 18:03:43,966 [trainer.py] => CNN: {'total': 55.67, '00-09': 56.15, '10-19': 55.11, '20-29': 56.0, '30-39': 54.52, '40-49': 55.96, '50-59': 54.93, '60-69': 51.68, '70-79': 59.71, '80-89': 51.29, '90-99': 52.54, '100-109': 53.87, '110-119': 54.52, '120-129': 53.51, '130-139': 60.74, '140-149': 60.22, '150-159': 58.56, '160-169': 44.35, '170-179': 65.32, 'old': 55.6, 'new': 58.97}
2024-08-24 18:03:43,967 [trainer.py] => CNN top1 curve: [90.34, 81.7, 77.66, 75.18, 73.53, 70.48, 70.09, 67.37, 67.69, 66.85, 65.94, 65.33, 63.53, 63.19, 63.02, 62.61, 62.1, 61.15, 60.33, 59.87, 59.87, 59.19, 58.43, 58.11, 57.82, 57.33, 57.36, 57.43, 57.45, 57.0, 56.9, 56.4, 56.09, 55.4, 55.69, 55.67]
2024-08-24 18:03:43,967 [trainer.py] => CNN top5 curve: [100.0, 97.48, 95.74, 93.61, 91.82, 90.7, 89.82, 88.04, 87.53, 86.44, 85.75, 85.21, 84.13, 83.37, 82.55, 82.23, 81.74, 80.7, 79.86, 79.73, 79.73, 78.95, 78.06, 77.28, 76.64, 76.25, 76.13, 75.89, 75.8, 75.38, 75.2, 74.59, 74.19, 73.44, 73.6, 73.49]

2024-08-24 18:03:43,967 [trainer.py] => Average Accuracy (CNN): 63.44722222222222
2024-08-24 18:03:43,968 [trainer.py] => All params: 85936897
2024-08-24 18:03:43,968 [trainer.py] => Trainable params: 85936897
2024-08-24 18:03:43,981 [simplecil.py] => Learning on 180-185
2024-08-24 18:04:11,130 [trainer.py] => No NME accuracy.
2024-08-24 18:04:11,131 [trainer.py] => CNN: {'total': 54.94, '00-09': 56.15, '10-19': 54.84, '20-29': 55.0, '30-39': 54.22, '40-49': 55.3, '50-59': 54.28, '60-69': 51.01, '70-79': 59.71, '80-89': 51.29, '90-99': 50.28, '100-109': 53.87, '110-119': 53.46, '120-129': 53.14, '130-139': 60.74, '140-149': 59.95, '150-159': 58.29, '160-169': 43.48, '170-179': 63.71, '180-189': 46.9, 'old': 55.16, 'new': 46.9}
2024-08-24 18:04:11,131 [trainer.py] => CNN top1 curve: [90.34, 81.7, 77.66, 75.18, 73.53, 70.48, 70.09, 67.37, 67.69, 66.85, 65.94, 65.33, 63.53, 63.19, 63.02, 62.61, 62.1, 61.15, 60.33, 59.87, 59.87, 59.19, 58.43, 58.11, 57.82, 57.33, 57.36, 57.43, 57.45, 57.0, 56.9, 56.4, 56.09, 55.4, 55.69, 55.67, 54.94]
2024-08-24 18:04:11,131 [trainer.py] => CNN top5 curve: [100.0, 97.48, 95.74, 93.61, 91.82, 90.7, 89.82, 88.04, 87.53, 86.44, 85.75, 85.21, 84.13, 83.37, 82.55, 82.23, 81.74, 80.7, 79.86, 79.73, 79.73, 78.95, 78.06, 77.28, 76.64, 76.25, 76.13, 75.89, 75.8, 75.38, 75.2, 74.59, 74.19, 73.44, 73.6, 73.49, 72.87]

2024-08-24 18:04:11,131 [trainer.py] => Average Accuracy (CNN): 63.21729729729729
2024-08-24 18:04:11,132 [trainer.py] => All params: 85940737
2024-08-24 18:04:11,132 [trainer.py] => Trainable params: 85940737
2024-08-24 18:04:11,137 [simplecil.py] => Learning on 185-190
2024-08-24 18:04:34,394 [trainer.py] => No NME accuracy.
2024-08-24 18:04:34,394 [trainer.py] => CNN: {'total': 54.74, '00-09': 56.15, '10-19': 54.84, '20-29': 54.33, '30-39': 54.22, '40-49': 55.3, '50-59': 52.63, '60-69': 51.01, '70-79': 59.34, '80-89': 51.29, '90-99': 50.28, '100-109': 53.52, '110-119': 53.19, '120-129': 52.4, '130-139': 60.74, '140-149': 59.95, '150-159': 58.29, '160-169': 43.48, '170-179': 63.31, '180-189': 51.62, 'old': 54.67, 'new': 57.06}
2024-08-24 18:04:34,394 [trainer.py] => CNN top1 curve: [90.34, 81.7, 77.66, 75.18, 73.53, 70.48, 70.09, 67.37, 67.69, 66.85, 65.94, 65.33, 63.53, 63.19, 63.02, 62.61, 62.1, 61.15, 60.33, 59.87, 59.87, 59.19, 58.43, 58.11, 57.82, 57.33, 57.36, 57.43, 57.45, 57.0, 56.9, 56.4, 56.09, 55.4, 55.69, 55.67, 54.94, 54.74]
2024-08-24 18:04:34,394 [trainer.py] => CNN top5 curve: [100.0, 97.48, 95.74, 93.61, 91.82, 90.7, 89.82, 88.04, 87.53, 86.44, 85.75, 85.21, 84.13, 83.37, 82.55, 82.23, 81.74, 80.7, 79.86, 79.73, 79.73, 78.95, 78.06, 77.28, 76.64, 76.25, 76.13, 75.89, 75.8, 75.38, 75.2, 74.59, 74.19, 73.44, 73.6, 73.49, 72.87, 72.61]

2024-08-24 18:04:34,395 [trainer.py] => Average Accuracy (CNN): 62.99421052631578
2024-08-24 18:04:34,395 [trainer.py] => All params: 85944577
2024-08-24 18:04:34,396 [trainer.py] => Trainable params: 85944577
2024-08-24 18:04:34,403 [simplecil.py] => Learning on 190-195
2024-08-24 18:04:58,417 [trainer.py] => No NME accuracy.
2024-08-24 18:04:58,417 [trainer.py] => CNN: {'total': 54.46, '00-09': 56.15, '10-19': 54.57, '20-29': 54.33, '30-39': 52.11, '40-49': 55.3, '50-59': 52.63, '60-69': 51.01, '70-79': 58.97, '80-89': 51.29, '90-99': 50.28, '100-109': 51.06, '110-119': 53.19, '120-129': 51.66, '130-139': 60.74, '140-149': 59.67, '150-159': 58.01, '160-169': 43.48, '170-179': 63.31, '180-189': 51.62, '190-199': 57.14, 'old': 54.39, 'new': 57.14}
2024-08-24 18:04:58,418 [trainer.py] => CNN top1 curve: [90.34, 81.7, 77.66, 75.18, 73.53, 70.48, 70.09, 67.37, 67.69, 66.85, 65.94, 65.33, 63.53, 63.19, 63.02, 62.61, 62.1, 61.15, 60.33, 59.87, 59.87, 59.19, 58.43, 58.11, 57.82, 57.33, 57.36, 57.43, 57.45, 57.0, 56.9, 56.4, 56.09, 55.4, 55.69, 55.67, 54.94, 54.74, 54.46]
2024-08-24 18:04:58,418 [trainer.py] => CNN top5 curve: [100.0, 97.48, 95.74, 93.61, 91.82, 90.7, 89.82, 88.04, 87.53, 86.44, 85.75, 85.21, 84.13, 83.37, 82.55, 82.23, 81.74, 80.7, 79.86, 79.73, 79.73, 78.95, 78.06, 77.28, 76.64, 76.25, 76.13, 75.89, 75.8, 75.38, 75.2, 74.59, 74.19, 73.44, 73.6, 73.49, 72.87, 72.61, 72.4]

2024-08-24 18:04:58,418 [trainer.py] => Average Accuracy (CNN): 62.77538461538461
2024-08-24 18:04:58,418 [trainer.py] => All params: 85948417
2024-08-24 18:04:58,419 [trainer.py] => Trainable params: 85948417
2024-08-24 18:04:58,424 [simplecil.py] => Learning on 195-200
2024-08-24 18:05:20,247 [trainer.py] => No NME accuracy.
2024-08-24 18:05:20,247 [trainer.py] => CNN: {'total': 54.55, '00-09': 56.15, '10-19': 54.3, '20-29': 54.33, '30-39': 52.11, '40-49': 55.3, '50-59': 52.63, '60-69': 51.01, '70-79': 58.97, '80-89': 50.97, '90-99': 50.28, '100-109': 51.06, '110-119': 53.19, '120-129': 51.66, '130-139': 60.74, '140-149': 59.4, '150-159': 58.01, '160-169': 41.74, '170-179': 63.31, '180-189': 51.62, '190-199': 60.52, 'old': 54.34, 'new': 64.96}
2024-08-24 18:05:20,247 [trainer.py] => CNN top1 curve: [90.34, 81.7, 77.66, 75.18, 73.53, 70.48, 70.09, 67.37, 67.69, 66.85, 65.94, 65.33, 63.53, 63.19, 63.02, 62.61, 62.1, 61.15, 60.33, 59.87, 59.87, 59.19, 58.43, 58.11, 57.82, 57.33, 57.36, 57.43, 57.45, 57.0, 56.9, 56.4, 56.09, 55.4, 55.69, 55.67, 54.94, 54.74, 54.46, 54.55]
2024-08-24 18:05:20,247 [trainer.py] => CNN top5 curve: [100.0, 97.48, 95.74, 93.61, 91.82, 90.7, 89.82, 88.04, 87.53, 86.44, 85.75, 85.21, 84.13, 83.37, 82.55, 82.23, 81.74, 80.7, 79.86, 79.73, 79.73, 78.95, 78.06, 77.28, 76.64, 76.25, 76.13, 75.89, 75.8, 75.38, 75.2, 74.59, 74.19, 73.44, 73.6, 73.49, 72.87, 72.61, 72.4, 72.38]

2024-08-24 18:05:20,247 [trainer.py] => Average Accuracy (CNN): 62.56975
